[1.126s] Invoking command in '/ws/src/rmf_demos/rmf_demos_bridges': PYTHONPATH=/ws/src/build/rmf_demos_bridges/prefix_override:/usr/lib/python3/dist-packages/colcon_core/task/python/colcon_distutils_commands:/ws/src/install/rmf_demos_bridges/lib/python3.12/site-packages:${PYTHONPATH} /usr/bin/python3 -W ignore:setup.py install is deprecated -W ignore:easy_install command is deprecated setup.py egg_info --egg-base ../../build/rmf_demos_bridges build --build-base /ws/src/build/rmf_demos_bridges/build install --record /ws/src/build/rmf_demos_bridges/install.log --single-version-externally-managed install_data
[1.275s] running egg_info
[1.283s] writing ../../build/rmf_demos_bridges/rmf_demos_bridges.egg-info/PKG-INFO
[1.283s] writing dependency_links to ../../build/rmf_demos_bridges/rmf_demos_bridges.egg-info/dependency_links.txt
[1.283s] writing entry points to ../../build/rmf_demos_bridges/rmf_demos_bridges.egg-info/entry_points.txt
[1.283s] writing requirements to ../../build/rmf_demos_bridges/rmf_demos_bridges.egg-info/requires.txt
[1.284s] writing top-level names to ../../build/rmf_demos_bridges/rmf_demos_bridges.egg-info/top_level.txt
[1.300s] reading manifest file '../../build/rmf_demos_bridges/rmf_demos_bridges.egg-info/SOURCES.txt'
[1.301s] writing manifest file '../../build/rmf_demos_bridges/rmf_demos_bridges.egg-info/SOURCES.txt'
[1.301s] running build
[1.301s] running build_py
[1.301s] running install
[1.305s] running install_lib
[1.314s] running install_data
[1.314s] running install_egg_info
[1.323s] removing '/ws/src/install/rmf_demos_bridges/lib/python3.12/site-packages/rmf_demos_bridges-2.8.1-py3.12.egg-info' (and everything under it)
[1.323s] Copying ../../build/rmf_demos_bridges/rmf_demos_bridges.egg-info to /ws/src/install/rmf_demos_bridges/lib/python3.12/site-packages/rmf_demos_bridges-2.8.1-py3.12.egg-info
[1.324s] running install_scripts
[1.401s] Installing fleet_robotmanager_mqtt_bridge script to /ws/src/install/rmf_demos_bridges/lib/rmf_demos_bridges
[1.401s] Installing fleet_socketio_bridge script to /ws/src/install/rmf_demos_bridges/lib/rmf_demos_bridges
[1.402s] writing list of installed files to '/ws/src/build/rmf_demos_bridges/install.log'
[1.436s] Invoked command in '/ws/src/rmf_demos/rmf_demos_bridges' returned '0': PYTHONPATH=/ws/src/build/rmf_demos_bridges/prefix_override:/usr/lib/python3/dist-packages/colcon_core/task/python/colcon_distutils_commands:/ws/src/install/rmf_demos_bridges/lib/python3.12/site-packages:${PYTHONPATH} /usr/bin/python3 -W ignore:setup.py install is deprecated -W ignore:easy_install command is deprecated setup.py egg_info --egg-base ../../build/rmf_demos_bridges build --build-base /ws/src/build/rmf_demos_bridges/build install --record /ws/src/build/rmf_demos_bridges/install.log --single-version-externally-managed install_data
