[0.014s] Invoking command in '/ws/build/first_project': CMAKE_PREFIX_PATH=/ws/install/first_project:/rmf_demos_ws/install/rmf_workcell_msgs:/rmf_demos_ws/install/rmf_demos_gz:/rmf_demos_ws/install/rmf_demos:/rmf_demos_ws/install/rmf_reservation_node:/rmf_demos_ws/install/rmf_fleet_adapter_python:/rmf_demos_ws/install/rmf_fleet_adapter:/rmf_demos_ws/install/rmf_task_ros2:/rmf_demos_ws/install/rmf_websocket:/rmf_demos_ws/install/rmf_visualization:/rmf_demos_ws/install/rmf_visualization_schedule:/rmf_demos_ws/install/rmf_visualization_rviz2_plugins:/rmf_demos_ws/install/rmf_visualization_obstacles:/rmf_demos_ws/install/rmf_visualization_navgraphs:/rmf_demos_ws/install/rmf_visualization_floorplans:/rmf_demos_ws/install/rmf_visualization_fleet_states:/rmf_demos_ws/install/rmf_visualization_msgs:/rmf_demos_ws/install/rmf_traffic_ros2:/rmf_demos_ws/install/rmf_task_sequence:/rmf_demos_ws/install/rmf_task:/rmf_demos_ws/install/rmf_battery:/rmf_demos_ws/install/rmf_traffic:/rmf_demos_ws/install/rmf_utils:/rmf_demos_ws/install/rmf_traffic_msgs:/rmf_demos_ws/install/rmf_traffic_editor_test_maps:/rmf_demos_ws/install/rmf_traffic_editor_assets:/rmf_demos_ws/install/rmf_traffic_editor:/rmf_demos_ws/install/rmf_task_msgs:/rmf_demos_ws/install/rmf_site_map_msgs:/rmf_demos_ws/install/rmf_scheduler_msgs:/rmf_demos_ws/install/rmf_robot_sim_gz_plugins:/rmf_demos_ws/install/rmf_robot_sim_common:/rmf_demos_ws/install/rmf_reservation_msgs:/rmf_demos_ws/install/rmf_obstacle_msgs:/rmf_demos_ws/install/rmf_building_sim_gz_plugins:/rmf_demos_ws/install/rmf_lift_msgs:/rmf_demos_ws/install/rmf_ingestor_msgs:/rmf_demos_ws/install/rmf_fleet_msgs:/rmf_demos_ws/install/rmf_door_msgs:/rmf_demos_ws/install/rmf_dispenser_msgs:/rmf_demos_ws/install/rmf_demos_maps:/rmf_demos_ws/install/rmf_demos_assets:/rmf_demos_ws/install/rmf_charger_msgs:/rmf_demos_ws/install/rmf_building_map_msgs:/rmf_demos_ws/install/rmf_api_msgs:/rmf_demos_ws/install/nlohmann_json_schema_validator_vendor:/ws/install/project_fleet_adapter:/rmf_demos_ws/install/rmf_demos_fleet_adapter:/rmf_demos_ws/install/rmf_visualization_building_systems:/rmf_demos_ws/install/rmf_traffic_examples:/rmf_demos_ws/install/rmf_demos_bridges:/rmf_demos_ws/install/rmf_demos_tasks:/rmf_demos_ws/install/rmf_building_map_tools:/rmf_demos_ws/install/rmf_charging_schedule:/opt/ros/jazzy:/rmf_demos_ws/install/menge_vendor:/rmf_demos_ws/install/ament_cmake_catch2:/opt/ros/jazzy/opt/gz_sim_vendor:/opt/ros/jazzy/opt/gz_sensors_vendor:/opt/ros/jazzy/opt/gz_physics_vendor:/opt/ros/jazzy/opt/sdformat_vendor:/opt/ros/jazzy/opt/gz_gui_vendor:/opt/ros/jazzy/opt/gz_transport_vendor:/opt/ros/jazzy/opt/gz_rendering_vendor:/opt/ros/jazzy/opt/gz_plugin_vendor:/opt/ros/jazzy/opt/gz_fuel_tools_vendor:/opt/ros/jazzy/opt/gz_msgs_vendor:/opt/ros/jazzy/opt/gz_common_vendor:/opt/ros/jazzy/opt/gz_math_vendor:/opt/ros/jazzy/opt/gz_utils_vendor:/opt/ros/jazzy/opt/gz_tools_vendor:/opt/ros/jazzy/opt/gz_ogre_next_vendor:/opt/ros/jazzy/opt/gz_dartsim_vendor:/opt/ros/jazzy/opt/gz_cmake_vendor /usr/bin/cmake --build /ws/build/first_project -- -j16 -l16
[0.273s] Load success!
[0.273s] 
[0.273s] Cache found! Model count: 3238 
[0.273s] Updating cache...
[0.273s] Topping up Fuel (updating cache) from: https://fuel.gazebosim.org/1.0/models
[0.273s] Fetching page: 1
[2.500s] Cached model found! Halting Fuel traversal...
[2.500s] Writing to cache: /root/.pit_crew/model_cache.json
[2.536s] New models cached: 0
[2.536s] 
[2.576s] [  0%] Built target update_model_cache
[2.604s] [100%] [34m[1mGenerating maps/first_ign/first.world[0m
[2.891s] generating /ws/build/first_project/maps/first_ign/first.world from /ws/src/first_project/maps/first/first.building.yaml
[2.893s] building name: first
[2.893s] coordinate system: reference_image
[2.893s] parsing level L1
[2.893s] parsing level L2
[2.893s] calculating levels relative to L1
[2.893s] level L1 scale: 0.06666666666666667
[2.893s] calculating level L2 offset and scale...
[2.893s]   3 common fiducials:
[2.893s] Transform.set_from_fiducials()
[2.893s]   3 fiducial pairs:
[2.893s]     (150.0, -100.0) -> (150.0, -100.0)   ESQ_DERE
[2.893s]     (150.0, -0.3) -> (150.0, -0.3)   arr
[2.893s]     (0.455, -99.9) -> (0.455, -99.9)   ESQ_IZQ
[2.893s]     calc dist ESQ_DERE <=> arr
[2.893s]     calc dist ESQ_DERE <=> ESQ_IZQ
[2.893s]     calc dist arr <=> ESQ_IZQ
[2.894s] Bearings:
[2.894s] [(1.5707963267948966, 1.5707963267948966), (3.1409239586478366, 3.1409239586478366), (-2.554037694860164, -2.554037694860164)]
[2.894s]   0.0
[2.894s]   0.0
[2.894s]   0.0
[2.894s]   Circular mean: -0.0
[2.894s] Distances:
[2.894s] [(99.7, 99.7), (149.54503343474832, 149.54503343474832), (179.6771188131644, 179.6771188131644)]
[2.894s] mean relative scale: 1.0
[2.894s] translation: (-0.0, -0.0)
[2.894s] parsing lift lift1
[2.894s] generating model of level L1 in /ws/build/first_project/maps/first_ign/models/first_L1
[2.894s]   wrote /ws/build/first_project/maps/first_ign/models/first_L1/model.config
[2.894s] generating floor polygon 1 on floor first_L1
[2.894s] hole vertices: []
[2.894s] lift vertices: {'lift1': [(5.083333333333333, -1.0166666666666666), (5.083333333333333, -5.116666666666666), (9.183333333333334, -5.116666666666666), (9.183333333333334, -1.0166666666666666)]}
[2.896s] [[0, 1, 4], [0, 4, 5], [0, 5, 3], [3, 5, 6], [3, 6, 7], [3, 7, 2], [2, 7, 4], [2, 4, 1]]
[2.896s]   wrote /ws/build/first_project/maps/first_ign/models/first_L1/meshes/floor_1.obj
[2.897s]   wrote /ws/build/first_project/maps/first_ign/models/first_L1/meshes/blue_linoleum.png
[2.897s]   wrote /ws/build/first_project/maps/first_ign/models/first_L1/meshes/floor_1.mtl
[2.897s] Walls Generation, wall params list: [{'alpha': <building_map.param_value.ParamValue object at 0x79ae06643cb0>, 'texture_height': <building_map.param_value.ParamValue object at 0x79ae06643da0>, 'texture_name': <building_map.param_value.ParamValue object at 0x79ae06643dd0>, 'texture_scale': <building_map.param_value.ParamValue object at 0x79ae06643e00>, 'texture_width': <building_map.param_value.ParamValue object at 0x79ae06643e60>}, {'alpha': <building_map.param_value.ParamValue object at 0x79ae06643ec0>, 'texture_height': <building_map.param_value.ParamValue object at 0x79ae06643ef0>, 'texture_name': <building_map.param_value.ParamValue object at 0x79ae06643f20>, 'texture_scale': <building_map.param_value.ParamValue object at 0x79ae06643f50>, 'texture_width': <building_map.param_value.ParamValue object at 0x79ae06643f80>}]
[2.897s] generating wall: 1 on floor: first_L1
[2.898s]   wrote /ws/build/first_project/maps/first_ign/models/first_L1/meshes/default.png
[2.898s] generate_wall_visual_mesh(first_L1, /ws/build/first_project/maps/first_ign/models/first_L1)
[2.898s]   generating /ws/build/first_project/maps/first_ign/models/first_L1/meshes/wall_1.obj
[2.898s]   generating /ws/build/first_project/maps/first_ign/models/first_L1/meshes/wall_1.mtl
[2.898s] generating wall: 2 on floor: first_L1
[2.898s]   wrote /ws/build/first_project/maps/first_ign/models/first_L1/meshes/default.png
[2.898s] generate_wall_visual_mesh(first_L1, /ws/build/first_project/maps/first_ign/models/first_L1)
[2.898s]   generating /ws/build/first_project/maps/first_ign/models/first_L1/meshes/wall_2.obj
[2.899s]   generating /ws/build/first_project/maps/first_ign/models/first_L1/meshes/wall_2.mtl
[2.899s]   wrote /ws/build/first_project/maps/first_ign/models/first_L1/model.sdf
[2.899s] generating model of level L2 in /ws/build/first_project/maps/first_ign/models/first_L2
[2.899s]   wrote /ws/build/first_project/maps/first_ign/models/first_L2/model.config
[2.899s] generating floor polygon 1 on floor first_L2
[2.899s] hole vertices: []
[2.899s] lift vertices: {'lift1': [(5.083333333333333, -1.0166666666666666), (5.083333333333333, -5.116666666666666), (9.183333333333334, -5.116666666666666), (9.183333333333334, -1.0166666666666666)]}
[2.901s] [[0, 1, 4], [0, 4, 5], [0, 5, 3], [3, 5, 6], [3, 6, 7], [3, 7, 2], [2, 7, 4], [2, 4, 1]]
[2.901s]   wrote /ws/build/first_project/maps/first_ign/models/first_L2/meshes/floor_1.obj
[2.902s]   wrote /ws/build/first_project/maps/first_ign/models/first_L2/meshes/blue_linoleum.png
[2.902s]   wrote /ws/build/first_project/maps/first_ign/models/first_L2/meshes/floor_1.mtl
[2.902s] Walls Generation, wall params list: [{'alpha': <building_map.param_value.ParamValue object at 0x79ae06400dd0>, 'texture_height': <building_map.param_value.ParamValue object at 0x79ae06400e30>, 'texture_name': <building_map.param_value.ParamValue object at 0x79ae06400e60>, 'texture_scale': <building_map.param_value.ParamValue object at 0x79ae06400e90>, 'texture_width': <building_map.param_value.ParamValue object at 0x79ae06400ef0>}]
[2.902s] generating wall: 1 on floor: first_L2
[2.902s]   wrote /ws/build/first_project/maps/first_ign/models/first_L2/meshes/default.png
[2.902s] generate_wall_visual_mesh(first_L2, /ws/build/first_project/maps/first_ign/models/first_L2)
[2.902s]   generating /ws/build/first_project/maps/first_ign/models/first_L2/meshes/wall_1.obj
[2.903s]   generating /ws/build/first_project/maps/first_ign/models/first_L2/meshes/wall_1.mtl
[2.903s]   wrote /ws/build/first_project/maps/first_ign/models/first_L2/model.sdf
[2.915s] spawning robot name tinyRobot1 of type TinyRobot
[2.915s] generate door name=null type=hinged
[2.915s] Door(null)
[2.917s] 31594 bytes written to /ws/build/first_project/maps/first_ign/first.world
[2.968s] [100%] Built target generate_first_world
[2.980s] Invoked command in '/ws/build/first_project' returned '0': CMAKE_PREFIX_PATH=/ws/install/first_project:/rmf_demos_ws/install/rmf_workcell_msgs:/rmf_demos_ws/install/rmf_demos_gz:/rmf_demos_ws/install/rmf_demos:/rmf_demos_ws/install/rmf_reservation_node:/rmf_demos_ws/install/rmf_fleet_adapter_python:/rmf_demos_ws/install/rmf_fleet_adapter:/rmf_demos_ws/install/rmf_task_ros2:/rmf_demos_ws/install/rmf_websocket:/rmf_demos_ws/install/rmf_visualization:/rmf_demos_ws/install/rmf_visualization_schedule:/rmf_demos_ws/install/rmf_visualization_rviz2_plugins:/rmf_demos_ws/install/rmf_visualization_obstacles:/rmf_demos_ws/install/rmf_visualization_navgraphs:/rmf_demos_ws/install/rmf_visualization_floorplans:/rmf_demos_ws/install/rmf_visualization_fleet_states:/rmf_demos_ws/install/rmf_visualization_msgs:/rmf_demos_ws/install/rmf_traffic_ros2:/rmf_demos_ws/install/rmf_task_sequence:/rmf_demos_ws/install/rmf_task:/rmf_demos_ws/install/rmf_battery:/rmf_demos_ws/install/rmf_traffic:/rmf_demos_ws/install/rmf_utils:/rmf_demos_ws/install/rmf_traffic_msgs:/rmf_demos_ws/install/rmf_traffic_editor_test_maps:/rmf_demos_ws/install/rmf_traffic_editor_assets:/rmf_demos_ws/install/rmf_traffic_editor:/rmf_demos_ws/install/rmf_task_msgs:/rmf_demos_ws/install/rmf_site_map_msgs:/rmf_demos_ws/install/rmf_scheduler_msgs:/rmf_demos_ws/install/rmf_robot_sim_gz_plugins:/rmf_demos_ws/install/rmf_robot_sim_common:/rmf_demos_ws/install/rmf_reservation_msgs:/rmf_demos_ws/install/rmf_obstacle_msgs:/rmf_demos_ws/install/rmf_building_sim_gz_plugins:/rmf_demos_ws/install/rmf_lift_msgs:/rmf_demos_ws/install/rmf_ingestor_msgs:/rmf_demos_ws/install/rmf_fleet_msgs:/rmf_demos_ws/install/rmf_door_msgs:/rmf_demos_ws/install/rmf_dispenser_msgs:/rmf_demos_ws/install/rmf_demos_maps:/rmf_demos_ws/install/rmf_demos_assets:/rmf_demos_ws/install/rmf_charger_msgs:/rmf_demos_ws/install/rmf_building_map_msgs:/rmf_demos_ws/install/rmf_api_msgs:/rmf_demos_ws/install/nlohmann_json_schema_validator_vendor:/ws/install/project_fleet_adapter:/rmf_demos_ws/install/rmf_demos_fleet_adapter:/rmf_demos_ws/install/rmf_visualization_building_systems:/rmf_demos_ws/install/rmf_traffic_examples:/rmf_demos_ws/install/rmf_demos_bridges:/rmf_demos_ws/install/rmf_demos_tasks:/rmf_demos_ws/install/rmf_building_map_tools:/rmf_demos_ws/install/rmf_charging_schedule:/opt/ros/jazzy:/rmf_demos_ws/install/menge_vendor:/rmf_demos_ws/install/ament_cmake_catch2:/opt/ros/jazzy/opt/gz_sim_vendor:/opt/ros/jazzy/opt/gz_sensors_vendor:/opt/ros/jazzy/opt/gz_physics_vendor:/opt/ros/jazzy/opt/sdformat_vendor:/opt/ros/jazzy/opt/gz_gui_vendor:/opt/ros/jazzy/opt/gz_transport_vendor:/opt/ros/jazzy/opt/gz_rendering_vendor:/opt/ros/jazzy/opt/gz_plugin_vendor:/opt/ros/jazzy/opt/gz_fuel_tools_vendor:/opt/ros/jazzy/opt/gz_msgs_vendor:/opt/ros/jazzy/opt/gz_common_vendor:/opt/ros/jazzy/opt/gz_math_vendor:/opt/ros/jazzy/opt/gz_utils_vendor:/opt/ros/jazzy/opt/gz_tools_vendor:/opt/ros/jazzy/opt/gz_ogre_next_vendor:/opt/ros/jazzy/opt/gz_dartsim_vendor:/opt/ros/jazzy/opt/gz_cmake_vendor /usr/bin/cmake --build /ws/build/first_project -- -j16 -l16
[2.991s] Invoking command in '/ws/build/first_project': CMAKE_PREFIX_PATH=/ws/install/first_project:/rmf_demos_ws/install/rmf_workcell_msgs:/rmf_demos_ws/install/rmf_demos_gz:/rmf_demos_ws/install/rmf_demos:/rmf_demos_ws/install/rmf_reservation_node:/rmf_demos_ws/install/rmf_fleet_adapter_python:/rmf_demos_ws/install/rmf_fleet_adapter:/rmf_demos_ws/install/rmf_task_ros2:/rmf_demos_ws/install/rmf_websocket:/rmf_demos_ws/install/rmf_visualization:/rmf_demos_ws/install/rmf_visualization_schedule:/rmf_demos_ws/install/rmf_visualization_rviz2_plugins:/rmf_demos_ws/install/rmf_visualization_obstacles:/rmf_demos_ws/install/rmf_visualization_navgraphs:/rmf_demos_ws/install/rmf_visualization_floorplans:/rmf_demos_ws/install/rmf_visualization_fleet_states:/rmf_demos_ws/install/rmf_visualization_msgs:/rmf_demos_ws/install/rmf_traffic_ros2:/rmf_demos_ws/install/rmf_task_sequence:/rmf_demos_ws/install/rmf_task:/rmf_demos_ws/install/rmf_battery:/rmf_demos_ws/install/rmf_traffic:/rmf_demos_ws/install/rmf_utils:/rmf_demos_ws/install/rmf_traffic_msgs:/rmf_demos_ws/install/rmf_traffic_editor_test_maps:/rmf_demos_ws/install/rmf_traffic_editor_assets:/rmf_demos_ws/install/rmf_traffic_editor:/rmf_demos_ws/install/rmf_task_msgs:/rmf_demos_ws/install/rmf_site_map_msgs:/rmf_demos_ws/install/rmf_scheduler_msgs:/rmf_demos_ws/install/rmf_robot_sim_gz_plugins:/rmf_demos_ws/install/rmf_robot_sim_common:/rmf_demos_ws/install/rmf_reservation_msgs:/rmf_demos_ws/install/rmf_obstacle_msgs:/rmf_demos_ws/install/rmf_building_sim_gz_plugins:/rmf_demos_ws/install/rmf_lift_msgs:/rmf_demos_ws/install/rmf_ingestor_msgs:/rmf_demos_ws/install/rmf_fleet_msgs:/rmf_demos_ws/install/rmf_door_msgs:/rmf_demos_ws/install/rmf_dispenser_msgs:/rmf_demos_ws/install/rmf_demos_maps:/rmf_demos_ws/install/rmf_demos_assets:/rmf_demos_ws/install/rmf_charger_msgs:/rmf_demos_ws/install/rmf_building_map_msgs:/rmf_demos_ws/install/rmf_api_msgs:/rmf_demos_ws/install/nlohmann_json_schema_validator_vendor:/ws/install/project_fleet_adapter:/rmf_demos_ws/install/rmf_demos_fleet_adapter:/rmf_demos_ws/install/rmf_visualization_building_systems:/rmf_demos_ws/install/rmf_traffic_examples:/rmf_demos_ws/install/rmf_demos_bridges:/rmf_demos_ws/install/rmf_demos_tasks:/rmf_demos_ws/install/rmf_building_map_tools:/rmf_demos_ws/install/rmf_charging_schedule:/opt/ros/jazzy:/rmf_demos_ws/install/menge_vendor:/rmf_demos_ws/install/ament_cmake_catch2:/opt/ros/jazzy/opt/gz_sim_vendor:/opt/ros/jazzy/opt/gz_sensors_vendor:/opt/ros/jazzy/opt/gz_physics_vendor:/opt/ros/jazzy/opt/sdformat_vendor:/opt/ros/jazzy/opt/gz_gui_vendor:/opt/ros/jazzy/opt/gz_transport_vendor:/opt/ros/jazzy/opt/gz_rendering_vendor:/opt/ros/jazzy/opt/gz_plugin_vendor:/opt/ros/jazzy/opt/gz_fuel_tools_vendor:/opt/ros/jazzy/opt/gz_msgs_vendor:/opt/ros/jazzy/opt/gz_common_vendor:/opt/ros/jazzy/opt/gz_math_vendor:/opt/ros/jazzy/opt/gz_utils_vendor:/opt/ros/jazzy/opt/gz_tools_vendor:/opt/ros/jazzy/opt/gz_ogre_next_vendor:/opt/ros/jazzy/opt/gz_dartsim_vendor:/opt/ros/jazzy/opt/gz_cmake_vendor /usr/bin/cmake --install /ws/build/first_project
[3.000s] -- Install configuration: ""
[3.000s] -- Execute custom install script
[3.000s] -- Up-to-date symlink: /ws/install/first_project/share/first_project/launch/first.launch.xml
[3.000s] -- Up-to-date symlink: /ws/install/first_project/share/first_project/launch/simulation.launch.xml
[3.001s] -- Up-to-date symlink: /ws/install/first_project/share/first_project/maps/first/L1.png
[3.001s] -- Up-to-date symlink: /ws/install/first_project/share/first_project/maps/first/L2.png
[3.001s] -- Up-to-date symlink: /ws/install/first_project/share/first_project/maps/first/first.building.yaml
[3.001s] -- Up-to-date symlink: /ws/install/first_project/share/first_project/maps/first/nav_graphs/0.yaml
[3.001s] -- Symlinking: /ws/install/first_project/share/first_project/maps/first_ign/first.world
[3.012s] -- Up-to-date symlink: /ws/install/first_project/share/first_project/maps/first_ign/models/Sofa/meshes/Sofa.mtl
[3.012s] -- Up-to-date symlink: /ws/install/first_project/share/first_project/maps/first_ign/models/Sofa/meshes/Sofa.obj
[3.013s] -- Up-to-date symlink: /ws/install/first_project/share/first_project/maps/first_ign/models/Sofa/meshes/SofaDiffuse.png
[3.013s] -- Up-to-date symlink: /ws/install/first_project/share/first_project/maps/first_ign/models/Sofa/model.config
[3.013s] -- Up-to-date symlink: /ws/install/first_project/share/first_project/maps/first_ign/models/Sofa/model.sdf
[3.013s] -- Up-to-date symlink: /ws/install/first_project/share/first_project/maps/first_ign/models/Sofa/thumbnails/1.png
[3.013s] -- Up-to-date symlink: /ws/install/first_project/share/first_project/maps/first_ign/models/Sofa/thumbnails/2.png
[3.013s] -- Up-to-date symlink: /ws/install/first_project/share/first_project/maps/first_ign/models/Sofa/thumbnails/3.png
[3.014s] -- Up-to-date symlink: /ws/install/first_project/share/first_project/maps/first_ign/models/Sofa/thumbnails/4.png
[3.014s] -- Up-to-date symlink: /ws/install/first_project/share/first_project/maps/first_ign/models/Sofa/thumbnails/5.png
[3.014s] -- Up-to-date symlink: /ws/install/first_project/share/first_project/maps/first_ign/models/TinyRobot/meshes/caster_wheel.mtl
[3.014s] -- Up-to-date symlink: /ws/install/first_project/share/first_project/maps/first_ign/models/TinyRobot/meshes/caster_wheel.obj
[3.014s] -- Up-to-date symlink: /ws/install/first_project/share/first_project/maps/first_ign/models/TinyRobot/meshes/front_wheel.mtl
[3.014s] -- Up-to-date symlink: /ws/install/first_project/share/first_project/maps/first_ign/models/TinyRobot/meshes/front_wheel.obj
[3.014s] -- Up-to-date symlink: /ws/install/first_project/share/first_project/maps/first_ign/models/TinyRobot/meshes/tinyRobot_body.mtl
[3.014s] -- Up-to-date symlink: /ws/install/first_project/share/first_project/maps/first_ign/models/TinyRobot/meshes/tinyRobot_body.obj
[3.014s] -- Up-to-date symlink: /ws/install/first_project/share/first_project/maps/first_ign/models/TinyRobot/model.config
[3.015s] -- Up-to-date symlink: /ws/install/first_project/share/first_project/maps/first_ign/models/TinyRobot/model.sdf
[3.015s] -- Symlinking: /ws/install/first_project/share/first_project/maps/first_ign/models/first_L1/meshes/blue_linoleum.png
[3.025s] -- Symlinking: /ws/install/first_project/share/first_project/maps/first_ign/models/first_L1/meshes/default.png
[3.037s] -- Symlinking: /ws/install/first_project/share/first_project/maps/first_ign/models/first_L1/meshes/floor_1.mtl
[3.048s] -- Symlinking: /ws/install/first_project/share/first_project/maps/first_ign/models/first_L1/meshes/floor_1.obj
[3.059s] -- Symlinking: /ws/install/first_project/share/first_project/maps/first_ign/models/first_L1/meshes/model.material
[3.071s] -- Symlinking: /ws/install/first_project/share/first_project/maps/first_ign/models/first_L1/meshes/wall_1.mtl
[3.082s] -- Symlinking: /ws/install/first_project/share/first_project/maps/first_ign/models/first_L1/meshes/wall_1.obj
[3.093s] -- Symlinking: /ws/install/first_project/share/first_project/maps/first_ign/models/first_L1/meshes/wall_2.mtl
[3.103s] -- Symlinking: /ws/install/first_project/share/first_project/maps/first_ign/models/first_L1/meshes/wall_2.obj
[3.114s] -- Symlinking: /ws/install/first_project/share/first_project/maps/first_ign/models/first_L1/model.config
[3.126s] -- Symlinking: /ws/install/first_project/share/first_project/maps/first_ign/models/first_L1/model.sdf
[3.137s] -- Symlinking: /ws/install/first_project/share/first_project/maps/first_ign/models/first_L2/meshes/blue_linoleum.png
[3.148s] -- Symlinking: /ws/install/first_project/share/first_project/maps/first_ign/models/first_L2/meshes/default.png
[3.159s] -- Symlinking: /ws/install/first_project/share/first_project/maps/first_ign/models/first_L2/meshes/floor_1.mtl
[3.170s] -- Symlinking: /ws/install/first_project/share/first_project/maps/first_ign/models/first_L2/meshes/floor_1.obj
[3.181s] -- Symlinking: /ws/install/first_project/share/first_project/maps/first_ign/models/first_L2/meshes/model.material
[3.193s] -- Symlinking: /ws/install/first_project/share/first_project/maps/first_ign/models/first_L2/meshes/wall_1.mtl
[3.205s] -- Symlinking: /ws/install/first_project/share/first_project/maps/first_ign/models/first_L2/meshes/wall_1.obj
[3.216s] -- Symlinking: /ws/install/first_project/share/first_project/maps/first_ign/models/first_L2/model.config
[3.228s] -- Symlinking: /ws/install/first_project/share/first_project/maps/first_ign/models/first_L2/model.sdf
[3.238s] -- Up-to-date symlink: /ws/install/first_project/share/first_project/config/tinyRobot_config.yaml
[3.238s] -- Symlinking: /ws/install/first_project/share/first_project/maps/first_ign/first.world
[3.250s] -- Symlinking: /ws/install/first_project/share/first_project/maps/first_ign/models/first_L1/meshes/blue_linoleum.png
[3.261s] -- Symlinking: /ws/install/first_project/share/first_project/maps/first_ign/models/first_L1/meshes/default.png
[3.272s] -- Symlinking: /ws/install/first_project/share/first_project/maps/first_ign/models/first_L1/meshes/floor_1.mtl
[3.283s] -- Symlinking: /ws/install/first_project/share/first_project/maps/first_ign/models/first_L1/meshes/floor_1.obj
[3.293s] -- Symlinking: /ws/install/first_project/share/first_project/maps/first_ign/models/first_L1/meshes/model.material
[3.305s] -- Symlinking: /ws/install/first_project/share/first_project/maps/first_ign/models/first_L1/meshes/wall_1.mtl
[3.316s] -- Symlinking: /ws/install/first_project/share/first_project/maps/first_ign/models/first_L1/meshes/wall_1.obj
[3.328s] -- Symlinking: /ws/install/first_project/share/first_project/maps/first_ign/models/first_L1/meshes/wall_2.mtl
[3.339s] -- Symlinking: /ws/install/first_project/share/first_project/maps/first_ign/models/first_L1/meshes/wall_2.obj
[3.349s] -- Symlinking: /ws/install/first_project/share/first_project/maps/first_ign/models/first_L1/model.config
[3.360s] -- Symlinking: /ws/install/first_project/share/first_project/maps/first_ign/models/first_L1/model.sdf
[3.371s] -- Symlinking: /ws/install/first_project/share/first_project/maps/first_ign/models/first_L2/meshes/blue_linoleum.png
[3.383s] -- Symlinking: /ws/install/first_project/share/first_project/maps/first_ign/models/first_L2/meshes/default.png
[3.394s] -- Symlinking: /ws/install/first_project/share/first_project/maps/first_ign/models/first_L2/meshes/floor_1.mtl
[3.404s] -- Symlinking: /ws/install/first_project/share/first_project/maps/first_ign/models/first_L2/meshes/floor_1.obj
[3.414s] -- Symlinking: /ws/install/first_project/share/first_project/maps/first_ign/models/first_L2/meshes/model.material
[3.424s] -- Symlinking: /ws/install/first_project/share/first_project/maps/first_ign/models/first_L2/meshes/wall_1.mtl
[3.434s] -- Symlinking: /ws/install/first_project/share/first_project/maps/first_ign/models/first_L2/meshes/wall_1.obj
[3.444s] -- Symlinking: /ws/install/first_project/share/first_project/maps/first_ign/models/first_L2/model.config
[3.456s] -- Symlinking: /ws/install/first_project/share/first_project/maps/first_ign/models/first_L2/model.sdf
[3.466s] -- Up-to-date symlink: /ws/install/first_project/share/ament_index/resource_index/package_run_dependencies/first_project
[3.466s] -- Up-to-date symlink: /ws/install/first_project/share/ament_index/resource_index/parent_prefix_path/first_project
[3.466s] -- Up-to-date symlink: /ws/install/first_project/share/first_project/environment/ament_prefix_path.sh
[3.467s] -- Up-to-date symlink: /ws/install/first_project/share/first_project/environment/ament_prefix_path.dsv
[3.467s] -- Up-to-date symlink: /ws/install/first_project/share/first_project/environment/path.sh
[3.467s] -- Up-to-date symlink: /ws/install/first_project/share/first_project/environment/path.dsv
[3.467s] -- Up-to-date symlink: /ws/install/first_project/share/first_project/local_setup.bash
[3.467s] -- Up-to-date symlink: /ws/install/first_project/share/first_project/local_setup.sh
[3.467s] -- Up-to-date symlink: /ws/install/first_project/share/first_project/local_setup.zsh
[3.467s] -- Up-to-date symlink: /ws/install/first_project/share/first_project/local_setup.dsv
[3.467s] -- Symlinking: /ws/install/first_project/share/first_project/package.dsv
[3.478s] -- Up-to-date symlink: /ws/install/first_project/share/ament_index/resource_index/packages/first_project
[3.478s] -- Up-to-date symlink: /ws/install/first_project/share/first_project/cmake/first_projectConfig.cmake
[3.478s] -- Up-to-date symlink: /ws/install/first_project/share/first_project/cmake/first_projectConfig-version.cmake
[3.478s] -- Up-to-date symlink: /ws/install/first_project/share/first_project/package.xml
[3.479s] Invoked command in '/ws/build/first_project' returned '0': CMAKE_PREFIX_PATH=/ws/install/first_project:/rmf_demos_ws/install/rmf_workcell_msgs:/rmf_demos_ws/install/rmf_demos_gz:/rmf_demos_ws/install/rmf_demos:/rmf_demos_ws/install/rmf_reservation_node:/rmf_demos_ws/install/rmf_fleet_adapter_python:/rmf_demos_ws/install/rmf_fleet_adapter:/rmf_demos_ws/install/rmf_task_ros2:/rmf_demos_ws/install/rmf_websocket:/rmf_demos_ws/install/rmf_visualization:/rmf_demos_ws/install/rmf_visualization_schedule:/rmf_demos_ws/install/rmf_visualization_rviz2_plugins:/rmf_demos_ws/install/rmf_visualization_obstacles:/rmf_demos_ws/install/rmf_visualization_navgraphs:/rmf_demos_ws/install/rmf_visualization_floorplans:/rmf_demos_ws/install/rmf_visualization_fleet_states:/rmf_demos_ws/install/rmf_visualization_msgs:/rmf_demos_ws/install/rmf_traffic_ros2:/rmf_demos_ws/install/rmf_task_sequence:/rmf_demos_ws/install/rmf_task:/rmf_demos_ws/install/rmf_battery:/rmf_demos_ws/install/rmf_traffic:/rmf_demos_ws/install/rmf_utils:/rmf_demos_ws/install/rmf_traffic_msgs:/rmf_demos_ws/install/rmf_traffic_editor_test_maps:/rmf_demos_ws/install/rmf_traffic_editor_assets:/rmf_demos_ws/install/rmf_traffic_editor:/rmf_demos_ws/install/rmf_task_msgs:/rmf_demos_ws/install/rmf_site_map_msgs:/rmf_demos_ws/install/rmf_scheduler_msgs:/rmf_demos_ws/install/rmf_robot_sim_gz_plugins:/rmf_demos_ws/install/rmf_robot_sim_common:/rmf_demos_ws/install/rmf_reservation_msgs:/rmf_demos_ws/install/rmf_obstacle_msgs:/rmf_demos_ws/install/rmf_building_sim_gz_plugins:/rmf_demos_ws/install/rmf_lift_msgs:/rmf_demos_ws/install/rmf_ingestor_msgs:/rmf_demos_ws/install/rmf_fleet_msgs:/rmf_demos_ws/install/rmf_door_msgs:/rmf_demos_ws/install/rmf_dispenser_msgs:/rmf_demos_ws/install/rmf_demos_maps:/rmf_demos_ws/install/rmf_demos_assets:/rmf_demos_ws/install/rmf_charger_msgs:/rmf_demos_ws/install/rmf_building_map_msgs:/rmf_demos_ws/install/rmf_api_msgs:/rmf_demos_ws/install/nlohmann_json_schema_validator_vendor:/ws/install/project_fleet_adapter:/rmf_demos_ws/install/rmf_demos_fleet_adapter:/rmf_demos_ws/install/rmf_visualization_building_systems:/rmf_demos_ws/install/rmf_traffic_examples:/rmf_demos_ws/install/rmf_demos_bridges:/rmf_demos_ws/install/rmf_demos_tasks:/rmf_demos_ws/install/rmf_building_map_tools:/rmf_demos_ws/install/rmf_charging_schedule:/opt/ros/jazzy:/rmf_demos_ws/install/menge_vendor:/rmf_demos_ws/install/ament_cmake_catch2:/opt/ros/jazzy/opt/gz_sim_vendor:/opt/ros/jazzy/opt/gz_sensors_vendor:/opt/ros/jazzy/opt/gz_physics_vendor:/opt/ros/jazzy/opt/sdformat_vendor:/opt/ros/jazzy/opt/gz_gui_vendor:/opt/ros/jazzy/opt/gz_transport_vendor:/opt/ros/jazzy/opt/gz_rendering_vendor:/opt/ros/jazzy/opt/gz_plugin_vendor:/opt/ros/jazzy/opt/gz_fuel_tools_vendor:/opt/ros/jazzy/opt/gz_msgs_vendor:/opt/ros/jazzy/opt/gz_common_vendor:/opt/ros/jazzy/opt/gz_math_vendor:/opt/ros/jazzy/opt/gz_utils_vendor:/opt/ros/jazzy/opt/gz_tools_vendor:/opt/ros/jazzy/opt/gz_ogre_next_vendor:/opt/ros/jazzy/opt/gz_dartsim_vendor:/opt/ros/jazzy/opt/gz_cmake_vendor /usr/bin/cmake --install /ws/build/first_project
