[1.185s] Invoking command in '/ws/src/rmf_demos/rmf_demos_fleet_adapter': PYTHONPATH=/ws/src/build/rmf_demos_fleet_adapter/prefix_override:/usr/lib/python3/dist-packages/colcon_core/task/python/colcon_distutils_commands:/ws/src/install/rmf_demos_fleet_adapter/lib/python3.12/site-packages:${PYTHONPATH} /usr/bin/python3 -W ignore:setup.py install is deprecated -W ignore:easy_install command is deprecated setup.py egg_info --egg-base ../../build/rmf_demos_fleet_adapter build --build-base /ws/src/build/rmf_demos_fleet_adapter/build install --record /ws/src/build/rmf_demos_fleet_adapter/install.log --single-version-externally-managed install_data
[1.331s] running egg_info
[1.339s] writing ../../build/rmf_demos_fleet_adapter/rmf_demos_fleet_adapter.egg-info/PKG-INFO
[1.339s] writing dependency_links to ../../build/rmf_demos_fleet_adapter/rmf_demos_fleet_adapter.egg-info/dependency_links.txt
[1.339s] writing entry points to ../../build/rmf_demos_fleet_adapter/rmf_demos_fleet_adapter.egg-info/entry_points.txt
[1.340s] writing requirements to ../../build/rmf_demos_fleet_adapter/rmf_demos_fleet_adapter.egg-info/requires.txt
[1.340s] writing top-level names to ../../build/rmf_demos_fleet_adapter/rmf_demos_fleet_adapter.egg-info/top_level.txt
[1.356s] reading manifest file '../../build/rmf_demos_fleet_adapter/rmf_demos_fleet_adapter.egg-info/SOURCES.txt'
[1.357s] writing manifest file '../../build/rmf_demos_fleet_adapter/rmf_demos_fleet_adapter.egg-info/SOURCES.txt'
[1.357s] running build
[1.357s] running build_py
[1.357s] running install
[1.361s] running install_lib
[1.370s] running install_data
[1.370s] running install_egg_info
[1.379s] removing '/ws/src/install/rmf_demos_fleet_adapter/lib/python3.12/site-packages/rmf_demos_fleet_adapter-2.8.1-py3.12.egg-info' (and everything under it)
[1.380s] Copying ../../build/rmf_demos_fleet_adapter/rmf_demos_fleet_adapter.egg-info to /ws/src/install/rmf_demos_fleet_adapter/lib/python3.12/site-packages/rmf_demos_fleet_adapter-2.8.1-py3.12.egg-info
[1.380s] running install_scripts
[1.458s] Installing fleet_adapter script to /ws/src/install/rmf_demos_fleet_adapter/lib/rmf_demos_fleet_adapter
[1.458s] Installing fleet_manager script to /ws/src/install/rmf_demos_fleet_adapter/lib/rmf_demos_fleet_adapter
[1.458s] Installing manage_lane script to /ws/src/install/rmf_demos_fleet_adapter/lib/rmf_demos_fleet_adapter
[1.459s] writing list of installed files to '/ws/src/build/rmf_demos_fleet_adapter/install.log'
[1.494s] Invoked command in '/ws/src/rmf_demos/rmf_demos_fleet_adapter' returned '0': PYTHONPATH=/ws/src/build/rmf_demos_fleet_adapter/prefix_override:/usr/lib/python3/dist-packages/colcon_core/task/python/colcon_distutils_commands:/ws/src/install/rmf_demos_fleet_adapter/lib/python3.12/site-packages:${PYTHONPATH} /usr/bin/python3 -W ignore:setup.py install is deprecated -W ignore:easy_install command is deprecated setup.py egg_info --egg-base ../../build/rmf_demos_fleet_adapter build --build-base /ws/src/build/rmf_demos_fleet_adapter/build install --record /ws/src/build/rmf_demos_fleet_adapter/install.log --single-version-externally-managed install_data
