[0.852s] Invoking command in '/ws/src/rmf_demos/rmf_demos_bridges': PYTHONPATH=/ws/src/build/rmf_demos_bridges/prefix_override:/usr/lib/python3/dist-packages/colcon_core/task/python/colcon_distutils_commands:/ws/src/install/rmf_demos_bridges/lib/python3.12/site-packages:${PYTHONPATH} /usr/bin/python3 -W ignore:setup.py install is deprecated -W ignore:easy_install command is deprecated setup.py egg_info --egg-base ../../build/rmf_demos_bridges build --build-base /ws/src/build/rmf_demos_bridges/build install --record /ws/src/build/rmf_demos_bridges/install.log --single-version-externally-managed install_data
[1.014s] running egg_info
[1.015s] creating ../../build/rmf_demos_bridges/rmf_demos_bridges.egg-info
[1.023s] writing ../../build/rmf_demos_bridges/rmf_demos_bridges.egg-info/PKG-INFO
[1.024s] writing dependency_links to ../../build/rmf_demos_bridges/rmf_demos_bridges.egg-info/dependency_links.txt
[1.024s] writing entry points to ../../build/rmf_demos_bridges/rmf_demos_bridges.egg-info/entry_points.txt
[1.024s] writing requirements to ../../build/rmf_demos_bridges/rmf_demos_bridges.egg-info/requires.txt
[1.024s] writing top-level names to ../../build/rmf_demos_bridges/rmf_demos_bridges.egg-info/top_level.txt
[1.024s] writing manifest file '../../build/rmf_demos_bridges/rmf_demos_bridges.egg-info/SOURCES.txt'
[1.048s] reading manifest file '../../build/rmf_demos_bridges/rmf_demos_bridges.egg-info/SOURCES.txt'
[1.048s] writing manifest file '../../build/rmf_demos_bridges/rmf_demos_bridges.egg-info/SOURCES.txt'
[1.048s] running build
[1.049s] running build_py
[1.049s] creating /ws/src/build/rmf_demos_bridges/build
[1.049s] creating /ws/src/build/rmf_demos_bridges/build/lib
[1.049s] creating /ws/src/build/rmf_demos_bridges/build/lib/rmf_demos_bridges
[1.049s] copying rmf_demos_bridges/__init__.py -> /ws/src/build/rmf_demos_bridges/build/lib/rmf_demos_bridges
[1.049s] copying rmf_demos_bridges/fleet_robotmanager_mqtt_bridge.py -> /ws/src/build/rmf_demos_bridges/build/lib/rmf_demos_bridges
[1.049s] copying rmf_demos_bridges/fleet_socketio_bridge.py -> /ws/src/build/rmf_demos_bridges/build/lib/rmf_demos_bridges
[1.050s] running install
[1.055s] running install_lib
[1.066s] creating /ws/src/install/rmf_demos_bridges/lib/python3.12/site-packages/rmf_demos_bridges
[1.066s] copying /ws/src/build/rmf_demos_bridges/build/lib/rmf_demos_bridges/__init__.py -> /ws/src/install/rmf_demos_bridges/lib/python3.12/site-packages/rmf_demos_bridges
[1.066s] copying /ws/src/build/rmf_demos_bridges/build/lib/rmf_demos_bridges/fleet_robotmanager_mqtt_bridge.py -> /ws/src/install/rmf_demos_bridges/lib/python3.12/site-packages/rmf_demos_bridges
[1.067s] copying /ws/src/build/rmf_demos_bridges/build/lib/rmf_demos_bridges/fleet_socketio_bridge.py -> /ws/src/install/rmf_demos_bridges/lib/python3.12/site-packages/rmf_demos_bridges
[1.067s] byte-compiling /ws/src/install/rmf_demos_bridges/lib/python3.12/site-packages/rmf_demos_bridges/__init__.py to __init__.cpython-312.pyc
[1.067s] byte-compiling /ws/src/install/rmf_demos_bridges/lib/python3.12/site-packages/rmf_demos_bridges/fleet_robotmanager_mqtt_bridge.py to fleet_robotmanager_mqtt_bridge.cpython-312.pyc
[1.069s] byte-compiling /ws/src/install/rmf_demos_bridges/lib/python3.12/site-packages/rmf_demos_bridges/fleet_socketio_bridge.py to fleet_socketio_bridge.cpython-312.pyc
[1.070s] running install_data
[1.070s] creating /ws/src/install/rmf_demos_bridges/share/ament_index
[1.070s] creating /ws/src/install/rmf_demos_bridges/share/ament_index/resource_index
[1.070s] creating /ws/src/install/rmf_demos_bridges/share/ament_index/resource_index/packages
[1.070s] copying resource/rmf_demos_bridges -> /ws/src/install/rmf_demos_bridges/share/ament_index/resource_index/packages
[1.070s] copying package.xml -> /ws/src/install/rmf_demos_bridges/share/rmf_demos_bridges
[1.070s] running install_egg_info
[1.083s] Copying ../../build/rmf_demos_bridges/rmf_demos_bridges.egg-info to /ws/src/install/rmf_demos_bridges/lib/python3.12/site-packages/rmf_demos_bridges-2.8.1-py3.12.egg-info
[1.083s] running install_scripts
[1.210s] Installing fleet_robotmanager_mqtt_bridge script to /ws/src/install/rmf_demos_bridges/lib/rmf_demos_bridges
[1.213s] Installing fleet_socketio_bridge script to /ws/src/install/rmf_demos_bridges/lib/rmf_demos_bridges
[1.213s] writing list of installed files to '/ws/src/build/rmf_demos_bridges/install.log'
[1.319s] Invoked command in '/ws/src/rmf_demos/rmf_demos_bridges' returned '0': PYTHONPATH=/ws/src/build/rmf_demos_bridges/prefix_override:/usr/lib/python3/dist-packages/colcon_core/task/python/colcon_distutils_commands:/ws/src/install/rmf_demos_bridges/lib/python3.12/site-packages:${PYTHONPATH} /usr/bin/python3 -W ignore:setup.py install is deprecated -W ignore:easy_install command is deprecated setup.py egg_info --egg-base ../../build/rmf_demos_bridges build --build-base /ws/src/build/rmf_demos_bridges/build install --record /ws/src/build/rmf_demos_bridges/install.log --single-version-externally-managed install_data
