Load success!

Cache found! Model count: 3238 
Updating cache...
Topping up Fuel (updating cache) from: https://fuel.gazebosim.org/1.0/models
Fetching page: 1
Cached model found! Halting Fuel traversal...
Writing to cache: /root/.pit_crew/model_cache.json
New models cached: 0

[  0%] Built target update_model_cache
[100%] [34m[1mGenerating maps/first_ign/first.world[0m
generating /ws/build/first_project/maps/first_ign/first.world from /ws/src/first_project/maps/first/first.building.yaml
building name: first
coordinate system: reference_image
parsing level L1
parsing level L2
calculating levels relative to L1
level L1 scale: 0.06666666666666667
calculating level L2 offset and scale...
  3 common fiducials:
Transform.set_from_fiducials()
  3 fiducial pairs:
    (150.0, -100.0) -> (150.0, -100.0)   ESQ_DERE
    (150.0, -0.3) -> (150.0, -0.3)   arr
    (0.455, -99.9) -> (0.455, -99.9)   ESQ_IZQ
    calc dist ESQ_DERE <=> arr
    calc dist ESQ_DERE <=> ESQ_IZQ
    calc dist arr <=> ESQ_IZQ
Bearings:
[(1.5707963267948966, 1.5707963267948966), (3.1409239586478366, 3.1409239586478366), (-2.554037694860164, -2.554037694860164)]
  0.0
  0.0
  0.0
  Circular mean: -0.0
Distances:
[(99.7, 99.7), (149.54503343474832, 149.54503343474832), (179.6771188131644, 179.6771188131644)]
mean relative scale: 1.0
translation: (-0.0, -0.0)
parsing lift lift1
generating model of level L1 in /ws/build/first_project/maps/first_ign/models/first_L1
  wrote /ws/build/first_project/maps/first_ign/models/first_L1/model.config
Walls Generation, wall params list: [{'alpha': <building_map.param_value.ParamValue object at 0x7f43d554fb60>, 'texture_height': <building_map.param_value.ParamValue object at 0x7f43d554fb90>, 'texture_name': <building_map.param_value.ParamValue object at 0x7f43d554fbc0>, 'texture_scale': <building_map.param_value.ParamValue object at 0x7f43d554faa0>, 'texture_width': <building_map.param_value.ParamValue object at 0x7f43d554fbf0>}, {'alpha': <building_map.param_value.ParamValue object at 0x7f43d554fc20>, 'texture_height': <building_map.param_value.ParamValue object at 0x7f43d554fc80>, 'texture_name': <building_map.param_value.ParamValue object at 0x7f43d554fcb0>, 'texture_scale': <building_map.param_value.ParamValue object at 0x7f43d554fd10>, 'texture_width': <building_map.param_value.ParamValue object at 0x7f43d554fd40>}]
generating wall: 1 on floor: first_L1
  wrote /ws/build/first_project/maps/first_ign/models/first_L1/meshes/default.png
generate_wall_visual_mesh(first_L1, /ws/build/first_project/maps/first_ign/models/first_L1)
  generating /ws/build/first_project/maps/first_ign/models/first_L1/meshes/wall_1.obj
  generating /ws/build/first_project/maps/first_ign/models/first_L1/meshes/wall_1.mtl
generating wall: 2 on floor: first_L1
  wrote /ws/build/first_project/maps/first_ign/models/first_L1/meshes/default.png
generate_wall_visual_mesh(first_L1, /ws/build/first_project/maps/first_ign/models/first_L1)
  generating /ws/build/first_project/maps/first_ign/models/first_L1/meshes/wall_2.obj
  generating /ws/build/first_project/maps/first_ign/models/first_L1/meshes/wall_2.mtl
  wrote /ws/build/first_project/maps/first_ign/models/first_L1/model.sdf
generating model of level L2 in /ws/build/first_project/maps/first_ign/models/first_L2
  wrote /ws/build/first_project/maps/first_ign/models/first_L2/model.config
generating floor polygon 1 on floor first_L2
hole vertices: []
lift vertices: {'lift1': [(5.083333333333333, -1.0166666666666666), (5.083333333333333, -5.116666666666666), (9.183333333333334, -5.116666666666666), (9.183333333333334, -1.0166666666666666)]}
[[0, 1, 4], [0, 4, 5], [0, 5, 3], [3, 5, 6], [3, 6, 7], [3, 7, 2], [2, 7, 4], [2, 4, 1]]
  wrote /ws/build/first_project/maps/first_ign/models/first_L2/meshes/floor_1.obj
  wrote /ws/build/first_project/maps/first_ign/models/first_L2/meshes/blue_linoleum.png
  wrote /ws/build/first_project/maps/first_ign/models/first_L2/meshes/floor_1.mtl
Walls Generation, wall params list: [{'alpha': <building_map.param_value.ParamValue object at 0x7f43d530c9b0>, 'texture_height': <building_map.param_value.ParamValue object at 0x7f43d530c9e0>, 'texture_name': <building_map.param_value.ParamValue object at 0x7f43d530ca10>, 'texture_scale': <building_map.param_value.ParamValue object at 0x7f43d530ca40>, 'texture_width': <building_map.param_value.ParamValue object at 0x7f43d530caa0>}]
generating wall: 1 on floor: first_L2
  wrote /ws/build/first_project/maps/first_ign/models/first_L2/meshes/default.png
generate_wall_visual_mesh(first_L2, /ws/build/first_project/maps/first_ign/models/first_L2)
  generating /ws/build/first_project/maps/first_ign/models/first_L2/meshes/wall_1.obj
  generating /ws/build/first_project/maps/first_ign/models/first_L2/meshes/wall_1.mtl
  wrote /ws/build/first_project/maps/first_ign/models/first_L2/model.sdf
spawning robot name tinyRobot1 of type TinyRobot
generate door name=null type=hinged
Door(null)
31577 bytes written to /ws/build/first_project/maps/first_ign/first.world
[100%] Built target generate_first_world
-- Install configuration: ""
-- Execute custom install script
-- Up-to-date symlink: /ws/install/first_project/share/first_project/launch/first.launch.xml
-- Up-to-date symlink: /ws/install/first_project/share/first_project/launch/simulation.launch.xml
-- Up-to-date symlink: /ws/install/first_project/share/first_project/maps/first/L1.png
-- Up-to-date symlink: /ws/install/first_project/share/first_project/maps/first/L2.png
-- Up-to-date symlink: /ws/install/first_project/share/first_project/maps/first/first.building.yaml
-- Symlinking: /ws/install/first_project/share/first_project/maps/first_ign/first.world
-- Up-to-date symlink: /ws/install/first_project/share/first_project/maps/first_ign/models/Sofa/meshes/Sofa.mtl
-- Up-to-date symlink: /ws/install/first_project/share/first_project/maps/first_ign/models/Sofa/meshes/Sofa.obj
-- Up-to-date symlink: /ws/install/first_project/share/first_project/maps/first_ign/models/Sofa/meshes/SofaDiffuse.png
-- Up-to-date symlink: /ws/install/first_project/share/first_project/maps/first_ign/models/Sofa/model.config
-- Up-to-date symlink: /ws/install/first_project/share/first_project/maps/first_ign/models/Sofa/model.sdf
-- Up-to-date symlink: /ws/install/first_project/share/first_project/maps/first_ign/models/Sofa/thumbnails/1.png
-- Up-to-date symlink: /ws/install/first_project/share/first_project/maps/first_ign/models/Sofa/thumbnails/2.png
-- Up-to-date symlink: /ws/install/first_project/share/first_project/maps/first_ign/models/Sofa/thumbnails/3.png
-- Up-to-date symlink: /ws/install/first_project/share/first_project/maps/first_ign/models/Sofa/thumbnails/4.png
-- Up-to-date symlink: /ws/install/first_project/share/first_project/maps/first_ign/models/Sofa/thumbnails/5.png
-- Up-to-date symlink: /ws/install/first_project/share/first_project/maps/first_ign/models/TinyRobot/meshes/caster_wheel.mtl
-- Up-to-date symlink: /ws/install/first_project/share/first_project/maps/first_ign/models/TinyRobot/meshes/caster_wheel.obj
-- Up-to-date symlink: /ws/install/first_project/share/first_project/maps/first_ign/models/TinyRobot/meshes/front_wheel.mtl
-- Up-to-date symlink: /ws/install/first_project/share/first_project/maps/first_ign/models/TinyRobot/meshes/front_wheel.obj
-- Up-to-date symlink: /ws/install/first_project/share/first_project/maps/first_ign/models/TinyRobot/meshes/tinyRobot_body.mtl
-- Up-to-date symlink: /ws/install/first_project/share/first_project/maps/first_ign/models/TinyRobot/meshes/tinyRobot_body.obj
-- Up-to-date symlink: /ws/install/first_project/share/first_project/maps/first_ign/models/TinyRobot/model.config
-- Up-to-date symlink: /ws/install/first_project/share/first_project/maps/first_ign/models/TinyRobot/model.sdf
-- Symlinking: /ws/install/first_project/share/first_project/maps/first_ign/models/first_L1/meshes/blue_linoleum.png
-- Symlinking: /ws/install/first_project/share/first_project/maps/first_ign/models/first_L1/meshes/default.png
-- Symlinking: /ws/install/first_project/share/first_project/maps/first_ign/models/first_L1/meshes/floor_1.mtl
-- Symlinking: /ws/install/first_project/share/first_project/maps/first_ign/models/first_L1/meshes/floor_1.obj
-- Symlinking: /ws/install/first_project/share/first_project/maps/first_ign/models/first_L1/meshes/model.material
-- Symlinking: /ws/install/first_project/share/first_project/maps/first_ign/models/first_L1/meshes/wall_1.mtl
-- Symlinking: /ws/install/first_project/share/first_project/maps/first_ign/models/first_L1/meshes/wall_1.obj
-- Symlinking: /ws/install/first_project/share/first_project/maps/first_ign/models/first_L1/meshes/wall_2.mtl
-- Symlinking: /ws/install/first_project/share/first_project/maps/first_ign/models/first_L1/meshes/wall_2.obj
-- Symlinking: /ws/install/first_project/share/first_project/maps/first_ign/models/first_L1/model.config
-- Symlinking: /ws/install/first_project/share/first_project/maps/first_ign/models/first_L1/model.sdf
-- Symlinking: /ws/install/first_project/share/first_project/maps/first_ign/models/first_L2/meshes/blue_linoleum.png
-- Symlinking: /ws/install/first_project/share/first_project/maps/first_ign/models/first_L2/meshes/default.png
-- Symlinking: /ws/install/first_project/share/first_project/maps/first_ign/models/first_L2/meshes/floor_1.mtl
-- Symlinking: /ws/install/first_project/share/first_project/maps/first_ign/models/first_L2/meshes/floor_1.obj
-- Symlinking: /ws/install/first_project/share/first_project/maps/first_ign/models/first_L2/meshes/model.material
-- Symlinking: /ws/install/first_project/share/first_project/maps/first_ign/models/first_L2/meshes/wall_1.mtl
-- Symlinking: /ws/install/first_project/share/first_project/maps/first_ign/models/first_L2/meshes/wall_1.obj
-- Symlinking: /ws/install/first_project/share/first_project/maps/first_ign/models/first_L2/model.config
-- Symlinking: /ws/install/first_project/share/first_project/maps/first_ign/models/first_L2/model.sdf
-- Up-to-date symlink: /ws/install/first_project/share/first_project/config/tinyRobot_config.yaml
-- Symlinking: /ws/install/first_project/share/first_project/maps/first_ign/first.world
-- Symlinking: /ws/install/first_project/share/first_project/maps/first_ign/models/first_L1/meshes/blue_linoleum.png
-- Symlinking: /ws/install/first_project/share/first_project/maps/first_ign/models/first_L1/meshes/default.png
-- Symlinking: /ws/install/first_project/share/first_project/maps/first_ign/models/first_L1/meshes/floor_1.mtl
-- Symlinking: /ws/install/first_project/share/first_project/maps/first_ign/models/first_L1/meshes/floor_1.obj
-- Symlinking: /ws/install/first_project/share/first_project/maps/first_ign/models/first_L1/meshes/model.material
-- Symlinking: /ws/install/first_project/share/first_project/maps/first_ign/models/first_L1/meshes/wall_1.mtl
-- Symlinking: /ws/install/first_project/share/first_project/maps/first_ign/models/first_L1/meshes/wall_1.obj
-- Symlinking: /ws/install/first_project/share/first_project/maps/first_ign/models/first_L1/meshes/wall_2.mtl
-- Symlinking: /ws/install/first_project/share/first_project/maps/first_ign/models/first_L1/meshes/wall_2.obj
-- Symlinking: /ws/install/first_project/share/first_project/maps/first_ign/models/first_L1/model.config
-- Symlinking: /ws/install/first_project/share/first_project/maps/first_ign/models/first_L1/model.sdf
-- Symlinking: /ws/install/first_project/share/first_project/maps/first_ign/models/first_L2/meshes/blue_linoleum.png
-- Symlinking: /ws/install/first_project/share/first_project/maps/first_ign/models/first_L2/meshes/default.png
-- Symlinking: /ws/install/first_project/share/first_project/maps/first_ign/models/first_L2/meshes/floor_1.mtl
-- Symlinking: /ws/install/first_project/share/first_project/maps/first_ign/models/first_L2/meshes/floor_1.obj
-- Symlinking: /ws/install/first_project/share/first_project/maps/first_ign/models/first_L2/meshes/model.material
-- Symlinking: /ws/install/first_project/share/first_project/maps/first_ign/models/first_L2/meshes/wall_1.mtl
-- Symlinking: /ws/install/first_project/share/first_project/maps/first_ign/models/first_L2/meshes/wall_1.obj
-- Symlinking: /ws/install/first_project/share/first_project/maps/first_ign/models/first_L2/model.config
-- Symlinking: /ws/install/first_project/share/first_project/maps/first_ign/models/first_L2/model.sdf
-- Up-to-date symlink: /ws/install/first_project/share/ament_index/resource_index/package_run_dependencies/first_project
-- Up-to-date symlink: /ws/install/first_project/share/ament_index/resource_index/parent_prefix_path/first_project
-- Up-to-date symlink: /ws/install/first_project/share/first_project/environment/ament_prefix_path.sh
-- Up-to-date symlink: /ws/install/first_project/share/first_project/environment/ament_prefix_path.dsv
-- Up-to-date symlink: /ws/install/first_project/share/first_project/environment/path.sh
-- Up-to-date symlink: /ws/install/first_project/share/first_project/environment/path.dsv
-- Up-to-date symlink: /ws/install/first_project/share/first_project/local_setup.bash
-- Up-to-date symlink: /ws/install/first_project/share/first_project/local_setup.sh
-- Up-to-date symlink: /ws/install/first_project/share/first_project/local_setup.zsh
-- Up-to-date symlink: /ws/install/first_project/share/first_project/local_setup.dsv
-- Symlinking: /ws/install/first_project/share/first_project/package.dsv
-- Up-to-date symlink: /ws/install/first_project/share/ament_index/resource_index/packages/first_project
-- Up-to-date symlink: /ws/install/first_project/share/first_project/cmake/first_projectConfig.cmake
-- Up-to-date symlink: /ws/install/first_project/share/first_project/cmake/first_projectConfig-version.cmake
-- Up-to-date symlink: /ws/install/first_project/share/first_project/package.xml
