-- Install configuration: ""
-- Up-to-date: /ws/install/kioto/share/kioto/launch
-- Up-to-date: /ws/install/kioto/share/kioto/launch/simulation.launch.xml
-- Up-to-date: /ws/install/kioto/share/kioto/launch/kioto.launch.xml
-- Up-to-date: /ws/install/kioto/share/kioto/maps
-- Up-to-date: /ws/install/kioto/share/kioto/maps/kioto
-- Up-to-date: /ws/install/kioto/share/kioto/maps/kioto/kioto.world
-- Up-to-date: /ws/install/kioto/share/kioto/maps/kioto/kioto.building.yaml
-- Up-to-date: /ws/install/kioto/share/kioto/maps/kioto/models
-- Up-to-date: /ws/install/kioto/share/kioto/maps/kioto/models/kioto_L1
-- Up-to-date: /ws/install/kioto/share/kioto/maps/kioto/models/kioto_L1/meshes
-- Up-to-date: /ws/install/kioto/share/kioto/maps/kioto/models/kioto_L1/meshes/wall_1.mtl
-- Up-to-date: /ws/install/kioto/share/kioto/maps/kioto/models/kioto_L1/meshes/wall_1.obj
-- Up-to-date: /ws/install/kioto/share/kioto/maps/kioto/models/kioto_L1/meshes/floor_1.obj
-- Up-to-date: /ws/install/kioto/share/kioto/maps/kioto/models/kioto_L1/meshes/floor_1.mtl
-- Up-to-date: /ws/install/kioto/share/kioto/maps/kioto/models/kioto_L1/meshes/blue_linoleum.png
-- Up-to-date: /ws/install/kioto/share/kioto/maps/kioto/models/kioto_L1/meshes/model.material
-- Up-to-date: /ws/install/kioto/share/kioto/maps/kioto/models/kioto_L1/meshes/default.png
-- Up-to-date: /ws/install/kioto/share/kioto/maps/kioto/models/kioto_L1/model.sdf
-- Up-to-date: /ws/install/kioto/share/kioto/maps/kioto/models/kioto_L1/model.config
-- Up-to-date: /ws/install/kioto/share/kioto/maps/kioto/models/kioto_L2
-- Up-to-date: /ws/install/kioto/share/kioto/maps/kioto/models/kioto_L2/meshes
-- Up-to-date: /ws/install/kioto/share/kioto/maps/kioto/models/kioto_L2/meshes/wall_1.mtl
-- Up-to-date: /ws/install/kioto/share/kioto/maps/kioto/models/kioto_L2/meshes/wall_1.obj
-- Up-to-date: /ws/install/kioto/share/kioto/maps/kioto/models/kioto_L2/meshes/floor_1.obj
-- Up-to-date: /ws/install/kioto/share/kioto/maps/kioto/models/kioto_L2/meshes/floor_1.mtl
-- Up-to-date: /ws/install/kioto/share/kioto/maps/kioto/models/kioto_L2/meshes/blue_linoleum.png
-- Up-to-date: /ws/install/kioto/share/kioto/maps/kioto/models/kioto_L2/meshes/model.material
-- Up-to-date: /ws/install/kioto/share/kioto/maps/kioto/models/kioto_L2/meshes/default.png
-- Up-to-date: /ws/install/kioto/share/kioto/maps/kioto/models/kioto_L2/model.sdf
-- Up-to-date: /ws/install/kioto/share/kioto/maps/kioto/models/kioto_L2/model.config
-- Up-to-date: /ws/install/kioto/share/kioto/maps/kioto/navmesh
-- Up-to-date: /ws/install/kioto/share/kioto/maps/kioto/nav_graphs
-- Up-to-date: /ws/install/kioto/share/kioto/maps/kioto/nav_graphs/0.yaml
-- Installing: /ws/install/kioto/share/kioto/maps/kioto/nav_graphs/0.yaml/0.yaml
-- Up-to-date: /ws/install/kioto/share/kioto/maps/kioto/conference_room_b1_balcony.png
-- Up-to-date: /ws/install/kioto/share/kioto/maps/kioto/conference_room_b1.png
-- Up-to-date: /ws/install/kioto/share/kioto/maps/kioto_ign
-- Up-to-date: /ws/install/kioto/share/kioto/maps/kioto_ign/kioto.world
-- Up-to-date: /ws/install/kioto/share/kioto/maps/kioto_ign/models
-- Up-to-date: /ws/install/kioto/share/kioto/maps/kioto_ign/models/kioto_L1
-- Up-to-date: /ws/install/kioto/share/kioto/maps/kioto_ign/models/kioto_L1/meshes
-- Up-to-date: /ws/install/kioto/share/kioto/maps/kioto_ign/models/kioto_L1/meshes/wall_1.mtl
-- Up-to-date: /ws/install/kioto/share/kioto/maps/kioto_ign/models/kioto_L1/meshes/wall_1.obj
-- Up-to-date: /ws/install/kioto/share/kioto/maps/kioto_ign/models/kioto_L1/meshes/floor_1.obj
-- Up-to-date: /ws/install/kioto/share/kioto/maps/kioto_ign/models/kioto_L1/meshes/floor_1.mtl
-- Up-to-date: /ws/install/kioto/share/kioto/maps/kioto_ign/models/kioto_L1/meshes/blue_linoleum.png
-- Up-to-date: /ws/install/kioto/share/kioto/maps/kioto_ign/models/kioto_L1/meshes/model.material
-- Up-to-date: /ws/install/kioto/share/kioto/maps/kioto_ign/models/kioto_L1/meshes/default.png
-- Up-to-date: /ws/install/kioto/share/kioto/maps/kioto_ign/models/kioto_L1/model.sdf
-- Up-to-date: /ws/install/kioto/share/kioto/maps/kioto_ign/models/kioto_L1/model.config
-- Up-to-date: /ws/install/kioto/share/kioto/maps/kioto_ign/models/kioto_L2
-- Up-to-date: /ws/install/kioto/share/kioto/maps/kioto_ign/models/kioto_L2/meshes
-- Up-to-date: /ws/install/kioto/share/kioto/maps/kioto_ign/models/kioto_L2/meshes/wall_1.mtl
-- Up-to-date: /ws/install/kioto/share/kioto/maps/kioto_ign/models/kioto_L2/meshes/wall_1.obj
-- Up-to-date: /ws/install/kioto/share/kioto/maps/kioto_ign/models/kioto_L2/meshes/floor_1.obj
-- Up-to-date: /ws/install/kioto/share/kioto/maps/kioto_ign/models/kioto_L2/meshes/floor_1.mtl
-- Up-to-date: /ws/install/kioto/share/kioto/maps/kioto_ign/models/kioto_L2/meshes/blue_linoleum.png
-- Up-to-date: /ws/install/kioto/share/kioto/maps/kioto_ign/models/kioto_L2/meshes/model.material
-- Up-to-date: /ws/install/kioto/share/kioto/maps/kioto_ign/models/kioto_L2/meshes/default.png
-- Up-to-date: /ws/install/kioto/share/kioto/maps/kioto_ign/models/kioto_L2/model.sdf
-- Up-to-date: /ws/install/kioto/share/kioto/maps/kioto_ign/models/kioto_L2/model.config
-- Up-to-date: /ws/install/kioto/share/kioto/maps/kioto_ign/models/TinyRobot
-- Up-to-date: /ws/install/kioto/share/kioto/maps/kioto_ign/models/TinyRobot/meshes
-- Up-to-date: /ws/install/kioto/share/kioto/maps/kioto_ign/models/TinyRobot/meshes/front_wheel.obj
-- Up-to-date: /ws/install/kioto/share/kioto/maps/kioto_ign/models/TinyRobot/meshes/caster_wheel.obj
-- Up-to-date: /ws/install/kioto/share/kioto/maps/kioto_ign/models/TinyRobot/meshes/tinyRobot_body.mtl
-- Up-to-date: /ws/install/kioto/share/kioto/maps/kioto_ign/models/TinyRobot/meshes/caster_wheel.mtl
-- Up-to-date: /ws/install/kioto/share/kioto/maps/kioto_ign/models/TinyRobot/meshes/tinyRobot_body.obj
-- Up-to-date: /ws/install/kioto/share/kioto/maps/kioto_ign/models/TinyRobot/meshes/front_wheel.mtl
-- Up-to-date: /ws/install/kioto/share/kioto/maps/kioto_ign/models/TinyRobot/model.sdf
-- Up-to-date: /ws/install/kioto/share/kioto/maps/kioto_ign/models/TinyRobot/model.config
-- Up-to-date: /ws/install/kioto/share/kioto/rviz
-- Up-to-date: /ws/install/kioto/share/kioto/rviz/configu.rviz
-- Up-to-date: /ws/install/kioto/share/kioto/config
-- Installing: /ws/install/kioto/share/kioto/config/tinyRobot_config.yaml
-- Up-to-date: /ws/install/kioto/share/ament_index/resource_index/package_run_dependencies/kioto
-- Up-to-date: /ws/install/kioto/share/ament_index/resource_index/parent_prefix_path/kioto
-- Up-to-date: /ws/install/kioto/share/kioto/environment/ament_prefix_path.sh
-- Up-to-date: /ws/install/kioto/share/kioto/environment/ament_prefix_path.dsv
-- Up-to-date: /ws/install/kioto/share/kioto/environment/path.sh
-- Up-to-date: /ws/install/kioto/share/kioto/environment/path.dsv
-- Up-to-date: /ws/install/kioto/share/kioto/local_setup.bash
-- Up-to-date: /ws/install/kioto/share/kioto/local_setup.sh
-- Up-to-date: /ws/install/kioto/share/kioto/local_setup.zsh
-- Up-to-date: /ws/install/kioto/share/kioto/local_setup.dsv
-- Installing: /ws/install/kioto/share/kioto/package.dsv
-- Up-to-date: /ws/install/kioto/share/ament_index/resource_index/packages/kioto
-- Up-to-date: /ws/install/kioto/share/kioto/cmake/kiotoConfig.cmake
-- Up-to-date: /ws/install/kioto/share/kioto/cmake/kiotoConfig-version.cmake
-- Up-to-date: /ws/install/kioto/share/kioto/package.xml
