[0.013s] Invoking command in '/ws/build/kioto': CMAKE_PREFIX_PATH=/ws/install/kioto:/ws/install/rmf_demos_gz:/ws/install/rmf_demos:/ws/install/rmf_demos_maps:/ws/install/rmf_demos_assets:/ws/install/first_project:/rmf_demos_ws/install/rmf_workcell_msgs:/rmf_demos_ws/install/rmf_demos_gz:/rmf_demos_ws/install/rmf_demos:/rmf_demos_ws/install/rmf_reservation_node:/rmf_demos_ws/install/rmf_fleet_adapter_python:/rmf_demos_ws/install/rmf_fleet_adapter:/rmf_demos_ws/install/rmf_task_ros2:/rmf_demos_ws/install/rmf_websocket:/rmf_demos_ws/install/rmf_visualization:/rmf_demos_ws/install/rmf_visualization_schedule:/rmf_demos_ws/install/rmf_visualization_rviz2_plugins:/rmf_demos_ws/install/rmf_visualization_obstacles:/rmf_demos_ws/install/rmf_visualization_navgraphs:/rmf_demos_ws/install/rmf_visualization_floorplans:/rmf_demos_ws/install/rmf_visualization_fleet_states:/rmf_demos_ws/install/rmf_visualization_msgs:/rmf_demos_ws/install/rmf_traffic_ros2:/rmf_demos_ws/install/rmf_task_sequence:/rmf_demos_ws/install/rmf_task:/rmf_demos_ws/install/rmf_battery:/rmf_demos_ws/install/rmf_traffic:/rmf_demos_ws/install/rmf_utils:/rmf_demos_ws/install/rmf_traffic_msgs:/rmf_demos_ws/install/rmf_traffic_editor_test_maps:/rmf_demos_ws/install/rmf_traffic_editor_assets:/rmf_demos_ws/install/rmf_traffic_editor:/rmf_demos_ws/install/rmf_task_msgs:/rmf_demos_ws/install/rmf_site_map_msgs:/rmf_demos_ws/install/rmf_scheduler_msgs:/rmf_demos_ws/install/rmf_robot_sim_gz_plugins:/rmf_demos_ws/install/rmf_robot_sim_common:/rmf_demos_ws/install/rmf_reservation_msgs:/rmf_demos_ws/install/rmf_obstacle_msgs:/rmf_demos_ws/install/rmf_building_sim_gz_plugins:/rmf_demos_ws/install/rmf_lift_msgs:/rmf_demos_ws/install/rmf_ingestor_msgs:/rmf_demos_ws/install/rmf_fleet_msgs:/rmf_demos_ws/install/rmf_door_msgs:/rmf_demos_ws/install/rmf_dispenser_msgs:/rmf_demos_ws/install/rmf_demos_maps:/rmf_demos_ws/install/rmf_demos_assets:/rmf_demos_ws/install/rmf_charger_msgs:/rmf_demos_ws/install/rmf_building_map_msgs:/rmf_demos_ws/install/rmf_api_msgs:/rmf_demos_ws/install/nlohmann_json_schema_validator_vendor:/ws/install/rmf_demos_tasks:/ws/install/rmf_demos_fleet_adapter:/ws/install/rmf_demos_bridges:/ws/install/project_tasks:/ws/install/project_fleet_adapter:/rmf_demos_ws/install/rmf_demos_fleet_adapter:/rmf_demos_ws/install/rmf_visualization_building_systems:/rmf_demos_ws/install/rmf_traffic_examples:/rmf_demos_ws/install/rmf_demos_bridges:/rmf_demos_ws/install/rmf_demos_tasks:/rmf_demos_ws/install/rmf_building_map_tools:/rmf_demos_ws/install/rmf_charging_schedule:/opt/ros/jazzy:/rmf_demos_ws/install/menge_vendor:/rmf_demos_ws/install/ament_cmake_catch2:/opt/ros/jazzy/opt/gz_sim_vendor:/opt/ros/jazzy/opt/gz_sensors_vendor:/opt/ros/jazzy/opt/gz_physics_vendor:/opt/ros/jazzy/opt/sdformat_vendor:/opt/ros/jazzy/opt/gz_gui_vendor:/opt/ros/jazzy/opt/gz_transport_vendor:/opt/ros/jazzy/opt/gz_rendering_vendor:/opt/ros/jazzy/opt/gz_plugin_vendor:/opt/ros/jazzy/opt/gz_fuel_tools_vendor:/opt/ros/jazzy/opt/gz_msgs_vendor:/opt/ros/jazzy/opt/gz_common_vendor:/opt/ros/jazzy/opt/gz_math_vendor:/opt/ros/jazzy/opt/gz_utils_vendor:/opt/ros/jazzy/opt/gz_tools_vendor:/opt/ros/jazzy/opt/gz_ogre_next_vendor:/opt/ros/jazzy/opt/gz_dartsim_vendor:/opt/ros/jazzy/opt/gz_cmake_vendor /usr/bin/cmake --build /ws/build/kioto -- -j16 -l16
[0.064s] Invoked command in '/ws/build/kioto' returned '0': CMAKE_PREFIX_PATH=/ws/install/kioto:/ws/install/rmf_demos_gz:/ws/install/rmf_demos:/ws/install/rmf_demos_maps:/ws/install/rmf_demos_assets:/ws/install/first_project:/rmf_demos_ws/install/rmf_workcell_msgs:/rmf_demos_ws/install/rmf_demos_gz:/rmf_demos_ws/install/rmf_demos:/rmf_demos_ws/install/rmf_reservation_node:/rmf_demos_ws/install/rmf_fleet_adapter_python:/rmf_demos_ws/install/rmf_fleet_adapter:/rmf_demos_ws/install/rmf_task_ros2:/rmf_demos_ws/install/rmf_websocket:/rmf_demos_ws/install/rmf_visualization:/rmf_demos_ws/install/rmf_visualization_schedule:/rmf_demos_ws/install/rmf_visualization_rviz2_plugins:/rmf_demos_ws/install/rmf_visualization_obstacles:/rmf_demos_ws/install/rmf_visualization_navgraphs:/rmf_demos_ws/install/rmf_visualization_floorplans:/rmf_demos_ws/install/rmf_visualization_fleet_states:/rmf_demos_ws/install/rmf_visualization_msgs:/rmf_demos_ws/install/rmf_traffic_ros2:/rmf_demos_ws/install/rmf_task_sequence:/rmf_demos_ws/install/rmf_task:/rmf_demos_ws/install/rmf_battery:/rmf_demos_ws/install/rmf_traffic:/rmf_demos_ws/install/rmf_utils:/rmf_demos_ws/install/rmf_traffic_msgs:/rmf_demos_ws/install/rmf_traffic_editor_test_maps:/rmf_demos_ws/install/rmf_traffic_editor_assets:/rmf_demos_ws/install/rmf_traffic_editor:/rmf_demos_ws/install/rmf_task_msgs:/rmf_demos_ws/install/rmf_site_map_msgs:/rmf_demos_ws/install/rmf_scheduler_msgs:/rmf_demos_ws/install/rmf_robot_sim_gz_plugins:/rmf_demos_ws/install/rmf_robot_sim_common:/rmf_demos_ws/install/rmf_reservation_msgs:/rmf_demos_ws/install/rmf_obstacle_msgs:/rmf_demos_ws/install/rmf_building_sim_gz_plugins:/rmf_demos_ws/install/rmf_lift_msgs:/rmf_demos_ws/install/rmf_ingestor_msgs:/rmf_demos_ws/install/rmf_fleet_msgs:/rmf_demos_ws/install/rmf_door_msgs:/rmf_demos_ws/install/rmf_dispenser_msgs:/rmf_demos_ws/install/rmf_demos_maps:/rmf_demos_ws/install/rmf_demos_assets:/rmf_demos_ws/install/rmf_charger_msgs:/rmf_demos_ws/install/rmf_building_map_msgs:/rmf_demos_ws/install/rmf_api_msgs:/rmf_demos_ws/install/nlohmann_json_schema_validator_vendor:/ws/install/rmf_demos_tasks:/ws/install/rmf_demos_fleet_adapter:/ws/install/rmf_demos_bridges:/ws/install/project_tasks:/ws/install/project_fleet_adapter:/rmf_demos_ws/install/rmf_demos_fleet_adapter:/rmf_demos_ws/install/rmf_visualization_building_systems:/rmf_demos_ws/install/rmf_traffic_examples:/rmf_demos_ws/install/rmf_demos_bridges:/rmf_demos_ws/install/rmf_demos_tasks:/rmf_demos_ws/install/rmf_building_map_tools:/rmf_demos_ws/install/rmf_charging_schedule:/opt/ros/jazzy:/rmf_demos_ws/install/menge_vendor:/rmf_demos_ws/install/ament_cmake_catch2:/opt/ros/jazzy/opt/gz_sim_vendor:/opt/ros/jazzy/opt/gz_sensors_vendor:/opt/ros/jazzy/opt/gz_physics_vendor:/opt/ros/jazzy/opt/sdformat_vendor:/opt/ros/jazzy/opt/gz_gui_vendor:/opt/ros/jazzy/opt/gz_transport_vendor:/opt/ros/jazzy/opt/gz_rendering_vendor:/opt/ros/jazzy/opt/gz_plugin_vendor:/opt/ros/jazzy/opt/gz_fuel_tools_vendor:/opt/ros/jazzy/opt/gz_msgs_vendor:/opt/ros/jazzy/opt/gz_common_vendor:/opt/ros/jazzy/opt/gz_math_vendor:/opt/ros/jazzy/opt/gz_utils_vendor:/opt/ros/jazzy/opt/gz_tools_vendor:/opt/ros/jazzy/opt/gz_ogre_next_vendor:/opt/ros/jazzy/opt/gz_dartsim_vendor:/opt/ros/jazzy/opt/gz_cmake_vendor /usr/bin/cmake --build /ws/build/kioto -- -j16 -l16
[0.075s] Invoking command in '/ws/build/kioto': CMAKE_PREFIX_PATH=/ws/install/kioto:/ws/install/rmf_demos_gz:/ws/install/rmf_demos:/ws/install/rmf_demos_maps:/ws/install/rmf_demos_assets:/ws/install/first_project:/rmf_demos_ws/install/rmf_workcell_msgs:/rmf_demos_ws/install/rmf_demos_gz:/rmf_demos_ws/install/rmf_demos:/rmf_demos_ws/install/rmf_reservation_node:/rmf_demos_ws/install/rmf_fleet_adapter_python:/rmf_demos_ws/install/rmf_fleet_adapter:/rmf_demos_ws/install/rmf_task_ros2:/rmf_demos_ws/install/rmf_websocket:/rmf_demos_ws/install/rmf_visualization:/rmf_demos_ws/install/rmf_visualization_schedule:/rmf_demos_ws/install/rmf_visualization_rviz2_plugins:/rmf_demos_ws/install/rmf_visualization_obstacles:/rmf_demos_ws/install/rmf_visualization_navgraphs:/rmf_demos_ws/install/rmf_visualization_floorplans:/rmf_demos_ws/install/rmf_visualization_fleet_states:/rmf_demos_ws/install/rmf_visualization_msgs:/rmf_demos_ws/install/rmf_traffic_ros2:/rmf_demos_ws/install/rmf_task_sequence:/rmf_demos_ws/install/rmf_task:/rmf_demos_ws/install/rmf_battery:/rmf_demos_ws/install/rmf_traffic:/rmf_demos_ws/install/rmf_utils:/rmf_demos_ws/install/rmf_traffic_msgs:/rmf_demos_ws/install/rmf_traffic_editor_test_maps:/rmf_demos_ws/install/rmf_traffic_editor_assets:/rmf_demos_ws/install/rmf_traffic_editor:/rmf_demos_ws/install/rmf_task_msgs:/rmf_demos_ws/install/rmf_site_map_msgs:/rmf_demos_ws/install/rmf_scheduler_msgs:/rmf_demos_ws/install/rmf_robot_sim_gz_plugins:/rmf_demos_ws/install/rmf_robot_sim_common:/rmf_demos_ws/install/rmf_reservation_msgs:/rmf_demos_ws/install/rmf_obstacle_msgs:/rmf_demos_ws/install/rmf_building_sim_gz_plugins:/rmf_demos_ws/install/rmf_lift_msgs:/rmf_demos_ws/install/rmf_ingestor_msgs:/rmf_demos_ws/install/rmf_fleet_msgs:/rmf_demos_ws/install/rmf_door_msgs:/rmf_demos_ws/install/rmf_dispenser_msgs:/rmf_demos_ws/install/rmf_demos_maps:/rmf_demos_ws/install/rmf_demos_assets:/rmf_demos_ws/install/rmf_charger_msgs:/rmf_demos_ws/install/rmf_building_map_msgs:/rmf_demos_ws/install/rmf_api_msgs:/rmf_demos_ws/install/nlohmann_json_schema_validator_vendor:/ws/install/rmf_demos_tasks:/ws/install/rmf_demos_fleet_adapter:/ws/install/rmf_demos_bridges:/ws/install/project_tasks:/ws/install/project_fleet_adapter:/rmf_demos_ws/install/rmf_demos_fleet_adapter:/rmf_demos_ws/install/rmf_visualization_building_systems:/rmf_demos_ws/install/rmf_traffic_examples:/rmf_demos_ws/install/rmf_demos_bridges:/rmf_demos_ws/install/rmf_demos_tasks:/rmf_demos_ws/install/rmf_building_map_tools:/rmf_demos_ws/install/rmf_charging_schedule:/opt/ros/jazzy:/rmf_demos_ws/install/menge_vendor:/rmf_demos_ws/install/ament_cmake_catch2:/opt/ros/jazzy/opt/gz_sim_vendor:/opt/ros/jazzy/opt/gz_sensors_vendor:/opt/ros/jazzy/opt/gz_physics_vendor:/opt/ros/jazzy/opt/sdformat_vendor:/opt/ros/jazzy/opt/gz_gui_vendor:/opt/ros/jazzy/opt/gz_transport_vendor:/opt/ros/jazzy/opt/gz_rendering_vendor:/opt/ros/jazzy/opt/gz_plugin_vendor:/opt/ros/jazzy/opt/gz_fuel_tools_vendor:/opt/ros/jazzy/opt/gz_msgs_vendor:/opt/ros/jazzy/opt/gz_common_vendor:/opt/ros/jazzy/opt/gz_math_vendor:/opt/ros/jazzy/opt/gz_utils_vendor:/opt/ros/jazzy/opt/gz_tools_vendor:/opt/ros/jazzy/opt/gz_ogre_next_vendor:/opt/ros/jazzy/opt/gz_dartsim_vendor:/opt/ros/jazzy/opt/gz_cmake_vendor /usr/bin/cmake --install /ws/build/kioto
[0.085s] -- Install configuration: ""
[0.086s] -- Up-to-date: /ws/install/kioto/share/kioto/launch
[0.086s] -- Up-to-date: /ws/install/kioto/share/kioto/launch/simulation.launch.xml
[0.086s] -- Up-to-date: /ws/install/kioto/share/kioto/launch/kioto.launch.xml
[0.086s] -- Up-to-date: /ws/install/kioto/share/kioto/maps
[0.086s] -- Up-to-date: /ws/install/kioto/share/kioto/maps/kioto
[0.086s] -- Up-to-date: /ws/install/kioto/share/kioto/maps/kioto/kioto.world
[0.086s] -- Up-to-date: /ws/install/kioto/share/kioto/maps/kioto/kioto.building.yaml
[0.086s] -- Up-to-date: /ws/install/kioto/share/kioto/maps/kioto/models
[0.086s] -- Up-to-date: /ws/install/kioto/share/kioto/maps/kioto/models/kioto_L1
[0.086s] -- Up-to-date: /ws/install/kioto/share/kioto/maps/kioto/models/kioto_L1/meshes
[0.086s] -- Up-to-date: /ws/install/kioto/share/kioto/maps/kioto/models/kioto_L1/meshes/wall_1.mtl
[0.086s] -- Up-to-date: /ws/install/kioto/share/kioto/maps/kioto/models/kioto_L1/meshes/wall_1.obj
[0.086s] -- Up-to-date: /ws/install/kioto/share/kioto/maps/kioto/models/kioto_L1/meshes/floor_1.obj
[0.086s] -- Up-to-date: /ws/install/kioto/share/kioto/maps/kioto/models/kioto_L1/meshes/floor_1.mtl
[0.086s] -- Up-to-date: /ws/install/kioto/share/kioto/maps/kioto/models/kioto_L1/meshes/blue_linoleum.png
[0.086s] -- Up-to-date: /ws/install/kioto/share/kioto/maps/kioto/models/kioto_L1/meshes/model.material
[0.086s] -- Up-to-date: /ws/install/kioto/share/kioto/maps/kioto/models/kioto_L1/meshes/default.png
[0.086s] -- Up-to-date: /ws/install/kioto/share/kioto/maps/kioto/models/kioto_L1/model.sdf
[0.086s] -- Up-to-date: /ws/install/kioto/share/kioto/maps/kioto/models/kioto_L1/model.config
[0.087s] -- Up-to-date: /ws/install/kioto/share/kioto/maps/kioto/models/kioto_L2
[0.087s] -- Up-to-date: /ws/install/kioto/share/kioto/maps/kioto/models/kioto_L2/meshes
[0.087s] -- Up-to-date: /ws/install/kioto/share/kioto/maps/kioto/models/kioto_L2/meshes/wall_1.mtl
[0.087s] -- Up-to-date: /ws/install/kioto/share/kioto/maps/kioto/models/kioto_L2/meshes/wall_1.obj
[0.087s] -- Up-to-date: /ws/install/kioto/share/kioto/maps/kioto/models/kioto_L2/meshes/floor_1.obj
[0.087s] -- Up-to-date: /ws/install/kioto/share/kioto/maps/kioto/models/kioto_L2/meshes/floor_1.mtl
[0.087s] -- Up-to-date: /ws/install/kioto/share/kioto/maps/kioto/models/kioto_L2/meshes/blue_linoleum.png
[0.087s] -- Up-to-date: /ws/install/kioto/share/kioto/maps/kioto/models/kioto_L2/meshes/model.material
[0.087s] -- Up-to-date: /ws/install/kioto/share/kioto/maps/kioto/models/kioto_L2/meshes/default.png
[0.087s] -- Up-to-date: /ws/install/kioto/share/kioto/maps/kioto/models/kioto_L2/model.sdf
[0.087s] -- Up-to-date: /ws/install/kioto/share/kioto/maps/kioto/models/kioto_L2/model.config
[0.087s] -- Up-to-date: /ws/install/kioto/share/kioto/maps/kioto/navmesh
[0.087s] -- Up-to-date: /ws/install/kioto/share/kioto/maps/kioto/nav_graphs
[0.087s] -- Up-to-date: /ws/install/kioto/share/kioto/maps/kioto/nav_graphs/0.yaml
[0.087s] -- Installing: /ws/install/kioto/share/kioto/maps/kioto/nav_graphs/0.yaml/0.yaml
[0.087s] -- Up-to-date: /ws/install/kioto/share/kioto/maps/kioto/conference_room_b1_balcony.png
[0.087s] -- Up-to-date: /ws/install/kioto/share/kioto/maps/kioto/conference_room_b1.png
[0.087s] -- Up-to-date: /ws/install/kioto/share/kioto/maps/kioto_ign
[0.087s] -- Up-to-date: /ws/install/kioto/share/kioto/maps/kioto_ign/kioto.world
[0.087s] -- Up-to-date: /ws/install/kioto/share/kioto/maps/kioto_ign/models
[0.087s] -- Up-to-date: /ws/install/kioto/share/kioto/maps/kioto_ign/models/kioto_L1
[0.087s] -- Up-to-date: /ws/install/kioto/share/kioto/maps/kioto_ign/models/kioto_L1/meshes
[0.087s] -- Up-to-date: /ws/install/kioto/share/kioto/maps/kioto_ign/models/kioto_L1/meshes/wall_1.mtl
[0.087s] -- Up-to-date: /ws/install/kioto/share/kioto/maps/kioto_ign/models/kioto_L1/meshes/wall_1.obj
[0.087s] -- Up-to-date: /ws/install/kioto/share/kioto/maps/kioto_ign/models/kioto_L1/meshes/floor_1.obj
[0.087s] -- Up-to-date: /ws/install/kioto/share/kioto/maps/kioto_ign/models/kioto_L1/meshes/floor_1.mtl
[0.087s] -- Up-to-date: /ws/install/kioto/share/kioto/maps/kioto_ign/models/kioto_L1/meshes/blue_linoleum.png
[0.087s] -- Up-to-date: /ws/install/kioto/share/kioto/maps/kioto_ign/models/kioto_L1/meshes/model.material
[0.087s] -- Up-to-date: /ws/install/kioto/share/kioto/maps/kioto_ign/models/kioto_L1/meshes/default.png
[0.087s] -- Up-to-date: /ws/install/kioto/share/kioto/maps/kioto_ign/models/kioto_L1/model.sdf
[0.087s] -- Up-to-date: /ws/install/kioto/share/kioto/maps/kioto_ign/models/kioto_L1/model.config
[0.087s] -- Up-to-date: /ws/install/kioto/share/kioto/maps/kioto_ign/models/kioto_L2
[0.088s] -- Up-to-date: /ws/install/kioto/share/kioto/maps/kioto_ign/models/kioto_L2/meshes
[0.088s] -- Up-to-date: /ws/install/kioto/share/kioto/maps/kioto_ign/models/kioto_L2/meshes/wall_1.mtl
[0.088s] -- Up-to-date: /ws/install/kioto/share/kioto/maps/kioto_ign/models/kioto_L2/meshes/wall_1.obj
[0.088s] -- Up-to-date: /ws/install/kioto/share/kioto/maps/kioto_ign/models/kioto_L2/meshes/floor_1.obj
[0.088s] -- Up-to-date: /ws/install/kioto/share/kioto/maps/kioto_ign/models/kioto_L2/meshes/floor_1.mtl
[0.088s] -- Up-to-date: /ws/install/kioto/share/kioto/maps/kioto_ign/models/kioto_L2/meshes/blue_linoleum.png
[0.088s] -- Up-to-date: /ws/install/kioto/share/kioto/maps/kioto_ign/models/kioto_L2/meshes/model.material
[0.088s] -- Up-to-date: /ws/install/kioto/share/kioto/maps/kioto_ign/models/kioto_L2/meshes/default.png
[0.088s] -- Up-to-date: /ws/install/kioto/share/kioto/maps/kioto_ign/models/kioto_L2/model.sdf
[0.088s] -- Up-to-date: /ws/install/kioto/share/kioto/maps/kioto_ign/models/kioto_L2/model.config
[0.088s] -- Up-to-date: /ws/install/kioto/share/kioto/maps/kioto_ign/models/TinyRobot
[0.088s] -- Up-to-date: /ws/install/kioto/share/kioto/maps/kioto_ign/models/TinyRobot/meshes
[0.088s] -- Up-to-date: /ws/install/kioto/share/kioto/maps/kioto_ign/models/TinyRobot/meshes/front_wheel.obj
[0.088s] -- Up-to-date: /ws/install/kioto/share/kioto/maps/kioto_ign/models/TinyRobot/meshes/caster_wheel.obj
[0.088s] -- Up-to-date: /ws/install/kioto/share/kioto/maps/kioto_ign/models/TinyRobot/meshes/tinyRobot_body.mtl
[0.088s] -- Up-to-date: /ws/install/kioto/share/kioto/maps/kioto_ign/models/TinyRobot/meshes/caster_wheel.mtl
[0.088s] -- Up-to-date: /ws/install/kioto/share/kioto/maps/kioto_ign/models/TinyRobot/meshes/tinyRobot_body.obj
[0.088s] -- Up-to-date: /ws/install/kioto/share/kioto/maps/kioto_ign/models/TinyRobot/meshes/front_wheel.mtl
[0.088s] -- Up-to-date: /ws/install/kioto/share/kioto/maps/kioto_ign/models/TinyRobot/model.sdf
[0.088s] -- Up-to-date: /ws/install/kioto/share/kioto/maps/kioto_ign/models/TinyRobot/model.config
[0.088s] -- Up-to-date: /ws/install/kioto/share/kioto/rviz
[0.088s] -- Up-to-date: /ws/install/kioto/share/kioto/rviz/configu.rviz
[0.088s] -- Up-to-date: /ws/install/kioto/share/kioto/config
[0.088s] -- Installing: /ws/install/kioto/share/kioto/config/tinyRobot_config.yaml
[0.088s] -- Up-to-date: /ws/install/kioto/share/ament_index/resource_index/package_run_dependencies/kioto
[0.088s] -- Up-to-date: /ws/install/kioto/share/ament_index/resource_index/parent_prefix_path/kioto
[0.088s] -- Up-to-date: /ws/install/kioto/share/kioto/environment/ament_prefix_path.sh
[0.088s] -- Up-to-date: /ws/install/kioto/share/kioto/environment/ament_prefix_path.dsv
[0.088s] -- Up-to-date: /ws/install/kioto/share/kioto/environment/path.sh
[0.088s] -- Up-to-date: /ws/install/kioto/share/kioto/environment/path.dsv
[0.088s] -- Up-to-date: /ws/install/kioto/share/kioto/local_setup.bash
[0.088s] -- Up-to-date: /ws/install/kioto/share/kioto/local_setup.sh
[0.088s] -- Up-to-date: /ws/install/kioto/share/kioto/local_setup.zsh
[0.089s] -- Up-to-date: /ws/install/kioto/share/kioto/local_setup.dsv
[0.089s] -- Installing: /ws/install/kioto/share/kioto/package.dsv
[0.089s] -- Up-to-date: /ws/install/kioto/share/ament_index/resource_index/packages/kioto
[0.089s] -- Up-to-date: /ws/install/kioto/share/kioto/cmake/kiotoConfig.cmake
[0.089s] -- Up-to-date: /ws/install/kioto/share/kioto/cmake/kiotoConfig-version.cmake
[0.089s] -- Up-to-date: /ws/install/kioto/share/kioto/package.xml
[0.090s] Invoked command in '/ws/build/kioto' returned '0': CMAKE_PREFIX_PATH=/ws/install/kioto:/ws/install/rmf_demos_gz:/ws/install/rmf_demos:/ws/install/rmf_demos_maps:/ws/install/rmf_demos_assets:/ws/install/first_project:/rmf_demos_ws/install/rmf_workcell_msgs:/rmf_demos_ws/install/rmf_demos_gz:/rmf_demos_ws/install/rmf_demos:/rmf_demos_ws/install/rmf_reservation_node:/rmf_demos_ws/install/rmf_fleet_adapter_python:/rmf_demos_ws/install/rmf_fleet_adapter:/rmf_demos_ws/install/rmf_task_ros2:/rmf_demos_ws/install/rmf_websocket:/rmf_demos_ws/install/rmf_visualization:/rmf_demos_ws/install/rmf_visualization_schedule:/rmf_demos_ws/install/rmf_visualization_rviz2_plugins:/rmf_demos_ws/install/rmf_visualization_obstacles:/rmf_demos_ws/install/rmf_visualization_navgraphs:/rmf_demos_ws/install/rmf_visualization_floorplans:/rmf_demos_ws/install/rmf_visualization_fleet_states:/rmf_demos_ws/install/rmf_visualization_msgs:/rmf_demos_ws/install/rmf_traffic_ros2:/rmf_demos_ws/install/rmf_task_sequence:/rmf_demos_ws/install/rmf_task:/rmf_demos_ws/install/rmf_battery:/rmf_demos_ws/install/rmf_traffic:/rmf_demos_ws/install/rmf_utils:/rmf_demos_ws/install/rmf_traffic_msgs:/rmf_demos_ws/install/rmf_traffic_editor_test_maps:/rmf_demos_ws/install/rmf_traffic_editor_assets:/rmf_demos_ws/install/rmf_traffic_editor:/rmf_demos_ws/install/rmf_task_msgs:/rmf_demos_ws/install/rmf_site_map_msgs:/rmf_demos_ws/install/rmf_scheduler_msgs:/rmf_demos_ws/install/rmf_robot_sim_gz_plugins:/rmf_demos_ws/install/rmf_robot_sim_common:/rmf_demos_ws/install/rmf_reservation_msgs:/rmf_demos_ws/install/rmf_obstacle_msgs:/rmf_demos_ws/install/rmf_building_sim_gz_plugins:/rmf_demos_ws/install/rmf_lift_msgs:/rmf_demos_ws/install/rmf_ingestor_msgs:/rmf_demos_ws/install/rmf_fleet_msgs:/rmf_demos_ws/install/rmf_door_msgs:/rmf_demos_ws/install/rmf_dispenser_msgs:/rmf_demos_ws/install/rmf_demos_maps:/rmf_demos_ws/install/rmf_demos_assets:/rmf_demos_ws/install/rmf_charger_msgs:/rmf_demos_ws/install/rmf_building_map_msgs:/rmf_demos_ws/install/rmf_api_msgs:/rmf_demos_ws/install/nlohmann_json_schema_validator_vendor:/ws/install/rmf_demos_tasks:/ws/install/rmf_demos_fleet_adapter:/ws/install/rmf_demos_bridges:/ws/install/project_tasks:/ws/install/project_fleet_adapter:/rmf_demos_ws/install/rmf_demos_fleet_adapter:/rmf_demos_ws/install/rmf_visualization_building_systems:/rmf_demos_ws/install/rmf_traffic_examples:/rmf_demos_ws/install/rmf_demos_bridges:/rmf_demos_ws/install/rmf_demos_tasks:/rmf_demos_ws/install/rmf_building_map_tools:/rmf_demos_ws/install/rmf_charging_schedule:/opt/ros/jazzy:/rmf_demos_ws/install/menge_vendor:/rmf_demos_ws/install/ament_cmake_catch2:/opt/ros/jazzy/opt/gz_sim_vendor:/opt/ros/jazzy/opt/gz_sensors_vendor:/opt/ros/jazzy/opt/gz_physics_vendor:/opt/ros/jazzy/opt/sdformat_vendor:/opt/ros/jazzy/opt/gz_gui_vendor:/opt/ros/jazzy/opt/gz_transport_vendor:/opt/ros/jazzy/opt/gz_rendering_vendor:/opt/ros/jazzy/opt/gz_plugin_vendor:/opt/ros/jazzy/opt/gz_fuel_tools_vendor:/opt/ros/jazzy/opt/gz_msgs_vendor:/opt/ros/jazzy/opt/gz_common_vendor:/opt/ros/jazzy/opt/gz_math_vendor:/opt/ros/jazzy/opt/gz_utils_vendor:/opt/ros/jazzy/opt/gz_tools_vendor:/opt/ros/jazzy/opt/gz_ogre_next_vendor:/opt/ros/jazzy/opt/gz_dartsim_vendor:/opt/ros/jazzy/opt/gz_cmake_vendor /usr/bin/cmake --install /ws/build/kioto
