[0.033s] Invoking command in '/ws/src/build/rmf_demos_assets': CMAKE_PREFIX_PATH=/rmf_demos_ws/install/rmf_workcell_msgs:/rmf_demos_ws/install/rmf_demos_gz:/rmf_demos_ws/install/rmf_demos:/rmf_demos_ws/install/rmf_reservation_node:/rmf_demos_ws/install/rmf_fleet_adapter_python:/rmf_demos_ws/install/rmf_fleet_adapter:/rmf_demos_ws/install/rmf_task_ros2:/rmf_demos_ws/install/rmf_websocket:/rmf_demos_ws/install/rmf_visualization:/rmf_demos_ws/install/rmf_visualization_schedule:/rmf_demos_ws/install/rmf_visualization_rviz2_plugins:/rmf_demos_ws/install/rmf_visualization_obstacles:/rmf_demos_ws/install/rmf_visualization_navgraphs:/rmf_demos_ws/install/rmf_visualization_floorplans:/rmf_demos_ws/install/rmf_visualization_fleet_states:/rmf_demos_ws/install/rmf_visualization_msgs:/rmf_demos_ws/install/rmf_traffic_ros2:/rmf_demos_ws/install/rmf_task_sequence:/rmf_demos_ws/install/rmf_task:/rmf_demos_ws/install/rmf_battery:/rmf_demos_ws/install/rmf_traffic:/rmf_demos_ws/install/rmf_utils:/rmf_demos_ws/install/rmf_traffic_msgs:/rmf_demos_ws/install/rmf_traffic_editor_test_maps:/rmf_demos_ws/install/rmf_traffic_editor_assets:/rmf_demos_ws/install/rmf_traffic_editor:/rmf_demos_ws/install/rmf_task_msgs:/rmf_demos_ws/install/rmf_site_map_msgs:/rmf_demos_ws/install/rmf_scheduler_msgs:/rmf_demos_ws/install/rmf_robot_sim_gz_plugins:/rmf_demos_ws/install/rmf_robot_sim_common:/rmf_demos_ws/install/rmf_reservation_msgs:/rmf_demos_ws/install/rmf_obstacle_msgs:/rmf_demos_ws/install/rmf_building_sim_gz_plugins:/rmf_demos_ws/install/rmf_lift_msgs:/rmf_demos_ws/install/rmf_ingestor_msgs:/rmf_demos_ws/install/rmf_fleet_msgs:/rmf_demos_ws/install/rmf_door_msgs:/rmf_demos_ws/install/rmf_dispenser_msgs:/rmf_demos_ws/install/rmf_demos_maps:/rmf_demos_ws/install/rmf_demos_assets:/rmf_demos_ws/install/rmf_charger_msgs:/rmf_demos_ws/install/rmf_building_map_msgs:/rmf_demos_ws/install/rmf_api_msgs:/rmf_demos_ws/install/nlohmann_json_schema_validator_vendor:/rmf_demos_ws/install/rmf_demos_fleet_adapter:/rmf_demos_ws/install/rmf_visualization_building_systems:/rmf_demos_ws/install/rmf_traffic_examples:/rmf_demos_ws/install/rmf_demos_bridges:/rmf_demos_ws/install/rmf_demos_tasks:/rmf_demos_ws/install/rmf_building_map_tools:/rmf_demos_ws/install/rmf_charging_schedule:/opt/ros/jazzy:/rmf_demos_ws/install/menge_vendor:/rmf_demos_ws/install/ament_cmake_catch2:/opt/ros/jazzy/opt/gz_sim_vendor:/opt/ros/jazzy/opt/gz_sensors_vendor:/opt/ros/jazzy/opt/gz_physics_vendor:/opt/ros/jazzy/opt/sdformat_vendor:/opt/ros/jazzy/opt/gz_gui_vendor:/opt/ros/jazzy/opt/gz_transport_vendor:/opt/ros/jazzy/opt/gz_rendering_vendor:/opt/ros/jazzy/opt/gz_plugin_vendor:/opt/ros/jazzy/opt/gz_fuel_tools_vendor:/opt/ros/jazzy/opt/gz_msgs_vendor:/opt/ros/jazzy/opt/gz_common_vendor:/opt/ros/jazzy/opt/gz_math_vendor:/opt/ros/jazzy/opt/gz_utils_vendor:/opt/ros/jazzy/opt/gz_tools_vendor:/opt/ros/jazzy/opt/gz_ogre_next_vendor:/opt/ros/jazzy/opt/gz_dartsim_vendor:/opt/ros/jazzy/opt/gz_cmake_vendor /usr/bin/cmake /ws/src/rmf_demos/rmf_demos_assets -DCMAKE_INSTALL_PREFIX=/ws/src/install/rmf_demos_assets
[0.321s] -- The C compiler identification is GNU 13.3.0
[0.321s] -- The CXX compiler identification is GNU 13.3.0
[0.322s] -- Detecting C compiler ABI info
[0.322s] -- Detecting C compiler ABI info - done
[0.322s] -- Check for working C compiler: /usr/bin/cc - skipped
[0.322s] -- Detecting C compile features
[0.322s] -- Detecting C compile features - done
[0.322s] -- Detecting CXX compiler ABI info
[0.415s] -- Detecting CXX compiler ABI info - done
[0.420s] -- Check for working CXX compiler: /usr/bin/c++ - skipped
[0.421s] -- Detecting CXX compile features
[0.421s] -- Detecting CXX compile features - done
[0.429s] -- Found ament_cmake: 2.5.4 (/opt/ros/jazzy/share/ament_cmake/cmake)
[0.601s] -- Found Python3: /usr/bin/python3 (found version "3.12.3") found components: Interpreter 
[0.844s] -- Configuring done (0.8s)
[0.847s] -- Generating done (0.0s)
[0.848s] -- Build files have been written to: /ws/src/build/rmf_demos_assets
[0.854s] Invoked command in '/ws/src/build/rmf_demos_assets' returned '0': CMAKE_PREFIX_PATH=/rmf_demos_ws/install/rmf_workcell_msgs:/rmf_demos_ws/install/rmf_demos_gz:/rmf_demos_ws/install/rmf_demos:/rmf_demos_ws/install/rmf_reservation_node:/rmf_demos_ws/install/rmf_fleet_adapter_python:/rmf_demos_ws/install/rmf_fleet_adapter:/rmf_demos_ws/install/rmf_task_ros2:/rmf_demos_ws/install/rmf_websocket:/rmf_demos_ws/install/rmf_visualization:/rmf_demos_ws/install/rmf_visualization_schedule:/rmf_demos_ws/install/rmf_visualization_rviz2_plugins:/rmf_demos_ws/install/rmf_visualization_obstacles:/rmf_demos_ws/install/rmf_visualization_navgraphs:/rmf_demos_ws/install/rmf_visualization_floorplans:/rmf_demos_ws/install/rmf_visualization_fleet_states:/rmf_demos_ws/install/rmf_visualization_msgs:/rmf_demos_ws/install/rmf_traffic_ros2:/rmf_demos_ws/install/rmf_task_sequence:/rmf_demos_ws/install/rmf_task:/rmf_demos_ws/install/rmf_battery:/rmf_demos_ws/install/rmf_traffic:/rmf_demos_ws/install/rmf_utils:/rmf_demos_ws/install/rmf_traffic_msgs:/rmf_demos_ws/install/rmf_traffic_editor_test_maps:/rmf_demos_ws/install/rmf_traffic_editor_assets:/rmf_demos_ws/install/rmf_traffic_editor:/rmf_demos_ws/install/rmf_task_msgs:/rmf_demos_ws/install/rmf_site_map_msgs:/rmf_demos_ws/install/rmf_scheduler_msgs:/rmf_demos_ws/install/rmf_robot_sim_gz_plugins:/rmf_demos_ws/install/rmf_robot_sim_common:/rmf_demos_ws/install/rmf_reservation_msgs:/rmf_demos_ws/install/rmf_obstacle_msgs:/rmf_demos_ws/install/rmf_building_sim_gz_plugins:/rmf_demos_ws/install/rmf_lift_msgs:/rmf_demos_ws/install/rmf_ingestor_msgs:/rmf_demos_ws/install/rmf_fleet_msgs:/rmf_demos_ws/install/rmf_door_msgs:/rmf_demos_ws/install/rmf_dispenser_msgs:/rmf_demos_ws/install/rmf_demos_maps:/rmf_demos_ws/install/rmf_demos_assets:/rmf_demos_ws/install/rmf_charger_msgs:/rmf_demos_ws/install/rmf_building_map_msgs:/rmf_demos_ws/install/rmf_api_msgs:/rmf_demos_ws/install/nlohmann_json_schema_validator_vendor:/rmf_demos_ws/install/rmf_demos_fleet_adapter:/rmf_demos_ws/install/rmf_visualization_building_systems:/rmf_demos_ws/install/rmf_traffic_examples:/rmf_demos_ws/install/rmf_demos_bridges:/rmf_demos_ws/install/rmf_demos_tasks:/rmf_demos_ws/install/rmf_building_map_tools:/rmf_demos_ws/install/rmf_charging_schedule:/opt/ros/jazzy:/rmf_demos_ws/install/menge_vendor:/rmf_demos_ws/install/ament_cmake_catch2:/opt/ros/jazzy/opt/gz_sim_vendor:/opt/ros/jazzy/opt/gz_sensors_vendor:/opt/ros/jazzy/opt/gz_physics_vendor:/opt/ros/jazzy/opt/sdformat_vendor:/opt/ros/jazzy/opt/gz_gui_vendor:/opt/ros/jazzy/opt/gz_transport_vendor:/opt/ros/jazzy/opt/gz_rendering_vendor:/opt/ros/jazzy/opt/gz_plugin_vendor:/opt/ros/jazzy/opt/gz_fuel_tools_vendor:/opt/ros/jazzy/opt/gz_msgs_vendor:/opt/ros/jazzy/opt/gz_common_vendor:/opt/ros/jazzy/opt/gz_math_vendor:/opt/ros/jazzy/opt/gz_utils_vendor:/opt/ros/jazzy/opt/gz_tools_vendor:/opt/ros/jazzy/opt/gz_ogre_next_vendor:/opt/ros/jazzy/opt/gz_dartsim_vendor:/opt/ros/jazzy/opt/gz_cmake_vendor /usr/bin/cmake /ws/src/rmf_demos/rmf_demos_assets -DCMAKE_INSTALL_PREFIX=/ws/src/install/rmf_demos_assets
[0.855s] Invoking command in '/ws/src/build/rmf_demos_assets': CMAKE_PREFIX_PATH=/rmf_demos_ws/install/rmf_workcell_msgs:/rmf_demos_ws/install/rmf_demos_gz:/rmf_demos_ws/install/rmf_demos:/rmf_demos_ws/install/rmf_reservation_node:/rmf_demos_ws/install/rmf_fleet_adapter_python:/rmf_demos_ws/install/rmf_fleet_adapter:/rmf_demos_ws/install/rmf_task_ros2:/rmf_demos_ws/install/rmf_websocket:/rmf_demos_ws/install/rmf_visualization:/rmf_demos_ws/install/rmf_visualization_schedule:/rmf_demos_ws/install/rmf_visualization_rviz2_plugins:/rmf_demos_ws/install/rmf_visualization_obstacles:/rmf_demos_ws/install/rmf_visualization_navgraphs:/rmf_demos_ws/install/rmf_visualization_floorplans:/rmf_demos_ws/install/rmf_visualization_fleet_states:/rmf_demos_ws/install/rmf_visualization_msgs:/rmf_demos_ws/install/rmf_traffic_ros2:/rmf_demos_ws/install/rmf_task_sequence:/rmf_demos_ws/install/rmf_task:/rmf_demos_ws/install/rmf_battery:/rmf_demos_ws/install/rmf_traffic:/rmf_demos_ws/install/rmf_utils:/rmf_demos_ws/install/rmf_traffic_msgs:/rmf_demos_ws/install/rmf_traffic_editor_test_maps:/rmf_demos_ws/install/rmf_traffic_editor_assets:/rmf_demos_ws/install/rmf_traffic_editor:/rmf_demos_ws/install/rmf_task_msgs:/rmf_demos_ws/install/rmf_site_map_msgs:/rmf_demos_ws/install/rmf_scheduler_msgs:/rmf_demos_ws/install/rmf_robot_sim_gz_plugins:/rmf_demos_ws/install/rmf_robot_sim_common:/rmf_demos_ws/install/rmf_reservation_msgs:/rmf_demos_ws/install/rmf_obstacle_msgs:/rmf_demos_ws/install/rmf_building_sim_gz_plugins:/rmf_demos_ws/install/rmf_lift_msgs:/rmf_demos_ws/install/rmf_ingestor_msgs:/rmf_demos_ws/install/rmf_fleet_msgs:/rmf_demos_ws/install/rmf_door_msgs:/rmf_demos_ws/install/rmf_dispenser_msgs:/rmf_demos_ws/install/rmf_demos_maps:/rmf_demos_ws/install/rmf_demos_assets:/rmf_demos_ws/install/rmf_charger_msgs:/rmf_demos_ws/install/rmf_building_map_msgs:/rmf_demos_ws/install/rmf_api_msgs:/rmf_demos_ws/install/nlohmann_json_schema_validator_vendor:/rmf_demos_ws/install/rmf_demos_fleet_adapter:/rmf_demos_ws/install/rmf_visualization_building_systems:/rmf_demos_ws/install/rmf_traffic_examples:/rmf_demos_ws/install/rmf_demos_bridges:/rmf_demos_ws/install/rmf_demos_tasks:/rmf_demos_ws/install/rmf_building_map_tools:/rmf_demos_ws/install/rmf_charging_schedule:/opt/ros/jazzy:/rmf_demos_ws/install/menge_vendor:/rmf_demos_ws/install/ament_cmake_catch2:/opt/ros/jazzy/opt/gz_sim_vendor:/opt/ros/jazzy/opt/gz_sensors_vendor:/opt/ros/jazzy/opt/gz_physics_vendor:/opt/ros/jazzy/opt/sdformat_vendor:/opt/ros/jazzy/opt/gz_gui_vendor:/opt/ros/jazzy/opt/gz_transport_vendor:/opt/ros/jazzy/opt/gz_rendering_vendor:/opt/ros/jazzy/opt/gz_plugin_vendor:/opt/ros/jazzy/opt/gz_fuel_tools_vendor:/opt/ros/jazzy/opt/gz_msgs_vendor:/opt/ros/jazzy/opt/gz_common_vendor:/opt/ros/jazzy/opt/gz_math_vendor:/opt/ros/jazzy/opt/gz_utils_vendor:/opt/ros/jazzy/opt/gz_tools_vendor:/opt/ros/jazzy/opt/gz_ogre_next_vendor:/opt/ros/jazzy/opt/gz_dartsim_vendor:/opt/ros/jazzy/opt/gz_cmake_vendor /usr/bin/cmake --build /ws/src/build/rmf_demos_assets -- -j16 -l16
[0.916s] Invoked command in '/ws/src/build/rmf_demos_assets' returned '0': CMAKE_PREFIX_PATH=/rmf_demos_ws/install/rmf_workcell_msgs:/rmf_demos_ws/install/rmf_demos_gz:/rmf_demos_ws/install/rmf_demos:/rmf_demos_ws/install/rmf_reservation_node:/rmf_demos_ws/install/rmf_fleet_adapter_python:/rmf_demos_ws/install/rmf_fleet_adapter:/rmf_demos_ws/install/rmf_task_ros2:/rmf_demos_ws/install/rmf_websocket:/rmf_demos_ws/install/rmf_visualization:/rmf_demos_ws/install/rmf_visualization_schedule:/rmf_demos_ws/install/rmf_visualization_rviz2_plugins:/rmf_demos_ws/install/rmf_visualization_obstacles:/rmf_demos_ws/install/rmf_visualization_navgraphs:/rmf_demos_ws/install/rmf_visualization_floorplans:/rmf_demos_ws/install/rmf_visualization_fleet_states:/rmf_demos_ws/install/rmf_visualization_msgs:/rmf_demos_ws/install/rmf_traffic_ros2:/rmf_demos_ws/install/rmf_task_sequence:/rmf_demos_ws/install/rmf_task:/rmf_demos_ws/install/rmf_battery:/rmf_demos_ws/install/rmf_traffic:/rmf_demos_ws/install/rmf_utils:/rmf_demos_ws/install/rmf_traffic_msgs:/rmf_demos_ws/install/rmf_traffic_editor_test_maps:/rmf_demos_ws/install/rmf_traffic_editor_assets:/rmf_demos_ws/install/rmf_traffic_editor:/rmf_demos_ws/install/rmf_task_msgs:/rmf_demos_ws/install/rmf_site_map_msgs:/rmf_demos_ws/install/rmf_scheduler_msgs:/rmf_demos_ws/install/rmf_robot_sim_gz_plugins:/rmf_demos_ws/install/rmf_robot_sim_common:/rmf_demos_ws/install/rmf_reservation_msgs:/rmf_demos_ws/install/rmf_obstacle_msgs:/rmf_demos_ws/install/rmf_building_sim_gz_plugins:/rmf_demos_ws/install/rmf_lift_msgs:/rmf_demos_ws/install/rmf_ingestor_msgs:/rmf_demos_ws/install/rmf_fleet_msgs:/rmf_demos_ws/install/rmf_door_msgs:/rmf_demos_ws/install/rmf_dispenser_msgs:/rmf_demos_ws/install/rmf_demos_maps:/rmf_demos_ws/install/rmf_demos_assets:/rmf_demos_ws/install/rmf_charger_msgs:/rmf_demos_ws/install/rmf_building_map_msgs:/rmf_demos_ws/install/rmf_api_msgs:/rmf_demos_ws/install/nlohmann_json_schema_validator_vendor:/rmf_demos_ws/install/rmf_demos_fleet_adapter:/rmf_demos_ws/install/rmf_visualization_building_systems:/rmf_demos_ws/install/rmf_traffic_examples:/rmf_demos_ws/install/rmf_demos_bridges:/rmf_demos_ws/install/rmf_demos_tasks:/rmf_demos_ws/install/rmf_building_map_tools:/rmf_demos_ws/install/rmf_charging_schedule:/opt/ros/jazzy:/rmf_demos_ws/install/menge_vendor:/rmf_demos_ws/install/ament_cmake_catch2:/opt/ros/jazzy/opt/gz_sim_vendor:/opt/ros/jazzy/opt/gz_sensors_vendor:/opt/ros/jazzy/opt/gz_physics_vendor:/opt/ros/jazzy/opt/sdformat_vendor:/opt/ros/jazzy/opt/gz_gui_vendor:/opt/ros/jazzy/opt/gz_transport_vendor:/opt/ros/jazzy/opt/gz_rendering_vendor:/opt/ros/jazzy/opt/gz_plugin_vendor:/opt/ros/jazzy/opt/gz_fuel_tools_vendor:/opt/ros/jazzy/opt/gz_msgs_vendor:/opt/ros/jazzy/opt/gz_common_vendor:/opt/ros/jazzy/opt/gz_math_vendor:/opt/ros/jazzy/opt/gz_utils_vendor:/opt/ros/jazzy/opt/gz_tools_vendor:/opt/ros/jazzy/opt/gz_ogre_next_vendor:/opt/ros/jazzy/opt/gz_dartsim_vendor:/opt/ros/jazzy/opt/gz_cmake_vendor /usr/bin/cmake --build /ws/src/build/rmf_demos_assets -- -j16 -l16
[0.931s] Invoking command in '/ws/src/build/rmf_demos_assets': CMAKE_PREFIX_PATH=/rmf_demos_ws/install/rmf_workcell_msgs:/rmf_demos_ws/install/rmf_demos_gz:/rmf_demos_ws/install/rmf_demos:/rmf_demos_ws/install/rmf_reservation_node:/rmf_demos_ws/install/rmf_fleet_adapter_python:/rmf_demos_ws/install/rmf_fleet_adapter:/rmf_demos_ws/install/rmf_task_ros2:/rmf_demos_ws/install/rmf_websocket:/rmf_demos_ws/install/rmf_visualization:/rmf_demos_ws/install/rmf_visualization_schedule:/rmf_demos_ws/install/rmf_visualization_rviz2_plugins:/rmf_demos_ws/install/rmf_visualization_obstacles:/rmf_demos_ws/install/rmf_visualization_navgraphs:/rmf_demos_ws/install/rmf_visualization_floorplans:/rmf_demos_ws/install/rmf_visualization_fleet_states:/rmf_demos_ws/install/rmf_visualization_msgs:/rmf_demos_ws/install/rmf_traffic_ros2:/rmf_demos_ws/install/rmf_task_sequence:/rmf_demos_ws/install/rmf_task:/rmf_demos_ws/install/rmf_battery:/rmf_demos_ws/install/rmf_traffic:/rmf_demos_ws/install/rmf_utils:/rmf_demos_ws/install/rmf_traffic_msgs:/rmf_demos_ws/install/rmf_traffic_editor_test_maps:/rmf_demos_ws/install/rmf_traffic_editor_assets:/rmf_demos_ws/install/rmf_traffic_editor:/rmf_demos_ws/install/rmf_task_msgs:/rmf_demos_ws/install/rmf_site_map_msgs:/rmf_demos_ws/install/rmf_scheduler_msgs:/rmf_demos_ws/install/rmf_robot_sim_gz_plugins:/rmf_demos_ws/install/rmf_robot_sim_common:/rmf_demos_ws/install/rmf_reservation_msgs:/rmf_demos_ws/install/rmf_obstacle_msgs:/rmf_demos_ws/install/rmf_building_sim_gz_plugins:/rmf_demos_ws/install/rmf_lift_msgs:/rmf_demos_ws/install/rmf_ingestor_msgs:/rmf_demos_ws/install/rmf_fleet_msgs:/rmf_demos_ws/install/rmf_door_msgs:/rmf_demos_ws/install/rmf_dispenser_msgs:/rmf_demos_ws/install/rmf_demos_maps:/rmf_demos_ws/install/rmf_demos_assets:/rmf_demos_ws/install/rmf_charger_msgs:/rmf_demos_ws/install/rmf_building_map_msgs:/rmf_demos_ws/install/rmf_api_msgs:/rmf_demos_ws/install/nlohmann_json_schema_validator_vendor:/rmf_demos_ws/install/rmf_demos_fleet_adapter:/rmf_demos_ws/install/rmf_visualization_building_systems:/rmf_demos_ws/install/rmf_traffic_examples:/rmf_demos_ws/install/rmf_demos_bridges:/rmf_demos_ws/install/rmf_demos_tasks:/rmf_demos_ws/install/rmf_building_map_tools:/rmf_demos_ws/install/rmf_charging_schedule:/opt/ros/jazzy:/rmf_demos_ws/install/menge_vendor:/rmf_demos_ws/install/ament_cmake_catch2:/opt/ros/jazzy/opt/gz_sim_vendor:/opt/ros/jazzy/opt/gz_sensors_vendor:/opt/ros/jazzy/opt/gz_physics_vendor:/opt/ros/jazzy/opt/sdformat_vendor:/opt/ros/jazzy/opt/gz_gui_vendor:/opt/ros/jazzy/opt/gz_transport_vendor:/opt/ros/jazzy/opt/gz_rendering_vendor:/opt/ros/jazzy/opt/gz_plugin_vendor:/opt/ros/jazzy/opt/gz_fuel_tools_vendor:/opt/ros/jazzy/opt/gz_msgs_vendor:/opt/ros/jazzy/opt/gz_common_vendor:/opt/ros/jazzy/opt/gz_math_vendor:/opt/ros/jazzy/opt/gz_utils_vendor:/opt/ros/jazzy/opt/gz_tools_vendor:/opt/ros/jazzy/opt/gz_ogre_next_vendor:/opt/ros/jazzy/opt/gz_dartsim_vendor:/opt/ros/jazzy/opt/gz_cmake_vendor /usr/bin/cmake --install /ws/src/build/rmf_demos_assets
[0.944s] -- Install configuration: ""
[0.944s] -- Installing: /ws/src/install/rmf_demos_assets/share/rmf_demos_assets/environment/rmf_demos_assets.dsv
[0.944s] -- Installing: /ws/src/install/rmf_demos_assets/share/rmf_demos_assets/models
[0.944s] -- Installing: /ws/src/install/rmf_demos_assets/share/rmf_demos_assets/models/HospitalRobot
[0.944s] -- Installing: /ws/src/install/rmf_demos_assets/share/rmf_demos_assets/models/HospitalRobot/thumbnails
[0.944s] -- Installing: /ws/src/install/rmf_demos_assets/share/rmf_demos_assets/models/HospitalRobot/thumbnails/1.png
[0.944s] -- Installing: /ws/src/install/rmf_demos_assets/share/rmf_demos_assets/models/HospitalRobot/thumbnails/4.png
[0.944s] -- Installing: /ws/src/install/rmf_demos_assets/share/rmf_demos_assets/models/HospitalRobot/thumbnails/3.png
[0.944s] -- Installing: /ws/src/install/rmf_demos_assets/share/rmf_demos_assets/models/HospitalRobot/thumbnails/5.png
[0.944s] -- Installing: /ws/src/install/rmf_demos_assets/share/rmf_demos_assets/models/HospitalRobot/thumbnails/2.png
[0.945s] -- Installing: /ws/src/install/rmf_demos_assets/share/rmf_demos_assets/models/HospitalRobot/meshes
[0.945s] -- Installing: /ws/src/install/rmf_demos_assets/share/rmf_demos_assets/models/HospitalRobot/meshes/FatWheel.obj
[0.945s] -- Installing: /ws/src/install/rmf_demos_assets/share/rmf_demos_assets/models/HospitalRobot/meshes/SmallWheel.mtl
[0.945s] -- Installing: /ws/src/install/rmf_demos_assets/share/rmf_demos_assets/models/HospitalRobot/meshes/FatWheel.mtl
[0.945s] -- Installing: /ws/src/install/rmf_demos_assets/share/rmf_demos_assets/models/HospitalRobot/meshes/HospitalRobot_Diffuse.png
[0.945s] -- Installing: /ws/src/install/rmf_demos_assets/share/rmf_demos_assets/models/HospitalRobot/meshes/HospitalRobot.mtl
[0.945s] -- Installing: /ws/src/install/rmf_demos_assets/share/rmf_demos_assets/models/HospitalRobot/meshes/HospitalRobot.obj
[0.946s] -- Installing: /ws/src/install/rmf_demos_assets/share/rmf_demos_assets/models/HospitalRobot/meshes/SmallWheel.obj
[0.946s] -- Installing: /ws/src/install/rmf_demos_assets/share/rmf_demos_assets/models/HospitalRobot/model.sdf
[0.946s] -- Installing: /ws/src/install/rmf_demos_assets/share/rmf_demos_assets/models/HospitalRobot/model.config
[0.946s] -- Installing: /ws/src/install/rmf_demos_assets/share/rmf_demos_assets/models/TeleportDispenser
[0.946s] -- Installing: /ws/src/install/rmf_demos_assets/share/rmf_demos_assets/models/TeleportDispenser/model.sdf
[0.946s] -- Installing: /ws/src/install/rmf_demos_assets/share/rmf_demos_assets/models/TeleportDispenser/model.config
[0.946s] -- Installing: /ws/src/install/rmf_demos_assets/share/rmf_demos_assets/models/CleanerBotE
[0.946s] -- Installing: /ws/src/install/rmf_demos_assets/share/rmf_demos_assets/models/CleanerBotE/meshes
[0.946s] -- Installing: /ws/src/install/rmf_demos_assets/share/rmf_demos_assets/models/CleanerBotE/meshes/CleanerBotE_Col.mtl
[0.946s] -- Installing: /ws/src/install/rmf_demos_assets/share/rmf_demos_assets/models/CleanerBotE/meshes/CleanerBotE_Wheel.mtl
[0.946s] -- Installing: /ws/src/install/rmf_demos_assets/share/rmf_demos_assets/models/CleanerBotE/meshes/CleanerBotE_Diffuse.png
[0.947s] -- Installing: /ws/src/install/rmf_demos_assets/share/rmf_demos_assets/models/CleanerBotE/meshes/CleanerBotE_Wheel.obj
[0.947s] -- Installing: /ws/src/install/rmf_demos_assets/share/rmf_demos_assets/models/CleanerBotE/meshes/CleanerBotE.obj
[0.948s] -- Installing: /ws/src/install/rmf_demos_assets/share/rmf_demos_assets/models/CleanerBotE/meshes/CleanerBotE_Col.obj
[0.948s] -- Installing: /ws/src/install/rmf_demos_assets/share/rmf_demos_assets/models/CleanerBotE/meshes/CleanerBotE.mtl
[0.948s] -- Installing: /ws/src/install/rmf_demos_assets/share/rmf_demos_assets/models/CleanerBotE/model.sdf
[0.948s] -- Installing: /ws/src/install/rmf_demos_assets/share/rmf_demos_assets/models/CleanerBotE/model.config
[0.948s] -- Installing: /ws/src/install/rmf_demos_assets/share/rmf_demos_assets/models/TinyRobot
[0.948s] -- Installing: /ws/src/install/rmf_demos_assets/share/rmf_demos_assets/models/TinyRobot/meshes
[0.948s] -- Installing: /ws/src/install/rmf_demos_assets/share/rmf_demos_assets/models/TinyRobot/meshes/tinyRobot_body.dae
[0.948s] -- Installing: /ws/src/install/rmf_demos_assets/share/rmf_demos_assets/models/TinyRobot/meshes/sensors
[0.948s] -- Installing: /ws/src/install/rmf_demos_assets/share/rmf_demos_assets/models/TinyRobot/meshes/sensors/sonar_hc-sr04.dae
[0.949s] -- Installing: /ws/src/install/rmf_demos_assets/share/rmf_demos_assets/models/TinyRobot/meshes/sensors/raspi_camera.dae
[0.949s] -- Installing: /ws/src/install/rmf_demos_assets/share/rmf_demos_assets/models/TinyRobot/meshes/front_wheel.dae
[0.949s] -- Installing: /ws/src/install/rmf_demos_assets/share/rmf_demos_assets/models/TinyRobot/meshes/caster_wheel.dae
[0.950s] -- Installing: /ws/src/install/rmf_demos_assets/share/rmf_demos_assets/models/TinyRobot/model.sdf
[0.950s] -- Installing: /ws/src/install/rmf_demos_assets/share/rmf_demos_assets/models/TinyRobot/model.config
[0.950s] -- Installing: /ws/src/install/rmf_demos_assets/share/rmf_demos_assets/models/RobotPlaceholder
[0.950s] -- Installing: /ws/src/install/rmf_demos_assets/share/rmf_demos_assets/models/RobotPlaceholder/model.sdf
[0.950s] -- Installing: /ws/src/install/rmf_demos_assets/share/rmf_demos_assets/models/RobotPlaceholder/model.config
[0.950s] -- Installing: /ws/src/install/rmf_demos_assets/share/rmf_demos_assets/models/DeliveryRobot
[0.950s] -- Installing: /ws/src/install/rmf_demos_assets/share/rmf_demos_assets/models/DeliveryRobot/meshes
[0.950s] -- Installing: /ws/src/install/rmf_demos_assets/share/rmf_demos_assets/models/DeliveryRobot/meshes/WheelSide.obj
[0.950s] -- Installing: /ws/src/install/rmf_demos_assets/share/rmf_demos_assets/models/DeliveryRobot/meshes/WheelMain.mtl
[0.950s] -- Installing: /ws/src/install/rmf_demos_assets/share/rmf_demos_assets/models/DeliveryRobot/meshes/WheelMain.obj
[0.951s] -- Installing: /ws/src/install/rmf_demos_assets/share/rmf_demos_assets/models/DeliveryRobot/meshes/DeliveryRobot_Diffuse.png
[0.951s] -- Installing: /ws/src/install/rmf_demos_assets/share/rmf_demos_assets/models/DeliveryRobot/meshes/body.mtl
[0.952s] -- Installing: /ws/src/install/rmf_demos_assets/share/rmf_demos_assets/models/DeliveryRobot/meshes/body.obj
[0.952s] -- Installing: /ws/src/install/rmf_demos_assets/share/rmf_demos_assets/models/DeliveryRobot/meshes/WheelSide.mtl
[0.952s] -- Installing: /ws/src/install/rmf_demos_assets/share/rmf_demos_assets/models/DeliveryRobot/model.sdf
[0.952s] -- Installing: /ws/src/install/rmf_demos_assets/share/rmf_demos_assets/models/DeliveryRobot/model.config
[0.952s] -- Installing: /ws/src/install/rmf_demos_assets/share/rmf_demos_assets/models/Caddy
[0.952s] -- Installing: /ws/src/install/rmf_demos_assets/share/rmf_demos_assets/models/Caddy/meshes
[0.952s] -- Installing: /ws/src/install/rmf_demos_assets/share/rmf_demos_assets/models/Caddy/meshes/polaris.dae
[0.953s] -- Installing: /ws/src/install/rmf_demos_assets/share/rmf_demos_assets/models/Caddy/model-1_4.sdf
[0.953s] -- Installing: /ws/src/install/rmf_demos_assets/share/rmf_demos_assets/models/Caddy/model-1_3.sdf
[0.953s] -- Installing: /ws/src/install/rmf_demos_assets/share/rmf_demos_assets/models/Caddy/materials
[0.953s] -- Installing: /ws/src/install/rmf_demos_assets/share/rmf_demos_assets/models/Caddy/materials/scripts
[0.954s] -- Installing: /ws/src/install/rmf_demos_assets/share/rmf_demos_assets/models/Caddy/materials/scripts/polaris.material
[0.954s] -- Installing: /ws/src/install/rmf_demos_assets/share/rmf_demos_assets/models/Caddy/materials/textures
[0.954s] -- Installing: /ws/src/install/rmf_demos_assets/share/rmf_demos_assets/models/Caddy/materials/textures/Ranger_Spec.png
[0.955s] -- Installing: /ws/src/install/rmf_demos_assets/share/rmf_demos_assets/models/Caddy/materials/textures/FNR_switch_R.png
[0.955s] -- Installing: /ws/src/install/rmf_demos_assets/share/rmf_demos_assets/models/Caddy/materials/textures/FNR_switch_F.png
[0.955s] -- Installing: /ws/src/install/rmf_demos_assets/share/rmf_demos_assets/models/Caddy/materials/textures/Ranger_Diffuse.png
[0.957s] -- Installing: /ws/src/install/rmf_demos_assets/share/rmf_demos_assets/models/Caddy/model.sdf
[0.957s] -- Installing: /ws/src/install/rmf_demos_assets/share/rmf_demos_assets/models/Caddy/model.config
[0.957s] -- Installing: /ws/src/install/rmf_demos_assets/share/rmf_demos_assets/models/CleanerBotA
[0.957s] -- Installing: /ws/src/install/rmf_demos_assets/share/rmf_demos_assets/models/CleanerBotA/meshes
[0.957s] -- Installing: /ws/src/install/rmf_demos_assets/share/rmf_demos_assets/models/CleanerBotA/meshes/CleanerBotA_WheelBack.obj
[0.958s] -- Installing: /ws/src/install/rmf_demos_assets/share/rmf_demos_assets/models/CleanerBotA/meshes/CleanerBotA_Diffuse.png
[0.958s] -- Installing: /ws/src/install/rmf_demos_assets/share/rmf_demos_assets/models/CleanerBotA/meshes/CleanerBotA_WheelFront.mtl
[0.958s] -- Installing: /ws/src/install/rmf_demos_assets/share/rmf_demos_assets/models/CleanerBotA/meshes/CleanerBotA.obj
[0.959s] -- Installing: /ws/src/install/rmf_demos_assets/share/rmf_demos_assets/models/CleanerBotA/meshes/CleanerBotA_WheelFront.obj
[0.959s] -- Installing: /ws/src/install/rmf_demos_assets/share/rmf_demos_assets/models/CleanerBotA/meshes/CleanerBotA.mtl
[0.959s] -- Installing: /ws/src/install/rmf_demos_assets/share/rmf_demos_assets/models/CleanerBotA/meshes/CleanerBotA_WheelBack.mtl
[0.959s] -- Installing: /ws/src/install/rmf_demos_assets/share/rmf_demos_assets/models/CleanerBotA/model.sdf
[0.959s] -- Installing: /ws/src/install/rmf_demos_assets/share/rmf_demos_assets/models/CleanerBotA/model.config
[0.959s] -- Installing: /ws/src/install/rmf_demos_assets/share/rmf_demos_assets/models/TeleportIngestor
[0.959s] -- Installing: /ws/src/install/rmf_demos_assets/share/rmf_demos_assets/models/TeleportIngestor/model.sdf
[0.959s] -- Installing: /ws/src/install/rmf_demos_assets/share/rmf_demos_assets/models/TeleportIngestor/model.config
[0.959s] -- Installing: /ws/src/install/rmf_demos_assets/share/ament_index/resource_index/package_run_dependencies/rmf_demos_assets
[0.960s] -- Installing: /ws/src/install/rmf_demos_assets/share/ament_index/resource_index/parent_prefix_path/rmf_demos_assets
[0.960s] -- Installing: /ws/src/install/rmf_demos_assets/share/rmf_demos_assets/environment/ament_prefix_path.sh
[0.960s] -- Installing: /ws/src/install/rmf_demos_assets/share/rmf_demos_assets/environment/ament_prefix_path.dsv
[0.960s] -- Installing: /ws/src/install/rmf_demos_assets/share/rmf_demos_assets/environment/path.sh
[0.960s] -- Installing: /ws/src/install/rmf_demos_assets/share/rmf_demos_assets/environment/path.dsv
[0.960s] -- Installing: /ws/src/install/rmf_demos_assets/share/rmf_demos_assets/local_setup.bash
[0.960s] -- Installing: /ws/src/install/rmf_demos_assets/share/rmf_demos_assets/local_setup.sh
[0.961s] -- Installing: /ws/src/install/rmf_demos_assets/share/rmf_demos_assets/local_setup.zsh
[0.961s] -- Installing: /ws/src/install/rmf_demos_assets/share/rmf_demos_assets/local_setup.dsv
[0.961s] -- Installing: /ws/src/install/rmf_demos_assets/share/rmf_demos_assets/package.dsv
[0.961s] -- Installing: /ws/src/install/rmf_demos_assets/share/ament_index/resource_index/packages/rmf_demos_assets
[0.961s] -- Installing: /ws/src/install/rmf_demos_assets/share/rmf_demos_assets/cmake/rmf_demos_assetsConfig.cmake
[0.961s] -- Installing: /ws/src/install/rmf_demos_assets/share/rmf_demos_assets/cmake/rmf_demos_assetsConfig-version.cmake
[0.961s] -- Installing: /ws/src/install/rmf_demos_assets/share/rmf_demos_assets/package.xml
[0.964s] Invoked command in '/ws/src/build/rmf_demos_assets' returned '0': CMAKE_PREFIX_PATH=/rmf_demos_ws/install/rmf_workcell_msgs:/rmf_demos_ws/install/rmf_demos_gz:/rmf_demos_ws/install/rmf_demos:/rmf_demos_ws/install/rmf_reservation_node:/rmf_demos_ws/install/rmf_fleet_adapter_python:/rmf_demos_ws/install/rmf_fleet_adapter:/rmf_demos_ws/install/rmf_task_ros2:/rmf_demos_ws/install/rmf_websocket:/rmf_demos_ws/install/rmf_visualization:/rmf_demos_ws/install/rmf_visualization_schedule:/rmf_demos_ws/install/rmf_visualization_rviz2_plugins:/rmf_demos_ws/install/rmf_visualization_obstacles:/rmf_demos_ws/install/rmf_visualization_navgraphs:/rmf_demos_ws/install/rmf_visualization_floorplans:/rmf_demos_ws/install/rmf_visualization_fleet_states:/rmf_demos_ws/install/rmf_visualization_msgs:/rmf_demos_ws/install/rmf_traffic_ros2:/rmf_demos_ws/install/rmf_task_sequence:/rmf_demos_ws/install/rmf_task:/rmf_demos_ws/install/rmf_battery:/rmf_demos_ws/install/rmf_traffic:/rmf_demos_ws/install/rmf_utils:/rmf_demos_ws/install/rmf_traffic_msgs:/rmf_demos_ws/install/rmf_traffic_editor_test_maps:/rmf_demos_ws/install/rmf_traffic_editor_assets:/rmf_demos_ws/install/rmf_traffic_editor:/rmf_demos_ws/install/rmf_task_msgs:/rmf_demos_ws/install/rmf_site_map_msgs:/rmf_demos_ws/install/rmf_scheduler_msgs:/rmf_demos_ws/install/rmf_robot_sim_gz_plugins:/rmf_demos_ws/install/rmf_robot_sim_common:/rmf_demos_ws/install/rmf_reservation_msgs:/rmf_demos_ws/install/rmf_obstacle_msgs:/rmf_demos_ws/install/rmf_building_sim_gz_plugins:/rmf_demos_ws/install/rmf_lift_msgs:/rmf_demos_ws/install/rmf_ingestor_msgs:/rmf_demos_ws/install/rmf_fleet_msgs:/rmf_demos_ws/install/rmf_door_msgs:/rmf_demos_ws/install/rmf_dispenser_msgs:/rmf_demos_ws/install/rmf_demos_maps:/rmf_demos_ws/install/rmf_demos_assets:/rmf_demos_ws/install/rmf_charger_msgs:/rmf_demos_ws/install/rmf_building_map_msgs:/rmf_demos_ws/install/rmf_api_msgs:/rmf_demos_ws/install/nlohmann_json_schema_validator_vendor:/rmf_demos_ws/install/rmf_demos_fleet_adapter:/rmf_demos_ws/install/rmf_visualization_building_systems:/rmf_demos_ws/install/rmf_traffic_examples:/rmf_demos_ws/install/rmf_demos_bridges:/rmf_demos_ws/install/rmf_demos_tasks:/rmf_demos_ws/install/rmf_building_map_tools:/rmf_demos_ws/install/rmf_charging_schedule:/opt/ros/jazzy:/rmf_demos_ws/install/menge_vendor:/rmf_demos_ws/install/ament_cmake_catch2:/opt/ros/jazzy/opt/gz_sim_vendor:/opt/ros/jazzy/opt/gz_sensors_vendor:/opt/ros/jazzy/opt/gz_physics_vendor:/opt/ros/jazzy/opt/sdformat_vendor:/opt/ros/jazzy/opt/gz_gui_vendor:/opt/ros/jazzy/opt/gz_transport_vendor:/opt/ros/jazzy/opt/gz_rendering_vendor:/opt/ros/jazzy/opt/gz_plugin_vendor:/opt/ros/jazzy/opt/gz_fuel_tools_vendor:/opt/ros/jazzy/opt/gz_msgs_vendor:/opt/ros/jazzy/opt/gz_common_vendor:/opt/ros/jazzy/opt/gz_math_vendor:/opt/ros/jazzy/opt/gz_utils_vendor:/opt/ros/jazzy/opt/gz_tools_vendor:/opt/ros/jazzy/opt/gz_ogre_next_vendor:/opt/ros/jazzy/opt/gz_dartsim_vendor:/opt/ros/jazzy/opt/gz_cmake_vendor /usr/bin/cmake --install /ws/src/build/rmf_demos_assets
