[0.015s] Invoking command in '/ws/build/first_project': CMAKE_PREFIX_PATH=/rmf_demos_ws/install/rmf_workcell_msgs:/rmf_demos_ws/install/rmf_demos_gz:/rmf_demos_ws/install/rmf_demos:/rmf_demos_ws/install/rmf_reservation_node:/rmf_demos_ws/install/rmf_fleet_adapter_python:/rmf_demos_ws/install/rmf_fleet_adapter:/rmf_demos_ws/install/rmf_task_ros2:/rmf_demos_ws/install/rmf_websocket:/rmf_demos_ws/install/rmf_visualization:/rmf_demos_ws/install/rmf_visualization_schedule:/rmf_demos_ws/install/rmf_visualization_rviz2_plugins:/rmf_demos_ws/install/rmf_visualization_obstacles:/rmf_demos_ws/install/rmf_visualization_navgraphs:/rmf_demos_ws/install/rmf_visualization_floorplans:/rmf_demos_ws/install/rmf_visualization_fleet_states:/rmf_demos_ws/install/rmf_visualization_msgs:/rmf_demos_ws/install/rmf_traffic_ros2:/rmf_demos_ws/install/rmf_task_sequence:/rmf_demos_ws/install/rmf_task:/rmf_demos_ws/install/rmf_battery:/rmf_demos_ws/install/rmf_traffic:/rmf_demos_ws/install/rmf_utils:/rmf_demos_ws/install/rmf_traffic_msgs:/rmf_demos_ws/install/rmf_traffic_editor_test_maps:/rmf_demos_ws/install/rmf_traffic_editor_assets:/rmf_demos_ws/install/rmf_traffic_editor:/rmf_demos_ws/install/rmf_task_msgs:/rmf_demos_ws/install/rmf_site_map_msgs:/rmf_demos_ws/install/rmf_scheduler_msgs:/rmf_demos_ws/install/rmf_robot_sim_gz_plugins:/rmf_demos_ws/install/rmf_robot_sim_common:/rmf_demos_ws/install/rmf_reservation_msgs:/rmf_demos_ws/install/rmf_obstacle_msgs:/rmf_demos_ws/install/rmf_building_sim_gz_plugins:/rmf_demos_ws/install/rmf_lift_msgs:/rmf_demos_ws/install/rmf_ingestor_msgs:/rmf_demos_ws/install/rmf_fleet_msgs:/rmf_demos_ws/install/rmf_door_msgs:/rmf_demos_ws/install/rmf_dispenser_msgs:/rmf_demos_ws/install/rmf_demos_maps:/rmf_demos_ws/install/rmf_demos_assets:/rmf_demos_ws/install/rmf_charger_msgs:/rmf_demos_ws/install/rmf_building_map_msgs:/rmf_demos_ws/install/rmf_api_msgs:/rmf_demos_ws/install/nlohmann_json_schema_validator_vendor:/rmf_demos_ws/install/rmf_demos_fleet_adapter:/rmf_demos_ws/install/rmf_visualization_building_systems:/rmf_demos_ws/install/rmf_traffic_examples:/rmf_demos_ws/install/rmf_demos_bridges:/rmf_demos_ws/install/rmf_demos_tasks:/rmf_demos_ws/install/rmf_building_map_tools:/rmf_demos_ws/install/rmf_charging_schedule:/opt/ros/jazzy:/rmf_demos_ws/install/menge_vendor:/rmf_demos_ws/install/ament_cmake_catch2:/opt/ros/jazzy/opt/gz_sim_vendor:/opt/ros/jazzy/opt/gz_sensors_vendor:/opt/ros/jazzy/opt/gz_physics_vendor:/opt/ros/jazzy/opt/sdformat_vendor:/opt/ros/jazzy/opt/gz_gui_vendor:/opt/ros/jazzy/opt/gz_transport_vendor:/opt/ros/jazzy/opt/gz_rendering_vendor:/opt/ros/jazzy/opt/gz_plugin_vendor:/opt/ros/jazzy/opt/gz_fuel_tools_vendor:/opt/ros/jazzy/opt/gz_msgs_vendor:/opt/ros/jazzy/opt/gz_common_vendor:/opt/ros/jazzy/opt/gz_math_vendor:/opt/ros/jazzy/opt/gz_utils_vendor:/opt/ros/jazzy/opt/gz_tools_vendor:/opt/ros/jazzy/opt/gz_ogre_next_vendor:/opt/ros/jazzy/opt/gz_dartsim_vendor:/opt/ros/jazzy/opt/gz_cmake_vendor /usr/bin/cmake --build /ws/build/first_project -- -j16 -l16
[0.273s] Load success!
[0.273s] 
[0.273s] Cache found! Model count: 3233 
[0.273s] Updating cache...
[0.273s] Topping up Fuel (updating cache) from: https://fuel.gazebosim.org/1.0/models
[0.273s] Fetching page: 1
[2.136s] Cached model found! Halting Fuel traversal...
[2.136s] Writing to cache: /root/.pit_crew/model_cache.json
[2.174s] New models cached: 5
[2.174s] 
[2.213s] [  0%] Built target update_model_cache
[2.242s] [100%] [34m[1mGenerating maps/first_ign/first.world[0m
[2.529s] generating /ws/build/first_project/maps/first_ign/first.world from /ws/src/first_project/maps/first/first.building.yaml
[2.530s] building name: first
[2.530s] coordinate system: reference_image
[2.530s] parsing level L1
[2.531s] parsing level L2
[2.531s] calculating levels relative to L1
[2.531s] level L1 scale: 0.06666666666666667
[2.531s] calculating level L2 offset and scale...
[2.531s]   3 common fiducials:
[2.531s] Transform.set_from_fiducials()
[2.531s]   3 fiducial pairs:
[2.531s]     (149.99, -99.894) -> (149.85, -99.769)   ESQ_DERE
[2.531s]     (150.2, -0.301) -> (150.4, -0.394)   arr
[2.531s]     (0.339, -100.2) -> (0.455, -99.866)   ESQ_IZQ
[2.531s]     calc dist ESQ_DERE <=> arr
[2.531s]     calc dist ESQ_DERE <=> ESQ_IZQ
[2.531s]     calc dist arr <=> ESQ_IZQ
[2.532s] Bearings:
[2.532s] [(1.5687479929291204, 1.5652517295259145), (-3.1395145158157485, -3.1409433595374026), (-2.5535931299077586, -2.5558589340239517)]
[2.532s]   -0.003496263403205857
[2.532s]   -0.0014288437216540828
[2.532s]   -0.0022658041161931486
[2.532s]   Circular mean: 0.002396970390418628
[2.532s] Distances:
[2.532s] [(99.59320893012736, 99.37652754046098), (149.65332315054016, 149.39303149076264), (180.10532936312572, 179.93855039985178)]
[2.532s] mean relative scale: 0.9983863434017088
[2.532s] translation: (-0.025342, -0.017116)
[2.532s] parsing lift lift1
[2.532s] generating model of level L1 in /ws/build/first_project/maps/first_ign/models/first_L1
[2.532s]   wrote /ws/build/first_project/maps/first_ign/models/first_L1/model.config
[2.532s] generating floor polygon 1 on floor first_L1
[2.532s] hole vertices: []
[2.532s] lift vertices: {'lift1': [(5.083333333333333, -1.0166666666666666), (5.083333333333333, -5.116666666666666), (9.183333333333334, -5.116666666666666), (9.183333333333334, -1.0166666666666666)]}
[2.534s] [[0, 1, 4], [0, 4, 5], [0, 5, 3], [3, 5, 6], [3, 6, 7], [3, 7, 2], [2, 7, 4], [2, 4, 1]]
[2.534s]   wrote /ws/build/first_project/maps/first_ign/models/first_L1/meshes/floor_1.obj
[2.534s]   wrote /ws/build/first_project/maps/first_ign/models/first_L1/meshes/blue_linoleum.png
[2.534s]   wrote /ws/build/first_project/maps/first_ign/models/first_L1/meshes/floor_1.mtl
[2.535s] Walls Generation, wall params list: [{'alpha': <building_map.param_value.ParamValue object at 0x75751847fbc0>, 'texture_height': <building_map.param_value.ParamValue object at 0x75751847fbf0>, 'texture_name': <building_map.param_value.ParamValue object at 0x75751847fc20>, 'texture_scale': <building_map.param_value.ParamValue object at 0x75751847fc50>, 'texture_width': <building_map.param_value.ParamValue object at 0x75751847fc80>}, {'alpha': <building_map.param_value.ParamValue object at 0x75751847fcb0>, 'texture_height': <building_map.param_value.ParamValue object at 0x75751847fce0>, 'texture_name': <building_map.param_value.ParamValue object at 0x75751847fd40>, 'texture_scale': <building_map.param_value.ParamValue object at 0x75751847fd70>, 'texture_width': <building_map.param_value.ParamValue object at 0x75751847fda0>}]
[2.535s] generating wall: 1 on floor: first_L1
[2.535s]   wrote /ws/build/first_project/maps/first_ign/models/first_L1/meshes/default.png
[2.535s] generate_wall_visual_mesh(first_L1, /ws/build/first_project/maps/first_ign/models/first_L1)
[2.535s]   generating /ws/build/first_project/maps/first_ign/models/first_L1/meshes/wall_1.obj
[2.535s]   generating /ws/build/first_project/maps/first_ign/models/first_L1/meshes/wall_1.mtl
[2.535s] generating wall: 2 on floor: first_L1
[2.536s]   wrote /ws/build/first_project/maps/first_ign/models/first_L1/meshes/default.png
[2.536s] generate_wall_visual_mesh(first_L1, /ws/build/first_project/maps/first_ign/models/first_L1)
[2.536s]   generating /ws/build/first_project/maps/first_ign/models/first_L1/meshes/wall_2.obj
[2.536s]   generating /ws/build/first_project/maps/first_ign/models/first_L1/meshes/wall_2.mtl
[2.536s]   wrote /ws/build/first_project/maps/first_ign/models/first_L1/model.sdf
[2.536s] generating model of level L2 in /ws/build/first_project/maps/first_ign/models/first_L2
[2.536s]   wrote /ws/build/first_project/maps/first_ign/models/first_L2/model.config
[2.536s] generating floor polygon 1 on floor first_L2
[2.536s] hole vertices: []
[2.536s] lift vertices: {'lift1': [(5.083333333333333, -1.0166666666666666), (5.083333333333333, -5.116666666666666), (9.183333333333334, -5.116666666666666), (9.183333333333334, -1.0166666666666666)]}
[2.539s] [[0, 1, 4], [0, 4, 5], [0, 5, 3], [3, 5, 6], [3, 6, 7], [3, 7, 2], [2, 7, 4], [2, 4, 1]]
[2.539s]   wrote /ws/build/first_project/maps/first_ign/models/first_L2/meshes/floor_1.obj
[2.539s]   wrote /ws/build/first_project/maps/first_ign/models/first_L2/meshes/blue_linoleum.png
[2.539s]   wrote /ws/build/first_project/maps/first_ign/models/first_L2/meshes/floor_1.mtl
[2.539s] Walls Generation, wall params list: [{'alpha': <building_map.param_value.ParamValue object at 0x75751823ca40>, 'texture_height': <building_map.param_value.ParamValue object at 0x75751823ca70>, 'texture_name': <building_map.param_value.ParamValue object at 0x75751823caa0>, 'texture_scale': <building_map.param_value.ParamValue object at 0x75751823cb00>, 'texture_width': <building_map.param_value.ParamValue object at 0x75751823cb30>}]
[2.539s] generating wall: 1 on floor: first_L2
[2.540s]   wrote /ws/build/first_project/maps/first_ign/models/first_L2/meshes/default.png
[2.540s] generate_wall_visual_mesh(first_L2, /ws/build/first_project/maps/first_ign/models/first_L2)
[2.540s]   generating /ws/build/first_project/maps/first_ign/models/first_L2/meshes/wall_1.obj
[2.540s]   generating /ws/build/first_project/maps/first_ign/models/first_L2/meshes/wall_1.mtl
[2.540s]   wrote /ws/build/first_project/maps/first_ign/models/first_L2/model.sdf
[2.553s] spawning robot name tinyRobot1 of type TinyRobot
[2.553s] generate door name=null type=hinged
[2.553s] Door(null)
[2.555s] 31595 bytes written to /ws/build/first_project/maps/first_ign/first.world
[2.606s] [100%] Built target generate_first_world
[2.619s] Invoked command in '/ws/build/first_project' returned '0': CMAKE_PREFIX_PATH=/rmf_demos_ws/install/rmf_workcell_msgs:/rmf_demos_ws/install/rmf_demos_gz:/rmf_demos_ws/install/rmf_demos:/rmf_demos_ws/install/rmf_reservation_node:/rmf_demos_ws/install/rmf_fleet_adapter_python:/rmf_demos_ws/install/rmf_fleet_adapter:/rmf_demos_ws/install/rmf_task_ros2:/rmf_demos_ws/install/rmf_websocket:/rmf_demos_ws/install/rmf_visualization:/rmf_demos_ws/install/rmf_visualization_schedule:/rmf_demos_ws/install/rmf_visualization_rviz2_plugins:/rmf_demos_ws/install/rmf_visualization_obstacles:/rmf_demos_ws/install/rmf_visualization_navgraphs:/rmf_demos_ws/install/rmf_visualization_floorplans:/rmf_demos_ws/install/rmf_visualization_fleet_states:/rmf_demos_ws/install/rmf_visualization_msgs:/rmf_demos_ws/install/rmf_traffic_ros2:/rmf_demos_ws/install/rmf_task_sequence:/rmf_demos_ws/install/rmf_task:/rmf_demos_ws/install/rmf_battery:/rmf_demos_ws/install/rmf_traffic:/rmf_demos_ws/install/rmf_utils:/rmf_demos_ws/install/rmf_traffic_msgs:/rmf_demos_ws/install/rmf_traffic_editor_test_maps:/rmf_demos_ws/install/rmf_traffic_editor_assets:/rmf_demos_ws/install/rmf_traffic_editor:/rmf_demos_ws/install/rmf_task_msgs:/rmf_demos_ws/install/rmf_site_map_msgs:/rmf_demos_ws/install/rmf_scheduler_msgs:/rmf_demos_ws/install/rmf_robot_sim_gz_plugins:/rmf_demos_ws/install/rmf_robot_sim_common:/rmf_demos_ws/install/rmf_reservation_msgs:/rmf_demos_ws/install/rmf_obstacle_msgs:/rmf_demos_ws/install/rmf_building_sim_gz_plugins:/rmf_demos_ws/install/rmf_lift_msgs:/rmf_demos_ws/install/rmf_ingestor_msgs:/rmf_demos_ws/install/rmf_fleet_msgs:/rmf_demos_ws/install/rmf_door_msgs:/rmf_demos_ws/install/rmf_dispenser_msgs:/rmf_demos_ws/install/rmf_demos_maps:/rmf_demos_ws/install/rmf_demos_assets:/rmf_demos_ws/install/rmf_charger_msgs:/rmf_demos_ws/install/rmf_building_map_msgs:/rmf_demos_ws/install/rmf_api_msgs:/rmf_demos_ws/install/nlohmann_json_schema_validator_vendor:/rmf_demos_ws/install/rmf_demos_fleet_adapter:/rmf_demos_ws/install/rmf_visualization_building_systems:/rmf_demos_ws/install/rmf_traffic_examples:/rmf_demos_ws/install/rmf_demos_bridges:/rmf_demos_ws/install/rmf_demos_tasks:/rmf_demos_ws/install/rmf_building_map_tools:/rmf_demos_ws/install/rmf_charging_schedule:/opt/ros/jazzy:/rmf_demos_ws/install/menge_vendor:/rmf_demos_ws/install/ament_cmake_catch2:/opt/ros/jazzy/opt/gz_sim_vendor:/opt/ros/jazzy/opt/gz_sensors_vendor:/opt/ros/jazzy/opt/gz_physics_vendor:/opt/ros/jazzy/opt/sdformat_vendor:/opt/ros/jazzy/opt/gz_gui_vendor:/opt/ros/jazzy/opt/gz_transport_vendor:/opt/ros/jazzy/opt/gz_rendering_vendor:/opt/ros/jazzy/opt/gz_plugin_vendor:/opt/ros/jazzy/opt/gz_fuel_tools_vendor:/opt/ros/jazzy/opt/gz_msgs_vendor:/opt/ros/jazzy/opt/gz_common_vendor:/opt/ros/jazzy/opt/gz_math_vendor:/opt/ros/jazzy/opt/gz_utils_vendor:/opt/ros/jazzy/opt/gz_tools_vendor:/opt/ros/jazzy/opt/gz_ogre_next_vendor:/opt/ros/jazzy/opt/gz_dartsim_vendor:/opt/ros/jazzy/opt/gz_cmake_vendor /usr/bin/cmake --build /ws/build/first_project -- -j16 -l16
[2.630s] Invoking command in '/ws/build/first_project': CMAKE_PREFIX_PATH=/rmf_demos_ws/install/rmf_workcell_msgs:/rmf_demos_ws/install/rmf_demos_gz:/rmf_demos_ws/install/rmf_demos:/rmf_demos_ws/install/rmf_reservation_node:/rmf_demos_ws/install/rmf_fleet_adapter_python:/rmf_demos_ws/install/rmf_fleet_adapter:/rmf_demos_ws/install/rmf_task_ros2:/rmf_demos_ws/install/rmf_websocket:/rmf_demos_ws/install/rmf_visualization:/rmf_demos_ws/install/rmf_visualization_schedule:/rmf_demos_ws/install/rmf_visualization_rviz2_plugins:/rmf_demos_ws/install/rmf_visualization_obstacles:/rmf_demos_ws/install/rmf_visualization_navgraphs:/rmf_demos_ws/install/rmf_visualization_floorplans:/rmf_demos_ws/install/rmf_visualization_fleet_states:/rmf_demos_ws/install/rmf_visualization_msgs:/rmf_demos_ws/install/rmf_traffic_ros2:/rmf_demos_ws/install/rmf_task_sequence:/rmf_demos_ws/install/rmf_task:/rmf_demos_ws/install/rmf_battery:/rmf_demos_ws/install/rmf_traffic:/rmf_demos_ws/install/rmf_utils:/rmf_demos_ws/install/rmf_traffic_msgs:/rmf_demos_ws/install/rmf_traffic_editor_test_maps:/rmf_demos_ws/install/rmf_traffic_editor_assets:/rmf_demos_ws/install/rmf_traffic_editor:/rmf_demos_ws/install/rmf_task_msgs:/rmf_demos_ws/install/rmf_site_map_msgs:/rmf_demos_ws/install/rmf_scheduler_msgs:/rmf_demos_ws/install/rmf_robot_sim_gz_plugins:/rmf_demos_ws/install/rmf_robot_sim_common:/rmf_demos_ws/install/rmf_reservation_msgs:/rmf_demos_ws/install/rmf_obstacle_msgs:/rmf_demos_ws/install/rmf_building_sim_gz_plugins:/rmf_demos_ws/install/rmf_lift_msgs:/rmf_demos_ws/install/rmf_ingestor_msgs:/rmf_demos_ws/install/rmf_fleet_msgs:/rmf_demos_ws/install/rmf_door_msgs:/rmf_demos_ws/install/rmf_dispenser_msgs:/rmf_demos_ws/install/rmf_demos_maps:/rmf_demos_ws/install/rmf_demos_assets:/rmf_demos_ws/install/rmf_charger_msgs:/rmf_demos_ws/install/rmf_building_map_msgs:/rmf_demos_ws/install/rmf_api_msgs:/rmf_demos_ws/install/nlohmann_json_schema_validator_vendor:/rmf_demos_ws/install/rmf_demos_fleet_adapter:/rmf_demos_ws/install/rmf_visualization_building_systems:/rmf_demos_ws/install/rmf_traffic_examples:/rmf_demos_ws/install/rmf_demos_bridges:/rmf_demos_ws/install/rmf_demos_tasks:/rmf_demos_ws/install/rmf_building_map_tools:/rmf_demos_ws/install/rmf_charging_schedule:/opt/ros/jazzy:/rmf_demos_ws/install/menge_vendor:/rmf_demos_ws/install/ament_cmake_catch2:/opt/ros/jazzy/opt/gz_sim_vendor:/opt/ros/jazzy/opt/gz_sensors_vendor:/opt/ros/jazzy/opt/gz_physics_vendor:/opt/ros/jazzy/opt/sdformat_vendor:/opt/ros/jazzy/opt/gz_gui_vendor:/opt/ros/jazzy/opt/gz_transport_vendor:/opt/ros/jazzy/opt/gz_rendering_vendor:/opt/ros/jazzy/opt/gz_plugin_vendor:/opt/ros/jazzy/opt/gz_fuel_tools_vendor:/opt/ros/jazzy/opt/gz_msgs_vendor:/opt/ros/jazzy/opt/gz_common_vendor:/opt/ros/jazzy/opt/gz_math_vendor:/opt/ros/jazzy/opt/gz_utils_vendor:/opt/ros/jazzy/opt/gz_tools_vendor:/opt/ros/jazzy/opt/gz_ogre_next_vendor:/opt/ros/jazzy/opt/gz_dartsim_vendor:/opt/ros/jazzy/opt/gz_cmake_vendor /usr/bin/cmake --install /ws/build/first_project
[2.640s] -- Install configuration: ""
[2.641s] -- Execute custom install script
[2.641s] -- Up-to-date symlink: /ws/install/first_project/share/first_project/launch/first.launch.xml
[2.641s] -- Up-to-date symlink: /ws/install/first_project/share/first_project/launch/simulation.launch.xml
[2.641s] -- Up-to-date symlink: /ws/install/first_project/share/first_project/maps/first/L1.png
[2.642s] -- Up-to-date symlink: /ws/install/first_project/share/first_project/maps/first/L2.png
[2.642s] -- Up-to-date symlink: /ws/install/first_project/share/first_project/maps/first/first.building.yaml
[2.642s] -- Up-to-date symlink: /ws/install/first_project/share/first_project/maps/first/nav_graphs/0.yaml
[2.642s] -- Symlinking: /ws/install/first_project/share/first_project/maps/first_ign/first.world
[2.653s] -- Up-to-date symlink: /ws/install/first_project/share/first_project/maps/first_ign/models/Sofa/meshes/Sofa.mtl
[2.653s] -- Up-to-date symlink: /ws/install/first_project/share/first_project/maps/first_ign/models/Sofa/meshes/Sofa.obj
[2.653s] -- Up-to-date symlink: /ws/install/first_project/share/first_project/maps/first_ign/models/Sofa/meshes/SofaDiffuse.png
[2.653s] -- Up-to-date symlink: /ws/install/first_project/share/first_project/maps/first_ign/models/Sofa/model.config
[2.653s] -- Up-to-date symlink: /ws/install/first_project/share/first_project/maps/first_ign/models/Sofa/model.sdf
[2.653s] -- Up-to-date symlink: /ws/install/first_project/share/first_project/maps/first_ign/models/Sofa/thumbnails/1.png
[2.653s] -- Up-to-date symlink: /ws/install/first_project/share/first_project/maps/first_ign/models/Sofa/thumbnails/2.png
[2.653s] -- Up-to-date symlink: /ws/install/first_project/share/first_project/maps/first_ign/models/Sofa/thumbnails/3.png
[2.653s] -- Up-to-date symlink: /ws/install/first_project/share/first_project/maps/first_ign/models/Sofa/thumbnails/4.png
[2.653s] -- Up-to-date symlink: /ws/install/first_project/share/first_project/maps/first_ign/models/Sofa/thumbnails/5.png
[2.653s] -- Up-to-date symlink: /ws/install/first_project/share/first_project/maps/first_ign/models/TinyRobot/meshes/caster_wheel.mtl
[2.653s] -- Up-to-date symlink: /ws/install/first_project/share/first_project/maps/first_ign/models/TinyRobot/meshes/caster_wheel.obj
[2.654s] -- Up-to-date symlink: /ws/install/first_project/share/first_project/maps/first_ign/models/TinyRobot/meshes/front_wheel.mtl
[2.654s] -- Up-to-date symlink: /ws/install/first_project/share/first_project/maps/first_ign/models/TinyRobot/meshes/front_wheel.obj
[2.654s] -- Up-to-date symlink: /ws/install/first_project/share/first_project/maps/first_ign/models/TinyRobot/meshes/tinyRobot_body.mtl
[2.654s] -- Up-to-date symlink: /ws/install/first_project/share/first_project/maps/first_ign/models/TinyRobot/meshes/tinyRobot_body.obj
[2.654s] -- Up-to-date symlink: /ws/install/first_project/share/first_project/maps/first_ign/models/TinyRobot/model.config
[2.654s] -- Up-to-date symlink: /ws/install/first_project/share/first_project/maps/first_ign/models/TinyRobot/model.sdf
[2.654s] -- Symlinking: /ws/install/first_project/share/first_project/maps/first_ign/models/first_L1/meshes/blue_linoleum.png
[2.664s] -- Symlinking: /ws/install/first_project/share/first_project/maps/first_ign/models/first_L1/meshes/default.png
[2.675s] -- Symlinking: /ws/install/first_project/share/first_project/maps/first_ign/models/first_L1/meshes/floor_1.mtl
[2.685s] -- Symlinking: /ws/install/first_project/share/first_project/maps/first_ign/models/first_L1/meshes/floor_1.obj
[2.695s] -- Symlinking: /ws/install/first_project/share/first_project/maps/first_ign/models/first_L1/meshes/model.material
[2.706s] -- Symlinking: /ws/install/first_project/share/first_project/maps/first_ign/models/first_L1/meshes/wall_1.mtl
[2.716s] -- Symlinking: /ws/install/first_project/share/first_project/maps/first_ign/models/first_L1/meshes/wall_1.obj
[2.727s] -- Symlinking: /ws/install/first_project/share/first_project/maps/first_ign/models/first_L1/meshes/wall_2.mtl
[2.738s] -- Symlinking: /ws/install/first_project/share/first_project/maps/first_ign/models/first_L1/meshes/wall_2.obj
[2.749s] -- Symlinking: /ws/install/first_project/share/first_project/maps/first_ign/models/first_L1/model.config
[2.760s] -- Symlinking: /ws/install/first_project/share/first_project/maps/first_ign/models/first_L1/model.sdf
[2.771s] -- Symlinking: /ws/install/first_project/share/first_project/maps/first_ign/models/first_L2/meshes/blue_linoleum.png
[2.782s] -- Symlinking: /ws/install/first_project/share/first_project/maps/first_ign/models/first_L2/meshes/default.png
[2.792s] -- Symlinking: /ws/install/first_project/share/first_project/maps/first_ign/models/first_L2/meshes/floor_1.mtl
[2.802s] -- Symlinking: /ws/install/first_project/share/first_project/maps/first_ign/models/first_L2/meshes/floor_1.obj
[2.813s] -- Symlinking: /ws/install/first_project/share/first_project/maps/first_ign/models/first_L2/meshes/model.material
[2.824s] -- Symlinking: /ws/install/first_project/share/first_project/maps/first_ign/models/first_L2/meshes/wall_1.mtl
[2.835s] -- Symlinking: /ws/install/first_project/share/first_project/maps/first_ign/models/first_L2/meshes/wall_1.obj
[2.845s] -- Symlinking: /ws/install/first_project/share/first_project/maps/first_ign/models/first_L2/model.config
[2.856s] -- Symlinking: /ws/install/first_project/share/first_project/maps/first_ign/models/first_L2/model.sdf
[2.867s] -- Up-to-date symlink: /ws/install/first_project/share/first_project/config/tinyRobot_config.yaml
[2.867s] -- Symlinking: /ws/install/first_project/share/first_project/maps/first_ign/first.world
[2.878s] -- Symlinking: /ws/install/first_project/share/first_project/maps/first_ign/models/first_L1/meshes/blue_linoleum.png
[2.888s] -- Symlinking: /ws/install/first_project/share/first_project/maps/first_ign/models/first_L1/meshes/default.png
[2.899s] -- Symlinking: /ws/install/first_project/share/first_project/maps/first_ign/models/first_L1/meshes/floor_1.mtl
[2.910s] -- Symlinking: /ws/install/first_project/share/first_project/maps/first_ign/models/first_L1/meshes/floor_1.obj
[2.921s] -- Symlinking: /ws/install/first_project/share/first_project/maps/first_ign/models/first_L1/meshes/model.material
[2.932s] -- Symlinking: /ws/install/first_project/share/first_project/maps/first_ign/models/first_L1/meshes/wall_1.mtl
[2.942s] -- Symlinking: /ws/install/first_project/share/first_project/maps/first_ign/models/first_L1/meshes/wall_1.obj
[2.954s] -- Symlinking: /ws/install/first_project/share/first_project/maps/first_ign/models/first_L1/meshes/wall_2.mtl
[2.965s] -- Symlinking: /ws/install/first_project/share/first_project/maps/first_ign/models/first_L1/meshes/wall_2.obj
[2.975s] -- Symlinking: /ws/install/first_project/share/first_project/maps/first_ign/models/first_L1/model.config
[2.986s] -- Symlinking: /ws/install/first_project/share/first_project/maps/first_ign/models/first_L1/model.sdf
[2.997s] -- Symlinking: /ws/install/first_project/share/first_project/maps/first_ign/models/first_L2/meshes/blue_linoleum.png
[3.008s] -- Symlinking: /ws/install/first_project/share/first_project/maps/first_ign/models/first_L2/meshes/default.png
[3.018s] -- Symlinking: /ws/install/first_project/share/first_project/maps/first_ign/models/first_L2/meshes/floor_1.mtl
[3.029s] -- Symlinking: /ws/install/first_project/share/first_project/maps/first_ign/models/first_L2/meshes/floor_1.obj
[3.040s] -- Symlinking: /ws/install/first_project/share/first_project/maps/first_ign/models/first_L2/meshes/model.material
[3.051s] -- Symlinking: /ws/install/first_project/share/first_project/maps/first_ign/models/first_L2/meshes/wall_1.mtl
[3.062s] -- Symlinking: /ws/install/first_project/share/first_project/maps/first_ign/models/first_L2/meshes/wall_1.obj
[3.072s] -- Symlinking: /ws/install/first_project/share/first_project/maps/first_ign/models/first_L2/model.config
[3.084s] -- Symlinking: /ws/install/first_project/share/first_project/maps/first_ign/models/first_L2/model.sdf
[3.095s] -- Up-to-date symlink: /ws/install/first_project/share/ament_index/resource_index/package_run_dependencies/first_project
[3.095s] -- Up-to-date symlink: /ws/install/first_project/share/ament_index/resource_index/parent_prefix_path/first_project
[3.095s] -- Up-to-date symlink: /ws/install/first_project/share/first_project/environment/ament_prefix_path.sh
[3.095s] -- Up-to-date symlink: /ws/install/first_project/share/first_project/environment/ament_prefix_path.dsv
[3.095s] -- Up-to-date symlink: /ws/install/first_project/share/first_project/environment/path.sh
[3.095s] -- Up-to-date symlink: /ws/install/first_project/share/first_project/environment/path.dsv
[3.095s] -- Up-to-date symlink: /ws/install/first_project/share/first_project/local_setup.bash
[3.095s] -- Up-to-date symlink: /ws/install/first_project/share/first_project/local_setup.sh
[3.095s] -- Up-to-date symlink: /ws/install/first_project/share/first_project/local_setup.zsh
[3.095s] -- Up-to-date symlink: /ws/install/first_project/share/first_project/local_setup.dsv
[3.095s] -- Symlinking: /ws/install/first_project/share/first_project/package.dsv
[3.106s] -- Up-to-date symlink: /ws/install/first_project/share/ament_index/resource_index/packages/first_project
[3.106s] -- Up-to-date symlink: /ws/install/first_project/share/first_project/cmake/first_projectConfig.cmake
[3.106s] -- Up-to-date symlink: /ws/install/first_project/share/first_project/cmake/first_projectConfig-version.cmake
[3.106s] -- Up-to-date symlink: /ws/install/first_project/share/first_project/package.xml
[3.107s] Invoked command in '/ws/build/first_project' returned '0': CMAKE_PREFIX_PATH=/rmf_demos_ws/install/rmf_workcell_msgs:/rmf_demos_ws/install/rmf_demos_gz:/rmf_demos_ws/install/rmf_demos:/rmf_demos_ws/install/rmf_reservation_node:/rmf_demos_ws/install/rmf_fleet_adapter_python:/rmf_demos_ws/install/rmf_fleet_adapter:/rmf_demos_ws/install/rmf_task_ros2:/rmf_demos_ws/install/rmf_websocket:/rmf_demos_ws/install/rmf_visualization:/rmf_demos_ws/install/rmf_visualization_schedule:/rmf_demos_ws/install/rmf_visualization_rviz2_plugins:/rmf_demos_ws/install/rmf_visualization_obstacles:/rmf_demos_ws/install/rmf_visualization_navgraphs:/rmf_demos_ws/install/rmf_visualization_floorplans:/rmf_demos_ws/install/rmf_visualization_fleet_states:/rmf_demos_ws/install/rmf_visualization_msgs:/rmf_demos_ws/install/rmf_traffic_ros2:/rmf_demos_ws/install/rmf_task_sequence:/rmf_demos_ws/install/rmf_task:/rmf_demos_ws/install/rmf_battery:/rmf_demos_ws/install/rmf_traffic:/rmf_demos_ws/install/rmf_utils:/rmf_demos_ws/install/rmf_traffic_msgs:/rmf_demos_ws/install/rmf_traffic_editor_test_maps:/rmf_demos_ws/install/rmf_traffic_editor_assets:/rmf_demos_ws/install/rmf_traffic_editor:/rmf_demos_ws/install/rmf_task_msgs:/rmf_demos_ws/install/rmf_site_map_msgs:/rmf_demos_ws/install/rmf_scheduler_msgs:/rmf_demos_ws/install/rmf_robot_sim_gz_plugins:/rmf_demos_ws/install/rmf_robot_sim_common:/rmf_demos_ws/install/rmf_reservation_msgs:/rmf_demos_ws/install/rmf_obstacle_msgs:/rmf_demos_ws/install/rmf_building_sim_gz_plugins:/rmf_demos_ws/install/rmf_lift_msgs:/rmf_demos_ws/install/rmf_ingestor_msgs:/rmf_demos_ws/install/rmf_fleet_msgs:/rmf_demos_ws/install/rmf_door_msgs:/rmf_demos_ws/install/rmf_dispenser_msgs:/rmf_demos_ws/install/rmf_demos_maps:/rmf_demos_ws/install/rmf_demos_assets:/rmf_demos_ws/install/rmf_charger_msgs:/rmf_demos_ws/install/rmf_building_map_msgs:/rmf_demos_ws/install/rmf_api_msgs:/rmf_demos_ws/install/nlohmann_json_schema_validator_vendor:/rmf_demos_ws/install/rmf_demos_fleet_adapter:/rmf_demos_ws/install/rmf_visualization_building_systems:/rmf_demos_ws/install/rmf_traffic_examples:/rmf_demos_ws/install/rmf_demos_bridges:/rmf_demos_ws/install/rmf_demos_tasks:/rmf_demos_ws/install/rmf_building_map_tools:/rmf_demos_ws/install/rmf_charging_schedule:/opt/ros/jazzy:/rmf_demos_ws/install/menge_vendor:/rmf_demos_ws/install/ament_cmake_catch2:/opt/ros/jazzy/opt/gz_sim_vendor:/opt/ros/jazzy/opt/gz_sensors_vendor:/opt/ros/jazzy/opt/gz_physics_vendor:/opt/ros/jazzy/opt/sdformat_vendor:/opt/ros/jazzy/opt/gz_gui_vendor:/opt/ros/jazzy/opt/gz_transport_vendor:/opt/ros/jazzy/opt/gz_rendering_vendor:/opt/ros/jazzy/opt/gz_plugin_vendor:/opt/ros/jazzy/opt/gz_fuel_tools_vendor:/opt/ros/jazzy/opt/gz_msgs_vendor:/opt/ros/jazzy/opt/gz_common_vendor:/opt/ros/jazzy/opt/gz_math_vendor:/opt/ros/jazzy/opt/gz_utils_vendor:/opt/ros/jazzy/opt/gz_tools_vendor:/opt/ros/jazzy/opt/gz_ogre_next_vendor:/opt/ros/jazzy/opt/gz_dartsim_vendor:/opt/ros/jazzy/opt/gz_cmake_vendor /usr/bin/cmake --install /ws/build/first_project
