[1.342s] Invoking command in '/ws/src/project_tasks': PYTHONPATH=/ws/build/project_tasks/prefix_override:/usr/lib/python3/dist-packages/colcon_core/task/python/colcon_distutils_commands:/ws/install/project_tasks/lib/python3.12/site-packages:${PYTHONPATH} /usr/bin/python3 -W ignore:setup.py install is deprecated -W ignore:easy_install command is deprecated setup.py egg_info --egg-base ../../build/project_tasks build --build-base /ws/build/project_tasks/build install --record /ws/build/project_tasks/install.log --single-version-externally-managed install_data
[1.491s] running egg_info
[1.499s] writing ../../build/project_tasks/project_tasks.egg-info/PKG-INFO
[1.499s] writing dependency_links to ../../build/project_tasks/project_tasks.egg-info/dependency_links.txt
[1.499s] writing entry points to ../../build/project_tasks/project_tasks.egg-info/entry_points.txt
[1.499s] writing requirements to ../../build/project_tasks/project_tasks.egg-info/requires.txt
[1.499s] writing top-level names to ../../build/project_tasks/project_tasks.egg-info/top_level.txt
[1.516s] reading manifest file '../../build/project_tasks/project_tasks.egg-info/SOURCES.txt'
[1.517s] writing manifest file '../../build/project_tasks/project_tasks.egg-info/SOURCES.txt'
[1.517s] running build
[1.517s] running build_py
[1.518s] running install
[1.521s] running install_lib
[1.531s] running install_data
[1.531s] running install_egg_info
[1.540s] removing '/ws/install/project_tasks/lib/python3.12/site-packages/project_tasks-0.0.0-py3.12.egg-info' (and everything under it)
[1.540s] Copying ../../build/project_tasks/project_tasks.egg-info to /ws/install/project_tasks/lib/python3.12/site-packages/project_tasks-0.0.0-py3.12.egg-info
[1.541s] running install_scripts
[1.614s] Installing dispatch_go_to script to /ws/install/project_tasks/lib/project_tasks
[1.614s] Installing dispatch_loop script to /ws/install/project_tasks/lib/project_tasks
[1.614s] Installing dispatch_patrol script to /ws/install/project_tasks/lib/project_tasks
[1.615s] writing list of installed files to '/ws/build/project_tasks/install.log'
[1.648s] Invoked command in '/ws/src/project_tasks' returned '0': PYTHONPATH=/ws/build/project_tasks/prefix_override:/usr/lib/python3/dist-packages/colcon_core/task/python/colcon_distutils_commands:/ws/install/project_tasks/lib/python3.12/site-packages:${PYTHONPATH} /usr/bin/python3 -W ignore:setup.py install is deprecated -W ignore:easy_install command is deprecated setup.py egg_info --egg-base ../../build/project_tasks build --build-base /ws/build/project_tasks/build install --record /ws/build/project_tasks/install.log --single-version-externally-managed install_data
