[0.243s] Invoking command in '/home/david/Documentos/GitHub/IR2134/first_project/src/build/kioto': CMAKE_PREFIX_PATH=/opt/ros/humble:/home/david/Escritorio/ros2_ws/src/install/droneando /usr/bin/cmake /home/david/Documentos/GitHub/IR2134/first_project/src/kioto -DCMAKE_INSTALL_PREFIX=/home/david/Documentos/GitHub/IR2134/first_project/src/install/kioto
[0.480s] -- The C compiler identification is GNU 11.4.0
[0.480s] -- The CXX compiler identification is GNU 11.4.0
[0.481s] -- Detecting C compiler ABI info
[0.481s] -- Detecting C compiler ABI info - done
[0.481s] -- Check for working C compiler: /usr/lib/ccache/cc - skipped
[0.481s] -- Detecting C compile features
[0.481s] -- Detecting C compile features - done
[0.481s] -- Detecting CXX compiler ABI info
[0.481s] -- Detecting CXX compiler ABI info - done
[0.481s] -- Check for working CXX compiler: /usr/lib/ccache/c++ - skipped
[0.481s] -- Detecting CXX compile features
[0.481s] -- Detecting CXX compile features - done
[0.481s] -- Found ament_cmake: 1.3.12 (/opt/ros/humble/share/ament_cmake/cmake)
[0.676s] -- Found Python3: /usr/bin/python3 (found version "3.10.12") found components: Interpreter 
[0.742s] -- Found ament_lint_auto: 0.12.14 (/opt/ros/humble/share/ament_lint_auto/cmake)
[1.124s] -- Added test 'lint_cmake' to check CMake code style
[1.362s] -- Added test 'xmllint' to check XML markup files
[1.363s] -- Configuring done
[1.365s] -- Generating done
[1.366s] -- Build files have been written to: /home/david/Documentos/GitHub/IR2134/first_project/src/build/kioto
