-- Install configuration: ""
-- Up-to-date: /ws/install/kioto/share/kioto/launch
-- Installing: /ws/install/kioto/share/kioto/launch/simulation.launch.xml
-- Installing: /ws/install/kioto/share/kioto/launch/kioto.launch.xml
-- Up-to-date: /ws/install/kioto/share/kioto/maps
-- Up-to-date: /ws/install/kioto/share/kioto/maps/kioto
-- Up-to-date: /ws/install/kioto/share/kioto/maps/kioto/kioto.world
-- Up-to-date: /ws/install/kioto/share/kioto/maps/kioto/kioto.building.yaml
-- Up-to-date: /ws/install/kioto/share/kioto/maps/kioto/models
-- Up-to-date: /ws/install/kioto/share/kioto/maps/kioto/models/kioto_L1
-- Up-to-date: /ws/install/kioto/share/kioto/maps/kioto/models/kioto_L1/meshes
-- Up-to-date: /ws/install/kioto/share/kioto/maps/kioto/models/kioto_L1/meshes/wall_1.mtl
-- Up-to-date: /ws/install/kioto/share/kioto/maps/kioto/models/kioto_L1/meshes/wall_1.obj
-- Up-to-date: /ws/install/kioto/share/kioto/maps/kioto/models/kioto_L1/meshes/floor_1.obj
-- Up-to-date: /ws/install/kioto/share/kioto/maps/kioto/models/kioto_L1/meshes/floor_1.mtl
-- Up-to-date: /ws/install/kioto/share/kioto/maps/kioto/models/kioto_L1/meshes/blue_linoleum.png
-- Up-to-date: /ws/install/kioto/share/kioto/maps/kioto/models/kioto_L1/meshes/model.material
-- Up-to-date: /ws/install/kioto/share/kioto/maps/kioto/models/kioto_L1/meshes/default.png
-- Up-to-date: /ws/install/kioto/share/kioto/maps/kioto/models/kioto_L1/model.sdf
-- Up-to-date: /ws/install/kioto/share/kioto/maps/kioto/models/kioto_L1/model.config
-- Up-to-date: /ws/install/kioto/share/kioto/maps/kioto/models/kioto_L2
-- Up-to-date: /ws/install/kioto/share/kioto/maps/kioto/models/kioto_L2/meshes
-- Up-to-date: /ws/install/kioto/share/kioto/maps/kioto/models/kioto_L2/meshes/wall_1.mtl
-- Up-to-date: /ws/install/kioto/share/kioto/maps/kioto/models/kioto_L2/meshes/wall_1.obj
-- Up-to-date: /ws/install/kioto/share/kioto/maps/kioto/models/kioto_L2/meshes/floor_1.obj
-- Up-to-date: /ws/install/kioto/share/kioto/maps/kioto/models/kioto_L2/meshes/floor_1.mtl
-- Up-to-date: /ws/install/kioto/share/kioto/maps/kioto/models/kioto_L2/meshes/blue_linoleum.png
-- Up-to-date: /ws/install/kioto/share/kioto/maps/kioto/models/kioto_L2/meshes/model.material
-- Up-to-date: /ws/install/kioto/share/kioto/maps/kioto/models/kioto_L2/meshes/default.png
-- Up-to-date: /ws/install/kioto/share/kioto/maps/kioto/models/kioto_L2/model.sdf
-- Up-to-date: /ws/install/kioto/share/kioto/maps/kioto/models/kioto_L2/model.config
-- Up-to-date: /ws/install/kioto/share/kioto/maps/kioto/models (1)
-- Up-to-date: /ws/install/kioto/share/kioto/maps/kioto/models (1)/AdjTable_064
-- Up-to-date: /ws/install/kioto/share/kioto/maps/kioto/models (1)/AdjTable_064/meshes
-- Up-to-date: /ws/install/kioto/share/kioto/maps/kioto/models (1)/AdjTable_064/model.sdf
-- Up-to-date: /ws/install/kioto/share/kioto/maps/kioto/models (1)/AdjTable_064/model.config
-- Up-to-date: /ws/install/kioto/share/kioto/maps/kioto/models (1)/OfficeChairGrey_105
-- Up-to-date: /ws/install/kioto/share/kioto/maps/kioto/models (1)/OfficeChairGrey_105/meshes
-- Up-to-date: /ws/install/kioto/share/kioto/maps/kioto/models (1)/OfficeChairGrey_105/model.sdf
-- Up-to-date: /ws/install/kioto/share/kioto/maps/kioto/models (1)/OfficeChairGrey_105/model.config
-- Up-to-date: /ws/install/kioto/share/kioto/maps/kioto/models (1)/AdjTable_015
-- Up-to-date: /ws/install/kioto/share/kioto/maps/kioto/models (1)/AdjTable_015/meshes
-- Up-to-date: /ws/install/kioto/share/kioto/maps/kioto/models (1)/AdjTable_015/model.sdf
-- Up-to-date: /ws/install/kioto/share/kioto/maps/kioto/models (1)/AdjTable_015/model.config
-- Up-to-date: /ws/install/kioto/share/kioto/maps/kioto/models (1)/OfficeChairGrey_090
-- Up-to-date: /ws/install/kioto/share/kioto/maps/kioto/models (1)/OfficeChairGrey_090/meshes
-- Up-to-date: /ws/install/kioto/share/kioto/maps/kioto/models (1)/OfficeChairGrey_090/model.sdf
-- Up-to-date: /ws/install/kioto/share/kioto/maps/kioto/models (1)/OfficeChairGrey_090/model.config
-- Up-to-date: /ws/install/kioto/share/kioto/maps/kioto/models (1)/OfficeChairGrey_087
-- Up-to-date: /ws/install/kioto/share/kioto/maps/kioto/models (1)/OfficeChairGrey_087/meshes
-- Up-to-date: /ws/install/kioto/share/kioto/maps/kioto/models (1)/OfficeChairGrey_087/model.sdf
-- Up-to-date: /ws/install/kioto/share/kioto/maps/kioto/models (1)/OfficeChairGrey_087/model.config
-- Up-to-date: /ws/install/kioto/share/kioto/maps/kioto/models (1)/OfficeChairGrey_092
-- Up-to-date: /ws/install/kioto/share/kioto/maps/kioto/models (1)/OfficeChairGrey_092/meshes
-- Up-to-date: /ws/install/kioto/share/kioto/maps/kioto/models (1)/OfficeChairGrey_092/model.sdf
-- Up-to-date: /ws/install/kioto/share/kioto/maps/kioto/models (1)/OfficeChairGrey_092/model.config
-- Up-to-date: /ws/install/kioto/share/kioto/maps/kioto/models (1)/OfficeChairGrey_129
-- Up-to-date: /ws/install/kioto/share/kioto/maps/kioto/models (1)/OfficeChairGrey_129/meshes
-- Up-to-date: /ws/install/kioto/share/kioto/maps/kioto/models (1)/OfficeChairGrey_129/model.sdf
-- Up-to-date: /ws/install/kioto/share/kioto/maps/kioto/models (1)/OfficeChairGrey_129/model.config
-- Up-to-date: /ws/install/kioto/share/kioto/maps/kioto/models (1)/OfficeChairGrey_025
-- Up-to-date: /ws/install/kioto/share/kioto/maps/kioto/models (1)/OfficeChairGrey_025/meshes
-- Up-to-date: /ws/install/kioto/share/kioto/maps/kioto/models (1)/OfficeChairGrey_025/model.sdf
-- Up-to-date: /ws/install/kioto/share/kioto/maps/kioto/models (1)/OfficeChairGrey_025/model.config
-- Up-to-date: /ws/install/kioto/share/kioto/maps/kioto/models (1)/OfficeChairGrey_009
-- Up-to-date: /ws/install/kioto/share/kioto/maps/kioto/models (1)/OfficeChairGrey_009/meshes
-- Up-to-date: /ws/install/kioto/share/kioto/maps/kioto/models (1)/OfficeChairGrey_009/model.sdf
-- Up-to-date: /ws/install/kioto/share/kioto/maps/kioto/models (1)/OfficeChairGrey_009/model.config
-- Up-to-date: /ws/install/kioto/share/kioto/maps/kioto/models (1)/OfficeChairGrey_108
-- Up-to-date: /ws/install/kioto/share/kioto/maps/kioto/models (1)/OfficeChairGrey_108/meshes
-- Up-to-date: /ws/install/kioto/share/kioto/maps/kioto/models (1)/OfficeChairGrey_108/model.sdf
-- Up-to-date: /ws/install/kioto/share/kioto/maps/kioto/models (1)/OfficeChairGrey_108/model.config
-- Up-to-date: /ws/install/kioto/share/kioto/maps/kioto/models (1)/AdjTable_028
-- Up-to-date: /ws/install/kioto/share/kioto/maps/kioto/models (1)/AdjTable_028/meshes
-- Up-to-date: /ws/install/kioto/share/kioto/maps/kioto/models (1)/AdjTable_028/model.sdf
-- Up-to-date: /ws/install/kioto/share/kioto/maps/kioto/models (1)/AdjTable_028/model.config
-- Up-to-date: /ws/install/kioto/share/kioto/maps/kioto/models (1)/AdjTable_009
-- Up-to-date: /ws/install/kioto/share/kioto/maps/kioto/models (1)/AdjTable_009/meshes
-- Up-to-date: /ws/install/kioto/share/kioto/maps/kioto/models (1)/AdjTable_009/model.sdf
-- Up-to-date: /ws/install/kioto/share/kioto/maps/kioto/models (1)/AdjTable_009/model.config
-- Up-to-date: /ws/install/kioto/share/kioto/maps/kioto/models (1)/OfficeChairGrey_080
-- Up-to-date: /ws/install/kioto/share/kioto/maps/kioto/models (1)/OfficeChairGrey_080/meshes
-- Up-to-date: /ws/install/kioto/share/kioto/maps/kioto/models (1)/OfficeChairGrey_080/model.sdf
-- Up-to-date: /ws/install/kioto/share/kioto/maps/kioto/models (1)/OfficeChairGrey_080/model.config
-- Up-to-date: /ws/install/kioto/share/kioto/maps/kioto/models (1)/OfficeChairGrey_063
-- Up-to-date: /ws/install/kioto/share/kioto/maps/kioto/models (1)/OfficeChairGrey_063/meshes
-- Up-to-date: /ws/install/kioto/share/kioto/maps/kioto/models (1)/OfficeChairGrey_063/model.sdf
-- Up-to-date: /ws/install/kioto/share/kioto/maps/kioto/models (1)/OfficeChairGrey_063/model.config
-- Up-to-date: /ws/install/kioto/share/kioto/maps/kioto/models (1)/OfficeChairGrey_068
-- Up-to-date: /ws/install/kioto/share/kioto/maps/kioto/models (1)/OfficeChairGrey_068/meshes
-- Up-to-date: /ws/install/kioto/share/kioto/maps/kioto/models (1)/OfficeChairGrey_068/model.sdf
-- Up-to-date: /ws/install/kioto/share/kioto/maps/kioto/models (1)/OfficeChairGrey_068/model.config
-- Up-to-date: /ws/install/kioto/share/kioto/maps/kioto/models (1)/OfficeChairGrey_035
-- Up-to-date: /ws/install/kioto/share/kioto/maps/kioto/models (1)/OfficeChairGrey_035/meshes
-- Up-to-date: /ws/install/kioto/share/kioto/maps/kioto/models (1)/OfficeChairGrey_035/model.sdf
-- Up-to-date: /ws/install/kioto/share/kioto/maps/kioto/models (1)/OfficeChairGrey_035/model.config
-- Up-to-date: /ws/install/kioto/share/kioto/maps/kioto/models (1)/OfficeChairGrey_043
-- Up-to-date: /ws/install/kioto/share/kioto/maps/kioto/models (1)/OfficeChairGrey_043/meshes
-- Up-to-date: /ws/install/kioto/share/kioto/maps/kioto/models (1)/OfficeChairGrey_043/model.sdf
-- Up-to-date: /ws/install/kioto/share/kioto/maps/kioto/models (1)/OfficeChairGrey_043/model.config
-- Up-to-date: /ws/install/kioto/share/kioto/maps/kioto/models (1)/OfficeChairGrey_076
-- Up-to-date: /ws/install/kioto/share/kioto/maps/kioto/models (1)/OfficeChairGrey_076/meshes
-- Up-to-date: /ws/install/kioto/share/kioto/maps/kioto/models (1)/OfficeChairGrey_076/model.sdf
-- Up-to-date: /ws/install/kioto/share/kioto/maps/kioto/models (1)/OfficeChairGrey_076/model.config
-- Up-to-date: /ws/install/kioto/share/kioto/maps/kioto/models (1)/AdjTable_027
-- Up-to-date: /ws/install/kioto/share/kioto/maps/kioto/models (1)/AdjTable_027/meshes
-- Up-to-date: /ws/install/kioto/share/kioto/maps/kioto/models (1)/AdjTable_027/model.sdf
-- Up-to-date: /ws/install/kioto/share/kioto/maps/kioto/models (1)/AdjTable_027/model.config
-- Up-to-date: /ws/install/kioto/share/kioto/maps/kioto/models (1)/OfficeChairGrey_113
-- Up-to-date: /ws/install/kioto/share/kioto/maps/kioto/models (1)/OfficeChairGrey_113/meshes
-- Up-to-date: /ws/install/kioto/share/kioto/maps/kioto/models (1)/OfficeChairGrey_113/model.sdf
-- Up-to-date: /ws/install/kioto/share/kioto/maps/kioto/models (1)/OfficeChairGrey_113/model.config
-- Up-to-date: /ws/install/kioto/share/kioto/maps/kioto/models (1)/OfficeChairGrey_052
-- Up-to-date: /ws/install/kioto/share/kioto/maps/kioto/models (1)/OfficeChairGrey_052/meshes
-- Up-to-date: /ws/install/kioto/share/kioto/maps/kioto/models (1)/OfficeChairGrey_052/model.sdf
-- Up-to-date: /ws/install/kioto/share/kioto/maps/kioto/models (1)/OfficeChairGrey_052/model.config
-- Up-to-date: /ws/install/kioto/share/kioto/maps/kioto/models (1)/OfficeChairGrey_081
-- Up-to-date: /ws/install/kioto/share/kioto/maps/kioto/models (1)/OfficeChairGrey_081/meshes
-- Up-to-date: /ws/install/kioto/share/kioto/maps/kioto/models (1)/OfficeChairGrey_081/model.sdf
-- Up-to-date: /ws/install/kioto/share/kioto/maps/kioto/models (1)/OfficeChairGrey_081/model.config
-- Up-to-date: /ws/install/kioto/share/kioto/maps/kioto/models (1)/AdjTable_006
-- Up-to-date: /ws/install/kioto/share/kioto/maps/kioto/models (1)/AdjTable_006/meshes
-- Up-to-date: /ws/install/kioto/share/kioto/maps/kioto/models (1)/AdjTable_006/model.sdf
-- Up-to-date: /ws/install/kioto/share/kioto/maps/kioto/models (1)/AdjTable_006/model.config
-- Up-to-date: /ws/install/kioto/share/kioto/maps/kioto/models (1)/OfficeChairGrey_138
-- Up-to-date: /ws/install/kioto/share/kioto/maps/kioto/models (1)/OfficeChairGrey_138/meshes
-- Up-to-date: /ws/install/kioto/share/kioto/maps/kioto/models (1)/OfficeChairGrey_138/model.sdf
-- Up-to-date: /ws/install/kioto/share/kioto/maps/kioto/models (1)/OfficeChairGrey_138/model.config
-- Up-to-date: /ws/install/kioto/share/kioto/maps/kioto/models (1)/AdjTable_029
-- Up-to-date: /ws/install/kioto/share/kioto/maps/kioto/models (1)/AdjTable_029/meshes
-- Up-to-date: /ws/install/kioto/share/kioto/maps/kioto/models (1)/AdjTable_029/model.sdf
-- Up-to-date: /ws/install/kioto/share/kioto/maps/kioto/models (1)/AdjTable_029/model.config
-- Up-to-date: /ws/install/kioto/share/kioto/maps/kioto/models (1)/OfficeChairGrey_070
-- Up-to-date: /ws/install/kioto/share/kioto/maps/kioto/models (1)/OfficeChairGrey_070/meshes
-- Up-to-date: /ws/install/kioto/share/kioto/maps/kioto/models (1)/OfficeChairGrey_070/model.sdf
-- Up-to-date: /ws/install/kioto/share/kioto/maps/kioto/models (1)/OfficeChairGrey_070/model.config
-- Up-to-date: /ws/install/kioto/share/kioto/maps/kioto/models (1)/AdjTable_007
-- Up-to-date: /ws/install/kioto/share/kioto/maps/kioto/models (1)/AdjTable_007/meshes
-- Up-to-date: /ws/install/kioto/share/kioto/maps/kioto/models (1)/AdjTable_007/model.sdf
-- Up-to-date: /ws/install/kioto/share/kioto/maps/kioto/models (1)/AdjTable_007/model.config
-- Up-to-date: /ws/install/kioto/share/kioto/maps/kioto/models (1)/OfficeChairGrey_078
-- Up-to-date: /ws/install/kioto/share/kioto/maps/kioto/models (1)/OfficeChairGrey_078/meshes
-- Up-to-date: /ws/install/kioto/share/kioto/maps/kioto/models (1)/OfficeChairGrey_078/model.sdf
-- Up-to-date: /ws/install/kioto/share/kioto/maps/kioto/models (1)/OfficeChairGrey_078/model.config
-- Up-to-date: /ws/install/kioto/share/kioto/maps/kioto/models (1)/OfficeChairGrey_118
-- Up-to-date: /ws/install/kioto/share/kioto/maps/kioto/models (1)/OfficeChairGrey_118/meshes
-- Up-to-date: /ws/install/kioto/share/kioto/maps/kioto/models (1)/OfficeChairGrey_118/model.sdf
-- Up-to-date: /ws/install/kioto/share/kioto/maps/kioto/models (1)/OfficeChairGrey_118/model.config
-- Up-to-date: /ws/install/kioto/share/kioto/maps/kioto/models (1)/OfficeChairGrey_024
-- Up-to-date: /ws/install/kioto/share/kioto/maps/kioto/models (1)/OfficeChairGrey_024/meshes
-- Up-to-date: /ws/install/kioto/share/kioto/maps/kioto/models (1)/OfficeChairGrey_024/model.sdf
-- Up-to-date: /ws/install/kioto/share/kioto/maps/kioto/models (1)/OfficeChairGrey_024/model.config
-- Up-to-date: /ws/install/kioto/share/kioto/maps/kioto/models (1)/OfficeChairGrey_140
-- Up-to-date: /ws/install/kioto/share/kioto/maps/kioto/models (1)/OfficeChairGrey_140/meshes
-- Up-to-date: /ws/install/kioto/share/kioto/maps/kioto/models (1)/OfficeChairGrey_140/model.sdf
-- Up-to-date: /ws/install/kioto/share/kioto/maps/kioto/models (1)/OfficeChairGrey_140/model.config
-- Up-to-date: /ws/install/kioto/share/kioto/maps/kioto/models (1)/AdjTable_032
-- Up-to-date: /ws/install/kioto/share/kioto/maps/kioto/models (1)/AdjTable_032/meshes
-- Up-to-date: /ws/install/kioto/share/kioto/maps/kioto/models (1)/AdjTable_032/model.sdf
-- Up-to-date: /ws/install/kioto/share/kioto/maps/kioto/models (1)/AdjTable_032/model.config
-- Up-to-date: /ws/install/kioto/share/kioto/maps/kioto/models (1)/OfficeChairGrey_119
-- Up-to-date: /ws/install/kioto/share/kioto/maps/kioto/models (1)/OfficeChairGrey_119/meshes
-- Up-to-date: /ws/install/kioto/share/kioto/maps/kioto/models (1)/OfficeChairGrey_119/model.sdf
-- Up-to-date: /ws/install/kioto/share/kioto/maps/kioto/models (1)/OfficeChairGrey_119/model.config
-- Up-to-date: /ws/install/kioto/share/kioto/maps/kioto/models (1)/AdjTable_018
-- Up-to-date: /ws/install/kioto/share/kioto/maps/kioto/models (1)/AdjTable_018/meshes
-- Up-to-date: /ws/install/kioto/share/kioto/maps/kioto/models (1)/AdjTable_018/model.sdf
-- Up-to-date: /ws/install/kioto/share/kioto/maps/kioto/models (1)/AdjTable_018/model.config
-- Up-to-date: /ws/install/kioto/share/kioto/maps/kioto/models (1)/OfficeChairGrey_006
-- Up-to-date: /ws/install/kioto/share/kioto/maps/kioto/models (1)/OfficeChairGrey_006/meshes
-- Up-to-date: /ws/install/kioto/share/kioto/maps/kioto/models (1)/OfficeChairGrey_006/model.sdf
-- Up-to-date: /ws/install/kioto/share/kioto/maps/kioto/models (1)/OfficeChairGrey_006/model.config
-- Up-to-date: /ws/install/kioto/share/kioto/maps/kioto/models (1)/AdjTable_054
-- Up-to-date: /ws/install/kioto/share/kioto/maps/kioto/models (1)/AdjTable_054/meshes
-- Up-to-date: /ws/install/kioto/share/kioto/maps/kioto/models (1)/AdjTable_054/model.sdf
-- Up-to-date: /ws/install/kioto/share/kioto/maps/kioto/models (1)/AdjTable_054/model.config
-- Up-to-date: /ws/install/kioto/share/kioto/maps/kioto/models (1)/OfficeChairGrey_147
-- Up-to-date: /ws/install/kioto/share/kioto/maps/kioto/models (1)/OfficeChairGrey_147/meshes
-- Up-to-date: /ws/install/kioto/share/kioto/maps/kioto/models (1)/OfficeChairGrey_147/model.sdf
-- Up-to-date: /ws/install/kioto/share/kioto/maps/kioto/models (1)/OfficeChairGrey_147/model.config
-- Up-to-date: /ws/install/kioto/share/kioto/maps/kioto/models (1)/OfficeChairGrey_071
-- Up-to-date: /ws/install/kioto/share/kioto/maps/kioto/models (1)/OfficeChairGrey_071/meshes
-- Up-to-date: /ws/install/kioto/share/kioto/maps/kioto/models (1)/OfficeChairGrey_071/model.sdf
-- Up-to-date: /ws/install/kioto/share/kioto/maps/kioto/models (1)/OfficeChairGrey_071/model.config
-- Up-to-date: /ws/install/kioto/share/kioto/maps/kioto/models (1)/OfficeChairGrey_086
-- Up-to-date: /ws/install/kioto/share/kioto/maps/kioto/models (1)/OfficeChairGrey_086/meshes
-- Up-to-date: /ws/install/kioto/share/kioto/maps/kioto/models (1)/OfficeChairGrey_086/model.sdf
-- Up-to-date: /ws/install/kioto/share/kioto/maps/kioto/models (1)/OfficeChairGrey_086/model.config
-- Up-to-date: /ws/install/kioto/share/kioto/maps/kioto/models (1)/AdjTable_059
-- Up-to-date: /ws/install/kioto/share/kioto/maps/kioto/models (1)/AdjTable_059/meshes
-- Up-to-date: /ws/install/kioto/share/kioto/maps/kioto/models (1)/AdjTable_059/model.sdf
-- Up-to-date: /ws/install/kioto/share/kioto/maps/kioto/models (1)/AdjTable_059/model.config
-- Up-to-date: /ws/install/kioto/share/kioto/maps/kioto/models (1)/OfficeChairGrey_055
-- Up-to-date: /ws/install/kioto/share/kioto/maps/kioto/models (1)/OfficeChairGrey_055/meshes
-- Up-to-date: /ws/install/kioto/share/kioto/maps/kioto/models (1)/OfficeChairGrey_055/model.sdf
-- Up-to-date: /ws/install/kioto/share/kioto/maps/kioto/models (1)/OfficeChairGrey_055/model.config
-- Up-to-date: /ws/install/kioto/share/kioto/maps/kioto/models (1)/AdjTable_063
-- Up-to-date: /ws/install/kioto/share/kioto/maps/kioto/models (1)/AdjTable_063/meshes
-- Up-to-date: /ws/install/kioto/share/kioto/maps/kioto/models (1)/AdjTable_063/model.sdf
-- Up-to-date: /ws/install/kioto/share/kioto/maps/kioto/models (1)/AdjTable_063/model.config
-- Up-to-date: /ws/install/kioto/share/kioto/maps/kioto/models (1)/OfficeChairGrey_023
-- Up-to-date: /ws/install/kioto/share/kioto/maps/kioto/models (1)/OfficeChairGrey_023/meshes
-- Up-to-date: /ws/install/kioto/share/kioto/maps/kioto/models (1)/OfficeChairGrey_023/model.sdf
-- Up-to-date: /ws/install/kioto/share/kioto/maps/kioto/models (1)/OfficeChairGrey_023/model.config
-- Up-to-date: /ws/install/kioto/share/kioto/maps/kioto/models (1)/AdjTable_004
-- Up-to-date: /ws/install/kioto/share/kioto/maps/kioto/models (1)/AdjTable_004/meshes
-- Up-to-date: /ws/install/kioto/share/kioto/maps/kioto/models (1)/AdjTable_004/model.sdf
-- Up-to-date: /ws/install/kioto/share/kioto/maps/kioto/models (1)/AdjTable_004/model.config
-- Up-to-date: /ws/install/kioto/share/kioto/maps/kioto/models (1)/AdjTable_060
-- Up-to-date: /ws/install/kioto/share/kioto/maps/kioto/models (1)/AdjTable_060/meshes
-- Up-to-date: /ws/install/kioto/share/kioto/maps/kioto/models (1)/AdjTable_060/model.sdf
-- Up-to-date: /ws/install/kioto/share/kioto/maps/kioto/models (1)/AdjTable_060/model.config
-- Up-to-date: /ws/install/kioto/share/kioto/maps/kioto/models (1)/AdjTable_001
-- Up-to-date: /ws/install/kioto/share/kioto/maps/kioto/models (1)/AdjTable_001/meshes
-- Up-to-date: /ws/install/kioto/share/kioto/maps/kioto/models (1)/AdjTable_001/model.sdf
-- Up-to-date: /ws/install/kioto/share/kioto/maps/kioto/models (1)/AdjTable_001/model.config
-- Up-to-date: /ws/install/kioto/share/kioto/maps/kioto/models (1)/OfficeChairGrey_109
-- Up-to-date: /ws/install/kioto/share/kioto/maps/kioto/models (1)/OfficeChairGrey_109/meshes
-- Up-to-date: /ws/install/kioto/share/kioto/maps/kioto/models (1)/OfficeChairGrey_109/model.sdf
-- Up-to-date: /ws/install/kioto/share/kioto/maps/kioto/models (1)/OfficeChairGrey_109/model.config
-- Up-to-date: /ws/install/kioto/share/kioto/maps/kioto/models (1)/OfficeChairGrey_018
-- Up-to-date: /ws/install/kioto/share/kioto/maps/kioto/models (1)/OfficeChairGrey_018/meshes
-- Up-to-date: /ws/install/kioto/share/kioto/maps/kioto/models (1)/OfficeChairGrey_018/model.sdf
-- Up-to-date: /ws/install/kioto/share/kioto/maps/kioto/models (1)/OfficeChairGrey_018/model.config
-- Up-to-date: /ws/install/kioto/share/kioto/maps/kioto/models (1)/AdjTable_031
-- Up-to-date: /ws/install/kioto/share/kioto/maps/kioto/models (1)/AdjTable_031/meshes
-- Up-to-date: /ws/install/kioto/share/kioto/maps/kioto/models (1)/AdjTable_031/model.sdf
-- Up-to-date: /ws/install/kioto/share/kioto/maps/kioto/models (1)/AdjTable_031/model.config
-- Up-to-date: /ws/install/kioto/share/kioto/maps/kioto/models (1)/AdjTable_016
-- Up-to-date: /ws/install/kioto/share/kioto/maps/kioto/models (1)/AdjTable_016/meshes
-- Up-to-date: /ws/install/kioto/share/kioto/maps/kioto/models (1)/AdjTable_016/model.sdf
-- Up-to-date: /ws/install/kioto/share/kioto/maps/kioto/models (1)/AdjTable_016/model.config
-- Up-to-date: /ws/install/kioto/share/kioto/maps/kioto/models (1)/OfficeChairGrey_123
-- Up-to-date: /ws/install/kioto/share/kioto/maps/kioto/models (1)/OfficeChairGrey_123/meshes
-- Up-to-date: /ws/install/kioto/share/kioto/maps/kioto/models (1)/OfficeChairGrey_123/model.sdf
-- Up-to-date: /ws/install/kioto/share/kioto/maps/kioto/models (1)/OfficeChairGrey_123/model.config
-- Up-to-date: /ws/install/kioto/share/kioto/maps/kioto/models (1)/AdjTable_072
-- Up-to-date: /ws/install/kioto/share/kioto/maps/kioto/models (1)/AdjTable_072/meshes
-- Up-to-date: /ws/install/kioto/share/kioto/maps/kioto/models (1)/AdjTable_072/model.sdf
-- Up-to-date: /ws/install/kioto/share/kioto/maps/kioto/models (1)/AdjTable_072/model.config
-- Up-to-date: /ws/install/kioto/share/kioto/maps/kioto/models (1)/OfficeChairGrey_127
-- Up-to-date: /ws/install/kioto/share/kioto/maps/kioto/models (1)/OfficeChairGrey_127/meshes
-- Up-to-date: /ws/install/kioto/share/kioto/maps/kioto/models (1)/OfficeChairGrey_127/model.sdf
-- Up-to-date: /ws/install/kioto/share/kioto/maps/kioto/models (1)/OfficeChairGrey_127/model.config
-- Up-to-date: /ws/install/kioto/share/kioto/maps/kioto/models (1)/OfficeChairGrey_005
-- Up-to-date: /ws/install/kioto/share/kioto/maps/kioto/models (1)/OfficeChairGrey_005/meshes
-- Up-to-date: /ws/install/kioto/share/kioto/maps/kioto/models (1)/OfficeChairGrey_005/model.sdf
-- Up-to-date: /ws/install/kioto/share/kioto/maps/kioto/models (1)/OfficeChairGrey_005/model.config
-- Up-to-date: /ws/install/kioto/share/kioto/maps/kioto/models (1)/OfficeChairGrey_115
-- Up-to-date: /ws/install/kioto/share/kioto/maps/kioto/models (1)/OfficeChairGrey_115/meshes
-- Up-to-date: /ws/install/kioto/share/kioto/maps/kioto/models (1)/OfficeChairGrey_115/model.sdf
-- Up-to-date: /ws/install/kioto/share/kioto/maps/kioto/models (1)/OfficeChairGrey_115/model.config
-- Up-to-date: /ws/install/kioto/share/kioto/maps/kioto/models (1)/OfficeChairGrey_146
-- Up-to-date: /ws/install/kioto/share/kioto/maps/kioto/models (1)/OfficeChairGrey_146/meshes
-- Up-to-date: /ws/install/kioto/share/kioto/maps/kioto/models (1)/OfficeChairGrey_146/model.sdf
-- Up-to-date: /ws/install/kioto/share/kioto/maps/kioto/models (1)/OfficeChairGrey_146/model.config
-- Up-to-date: /ws/install/kioto/share/kioto/maps/kioto/models (1)/OfficeChairGrey_030
-- Up-to-date: /ws/install/kioto/share/kioto/maps/kioto/models (1)/OfficeChairGrey_030/meshes
-- Up-to-date: /ws/install/kioto/share/kioto/maps/kioto/models (1)/OfficeChairGrey_030/model.sdf
-- Up-to-date: /ws/install/kioto/share/kioto/maps/kioto/models (1)/OfficeChairGrey_030/model.config
-- Up-to-date: /ws/install/kioto/share/kioto/maps/kioto/models (1)/OfficeChairGrey_088
-- Up-to-date: /ws/install/kioto/share/kioto/maps/kioto/models (1)/OfficeChairGrey_088/meshes
-- Up-to-date: /ws/install/kioto/share/kioto/maps/kioto/models (1)/OfficeChairGrey_088/model.sdf
-- Up-to-date: /ws/install/kioto/share/kioto/maps/kioto/models (1)/OfficeChairGrey_088/model.config
-- Up-to-date: /ws/install/kioto/share/kioto/maps/kioto/models (1)/OfficeChairGrey_095
-- Up-to-date: /ws/install/kioto/share/kioto/maps/kioto/models (1)/OfficeChairGrey_095/meshes
-- Up-to-date: /ws/install/kioto/share/kioto/maps/kioto/models (1)/OfficeChairGrey_095/model.sdf
-- Up-to-date: /ws/install/kioto/share/kioto/maps/kioto/models (1)/OfficeChairGrey_095/model.config
-- Up-to-date: /ws/install/kioto/share/kioto/maps/kioto/models (1)/OfficeChairGrey_048
-- Up-to-date: /ws/install/kioto/share/kioto/maps/kioto/models (1)/OfficeChairGrey_048/meshes
-- Up-to-date: /ws/install/kioto/share/kioto/maps/kioto/models (1)/OfficeChairGrey_048/model.sdf
-- Up-to-date: /ws/install/kioto/share/kioto/maps/kioto/models (1)/OfficeChairGrey_048/model.config
-- Up-to-date: /ws/install/kioto/share/kioto/maps/kioto/models (1)/OfficeChairGrey_142
-- Up-to-date: /ws/install/kioto/share/kioto/maps/kioto/models (1)/OfficeChairGrey_142/meshes
-- Up-to-date: /ws/install/kioto/share/kioto/maps/kioto/models (1)/OfficeChairGrey_142/model.sdf
-- Up-to-date: /ws/install/kioto/share/kioto/maps/kioto/models (1)/OfficeChairGrey_142/model.config
-- Up-to-date: /ws/install/kioto/share/kioto/maps/kioto/models (1)/AdjTable_049
-- Up-to-date: /ws/install/kioto/share/kioto/maps/kioto/models (1)/AdjTable_049/meshes
-- Up-to-date: /ws/install/kioto/share/kioto/maps/kioto/models (1)/AdjTable_049/model.sdf
-- Up-to-date: /ws/install/kioto/share/kioto/maps/kioto/models (1)/AdjTable_049/model.config
-- Up-to-date: /ws/install/kioto/share/kioto/maps/kioto/models (1)/AdjTable_055
-- Up-to-date: /ws/install/kioto/share/kioto/maps/kioto/models (1)/AdjTable_055/meshes
-- Up-to-date: /ws/install/kioto/share/kioto/maps/kioto/models (1)/AdjTable_055/model.sdf
-- Up-to-date: /ws/install/kioto/share/kioto/maps/kioto/models (1)/AdjTable_055/model.config
-- Up-to-date: /ws/install/kioto/share/kioto/maps/kioto/models (1)/AdjTable_058
-- Up-to-date: /ws/install/kioto/share/kioto/maps/kioto/models (1)/AdjTable_058/meshes
-- Up-to-date: /ws/install/kioto/share/kioto/maps/kioto/models (1)/AdjTable_058/model.sdf
-- Up-to-date: /ws/install/kioto/share/kioto/maps/kioto/models (1)/AdjTable_058/model.config
-- Up-to-date: /ws/install/kioto/share/kioto/maps/kioto/models (1)/OfficeChairGrey_021
-- Up-to-date: /ws/install/kioto/share/kioto/maps/kioto/models (1)/OfficeChairGrey_021/meshes
-- Up-to-date: /ws/install/kioto/share/kioto/maps/kioto/models (1)/OfficeChairGrey_021/model.sdf
-- Up-to-date: /ws/install/kioto/share/kioto/maps/kioto/models (1)/OfficeChairGrey_021/model.config
-- Up-to-date: /ws/install/kioto/share/kioto/maps/kioto/models (1)/OfficeChairGrey_132
-- Up-to-date: /ws/install/kioto/share/kioto/maps/kioto/models (1)/OfficeChairGrey_132/meshes
-- Up-to-date: /ws/install/kioto/share/kioto/maps/kioto/models (1)/OfficeChairGrey_132/model.sdf
-- Up-to-date: /ws/install/kioto/share/kioto/maps/kioto/models (1)/OfficeChairGrey_132/model.config
-- Up-to-date: /ws/install/kioto/share/kioto/maps/kioto/models (1)/AdjTable_003
-- Up-to-date: /ws/install/kioto/share/kioto/maps/kioto/models (1)/AdjTable_003/meshes
-- Up-to-date: /ws/install/kioto/share/kioto/maps/kioto/models (1)/AdjTable_003/model.sdf
-- Up-to-date: /ws/install/kioto/share/kioto/maps/kioto/models (1)/AdjTable_003/model.config
-- Up-to-date: /ws/install/kioto/share/kioto/maps/kioto/models (1)/AdjTable_040
-- Up-to-date: /ws/install/kioto/share/kioto/maps/kioto/models (1)/AdjTable_040/meshes
-- Up-to-date: /ws/install/kioto/share/kioto/maps/kioto/models (1)/AdjTable_040/model.sdf
-- Up-to-date: /ws/install/kioto/share/kioto/maps/kioto/models (1)/AdjTable_040/model.config
-- Up-to-date: /ws/install/kioto/share/kioto/maps/kioto/models (1)/OfficeChairGrey_064
-- Up-to-date: /ws/install/kioto/share/kioto/maps/kioto/models (1)/OfficeChairGrey_064/meshes
-- Up-to-date: /ws/install/kioto/share/kioto/maps/kioto/models (1)/OfficeChairGrey_064/model.sdf
-- Up-to-date: /ws/install/kioto/share/kioto/maps/kioto/models (1)/OfficeChairGrey_064/model.config
-- Up-to-date: /ws/install/kioto/share/kioto/maps/kioto/models (1)/OfficeChairGrey_099
-- Up-to-date: /ws/install/kioto/share/kioto/maps/kioto/models (1)/OfficeChairGrey_099/meshes
-- Up-to-date: /ws/install/kioto/share/kioto/maps/kioto/models (1)/OfficeChairGrey_099/model.sdf
-- Up-to-date: /ws/install/kioto/share/kioto/maps/kioto/models (1)/OfficeChairGrey_099/model.config
-- Up-to-date: /ws/install/kioto/share/kioto/maps/kioto/models (1)/OfficeChairGrey
-- Up-to-date: /ws/install/kioto/share/kioto/maps/kioto/models (1)/OfficeChairGrey/thumbnails
-- Up-to-date: /ws/install/kioto/share/kioto/maps/kioto/models (1)/OfficeChairGrey/thumbnails/1.png
-- Up-to-date: /ws/install/kioto/share/kioto/maps/kioto/models (1)/OfficeChairGrey/thumbnails/4.png
-- Up-to-date: /ws/install/kioto/share/kioto/maps/kioto/models (1)/OfficeChairGrey/thumbnails/meta
-- Up-to-date: /ws/install/kioto/share/kioto/maps/kioto/models (1)/OfficeChairGrey/thumbnails/meta/1.png
-- Up-to-date: /ws/install/kioto/share/kioto/maps/kioto/models (1)/OfficeChairGrey/thumbnails/meta/4.png
-- Up-to-date: /ws/install/kioto/share/kioto/maps/kioto/models (1)/OfficeChairGrey/thumbnails/meta/3.png
-- Up-to-date: /ws/install/kioto/share/kioto/maps/kioto/models (1)/OfficeChairGrey/thumbnails/meta/5.png
-- Up-to-date: /ws/install/kioto/share/kioto/maps/kioto/models (1)/OfficeChairGrey/thumbnails/meta/2.png
-- Up-to-date: /ws/install/kioto/share/kioto/maps/kioto/models (1)/OfficeChairGrey/thumbnails/3.png
-- Up-to-date: /ws/install/kioto/share/kioto/maps/kioto/models (1)/OfficeChairGrey/thumbnails/5.png
-- Up-to-date: /ws/install/kioto/share/kioto/maps/kioto/models (1)/OfficeChairGrey/thumbnails/2.png
-- Up-to-date: /ws/install/kioto/share/kioto/maps/kioto/models (1)/OfficeChairGrey/meshes
-- Up-to-date: /ws/install/kioto/share/kioto/maps/kioto/models (1)/OfficeChairGrey/meshes/OfficeChairGrey_Col.obj
-- Up-to-date: /ws/install/kioto/share/kioto/maps/kioto/models (1)/OfficeChairGrey/meshes/OfficeChairGrey.png
-- Up-to-date: /ws/install/kioto/share/kioto/maps/kioto/models (1)/OfficeChairGrey/meshes/OfficeChairGrey.mtl
-- Up-to-date: /ws/install/kioto/share/kioto/maps/kioto/models (1)/OfficeChairGrey/meshes/OfficeChairGrey_Col.mtl
-- Up-to-date: /ws/install/kioto/share/kioto/maps/kioto/models (1)/OfficeChairGrey/meshes/OfficeChairGrey.obj
-- Up-to-date: /ws/install/kioto/share/kioto/maps/kioto/models (1)/OfficeChairGrey/model.sdf
-- Up-to-date: /ws/install/kioto/share/kioto/maps/kioto/models (1)/OfficeChairGrey/model.config
-- Up-to-date: /ws/install/kioto/share/kioto/maps/kioto/models (1)/AdjTable_074
-- Up-to-date: /ws/install/kioto/share/kioto/maps/kioto/models (1)/AdjTable_074/meshes
-- Up-to-date: /ws/install/kioto/share/kioto/maps/kioto/models (1)/AdjTable_074/model.sdf
-- Up-to-date: /ws/install/kioto/share/kioto/maps/kioto/models (1)/AdjTable_074/model.config
-- Up-to-date: /ws/install/kioto/share/kioto/maps/kioto/models (1)/vamoaver_L1
-- Up-to-date: /ws/install/kioto/share/kioto/maps/kioto/models (1)/vamoaver_L1/meshes
-- Up-to-date: /ws/install/kioto/share/kioto/maps/kioto/models (1)/vamoaver_L1/meshes/wall_1.mtl
-- Up-to-date: /ws/install/kioto/share/kioto/maps/kioto/models (1)/vamoaver_L1/meshes/wall_1.obj
-- Up-to-date: /ws/install/kioto/share/kioto/maps/kioto/models (1)/vamoaver_L1/meshes/floor_1.obj
-- Up-to-date: /ws/install/kioto/share/kioto/maps/kioto/models (1)/vamoaver_L1/meshes/floor_1.mtl
-- Up-to-date: /ws/install/kioto/share/kioto/maps/kioto/models (1)/vamoaver_L1/meshes/blue_linoleum.png
-- Up-to-date: /ws/install/kioto/share/kioto/maps/kioto/models (1)/vamoaver_L1/meshes/model.material
-- Up-to-date: /ws/install/kioto/share/kioto/maps/kioto/models (1)/vamoaver_L1/meshes/default.png
-- Up-to-date: /ws/install/kioto/share/kioto/maps/kioto/models (1)/vamoaver_L1/model.sdf
-- Up-to-date: /ws/install/kioto/share/kioto/maps/kioto/models (1)/vamoaver_L1/model.config
-- Up-to-date: /ws/install/kioto/share/kioto/maps/kioto/models (1)/OfficeChairGrey_003
-- Up-to-date: /ws/install/kioto/share/kioto/maps/kioto/models (1)/OfficeChairGrey_003/meshes
-- Up-to-date: /ws/install/kioto/share/kioto/maps/kioto/models (1)/OfficeChairGrey_003/model.sdf
-- Up-to-date: /ws/install/kioto/share/kioto/maps/kioto/models (1)/OfficeChairGrey_003/model.config
-- Up-to-date: /ws/install/kioto/share/kioto/maps/kioto/models (1)/OfficeChairGrey_104
-- Up-to-date: /ws/install/kioto/share/kioto/maps/kioto/models (1)/OfficeChairGrey_104/meshes
-- Up-to-date: /ws/install/kioto/share/kioto/maps/kioto/models (1)/OfficeChairGrey_104/model.sdf
-- Up-to-date: /ws/install/kioto/share/kioto/maps/kioto/models (1)/OfficeChairGrey_104/model.config
-- Up-to-date: /ws/install/kioto/share/kioto/maps/kioto/models (1)/OfficeChairGrey_047
-- Up-to-date: /ws/install/kioto/share/kioto/maps/kioto/models (1)/OfficeChairGrey_047/meshes
-- Up-to-date: /ws/install/kioto/share/kioto/maps/kioto/models (1)/OfficeChairGrey_047/model.sdf
-- Up-to-date: /ws/install/kioto/share/kioto/maps/kioto/models (1)/OfficeChairGrey_047/model.config
-- Up-to-date: /ws/install/kioto/share/kioto/maps/kioto/models (1)/OfficeChairGrey_106
-- Up-to-date: /ws/install/kioto/share/kioto/maps/kioto/models (1)/OfficeChairGrey_106/meshes
-- Up-to-date: /ws/install/kioto/share/kioto/maps/kioto/models (1)/OfficeChairGrey_106/model.sdf
-- Up-to-date: /ws/install/kioto/share/kioto/maps/kioto/models (1)/OfficeChairGrey_106/model.config
-- Up-to-date: /ws/install/kioto/share/kioto/maps/kioto/models (1)/OfficeChairGrey_120
-- Up-to-date: /ws/install/kioto/share/kioto/maps/kioto/models (1)/OfficeChairGrey_120/meshes
-- Up-to-date: /ws/install/kioto/share/kioto/maps/kioto/models (1)/OfficeChairGrey_120/model.sdf
-- Up-to-date: /ws/install/kioto/share/kioto/maps/kioto/models (1)/OfficeChairGrey_120/model.config
-- Up-to-date: /ws/install/kioto/share/kioto/maps/kioto/models (1)/OfficeChairGrey_111
-- Up-to-date: /ws/install/kioto/share/kioto/maps/kioto/models (1)/OfficeChairGrey_111/meshes
-- Up-to-date: /ws/install/kioto/share/kioto/maps/kioto/models (1)/OfficeChairGrey_111/model.sdf
-- Up-to-date: /ws/install/kioto/share/kioto/maps/kioto/models (1)/OfficeChairGrey_111/model.config
-- Up-to-date: /ws/install/kioto/share/kioto/maps/kioto/models (1)/AdjTable_073
-- Up-to-date: /ws/install/kioto/share/kioto/maps/kioto/models (1)/AdjTable_073/meshes
-- Up-to-date: /ws/install/kioto/share/kioto/maps/kioto/models (1)/AdjTable_073/model.sdf
-- Up-to-date: /ws/install/kioto/share/kioto/maps/kioto/models (1)/AdjTable_073/model.config
-- Up-to-date: /ws/install/kioto/share/kioto/maps/kioto/models (1)/OfficeChairGrey_089
-- Up-to-date: /ws/install/kioto/share/kioto/maps/kioto/models (1)/OfficeChairGrey_089/meshes
-- Up-to-date: /ws/install/kioto/share/kioto/maps/kioto/models (1)/OfficeChairGrey_089/model.sdf
-- Up-to-date: /ws/install/kioto/share/kioto/maps/kioto/models (1)/OfficeChairGrey_089/model.config
-- Up-to-date: /ws/install/kioto/share/kioto/maps/kioto/models (1)/OfficeChairGrey_143
-- Up-to-date: /ws/install/kioto/share/kioto/maps/kioto/models (1)/OfficeChairGrey_143/meshes
-- Up-to-date: /ws/install/kioto/share/kioto/maps/kioto/models (1)/OfficeChairGrey_143/model.sdf
-- Up-to-date: /ws/install/kioto/share/kioto/maps/kioto/models (1)/OfficeChairGrey_143/model.config
-- Up-to-date: /ws/install/kioto/share/kioto/maps/kioto/models (1)/OfficeChairGrey_131
-- Up-to-date: /ws/install/kioto/share/kioto/maps/kioto/models (1)/OfficeChairGrey_131/meshes
-- Up-to-date: /ws/install/kioto/share/kioto/maps/kioto/models (1)/OfficeChairGrey_131/model.sdf
-- Up-to-date: /ws/install/kioto/share/kioto/maps/kioto/models (1)/OfficeChairGrey_131/model.config
-- Up-to-date: /ws/install/kioto/share/kioto/maps/kioto/models (1)/OfficeChairGrey_044
-- Up-to-date: /ws/install/kioto/share/kioto/maps/kioto/models (1)/OfficeChairGrey_044/meshes
-- Up-to-date: /ws/install/kioto/share/kioto/maps/kioto/models (1)/OfficeChairGrey_044/model.sdf
-- Up-to-date: /ws/install/kioto/share/kioto/maps/kioto/models (1)/OfficeChairGrey_044/model.config
-- Up-to-date: /ws/install/kioto/share/kioto/maps/kioto/models (1)/OfficeChairGrey_102
-- Up-to-date: /ws/install/kioto/share/kioto/maps/kioto/models (1)/OfficeChairGrey_102/meshes
-- Up-to-date: /ws/install/kioto/share/kioto/maps/kioto/models (1)/OfficeChairGrey_102/model.sdf
-- Up-to-date: /ws/install/kioto/share/kioto/maps/kioto/models (1)/OfficeChairGrey_102/model.config
-- Up-to-date: /ws/install/kioto/share/kioto/maps/kioto/models (1)/OfficeChairGrey_067
-- Up-to-date: /ws/install/kioto/share/kioto/maps/kioto/models (1)/OfficeChairGrey_067/meshes
-- Up-to-date: /ws/install/kioto/share/kioto/maps/kioto/models (1)/OfficeChairGrey_067/model.sdf
-- Up-to-date: /ws/install/kioto/share/kioto/maps/kioto/models (1)/OfficeChairGrey_067/model.config
-- Up-to-date: /ws/install/kioto/share/kioto/maps/kioto/models (1)/OfficeChairGrey_148
-- Up-to-date: /ws/install/kioto/share/kioto/maps/kioto/models (1)/OfficeChairGrey_148/meshes
-- Up-to-date: /ws/install/kioto/share/kioto/maps/kioto/models (1)/OfficeChairGrey_148/model.sdf
-- Up-to-date: /ws/install/kioto/share/kioto/maps/kioto/models (1)/OfficeChairGrey_148/model.config
-- Up-to-date: /ws/install/kioto/share/kioto/maps/kioto/models (1)/OfficeChairGrey_019
-- Up-to-date: /ws/install/kioto/share/kioto/maps/kioto/models (1)/OfficeChairGrey_019/meshes
-- Up-to-date: /ws/install/kioto/share/kioto/maps/kioto/models (1)/OfficeChairGrey_019/model.sdf
-- Up-to-date: /ws/install/kioto/share/kioto/maps/kioto/models (1)/OfficeChairGrey_019/model.config
-- Up-to-date: /ws/install/kioto/share/kioto/maps/kioto/models (1)/AdjTable_071
-- Up-to-date: /ws/install/kioto/share/kioto/maps/kioto/models (1)/AdjTable_071/meshes
-- Up-to-date: /ws/install/kioto/share/kioto/maps/kioto/models (1)/AdjTable_071/model.sdf
-- Up-to-date: /ws/install/kioto/share/kioto/maps/kioto/models (1)/AdjTable_071/model.config
-- Up-to-date: /ws/install/kioto/share/kioto/maps/kioto/models (1)/OfficeChairGrey_002
-- Up-to-date: /ws/install/kioto/share/kioto/maps/kioto/models (1)/OfficeChairGrey_002/meshes
-- Up-to-date: /ws/install/kioto/share/kioto/maps/kioto/models (1)/OfficeChairGrey_002/model.sdf
-- Up-to-date: /ws/install/kioto/share/kioto/maps/kioto/models (1)/OfficeChairGrey_002/model.config
-- Up-to-date: /ws/install/kioto/share/kioto/maps/kioto/models (1)/OfficeChairGrey_045
-- Up-to-date: /ws/install/kioto/share/kioto/maps/kioto/models (1)/OfficeChairGrey_045/meshes
-- Up-to-date: /ws/install/kioto/share/kioto/maps/kioto/models (1)/OfficeChairGrey_045/model.sdf
-- Up-to-date: /ws/install/kioto/share/kioto/maps/kioto/models (1)/OfficeChairGrey_045/model.config
-- Up-to-date: /ws/install/kioto/share/kioto/maps/kioto/models (1)/AdjTable_070
-- Up-to-date: /ws/install/kioto/share/kioto/maps/kioto/models (1)/AdjTable_070/meshes
-- Up-to-date: /ws/install/kioto/share/kioto/maps/kioto/models (1)/AdjTable_070/model.sdf
-- Up-to-date: /ws/install/kioto/share/kioto/maps/kioto/models (1)/AdjTable_070/model.config
-- Up-to-date: /ws/install/kioto/share/kioto/maps/kioto/models (1)/AdjTable_053
-- Up-to-date: /ws/install/kioto/share/kioto/maps/kioto/models (1)/AdjTable_053/meshes
-- Up-to-date: /ws/install/kioto/share/kioto/maps/kioto/models (1)/AdjTable_053/model.sdf
-- Up-to-date: /ws/install/kioto/share/kioto/maps/kioto/models (1)/AdjTable_053/model.config
-- Up-to-date: /ws/install/kioto/share/kioto/maps/kioto/models (1)/AdjTable_020
-- Up-to-date: /ws/install/kioto/share/kioto/maps/kioto/models (1)/AdjTable_020/meshes
-- Up-to-date: /ws/install/kioto/share/kioto/maps/kioto/models (1)/AdjTable_020/model.sdf
-- Up-to-date: /ws/install/kioto/share/kioto/maps/kioto/models (1)/AdjTable_020/model.config
-- Up-to-date: /ws/install/kioto/share/kioto/maps/kioto/models (1)/OfficeChairGrey_098
-- Up-to-date: /ws/install/kioto/share/kioto/maps/kioto/models (1)/OfficeChairGrey_098/meshes
-- Up-to-date: /ws/install/kioto/share/kioto/maps/kioto/models (1)/OfficeChairGrey_098/model.sdf
-- Up-to-date: /ws/install/kioto/share/kioto/maps/kioto/models (1)/OfficeChairGrey_098/model.config
-- Up-to-date: /ws/install/kioto/share/kioto/maps/kioto/models (1)/OfficeChairGrey_056
-- Up-to-date: /ws/install/kioto/share/kioto/maps/kioto/models (1)/OfficeChairGrey_056/meshes
-- Up-to-date: /ws/install/kioto/share/kioto/maps/kioto/models (1)/OfficeChairGrey_056/model.sdf
-- Up-to-date: /ws/install/kioto/share/kioto/maps/kioto/models (1)/OfficeChairGrey_056/model.config
-- Up-to-date: /ws/install/kioto/share/kioto/maps/kioto/models (1)/AdjTable_008
-- Up-to-date: /ws/install/kioto/share/kioto/maps/kioto/models (1)/AdjTable_008/meshes
-- Up-to-date: /ws/install/kioto/share/kioto/maps/kioto/models (1)/AdjTable_008/model.sdf
-- Up-to-date: /ws/install/kioto/share/kioto/maps/kioto/models (1)/AdjTable_008/model.config
-- Up-to-date: /ws/install/kioto/share/kioto/maps/kioto/models (1)/OfficeChairGrey_135
-- Up-to-date: /ws/install/kioto/share/kioto/maps/kioto/models (1)/OfficeChairGrey_135/meshes
-- Up-to-date: /ws/install/kioto/share/kioto/maps/kioto/models (1)/OfficeChairGrey_135/model.sdf
-- Up-to-date: /ws/install/kioto/share/kioto/maps/kioto/models (1)/OfficeChairGrey_135/model.config
-- Up-to-date: /ws/install/kioto/share/kioto/maps/kioto/models (1)/AdjTable_017
-- Up-to-date: /ws/install/kioto/share/kioto/maps/kioto/models (1)/AdjTable_017/meshes
-- Up-to-date: /ws/install/kioto/share/kioto/maps/kioto/models (1)/AdjTable_017/model.sdf
-- Up-to-date: /ws/install/kioto/share/kioto/maps/kioto/models (1)/AdjTable_017/model.config
-- Up-to-date: /ws/install/kioto/share/kioto/maps/kioto/models (1)/OfficeChairGrey_037
-- Up-to-date: /ws/install/kioto/share/kioto/maps/kioto/models (1)/OfficeChairGrey_037/meshes
-- Up-to-date: /ws/install/kioto/share/kioto/maps/kioto/models (1)/OfficeChairGrey_037/model.sdf
-- Up-to-date: /ws/install/kioto/share/kioto/maps/kioto/models (1)/OfficeChairGrey_037/model.config
-- Up-to-date: /ws/install/kioto/share/kioto/maps/kioto/models (1)/AdjTable_056
-- Up-to-date: /ws/install/kioto/share/kioto/maps/kioto/models (1)/AdjTable_056/meshes
-- Up-to-date: /ws/install/kioto/share/kioto/maps/kioto/models (1)/AdjTable_056/model.sdf
-- Up-to-date: /ws/install/kioto/share/kioto/maps/kioto/models (1)/AdjTable_056/model.config
-- Up-to-date: /ws/install/kioto/share/kioto/maps/kioto/models (1)/OfficeChairGrey_079
-- Up-to-date: /ws/install/kioto/share/kioto/maps/kioto/models (1)/OfficeChairGrey_079/meshes
-- Up-to-date: /ws/install/kioto/share/kioto/maps/kioto/models (1)/OfficeChairGrey_079/model.sdf
-- Up-to-date: /ws/install/kioto/share/kioto/maps/kioto/models (1)/OfficeChairGrey_079/model.config
-- Up-to-date: /ws/install/kioto/share/kioto/maps/kioto/models (1)/AdjTable_067
-- Up-to-date: /ws/install/kioto/share/kioto/maps/kioto/models (1)/AdjTable_067/meshes
-- Up-to-date: /ws/install/kioto/share/kioto/maps/kioto/models (1)/AdjTable_067/model.sdf
-- Up-to-date: /ws/install/kioto/share/kioto/maps/kioto/models (1)/AdjTable_067/model.config
-- Up-to-date: /ws/install/kioto/share/kioto/maps/kioto/models (1)/AdjTable_011
-- Up-to-date: /ws/install/kioto/share/kioto/maps/kioto/models (1)/AdjTable_011/meshes
-- Up-to-date: /ws/install/kioto/share/kioto/maps/kioto/models (1)/AdjTable_011/model.sdf
-- Up-to-date: /ws/install/kioto/share/kioto/maps/kioto/models (1)/AdjTable_011/model.config
-- Up-to-date: /ws/install/kioto/share/kioto/maps/kioto/models (1)/OfficeChairGrey_012
-- Up-to-date: /ws/install/kioto/share/kioto/maps/kioto/models (1)/OfficeChairGrey_012/meshes
-- Up-to-date: /ws/install/kioto/share/kioto/maps/kioto/models (1)/OfficeChairGrey_012/model.sdf
-- Up-to-date: /ws/install/kioto/share/kioto/maps/kioto/models (1)/OfficeChairGrey_012/model.config
-- Up-to-date: /ws/install/kioto/share/kioto/maps/kioto/models (1)/AdjTable_002
-- Up-to-date: /ws/install/kioto/share/kioto/maps/kioto/models (1)/AdjTable_002/meshes
-- Up-to-date: /ws/install/kioto/share/kioto/maps/kioto/models (1)/AdjTable_002/model.sdf
-- Up-to-date: /ws/install/kioto/share/kioto/maps/kioto/models (1)/AdjTable_002/model.config
-- Up-to-date: /ws/install/kioto/share/kioto/maps/kioto/models (1)/OfficeChairGrey_011
-- Up-to-date: /ws/install/kioto/share/kioto/maps/kioto/models (1)/OfficeChairGrey_011/meshes
-- Up-to-date: /ws/install/kioto/share/kioto/maps/kioto/models (1)/OfficeChairGrey_011/model.sdf
-- Up-to-date: /ws/install/kioto/share/kioto/maps/kioto/models (1)/OfficeChairGrey_011/model.config
-- Up-to-date: /ws/install/kioto/share/kioto/maps/kioto/models (1)/OfficeChairGrey_069
-- Up-to-date: /ws/install/kioto/share/kioto/maps/kioto/models (1)/OfficeChairGrey_069/meshes
-- Up-to-date: /ws/install/kioto/share/kioto/maps/kioto/models (1)/OfficeChairGrey_069/model.sdf
-- Up-to-date: /ws/install/kioto/share/kioto/maps/kioto/models (1)/OfficeChairGrey_069/model.config
-- Up-to-date: /ws/install/kioto/share/kioto/maps/kioto/models (1)/OfficeChairGrey_028
-- Up-to-date: /ws/install/kioto/share/kioto/maps/kioto/models (1)/OfficeChairGrey_028/meshes
-- Up-to-date: /ws/install/kioto/share/kioto/maps/kioto/models (1)/OfficeChairGrey_028/model.sdf
-- Up-to-date: /ws/install/kioto/share/kioto/maps/kioto/models (1)/OfficeChairGrey_028/model.config
-- Up-to-date: /ws/install/kioto/share/kioto/maps/kioto/models (1)/OfficeChairGrey_017
-- Up-to-date: /ws/install/kioto/share/kioto/maps/kioto/models (1)/OfficeChairGrey_017/meshes
-- Up-to-date: /ws/install/kioto/share/kioto/maps/kioto/models (1)/OfficeChairGrey_017/model.sdf
-- Up-to-date: /ws/install/kioto/share/kioto/maps/kioto/models (1)/OfficeChairGrey_017/model.config
-- Up-to-date: /ws/install/kioto/share/kioto/maps/kioto/models (1)/AdjTable_050
-- Up-to-date: /ws/install/kioto/share/kioto/maps/kioto/models (1)/AdjTable_050/meshes
-- Up-to-date: /ws/install/kioto/share/kioto/maps/kioto/models (1)/AdjTable_050/model.sdf
-- Up-to-date: /ws/install/kioto/share/kioto/maps/kioto/models (1)/AdjTable_050/model.config
-- Up-to-date: /ws/install/kioto/share/kioto/maps/kioto/models (1)/AdjTable_026
-- Up-to-date: /ws/install/kioto/share/kioto/maps/kioto/models (1)/AdjTable_026/meshes
-- Up-to-date: /ws/install/kioto/share/kioto/maps/kioto/models (1)/AdjTable_026/model.sdf
-- Up-to-date: /ws/install/kioto/share/kioto/maps/kioto/models (1)/AdjTable_026/model.config
-- Up-to-date: /ws/install/kioto/share/kioto/maps/kioto/models (1)/OfficeChairGrey_051
-- Up-to-date: /ws/install/kioto/share/kioto/maps/kioto/models (1)/OfficeChairGrey_051/meshes
-- Up-to-date: /ws/install/kioto/share/kioto/maps/kioto/models (1)/OfficeChairGrey_051/model.sdf
-- Up-to-date: /ws/install/kioto/share/kioto/maps/kioto/models (1)/OfficeChairGrey_051/model.config
-- Up-to-date: /ws/install/kioto/share/kioto/maps/kioto/models (1)/AdjTable_041
-- Up-to-date: /ws/install/kioto/share/kioto/maps/kioto/models (1)/AdjTable_041/meshes
-- Up-to-date: /ws/install/kioto/share/kioto/maps/kioto/models (1)/AdjTable_041/model.sdf
-- Up-to-date: /ws/install/kioto/share/kioto/maps/kioto/models (1)/AdjTable_041/model.config
-- Up-to-date: /ws/install/kioto/share/kioto/maps/kioto/models (1)/OfficeChairGrey_122
-- Up-to-date: /ws/install/kioto/share/kioto/maps/kioto/models (1)/OfficeChairGrey_122/meshes
-- Up-to-date: /ws/install/kioto/share/kioto/maps/kioto/models (1)/OfficeChairGrey_122/model.sdf
-- Up-to-date: /ws/install/kioto/share/kioto/maps/kioto/models (1)/OfficeChairGrey_122/model.config
-- Up-to-date: /ws/install/kioto/share/kioto/maps/kioto/models (1)/OfficeChairGrey_062
-- Up-to-date: /ws/install/kioto/share/kioto/maps/kioto/models (1)/OfficeChairGrey_062/meshes
-- Up-to-date: /ws/install/kioto/share/kioto/maps/kioto/models (1)/OfficeChairGrey_062/model.sdf
-- Up-to-date: /ws/install/kioto/share/kioto/maps/kioto/models (1)/OfficeChairGrey_062/model.config
-- Up-to-date: /ws/install/kioto/share/kioto/maps/kioto/models (1)/OfficeChairGrey_126
-- Up-to-date: /ws/install/kioto/share/kioto/maps/kioto/models (1)/OfficeChairGrey_126/meshes
-- Up-to-date: /ws/install/kioto/share/kioto/maps/kioto/models (1)/OfficeChairGrey_126/model.sdf
-- Up-to-date: /ws/install/kioto/share/kioto/maps/kioto/models (1)/OfficeChairGrey_126/model.config
-- Up-to-date: /ws/install/kioto/share/kioto/maps/kioto/models (1)/AdjTable_069
-- Up-to-date: /ws/install/kioto/share/kioto/maps/kioto/models (1)/AdjTable_069/meshes
-- Up-to-date: /ws/install/kioto/share/kioto/maps/kioto/models (1)/AdjTable_069/model.sdf
-- Up-to-date: /ws/install/kioto/share/kioto/maps/kioto/models (1)/AdjTable_069/model.config
-- Up-to-date: /ws/install/kioto/share/kioto/maps/kioto/models (1)/OfficeChairGrey_141
-- Up-to-date: /ws/install/kioto/share/kioto/maps/kioto/models (1)/OfficeChairGrey_141/meshes
-- Up-to-date: /ws/install/kioto/share/kioto/maps/kioto/models (1)/OfficeChairGrey_141/model.sdf
-- Up-to-date: /ws/install/kioto/share/kioto/maps/kioto/models (1)/OfficeChairGrey_141/model.config
-- Up-to-date: /ws/install/kioto/share/kioto/maps/kioto/models (1)/OfficeChairGrey_007
-- Up-to-date: /ws/install/kioto/share/kioto/maps/kioto/models (1)/OfficeChairGrey_007/meshes
-- Up-to-date: /ws/install/kioto/share/kioto/maps/kioto/models (1)/OfficeChairGrey_007/model.sdf
-- Up-to-date: /ws/install/kioto/share/kioto/maps/kioto/models (1)/OfficeChairGrey_007/model.config
-- Up-to-date: /ws/install/kioto/share/kioto/maps/kioto/models (1)/OfficeChairGrey_074
-- Up-to-date: /ws/install/kioto/share/kioto/maps/kioto/models (1)/OfficeChairGrey_074/meshes
-- Up-to-date: /ws/install/kioto/share/kioto/maps/kioto/models (1)/OfficeChairGrey_074/model.sdf
-- Up-to-date: /ws/install/kioto/share/kioto/maps/kioto/models (1)/OfficeChairGrey_074/model.config
-- Up-to-date: /ws/install/kioto/share/kioto/maps/kioto/models (1)/OfficeChairGrey_050
-- Up-to-date: /ws/install/kioto/share/kioto/maps/kioto/models (1)/OfficeChairGrey_050/meshes
-- Up-to-date: /ws/install/kioto/share/kioto/maps/kioto/models (1)/OfficeChairGrey_050/model.sdf
-- Up-to-date: /ws/install/kioto/share/kioto/maps/kioto/models (1)/OfficeChairGrey_050/model.config
-- Up-to-date: /ws/install/kioto/share/kioto/maps/kioto/models (1)/OfficeChairGrey_020
-- Up-to-date: /ws/install/kioto/share/kioto/maps/kioto/models (1)/OfficeChairGrey_020/meshes
-- Up-to-date: /ws/install/kioto/share/kioto/maps/kioto/models (1)/OfficeChairGrey_020/model.sdf
-- Up-to-date: /ws/install/kioto/share/kioto/maps/kioto/models (1)/OfficeChairGrey_020/model.config
-- Up-to-date: /ws/install/kioto/share/kioto/maps/kioto/models (1)/AdjTable_044
-- Up-to-date: /ws/install/kioto/share/kioto/maps/kioto/models (1)/AdjTable_044/meshes
-- Up-to-date: /ws/install/kioto/share/kioto/maps/kioto/models (1)/AdjTable_044/model.sdf
-- Up-to-date: /ws/install/kioto/share/kioto/maps/kioto/models (1)/AdjTable_044/model.config
-- Up-to-date: /ws/install/kioto/share/kioto/maps/kioto/models (1)/OfficeChairGrey_046
-- Up-to-date: /ws/install/kioto/share/kioto/maps/kioto/models (1)/OfficeChairGrey_046/meshes
-- Up-to-date: /ws/install/kioto/share/kioto/maps/kioto/models (1)/OfficeChairGrey_046/model.sdf
-- Up-to-date: /ws/install/kioto/share/kioto/maps/kioto/models (1)/OfficeChairGrey_046/model.config
-- Up-to-date: /ws/install/kioto/share/kioto/maps/kioto/models (1)/OfficeChairGrey_085
-- Up-to-date: /ws/install/kioto/share/kioto/maps/kioto/models (1)/OfficeChairGrey_085/meshes
-- Up-to-date: /ws/install/kioto/share/kioto/maps/kioto/models (1)/OfficeChairGrey_085/model.sdf
-- Up-to-date: /ws/install/kioto/share/kioto/maps/kioto/models (1)/OfficeChairGrey_085/model.config
-- Up-to-date: /ws/install/kioto/share/kioto/maps/kioto/models (1)/OfficeChairGrey_008
-- Up-to-date: /ws/install/kioto/share/kioto/maps/kioto/models (1)/OfficeChairGrey_008/meshes
-- Up-to-date: /ws/install/kioto/share/kioto/maps/kioto/models (1)/OfficeChairGrey_008/model.sdf
-- Up-to-date: /ws/install/kioto/share/kioto/maps/kioto/models (1)/OfficeChairGrey_008/model.config
-- Up-to-date: /ws/install/kioto/share/kioto/maps/kioto/models (1)/OfficeChairGrey_133
-- Up-to-date: /ws/install/kioto/share/kioto/maps/kioto/models (1)/OfficeChairGrey_133/meshes
-- Up-to-date: /ws/install/kioto/share/kioto/maps/kioto/models (1)/OfficeChairGrey_133/model.sdf
-- Up-to-date: /ws/install/kioto/share/kioto/maps/kioto/models (1)/OfficeChairGrey_133/model.config
-- Up-to-date: /ws/install/kioto/share/kioto/maps/kioto/models (1)/AdjTable_014
-- Up-to-date: /ws/install/kioto/share/kioto/maps/kioto/models (1)/AdjTable_014/meshes
-- Up-to-date: /ws/install/kioto/share/kioto/maps/kioto/models (1)/AdjTable_014/model.sdf
-- Up-to-date: /ws/install/kioto/share/kioto/maps/kioto/models (1)/AdjTable_014/model.config
-- Up-to-date: /ws/install/kioto/share/kioto/maps/kioto/models (1)/AdjTable_005
-- Up-to-date: /ws/install/kioto/share/kioto/maps/kioto/models (1)/AdjTable_005/meshes
-- Up-to-date: /ws/install/kioto/share/kioto/maps/kioto/models (1)/AdjTable_005/model.sdf
-- Up-to-date: /ws/install/kioto/share/kioto/maps/kioto/models (1)/AdjTable_005/model.config
-- Up-to-date: /ws/install/kioto/share/kioto/maps/kioto/models (1)/OfficeChairGrey_128
-- Up-to-date: /ws/install/kioto/share/kioto/maps/kioto/models (1)/OfficeChairGrey_128/meshes
-- Up-to-date: /ws/install/kioto/share/kioto/maps/kioto/models (1)/OfficeChairGrey_128/model.sdf
-- Up-to-date: /ws/install/kioto/share/kioto/maps/kioto/models (1)/OfficeChairGrey_128/model.config
-- Up-to-date: /ws/install/kioto/share/kioto/maps/kioto/models (1)/AdjTable_023
-- Up-to-date: /ws/install/kioto/share/kioto/maps/kioto/models (1)/AdjTable_023/meshes
-- Up-to-date: /ws/install/kioto/share/kioto/maps/kioto/models (1)/AdjTable_023/model.sdf
-- Up-to-date: /ws/install/kioto/share/kioto/maps/kioto/models (1)/AdjTable_023/model.config
-- Up-to-date: /ws/install/kioto/share/kioto/maps/kioto/models (1)/OfficeChairGrey_145
-- Up-to-date: /ws/install/kioto/share/kioto/maps/kioto/models (1)/OfficeChairGrey_145/meshes
-- Up-to-date: /ws/install/kioto/share/kioto/maps/kioto/models (1)/OfficeChairGrey_145/model.sdf
-- Up-to-date: /ws/install/kioto/share/kioto/maps/kioto/models (1)/OfficeChairGrey_145/model.config
-- Up-to-date: /ws/install/kioto/share/kioto/maps/kioto/models (1)/OfficeChairGrey_075
-- Up-to-date: /ws/install/kioto/share/kioto/maps/kioto/models (1)/OfficeChairGrey_075/meshes
-- Up-to-date: /ws/install/kioto/share/kioto/maps/kioto/models (1)/OfficeChairGrey_075/model.sdf
-- Up-to-date: /ws/install/kioto/share/kioto/maps/kioto/models (1)/OfficeChairGrey_075/model.config
-- Up-to-date: /ws/install/kioto/share/kioto/maps/kioto/models (1)/OfficeChairGrey_010
-- Up-to-date: /ws/install/kioto/share/kioto/maps/kioto/models (1)/OfficeChairGrey_010/meshes
-- Up-to-date: /ws/install/kioto/share/kioto/maps/kioto/models (1)/OfficeChairGrey_010/model.sdf
-- Up-to-date: /ws/install/kioto/share/kioto/maps/kioto/models (1)/OfficeChairGrey_010/model.config
-- Up-to-date: /ws/install/kioto/share/kioto/maps/kioto/models (1)/OfficeChairGrey_066
-- Up-to-date: /ws/install/kioto/share/kioto/maps/kioto/models (1)/OfficeChairGrey_066/meshes
-- Up-to-date: /ws/install/kioto/share/kioto/maps/kioto/models (1)/OfficeChairGrey_066/model.sdf
-- Up-to-date: /ws/install/kioto/share/kioto/maps/kioto/models (1)/OfficeChairGrey_066/model.config
-- Up-to-date: /ws/install/kioto/share/kioto/maps/kioto/models (1)/OfficeChairGrey_001
-- Up-to-date: /ws/install/kioto/share/kioto/maps/kioto/models (1)/OfficeChairGrey_001/meshes
-- Up-to-date: /ws/install/kioto/share/kioto/maps/kioto/models (1)/OfficeChairGrey_001/model.sdf
-- Up-to-date: /ws/install/kioto/share/kioto/maps/kioto/models (1)/OfficeChairGrey_001/model.config
-- Up-to-date: /ws/install/kioto/share/kioto/maps/kioto/models (1)/OfficeChairGrey_107
-- Up-to-date: /ws/install/kioto/share/kioto/maps/kioto/models (1)/OfficeChairGrey_107/meshes
-- Up-to-date: /ws/install/kioto/share/kioto/maps/kioto/models (1)/OfficeChairGrey_107/model.sdf
-- Up-to-date: /ws/install/kioto/share/kioto/maps/kioto/models (1)/OfficeChairGrey_107/model.config
-- Up-to-date: /ws/install/kioto/share/kioto/maps/kioto/models (1)/OfficeChairGrey_038
-- Up-to-date: /ws/install/kioto/share/kioto/maps/kioto/models (1)/OfficeChairGrey_038/meshes
-- Up-to-date: /ws/install/kioto/share/kioto/maps/kioto/models (1)/OfficeChairGrey_038/model.sdf
-- Up-to-date: /ws/install/kioto/share/kioto/maps/kioto/models (1)/OfficeChairGrey_038/model.config
-- Up-to-date: /ws/install/kioto/share/kioto/maps/kioto/models (1)/AdjTable_047
-- Up-to-date: /ws/install/kioto/share/kioto/maps/kioto/models (1)/AdjTable_047/meshes
-- Up-to-date: /ws/install/kioto/share/kioto/maps/kioto/models (1)/AdjTable_047/model.sdf
-- Up-to-date: /ws/install/kioto/share/kioto/maps/kioto/models (1)/AdjTable_047/model.config
-- Up-to-date: /ws/install/kioto/share/kioto/maps/kioto/models (1)/OfficeChairGrey_100
-- Up-to-date: /ws/install/kioto/share/kioto/maps/kioto/models (1)/OfficeChairGrey_100/meshes
-- Up-to-date: /ws/install/kioto/share/kioto/maps/kioto/models (1)/OfficeChairGrey_100/model.sdf
-- Up-to-date: /ws/install/kioto/share/kioto/maps/kioto/models (1)/OfficeChairGrey_100/model.config
-- Up-to-date: /ws/install/kioto/share/kioto/maps/kioto/models (1)/OfficeChairGrey_014
-- Up-to-date: /ws/install/kioto/share/kioto/maps/kioto/models (1)/OfficeChairGrey_014/meshes
-- Up-to-date: /ws/install/kioto/share/kioto/maps/kioto/models (1)/OfficeChairGrey_014/model.sdf
-- Up-to-date: /ws/install/kioto/share/kioto/maps/kioto/models (1)/OfficeChairGrey_014/model.config
-- Up-to-date: /ws/install/kioto/share/kioto/maps/kioto/models (1)/AdjTable_057
-- Up-to-date: /ws/install/kioto/share/kioto/maps/kioto/models (1)/AdjTable_057/meshes
-- Up-to-date: /ws/install/kioto/share/kioto/maps/kioto/models (1)/AdjTable_057/model.sdf
-- Up-to-date: /ws/install/kioto/share/kioto/maps/kioto/models (1)/AdjTable_057/model.config
-- Up-to-date: /ws/install/kioto/share/kioto/maps/kioto/models (1)/OfficeChairGrey_027
-- Up-to-date: /ws/install/kioto/share/kioto/maps/kioto/models (1)/OfficeChairGrey_027/meshes
-- Up-to-date: /ws/install/kioto/share/kioto/maps/kioto/models (1)/OfficeChairGrey_027/model.sdf
-- Up-to-date: /ws/install/kioto/share/kioto/maps/kioto/models (1)/OfficeChairGrey_027/model.config
-- Up-to-date: /ws/install/kioto/share/kioto/maps/kioto/models (1)/OfficeChairGrey_124
-- Up-to-date: /ws/install/kioto/share/kioto/maps/kioto/models (1)/OfficeChairGrey_124/meshes
-- Up-to-date: /ws/install/kioto/share/kioto/maps/kioto/models (1)/OfficeChairGrey_124/model.sdf
-- Up-to-date: /ws/install/kioto/share/kioto/maps/kioto/models (1)/OfficeChairGrey_124/model.config
-- Up-to-date: /ws/install/kioto/share/kioto/maps/kioto/models (1)/OfficeChairGrey_097
-- Up-to-date: /ws/install/kioto/share/kioto/maps/kioto/models (1)/OfficeChairGrey_097/meshes
-- Up-to-date: /ws/install/kioto/share/kioto/maps/kioto/models (1)/OfficeChairGrey_097/model.sdf
-- Up-to-date: /ws/install/kioto/share/kioto/maps/kioto/models (1)/OfficeChairGrey_097/model.config
-- Up-to-date: /ws/install/kioto/share/kioto/maps/kioto/models (1)/OfficeChairGrey_015
-- Up-to-date: /ws/install/kioto/share/kioto/maps/kioto/models (1)/OfficeChairGrey_015/meshes
-- Up-to-date: /ws/install/kioto/share/kioto/maps/kioto/models (1)/OfficeChairGrey_015/model.sdf
-- Up-to-date: /ws/install/kioto/share/kioto/maps/kioto/models (1)/OfficeChairGrey_015/model.config
-- Up-to-date: /ws/install/kioto/share/kioto/maps/kioto/models (1)/OfficeChairGrey_036
-- Up-to-date: /ws/install/kioto/share/kioto/maps/kioto/models (1)/OfficeChairGrey_036/meshes
-- Up-to-date: /ws/install/kioto/share/kioto/maps/kioto/models (1)/OfficeChairGrey_036/model.sdf
-- Up-to-date: /ws/install/kioto/share/kioto/maps/kioto/models (1)/OfficeChairGrey_036/model.config
-- Up-to-date: /ws/install/kioto/share/kioto/maps/kioto/models (1)/AdjTable_052
-- Up-to-date: /ws/install/kioto/share/kioto/maps/kioto/models (1)/AdjTable_052/meshes
-- Up-to-date: /ws/install/kioto/share/kioto/maps/kioto/models (1)/AdjTable_052/model.sdf
-- Up-to-date: /ws/install/kioto/share/kioto/maps/kioto/models (1)/AdjTable_052/model.config
-- Up-to-date: /ws/install/kioto/share/kioto/maps/kioto/models (1)/AdjTable_038
-- Up-to-date: /ws/install/kioto/share/kioto/maps/kioto/models (1)/AdjTable_038/meshes
-- Up-to-date: /ws/install/kioto/share/kioto/maps/kioto/models (1)/AdjTable_038/model.sdf
-- Up-to-date: /ws/install/kioto/share/kioto/maps/kioto/models (1)/AdjTable_038/model.config
-- Up-to-date: /ws/install/kioto/share/kioto/maps/kioto/models (1)/OfficeChairGrey_083
-- Up-to-date: /ws/install/kioto/share/kioto/maps/kioto/models (1)/OfficeChairGrey_083/meshes
-- Up-to-date: /ws/install/kioto/share/kioto/maps/kioto/models (1)/OfficeChairGrey_083/model.sdf
-- Up-to-date: /ws/install/kioto/share/kioto/maps/kioto/models (1)/OfficeChairGrey_083/model.config
-- Up-to-date: /ws/install/kioto/share/kioto/maps/kioto/models (1)/OfficeChairGrey_059
-- Up-to-date: /ws/install/kioto/share/kioto/maps/kioto/models (1)/OfficeChairGrey_059/meshes
-- Up-to-date: /ws/install/kioto/share/kioto/maps/kioto/models (1)/OfficeChairGrey_059/model.sdf
-- Up-to-date: /ws/install/kioto/share/kioto/maps/kioto/models (1)/OfficeChairGrey_059/model.config
-- Up-to-date: /ws/install/kioto/share/kioto/maps/kioto/models (1)/AdjTable_010
-- Up-to-date: /ws/install/kioto/share/kioto/maps/kioto/models (1)/AdjTable_010/meshes
-- Up-to-date: /ws/install/kioto/share/kioto/maps/kioto/models (1)/AdjTable_010/model.sdf
-- Up-to-date: /ws/install/kioto/share/kioto/maps/kioto/models (1)/AdjTable_010/model.config
-- Up-to-date: /ws/install/kioto/share/kioto/maps/kioto/models (1)/OfficeChairGrey_110
-- Up-to-date: /ws/install/kioto/share/kioto/maps/kioto/models (1)/OfficeChairGrey_110/meshes
-- Up-to-date: /ws/install/kioto/share/kioto/maps/kioto/models (1)/OfficeChairGrey_110/model.sdf
-- Up-to-date: /ws/install/kioto/share/kioto/maps/kioto/models (1)/OfficeChairGrey_110/model.config
-- Up-to-date: /ws/install/kioto/share/kioto/maps/kioto/models (1)/AdjTable_039
-- Up-to-date: /ws/install/kioto/share/kioto/maps/kioto/models (1)/AdjTable_039/meshes
-- Up-to-date: /ws/install/kioto/share/kioto/maps/kioto/models (1)/AdjTable_039/model.sdf
-- Up-to-date: /ws/install/kioto/share/kioto/maps/kioto/models (1)/AdjTable_039/model.config
-- Up-to-date: /ws/install/kioto/share/kioto/maps/kioto/models (1)/OfficeChairGrey_136
-- Up-to-date: /ws/install/kioto/share/kioto/maps/kioto/models (1)/OfficeChairGrey_136/meshes
-- Up-to-date: /ws/install/kioto/share/kioto/maps/kioto/models (1)/OfficeChairGrey_136/model.sdf
-- Up-to-date: /ws/install/kioto/share/kioto/maps/kioto/models (1)/OfficeChairGrey_136/model.config
-- Up-to-date: /ws/install/kioto/share/kioto/maps/kioto/models (1)/AdjTable_061
-- Up-to-date: /ws/install/kioto/share/kioto/maps/kioto/models (1)/AdjTable_061/meshes
-- Up-to-date: /ws/install/kioto/share/kioto/maps/kioto/models (1)/AdjTable_061/model.sdf
-- Up-to-date: /ws/install/kioto/share/kioto/maps/kioto/models (1)/AdjTable_061/model.config
-- Up-to-date: /ws/install/kioto/share/kioto/maps/kioto/models (1)/OfficeChairGrey_040
-- Up-to-date: /ws/install/kioto/share/kioto/maps/kioto/models (1)/OfficeChairGrey_040/meshes
-- Up-to-date: /ws/install/kioto/share/kioto/maps/kioto/models (1)/OfficeChairGrey_040/model.sdf
-- Up-to-date: /ws/install/kioto/share/kioto/maps/kioto/models (1)/OfficeChairGrey_040/model.config
-- Up-to-date: /ws/install/kioto/share/kioto/maps/kioto/models (1)/AdjTable_043
-- Up-to-date: /ws/install/kioto/share/kioto/maps/kioto/models (1)/AdjTable_043/meshes
-- Up-to-date: /ws/install/kioto/share/kioto/maps/kioto/models (1)/AdjTable_043/model.sdf
-- Up-to-date: /ws/install/kioto/share/kioto/maps/kioto/models (1)/AdjTable_043/model.config
-- Up-to-date: /ws/install/kioto/share/kioto/maps/kioto/models (1)/vamoaver_L2
-- Up-to-date: /ws/install/kioto/share/kioto/maps/kioto/models (1)/vamoaver_L2/meshes
-- Up-to-date: /ws/install/kioto/share/kioto/maps/kioto/models (1)/vamoaver_L2/meshes/wall_1.mtl
-- Up-to-date: /ws/install/kioto/share/kioto/maps/kioto/models (1)/vamoaver_L2/meshes/wall_1.obj
-- Up-to-date: /ws/install/kioto/share/kioto/maps/kioto/models (1)/vamoaver_L2/meshes/floor_1.obj
-- Up-to-date: /ws/install/kioto/share/kioto/maps/kioto/models (1)/vamoaver_L2/meshes/floor_1.mtl
-- Up-to-date: /ws/install/kioto/share/kioto/maps/kioto/models (1)/vamoaver_L2/meshes/blue_linoleum.png
-- Up-to-date: /ws/install/kioto/share/kioto/maps/kioto/models (1)/vamoaver_L2/meshes/model.material
-- Up-to-date: /ws/install/kioto/share/kioto/maps/kioto/models (1)/vamoaver_L2/meshes/default.png
-- Up-to-date: /ws/install/kioto/share/kioto/maps/kioto/models (1)/vamoaver_L2/model.sdf
-- Up-to-date: /ws/install/kioto/share/kioto/maps/kioto/models (1)/vamoaver_L2/model.config
-- Up-to-date: /ws/install/kioto/share/kioto/maps/kioto/models (1)/AdjTable_065
-- Up-to-date: /ws/install/kioto/share/kioto/maps/kioto/models (1)/AdjTable_065/meshes
-- Up-to-date: /ws/install/kioto/share/kioto/maps/kioto/models (1)/AdjTable_065/model.sdf
-- Up-to-date: /ws/install/kioto/share/kioto/maps/kioto/models (1)/AdjTable_065/model.config
-- Up-to-date: /ws/install/kioto/share/kioto/maps/kioto/models (1)/AdjTable_066
-- Up-to-date: /ws/install/kioto/share/kioto/maps/kioto/models (1)/AdjTable_066/meshes
-- Up-to-date: /ws/install/kioto/share/kioto/maps/kioto/models (1)/AdjTable_066/model.sdf
-- Up-to-date: /ws/install/kioto/share/kioto/maps/kioto/models (1)/AdjTable_066/model.config
-- Up-to-date: /ws/install/kioto/share/kioto/maps/kioto/models (1)/OfficeChairGrey_112
-- Up-to-date: /ws/install/kioto/share/kioto/maps/kioto/models (1)/OfficeChairGrey_112/meshes
-- Up-to-date: /ws/install/kioto/share/kioto/maps/kioto/models (1)/OfficeChairGrey_112/model.sdf
-- Up-to-date: /ws/install/kioto/share/kioto/maps/kioto/models (1)/OfficeChairGrey_112/model.config
-- Up-to-date: /ws/install/kioto/share/kioto/maps/kioto/models (1)/AdjTable_013
-- Up-to-date: /ws/install/kioto/share/kioto/maps/kioto/models (1)/AdjTable_013/meshes
-- Up-to-date: /ws/install/kioto/share/kioto/maps/kioto/models (1)/AdjTable_013/model.sdf
-- Up-to-date: /ws/install/kioto/share/kioto/maps/kioto/models (1)/AdjTable_013/model.config
-- Up-to-date: /ws/install/kioto/share/kioto/maps/kioto/models (1)/OfficeChairGrey_033
-- Up-to-date: /ws/install/kioto/share/kioto/maps/kioto/models (1)/OfficeChairGrey_033/meshes
-- Up-to-date: /ws/install/kioto/share/kioto/maps/kioto/models (1)/OfficeChairGrey_033/model.sdf
-- Up-to-date: /ws/install/kioto/share/kioto/maps/kioto/models (1)/OfficeChairGrey_033/model.config
-- Up-to-date: /ws/install/kioto/share/kioto/maps/kioto/models (1)/OfficeChairGrey_144
-- Up-to-date: /ws/install/kioto/share/kioto/maps/kioto/models (1)/OfficeChairGrey_144/meshes
-- Up-to-date: /ws/install/kioto/share/kioto/maps/kioto/models (1)/OfficeChairGrey_144/model.sdf
-- Up-to-date: /ws/install/kioto/share/kioto/maps/kioto/models (1)/OfficeChairGrey_144/model.config
-- Up-to-date: /ws/install/kioto/share/kioto/maps/kioto/models (1)/OfficeChairGrey_057
-- Up-to-date: /ws/install/kioto/share/kioto/maps/kioto/models (1)/OfficeChairGrey_057/meshes
-- Up-to-date: /ws/install/kioto/share/kioto/maps/kioto/models (1)/OfficeChairGrey_057/model.sdf
-- Up-to-date: /ws/install/kioto/share/kioto/maps/kioto/models (1)/OfficeChairGrey_057/model.config
-- Up-to-date: /ws/install/kioto/share/kioto/maps/kioto/models (1)/OfficeChairGrey_016
-- Up-to-date: /ws/install/kioto/share/kioto/maps/kioto/models (1)/OfficeChairGrey_016/meshes
-- Up-to-date: /ws/install/kioto/share/kioto/maps/kioto/models (1)/OfficeChairGrey_016/model.sdf
-- Up-to-date: /ws/install/kioto/share/kioto/maps/kioto/models (1)/OfficeChairGrey_016/model.config
-- Up-to-date: /ws/install/kioto/share/kioto/maps/kioto/models (1)/AdjTable_030
-- Up-to-date: /ws/install/kioto/share/kioto/maps/kioto/models (1)/AdjTable_030/meshes
-- Up-to-date: /ws/install/kioto/share/kioto/maps/kioto/models (1)/AdjTable_030/model.sdf
-- Up-to-date: /ws/install/kioto/share/kioto/maps/kioto/models (1)/AdjTable_030/model.config
-- Up-to-date: /ws/install/kioto/share/kioto/maps/kioto/models (1)/AdjTable_025
-- Up-to-date: /ws/install/kioto/share/kioto/maps/kioto/models (1)/AdjTable_025/meshes
-- Up-to-date: /ws/install/kioto/share/kioto/maps/kioto/models (1)/AdjTable_025/model.sdf
-- Up-to-date: /ws/install/kioto/share/kioto/maps/kioto/models (1)/AdjTable_025/model.config
-- Up-to-date: /ws/install/kioto/share/kioto/maps/kioto/models (1)/OfficeChairGrey_061
-- Up-to-date: /ws/install/kioto/share/kioto/maps/kioto/models (1)/OfficeChairGrey_061/meshes
-- Up-to-date: /ws/install/kioto/share/kioto/maps/kioto/models (1)/OfficeChairGrey_061/model.sdf
-- Up-to-date: /ws/install/kioto/share/kioto/maps/kioto/models (1)/OfficeChairGrey_061/model.config
-- Up-to-date: /ws/install/kioto/share/kioto/maps/kioto/models (1)/AdjTable_045
-- Up-to-date: /ws/install/kioto/share/kioto/maps/kioto/models (1)/AdjTable_045/meshes
-- Up-to-date: /ws/install/kioto/share/kioto/maps/kioto/models (1)/AdjTable_045/model.sdf
-- Up-to-date: /ws/install/kioto/share/kioto/maps/kioto/models (1)/AdjTable_045/model.config
-- Up-to-date: /ws/install/kioto/share/kioto/maps/kioto/models (1)/OfficeChairGrey_058
-- Up-to-date: /ws/install/kioto/share/kioto/maps/kioto/models (1)/OfficeChairGrey_058/meshes
-- Up-to-date: /ws/install/kioto/share/kioto/maps/kioto/models (1)/OfficeChairGrey_058/model.sdf
-- Up-to-date: /ws/install/kioto/share/kioto/maps/kioto/models (1)/OfficeChairGrey_058/model.config
-- Up-to-date: /ws/install/kioto/share/kioto/maps/kioto/models (1)/OfficeChairGrey_004
-- Up-to-date: /ws/install/kioto/share/kioto/maps/kioto/models (1)/OfficeChairGrey_004/meshes
-- Up-to-date: /ws/install/kioto/share/kioto/maps/kioto/models (1)/OfficeChairGrey_004/model.sdf
-- Up-to-date: /ws/install/kioto/share/kioto/maps/kioto/models (1)/OfficeChairGrey_004/model.config
-- Up-to-date: /ws/install/kioto/share/kioto/maps/kioto/models (1)/OfficeChairGrey_041
-- Up-to-date: /ws/install/kioto/share/kioto/maps/kioto/models (1)/OfficeChairGrey_041/meshes
-- Up-to-date: /ws/install/kioto/share/kioto/maps/kioto/models (1)/OfficeChairGrey_041/model.sdf
-- Up-to-date: /ws/install/kioto/share/kioto/maps/kioto/models (1)/OfficeChairGrey_041/model.config
-- Up-to-date: /ws/install/kioto/share/kioto/maps/kioto/models (1)/AdjTable_034
-- Up-to-date: /ws/install/kioto/share/kioto/maps/kioto/models (1)/AdjTable_034/meshes
-- Up-to-date: /ws/install/kioto/share/kioto/maps/kioto/models (1)/AdjTable_034/model.sdf
-- Up-to-date: /ws/install/kioto/share/kioto/maps/kioto/models (1)/AdjTable_034/model.config
-- Up-to-date: /ws/install/kioto/share/kioto/maps/kioto/models (1)/OfficeChairGrey_114
-- Up-to-date: /ws/install/kioto/share/kioto/maps/kioto/models (1)/OfficeChairGrey_114/meshes
-- Up-to-date: /ws/install/kioto/share/kioto/maps/kioto/models (1)/OfficeChairGrey_114/model.sdf
-- Up-to-date: /ws/install/kioto/share/kioto/maps/kioto/models (1)/OfficeChairGrey_114/model.config
-- Up-to-date: /ws/install/kioto/share/kioto/maps/kioto/models (1)/OfficeChairGrey_053
-- Up-to-date: /ws/install/kioto/share/kioto/maps/kioto/models (1)/OfficeChairGrey_053/meshes
-- Up-to-date: /ws/install/kioto/share/kioto/maps/kioto/models (1)/OfficeChairGrey_053/model.sdf
-- Up-to-date: /ws/install/kioto/share/kioto/maps/kioto/models (1)/OfficeChairGrey_053/model.config
-- Up-to-date: /ws/install/kioto/share/kioto/maps/kioto/models (1)/AdjTable_048
-- Up-to-date: /ws/install/kioto/share/kioto/maps/kioto/models (1)/AdjTable_048/meshes
-- Up-to-date: /ws/install/kioto/share/kioto/maps/kioto/models (1)/AdjTable_048/model.sdf
-- Up-to-date: /ws/install/kioto/share/kioto/maps/kioto/models (1)/AdjTable_048/model.config
-- Up-to-date: /ws/install/kioto/share/kioto/maps/kioto/models (1)/AdjTable_046
-- Up-to-date: /ws/install/kioto/share/kioto/maps/kioto/models (1)/AdjTable_046/meshes
-- Up-to-date: /ws/install/kioto/share/kioto/maps/kioto/models (1)/AdjTable_046/model.sdf
-- Up-to-date: /ws/install/kioto/share/kioto/maps/kioto/models (1)/AdjTable_046/model.config
-- Up-to-date: /ws/install/kioto/share/kioto/maps/kioto/models (1)/AdjTable_033
-- Up-to-date: /ws/install/kioto/share/kioto/maps/kioto/models (1)/AdjTable_033/meshes
-- Up-to-date: /ws/install/kioto/share/kioto/maps/kioto/models (1)/AdjTable_033/model.sdf
-- Up-to-date: /ws/install/kioto/share/kioto/maps/kioto/models (1)/AdjTable_033/model.config
-- Up-to-date: /ws/install/kioto/share/kioto/maps/kioto/models (1)/AdjTable_051
-- Up-to-date: /ws/install/kioto/share/kioto/maps/kioto/models (1)/AdjTable_051/meshes
-- Up-to-date: /ws/install/kioto/share/kioto/maps/kioto/models (1)/AdjTable_051/model.sdf
-- Up-to-date: /ws/install/kioto/share/kioto/maps/kioto/models (1)/AdjTable_051/model.config
-- Up-to-date: /ws/install/kioto/share/kioto/maps/kioto/models (1)/OfficeChairGrey_103
-- Up-to-date: /ws/install/kioto/share/kioto/maps/kioto/models (1)/OfficeChairGrey_103/meshes
-- Up-to-date: /ws/install/kioto/share/kioto/maps/kioto/models (1)/OfficeChairGrey_103/model.sdf
-- Up-to-date: /ws/install/kioto/share/kioto/maps/kioto/models (1)/OfficeChairGrey_103/model.config
-- Up-to-date: /ws/install/kioto/share/kioto/maps/kioto/models (1)/OfficeChairGrey_084
-- Up-to-date: /ws/install/kioto/share/kioto/maps/kioto/models (1)/OfficeChairGrey_084/meshes
-- Up-to-date: /ws/install/kioto/share/kioto/maps/kioto/models (1)/OfficeChairGrey_084/model.sdf
-- Up-to-date: /ws/install/kioto/share/kioto/maps/kioto/models (1)/OfficeChairGrey_084/model.config
-- Up-to-date: /ws/install/kioto/share/kioto/maps/kioto/models (1)/OfficeChairGrey_149
-- Up-to-date: /ws/install/kioto/share/kioto/maps/kioto/models (1)/OfficeChairGrey_149/meshes
-- Up-to-date: /ws/install/kioto/share/kioto/maps/kioto/models (1)/OfficeChairGrey_149/model.sdf
-- Up-to-date: /ws/install/kioto/share/kioto/maps/kioto/models (1)/OfficeChairGrey_149/model.config
-- Up-to-date: /ws/install/kioto/share/kioto/maps/kioto/models (1)/OfficeChairGrey_032
-- Up-to-date: /ws/install/kioto/share/kioto/maps/kioto/models (1)/OfficeChairGrey_032/meshes
-- Up-to-date: /ws/install/kioto/share/kioto/maps/kioto/models (1)/OfficeChairGrey_032/model.sdf
-- Up-to-date: /ws/install/kioto/share/kioto/maps/kioto/models (1)/OfficeChairGrey_032/model.config
-- Up-to-date: /ws/install/kioto/share/kioto/maps/kioto/models (1)/AdjTable_037
-- Up-to-date: /ws/install/kioto/share/kioto/maps/kioto/models (1)/AdjTable_037/meshes
-- Up-to-date: /ws/install/kioto/share/kioto/maps/kioto/models (1)/AdjTable_037/model.sdf
-- Up-to-date: /ws/install/kioto/share/kioto/maps/kioto/models (1)/AdjTable_037/model.config
-- Up-to-date: /ws/install/kioto/share/kioto/maps/kioto/models (1)/OfficeChairGrey_031
-- Up-to-date: /ws/install/kioto/share/kioto/maps/kioto/models (1)/OfficeChairGrey_031/meshes
-- Up-to-date: /ws/install/kioto/share/kioto/maps/kioto/models (1)/OfficeChairGrey_031/model.sdf
-- Up-to-date: /ws/install/kioto/share/kioto/maps/kioto/models (1)/OfficeChairGrey_031/model.config
-- Up-to-date: /ws/install/kioto/share/kioto/maps/kioto/models (1)/AdjTable_062
-- Up-to-date: /ws/install/kioto/share/kioto/maps/kioto/models (1)/AdjTable_062/meshes
-- Up-to-date: /ws/install/kioto/share/kioto/maps/kioto/models (1)/AdjTable_062/model.sdf
-- Up-to-date: /ws/install/kioto/share/kioto/maps/kioto/models (1)/AdjTable_062/model.config
-- Up-to-date: /ws/install/kioto/share/kioto/maps/kioto/models (1)/AdjTable_035
-- Up-to-date: /ws/install/kioto/share/kioto/maps/kioto/models (1)/AdjTable_035/meshes
-- Up-to-date: /ws/install/kioto/share/kioto/maps/kioto/models (1)/AdjTable_035/model.sdf
-- Up-to-date: /ws/install/kioto/share/kioto/maps/kioto/models (1)/AdjTable_035/model.config
-- Up-to-date: /ws/install/kioto/share/kioto/maps/kioto/models (1)/AdjTable_068
-- Up-to-date: /ws/install/kioto/share/kioto/maps/kioto/models (1)/AdjTable_068/meshes
-- Up-to-date: /ws/install/kioto/share/kioto/maps/kioto/models (1)/AdjTable_068/model.sdf
-- Up-to-date: /ws/install/kioto/share/kioto/maps/kioto/models (1)/AdjTable_068/model.config
-- Up-to-date: /ws/install/kioto/share/kioto/maps/kioto/models (1)/OfficeChairGrey_022
-- Up-to-date: /ws/install/kioto/share/kioto/maps/kioto/models (1)/OfficeChairGrey_022/meshes
-- Up-to-date: /ws/install/kioto/share/kioto/maps/kioto/models (1)/OfficeChairGrey_022/model.sdf
-- Up-to-date: /ws/install/kioto/share/kioto/maps/kioto/models (1)/OfficeChairGrey_022/model.config
-- Up-to-date: /ws/install/kioto/share/kioto/maps/kioto/models (1)/OfficeChairGrey_072
-- Up-to-date: /ws/install/kioto/share/kioto/maps/kioto/models (1)/OfficeChairGrey_072/meshes
-- Up-to-date: /ws/install/kioto/share/kioto/maps/kioto/models (1)/OfficeChairGrey_072/model.sdf
-- Up-to-date: /ws/install/kioto/share/kioto/maps/kioto/models (1)/OfficeChairGrey_072/model.config
-- Up-to-date: /ws/install/kioto/share/kioto/maps/kioto/models (1)/AdjTable_022
-- Up-to-date: /ws/install/kioto/share/kioto/maps/kioto/models (1)/AdjTable_022/meshes
-- Up-to-date: /ws/install/kioto/share/kioto/maps/kioto/models (1)/AdjTable_022/model.sdf
-- Up-to-date: /ws/install/kioto/share/kioto/maps/kioto/models (1)/AdjTable_022/model.config
-- Up-to-date: /ws/install/kioto/share/kioto/maps/kioto/models (1)/OfficeChairGrey_093
-- Up-to-date: /ws/install/kioto/share/kioto/maps/kioto/models (1)/OfficeChairGrey_093/meshes
-- Up-to-date: /ws/install/kioto/share/kioto/maps/kioto/models (1)/OfficeChairGrey_093/model.sdf
-- Up-to-date: /ws/install/kioto/share/kioto/maps/kioto/models (1)/OfficeChairGrey_093/model.config
-- Up-to-date: /ws/install/kioto/share/kioto/maps/kioto/models (1)/AdjTable
-- Up-to-date: /ws/install/kioto/share/kioto/maps/kioto/models (1)/AdjTable/thumbnails
-- Up-to-date: /ws/install/kioto/share/kioto/maps/kioto/models (1)/AdjTable/thumbnails/1.png
-- Up-to-date: /ws/install/kioto/share/kioto/maps/kioto/models (1)/AdjTable/thumbnails/4.png
-- Up-to-date: /ws/install/kioto/share/kioto/maps/kioto/models (1)/AdjTable/thumbnails/3.png
-- Up-to-date: /ws/install/kioto/share/kioto/maps/kioto/models (1)/AdjTable/thumbnails/5.png
-- Up-to-date: /ws/install/kioto/share/kioto/maps/kioto/models (1)/AdjTable/thumbnails/2.png
-- Up-to-date: /ws/install/kioto/share/kioto/maps/kioto/models (1)/AdjTable/meshes
-- Up-to-date: /ws/install/kioto/share/kioto/maps/kioto/models (1)/AdjTable/meshes/AdjTable.mtl
-- Up-to-date: /ws/install/kioto/share/kioto/maps/kioto/models (1)/AdjTable/meshes/AdjTable.obj
-- Up-to-date: /ws/install/kioto/share/kioto/maps/kioto/models (1)/AdjTable/meshes/AdjTable_Col.obj
-- Up-to-date: /ws/install/kioto/share/kioto/maps/kioto/models (1)/AdjTable/meshes/AdjTable_Diffuse.png
-- Up-to-date: /ws/install/kioto/share/kioto/maps/kioto/models (1)/AdjTable/meshes/AdjTable_Col.mtl
-- Up-to-date: /ws/install/kioto/share/kioto/maps/kioto/models (1)/AdjTable/model.sdf
-- Up-to-date: /ws/install/kioto/share/kioto/maps/kioto/models (1)/AdjTable/model.config
-- Up-to-date: /ws/install/kioto/share/kioto/maps/kioto/models (1)/OfficeChairGrey_094
-- Up-to-date: /ws/install/kioto/share/kioto/maps/kioto/models (1)/OfficeChairGrey_094/meshes
-- Up-to-date: /ws/install/kioto/share/kioto/maps/kioto/models (1)/OfficeChairGrey_094/model.sdf
-- Up-to-date: /ws/install/kioto/share/kioto/maps/kioto/models (1)/OfficeChairGrey_094/model.config
-- Up-to-date: /ws/install/kioto/share/kioto/maps/kioto/models (1)/OfficeChairGrey_096
-- Up-to-date: /ws/install/kioto/share/kioto/maps/kioto/models (1)/OfficeChairGrey_096/meshes
-- Up-to-date: /ws/install/kioto/share/kioto/maps/kioto/models (1)/OfficeChairGrey_096/model.sdf
-- Up-to-date: /ws/install/kioto/share/kioto/maps/kioto/models (1)/OfficeChairGrey_096/model.config
-- Up-to-date: /ws/install/kioto/share/kioto/maps/kioto/models (1)/OfficeChairGrey_150
-- Up-to-date: /ws/install/kioto/share/kioto/maps/kioto/models (1)/OfficeChairGrey_150/meshes
-- Up-to-date: /ws/install/kioto/share/kioto/maps/kioto/models (1)/OfficeChairGrey_150/model.sdf
-- Up-to-date: /ws/install/kioto/share/kioto/maps/kioto/models (1)/OfficeChairGrey_150/model.config
-- Up-to-date: /ws/install/kioto/share/kioto/maps/kioto/models (1)/OfficeChairGrey_134
-- Up-to-date: /ws/install/kioto/share/kioto/maps/kioto/models (1)/OfficeChairGrey_134/meshes
-- Up-to-date: /ws/install/kioto/share/kioto/maps/kioto/models (1)/OfficeChairGrey_134/model.sdf
-- Up-to-date: /ws/install/kioto/share/kioto/maps/kioto/models (1)/OfficeChairGrey_134/model.config
-- Up-to-date: /ws/install/kioto/share/kioto/maps/kioto/models (1)/OfficeChairGrey_013
-- Up-to-date: /ws/install/kioto/share/kioto/maps/kioto/models (1)/OfficeChairGrey_013/meshes
-- Up-to-date: /ws/install/kioto/share/kioto/maps/kioto/models (1)/OfficeChairGrey_013/model.sdf
-- Up-to-date: /ws/install/kioto/share/kioto/maps/kioto/models (1)/OfficeChairGrey_013/model.config
-- Up-to-date: /ws/install/kioto/share/kioto/maps/kioto/models (1)/AdjTable_021
-- Up-to-date: /ws/install/kioto/share/kioto/maps/kioto/models (1)/AdjTable_021/meshes
-- Up-to-date: /ws/install/kioto/share/kioto/maps/kioto/models (1)/AdjTable_021/model.sdf
-- Up-to-date: /ws/install/kioto/share/kioto/maps/kioto/models (1)/AdjTable_021/model.config
-- Up-to-date: /ws/install/kioto/share/kioto/maps/kioto/models (1)/OfficeChairGrey_054
-- Up-to-date: /ws/install/kioto/share/kioto/maps/kioto/models (1)/OfficeChairGrey_054/meshes
-- Up-to-date: /ws/install/kioto/share/kioto/maps/kioto/models (1)/OfficeChairGrey_054/model.sdf
-- Up-to-date: /ws/install/kioto/share/kioto/maps/kioto/models (1)/OfficeChairGrey_054/model.config
-- Up-to-date: /ws/install/kioto/share/kioto/maps/kioto/models (1)/OfficeChairGrey_117
-- Up-to-date: /ws/install/kioto/share/kioto/maps/kioto/models (1)/OfficeChairGrey_117/meshes
-- Up-to-date: /ws/install/kioto/share/kioto/maps/kioto/models (1)/OfficeChairGrey_117/model.sdf
-- Up-to-date: /ws/install/kioto/share/kioto/maps/kioto/models (1)/OfficeChairGrey_117/model.config
-- Up-to-date: /ws/install/kioto/share/kioto/maps/kioto/models (1)/OfficeChairGrey_060
-- Up-to-date: /ws/install/kioto/share/kioto/maps/kioto/models (1)/OfficeChairGrey_060/meshes
-- Up-to-date: /ws/install/kioto/share/kioto/maps/kioto/models (1)/OfficeChairGrey_060/model.sdf
-- Up-to-date: /ws/install/kioto/share/kioto/maps/kioto/models (1)/OfficeChairGrey_060/model.config
-- Up-to-date: /ws/install/kioto/share/kioto/maps/kioto/models (1)/OfficeChairGrey_082
-- Up-to-date: /ws/install/kioto/share/kioto/maps/kioto/models (1)/OfficeChairGrey_082/meshes
-- Up-to-date: /ws/install/kioto/share/kioto/maps/kioto/models (1)/OfficeChairGrey_082/model.sdf
-- Up-to-date: /ws/install/kioto/share/kioto/maps/kioto/models (1)/OfficeChairGrey_082/model.config
-- Up-to-date: /ws/install/kioto/share/kioto/maps/kioto/models (1)/OfficeChairGrey_137
-- Up-to-date: /ws/install/kioto/share/kioto/maps/kioto/models (1)/OfficeChairGrey_137/meshes
-- Up-to-date: /ws/install/kioto/share/kioto/maps/kioto/models (1)/OfficeChairGrey_137/model.sdf
-- Up-to-date: /ws/install/kioto/share/kioto/maps/kioto/models (1)/OfficeChairGrey_137/model.config
-- Up-to-date: /ws/install/kioto/share/kioto/maps/kioto/models (1)/AdjTable_024
-- Up-to-date: /ws/install/kioto/share/kioto/maps/kioto/models (1)/AdjTable_024/meshes
-- Up-to-date: /ws/install/kioto/share/kioto/maps/kioto/models (1)/AdjTable_024/model.sdf
-- Up-to-date: /ws/install/kioto/share/kioto/maps/kioto/models (1)/AdjTable_024/model.config
-- Up-to-date: /ws/install/kioto/share/kioto/maps/kioto/models (1)/AdjTable_012
-- Up-to-date: /ws/install/kioto/share/kioto/maps/kioto/models (1)/AdjTable_012/meshes
-- Up-to-date: /ws/install/kioto/share/kioto/maps/kioto/models (1)/AdjTable_012/model.sdf
-- Up-to-date: /ws/install/kioto/share/kioto/maps/kioto/models (1)/AdjTable_012/model.config
-- Up-to-date: /ws/install/kioto/share/kioto/maps/kioto/models (1)/OfficeChairGrey_130
-- Up-to-date: /ws/install/kioto/share/kioto/maps/kioto/models (1)/OfficeChairGrey_130/meshes
-- Up-to-date: /ws/install/kioto/share/kioto/maps/kioto/models (1)/OfficeChairGrey_130/model.sdf
-- Up-to-date: /ws/install/kioto/share/kioto/maps/kioto/models (1)/OfficeChairGrey_130/model.config
-- Up-to-date: /ws/install/kioto/share/kioto/maps/kioto/models (1)/OfficeChairGrey_026
-- Up-to-date: /ws/install/kioto/share/kioto/maps/kioto/models (1)/OfficeChairGrey_026/meshes
-- Up-to-date: /ws/install/kioto/share/kioto/maps/kioto/models (1)/OfficeChairGrey_026/model.sdf
-- Up-to-date: /ws/install/kioto/share/kioto/maps/kioto/models (1)/OfficeChairGrey_026/model.config
-- Up-to-date: /ws/install/kioto/share/kioto/maps/kioto/models (1)/OfficeChairGrey_139
-- Up-to-date: /ws/install/kioto/share/kioto/maps/kioto/models (1)/OfficeChairGrey_139/meshes
-- Up-to-date: /ws/install/kioto/share/kioto/maps/kioto/models (1)/OfficeChairGrey_139/model.sdf
-- Up-to-date: /ws/install/kioto/share/kioto/maps/kioto/models (1)/OfficeChairGrey_139/model.config
-- Up-to-date: /ws/install/kioto/share/kioto/maps/kioto/models (1)/OfficeChairGrey_029
-- Up-to-date: /ws/install/kioto/share/kioto/maps/kioto/models (1)/OfficeChairGrey_029/meshes
-- Up-to-date: /ws/install/kioto/share/kioto/maps/kioto/models (1)/OfficeChairGrey_029/model.sdf
-- Up-to-date: /ws/install/kioto/share/kioto/maps/kioto/models (1)/OfficeChairGrey_029/model.config
-- Up-to-date: /ws/install/kioto/share/kioto/maps/kioto/models (1)/OfficeChairGrey_049
-- Up-to-date: /ws/install/kioto/share/kioto/maps/kioto/models (1)/OfficeChairGrey_049/meshes
-- Up-to-date: /ws/install/kioto/share/kioto/maps/kioto/models (1)/OfficeChairGrey_049/model.sdf
-- Up-to-date: /ws/install/kioto/share/kioto/maps/kioto/models (1)/OfficeChairGrey_049/model.config
-- Up-to-date: /ws/install/kioto/share/kioto/maps/kioto/models (1)/AdjTable_019
-- Up-to-date: /ws/install/kioto/share/kioto/maps/kioto/models (1)/AdjTable_019/meshes
-- Up-to-date: /ws/install/kioto/share/kioto/maps/kioto/models (1)/AdjTable_019/model.sdf
-- Up-to-date: /ws/install/kioto/share/kioto/maps/kioto/models (1)/AdjTable_019/model.config
-- Up-to-date: /ws/install/kioto/share/kioto/maps/kioto/models (1)/OfficeChairGrey_065
-- Up-to-date: /ws/install/kioto/share/kioto/maps/kioto/models (1)/OfficeChairGrey_065/meshes
-- Up-to-date: /ws/install/kioto/share/kioto/maps/kioto/models (1)/OfficeChairGrey_065/model.sdf
-- Up-to-date: /ws/install/kioto/share/kioto/maps/kioto/models (1)/OfficeChairGrey_065/model.config
-- Up-to-date: /ws/install/kioto/share/kioto/maps/kioto/models (1)/OfficeChairGrey_091
-- Up-to-date: /ws/install/kioto/share/kioto/maps/kioto/models (1)/OfficeChairGrey_091/meshes
-- Up-to-date: /ws/install/kioto/share/kioto/maps/kioto/models (1)/OfficeChairGrey_091/model.sdf
-- Up-to-date: /ws/install/kioto/share/kioto/maps/kioto/models (1)/OfficeChairGrey_091/model.config
-- Up-to-date: /ws/install/kioto/share/kioto/maps/kioto/models (1)/OfficeChairGrey_034
-- Up-to-date: /ws/install/kioto/share/kioto/maps/kioto/models (1)/OfficeChairGrey_034/meshes
-- Up-to-date: /ws/install/kioto/share/kioto/maps/kioto/models (1)/OfficeChairGrey_034/model.sdf
-- Up-to-date: /ws/install/kioto/share/kioto/maps/kioto/models (1)/OfficeChairGrey_034/model.config
-- Up-to-date: /ws/install/kioto/share/kioto/maps/kioto/models (1)/OfficeChairGrey_101
-- Up-to-date: /ws/install/kioto/share/kioto/maps/kioto/models (1)/OfficeChairGrey_101/meshes
-- Up-to-date: /ws/install/kioto/share/kioto/maps/kioto/models (1)/OfficeChairGrey_101/model.sdf
-- Up-to-date: /ws/install/kioto/share/kioto/maps/kioto/models (1)/OfficeChairGrey_101/model.config
-- Up-to-date: /ws/install/kioto/share/kioto/maps/kioto/models (1)/OfficeChairGrey_042
-- Up-to-date: /ws/install/kioto/share/kioto/maps/kioto/models (1)/OfficeChairGrey_042/meshes
-- Up-to-date: /ws/install/kioto/share/kioto/maps/kioto/models (1)/OfficeChairGrey_042/model.sdf
-- Up-to-date: /ws/install/kioto/share/kioto/maps/kioto/models (1)/OfficeChairGrey_042/model.config
-- Up-to-date: /ws/install/kioto/share/kioto/maps/kioto/models (1)/OfficeChairGrey_077
-- Up-to-date: /ws/install/kioto/share/kioto/maps/kioto/models (1)/OfficeChairGrey_077/meshes
-- Up-to-date: /ws/install/kioto/share/kioto/maps/kioto/models (1)/OfficeChairGrey_077/model.sdf
-- Up-to-date: /ws/install/kioto/share/kioto/maps/kioto/models (1)/OfficeChairGrey_077/model.config
-- Up-to-date: /ws/install/kioto/share/kioto/maps/kioto/models (1)/OfficeChairGrey_116
-- Up-to-date: /ws/install/kioto/share/kioto/maps/kioto/models (1)/OfficeChairGrey_116/meshes
-- Up-to-date: /ws/install/kioto/share/kioto/maps/kioto/models (1)/OfficeChairGrey_116/model.sdf
-- Up-to-date: /ws/install/kioto/share/kioto/maps/kioto/models (1)/OfficeChairGrey_116/model.config
-- Up-to-date: /ws/install/kioto/share/kioto/maps/kioto/models (1)/AdjTable_042
-- Up-to-date: /ws/install/kioto/share/kioto/maps/kioto/models (1)/AdjTable_042/meshes
-- Up-to-date: /ws/install/kioto/share/kioto/maps/kioto/models (1)/AdjTable_042/model.sdf
-- Up-to-date: /ws/install/kioto/share/kioto/maps/kioto/models (1)/AdjTable_042/model.config
-- Up-to-date: /ws/install/kioto/share/kioto/maps/kioto/models (1)/OfficeChairGrey_073
-- Up-to-date: /ws/install/kioto/share/kioto/maps/kioto/models (1)/OfficeChairGrey_073/meshes
-- Up-to-date: /ws/install/kioto/share/kioto/maps/kioto/models (1)/OfficeChairGrey_073/model.sdf
-- Up-to-date: /ws/install/kioto/share/kioto/maps/kioto/models (1)/OfficeChairGrey_073/model.config
-- Up-to-date: /ws/install/kioto/share/kioto/maps/kioto/models (1)/OfficeChairGrey_039
-- Up-to-date: /ws/install/kioto/share/kioto/maps/kioto/models (1)/OfficeChairGrey_039/meshes
-- Up-to-date: /ws/install/kioto/share/kioto/maps/kioto/models (1)/OfficeChairGrey_039/model.sdf
-- Up-to-date: /ws/install/kioto/share/kioto/maps/kioto/models (1)/OfficeChairGrey_039/model.config
-- Up-to-date: /ws/install/kioto/share/kioto/maps/kioto/models (1)/OfficeChairGrey_125
-- Up-to-date: /ws/install/kioto/share/kioto/maps/kioto/models (1)/OfficeChairGrey_125/meshes
-- Up-to-date: /ws/install/kioto/share/kioto/maps/kioto/models (1)/OfficeChairGrey_125/model.sdf
-- Up-to-date: /ws/install/kioto/share/kioto/maps/kioto/models (1)/OfficeChairGrey_125/model.config
-- Up-to-date: /ws/install/kioto/share/kioto/maps/kioto/models (1)/OfficeChairGrey_121
-- Up-to-date: /ws/install/kioto/share/kioto/maps/kioto/models (1)/OfficeChairGrey_121/meshes
-- Up-to-date: /ws/install/kioto/share/kioto/maps/kioto/models (1)/OfficeChairGrey_121/model.sdf
-- Up-to-date: /ws/install/kioto/share/kioto/maps/kioto/models (1)/OfficeChairGrey_121/model.config
-- Up-to-date: /ws/install/kioto/share/kioto/maps/kioto/models (1)/AdjTable_036
-- Up-to-date: /ws/install/kioto/share/kioto/maps/kioto/models (1)/AdjTable_036/meshes
-- Up-to-date: /ws/install/kioto/share/kioto/maps/kioto/models (1)/AdjTable_036/model.sdf
-- Up-to-date: /ws/install/kioto/share/kioto/maps/kioto/models (1)/AdjTable_036/model.config
-- Up-to-date: /ws/install/kioto/share/kioto/maps/kioto/navmesh
-- Up-to-date: /ws/install/kioto/share/kioto/maps/kioto/nav_graphs
-- Up-to-date: /ws/install/kioto/share/kioto/maps/kioto/nav_graphs/0.yaml
-- Up-to-date: /ws/install/kioto/share/kioto/maps/kioto/nav_graphs/0.yaml/0.yaml
-- Up-to-date: /ws/install/kioto/share/kioto/maps/kioto/conference_room_b1_balcony.png
-- Up-to-date: /ws/install/kioto/share/kioto/maps/kioto/conference_room_b1.png
-- Up-to-date: /ws/install/kioto/share/kioto/rviz
-- Up-to-date: /ws/install/kioto/share/kioto/config
-- Up-to-date: /ws/install/kioto/share/kioto/config/tinyRobot_config.yaml
-- Up-to-date: /ws/install/kioto/share/ament_index/resource_index/package_run_dependencies/kioto
-- Up-to-date: /ws/install/kioto/share/ament_index/resource_index/parent_prefix_path/kioto
-- Up-to-date: /ws/install/kioto/share/kioto/environment/ament_prefix_path.sh
-- Up-to-date: /ws/install/kioto/share/kioto/environment/ament_prefix_path.dsv
-- Up-to-date: /ws/install/kioto/share/kioto/environment/path.sh
-- Up-to-date: /ws/install/kioto/share/kioto/environment/path.dsv
-- Up-to-date: /ws/install/kioto/share/kioto/local_setup.bash
-- Up-to-date: /ws/install/kioto/share/kioto/local_setup.sh
-- Up-to-date: /ws/install/kioto/share/kioto/local_setup.zsh
-- Up-to-date: /ws/install/kioto/share/kioto/local_setup.dsv
-- Installing: /ws/install/kioto/share/kioto/package.dsv
-- Up-to-date: /ws/install/kioto/share/ament_index/resource_index/packages/kioto
-- Up-to-date: /ws/install/kioto/share/kioto/cmake/kiotoConfig.cmake
-- Up-to-date: /ws/install/kioto/share/kioto/cmake/kiotoConfig-version.cmake
-- Up-to-date: /ws/install/kioto/share/kioto/package.xml
