[1.193s] Invoking command in '/ws/src/project_tasks': PYTHONPATH=/ws/build/project_tasks/prefix_override:/usr/lib/python3/dist-packages/colcon_core/task/python/colcon_distutils_commands:/ws/install/project_tasks/lib/python3.12/site-packages:${PYTHONPATH} /usr/bin/python3 -W ignore:setup.py install is deprecated -W ignore:easy_install command is deprecated setup.py egg_info --egg-base ../../build/project_tasks build --build-base /ws/build/project_tasks/build install --record /ws/build/project_tasks/install.log --single-version-externally-managed install_data
[1.348s] running egg_info
[1.357s] writing ../../build/project_tasks/project_tasks.egg-info/PKG-INFO
[1.357s] writing dependency_links to ../../build/project_tasks/project_tasks.egg-info/dependency_links.txt
[1.357s] writing entry points to ../../build/project_tasks/project_tasks.egg-info/entry_points.txt
[1.357s] writing requirements to ../../build/project_tasks/project_tasks.egg-info/requires.txt
[1.357s] writing top-level names to ../../build/project_tasks/project_tasks.egg-info/top_level.txt
[1.376s] reading manifest file '../../build/project_tasks/project_tasks.egg-info/SOURCES.txt'
[1.377s] writing manifest file '../../build/project_tasks/project_tasks.egg-info/SOURCES.txt'
[1.377s] running build
[1.377s] running build_py
[1.378s] running install
[1.381s] running install_lib
[1.392s] running install_data
[1.392s] running install_egg_info
[1.401s] removing '/ws/install/project_tasks/lib/python3.12/site-packages/project_tasks-0.0.0-py3.12.egg-info' (and everything under it)
[1.402s] Copying ../../build/project_tasks/project_tasks.egg-info to /ws/install/project_tasks/lib/python3.12/site-packages/project_tasks-0.0.0-py3.12.egg-info
[1.402s] running install_scripts
[1.479s] Installing dispatch_go_to script to /ws/install/project_tasks/lib/project_tasks
[1.479s] Installing dispatch_loop script to /ws/install/project_tasks/lib/project_tasks
[1.479s] Installing dispatch_patrol script to /ws/install/project_tasks/lib/project_tasks
[1.479s] writing list of installed files to '/ws/build/project_tasks/install.log'
[1.500s] Invoked command in '/ws/src/project_tasks' returned '0': PYTHONPATH=/ws/build/project_tasks/prefix_override:/usr/lib/python3/dist-packages/colcon_core/task/python/colcon_distutils_commands:/ws/install/project_tasks/lib/python3.12/site-packages:${PYTHONPATH} /usr/bin/python3 -W ignore:setup.py install is deprecated -W ignore:easy_install command is deprecated setup.py egg_info --egg-base ../../build/project_tasks build --build-base /ws/build/project_tasks/build install --record /ws/build/project_tasks/install.log --single-version-externally-managed install_data
