[1.356s] Invoking command in '/ws/build/rmf_demos_bridges': PYTHONPATH=/ws/build/rmf_demos_bridges/prefix_override:/usr/lib/python3/dist-packages/colcon_core/task/python/colcon_distutils_commands:/ws/install/rmf_demos_bridges/lib/python3.12/site-packages:${PYTHONPATH} /usr/bin/python3 -W ignore:setup.py install is deprecated -W ignore:easy_install command is deprecated setup.py develop --editable --build-directory /ws/build/rmf_demos_bridges/build --no-deps symlink_data --force
[1.533s] running develop
[1.636s] running egg_info
[1.645s] writing rmf_demos_bridges.egg-info/PKG-INFO
[1.645s] writing dependency_links to rmf_demos_bridges.egg-info/dependency_links.txt
[1.645s] writing entry points to rmf_demos_bridges.egg-info/entry_points.txt
[1.645s] writing requirements to rmf_demos_bridges.egg-info/requires.txt
[1.645s] writing top-level names to rmf_demos_bridges.egg-info/top_level.txt
[1.664s] reading manifest file 'rmf_demos_bridges.egg-info/SOURCES.txt'
[1.664s] writing manifest file 'rmf_demos_bridges.egg-info/SOURCES.txt'
[1.674s] running build_ext
[1.674s] Creating /ws/install/rmf_demos_bridges/lib/python3.12/site-packages/rmf-demos-bridges.egg-link (link to .)
[1.675s] Installing fleet_robotmanager_mqtt_bridge script to /ws/install/rmf_demos_bridges/lib/rmf_demos_bridges
[1.675s] Installing fleet_socketio_bridge script to /ws/install/rmf_demos_bridges/lib/rmf_demos_bridges
[1.675s] 
[1.675s] Installed /ws/build/rmf_demos_bridges
[1.675s] running symlink_data
[1.675s] symbolically linking /ws/build/rmf_demos_bridges/resource/rmf_demos_bridges -> /ws/install/rmf_demos_bridges/share/ament_index/resource_index/packages
[1.675s] symbolically linking /ws/build/rmf_demos_bridges/package.xml -> /ws/install/rmf_demos_bridges/share/rmf_demos_bridges
[1.697s] Invoked command in '/ws/build/rmf_demos_bridges' returned '0': PYTHONPATH=/ws/build/rmf_demos_bridges/prefix_override:/usr/lib/python3/dist-packages/colcon_core/task/python/colcon_distutils_commands:/ws/install/rmf_demos_bridges/lib/python3.12/site-packages:${PYTHONPATH} /usr/bin/python3 -W ignore:setup.py install is deprecated -W ignore:easy_install command is deprecated setup.py develop --editable --build-directory /ws/build/rmf_demos_bridges/build --no-deps symlink_data --force
