/ws/install/rmf_demos_tasks/lib/python3.12/site-packages/rmf_demos_tasks/dynamic_event_client.py
/ws/install/rmf_demos_tasks/lib/python3.12/site-packages/rmf_demos_tasks/dispatch_action.py
/ws/install/rmf_demos_tasks/lib/python3.12/site-packages/rmf_demos_tasks/dispatch_patrol.py
/ws/install/rmf_demos_tasks/lib/python3.12/site-packages/rmf_demos_tasks/emergency_signal.py
/ws/install/rmf_demos_tasks/lib/python3.12/site-packages/rmf_demos_tasks/request_loop.py
/ws/install/rmf_demos_tasks/lib/python3.12/site-packages/rmf_demos_tasks/dispatch_json.py
/ws/install/rmf_demos_tasks/lib/python3.12/site-packages/rmf_demos_tasks/api_request.py
/ws/install/rmf_demos_tasks/lib/python3.12/site-packages/rmf_demos_tasks/__init__.py
/ws/install/rmf_demos_tasks/lib/python3.12/site-packages/rmf_demos_tasks/cancel_task.py
/ws/install/rmf_demos_tasks/lib/python3.12/site-packages/rmf_demos_tasks/dispatch_go_to_place.py
/ws/install/rmf_demos_tasks/lib/python3.12/site-packages/rmf_demos_tasks/get_robot_location.py
/ws/install/rmf_demos_tasks/lib/python3.12/site-packages/rmf_demos_tasks/wait_for_task_complete.py
/ws/install/rmf_demos_tasks/lib/python3.12/site-packages/rmf_demos_tasks/dispatch_loop.py
/ws/install/rmf_demos_tasks/lib/python3.12/site-packages/rmf_demos_tasks/request_lift.py
/ws/install/rmf_demos_tasks/lib/python3.12/site-packages/rmf_demos_tasks/dispatch_clean.py
/ws/install/rmf_demos_tasks/lib/python3.12/site-packages/rmf_demos_tasks/dispatch_teleop.py
/ws/install/rmf_demos_tasks/lib/python3.12/site-packages/rmf_demos_tasks/dispatch_delivery.py
/ws/install/rmf_demos_tasks/lib/python3.12/site-packages/rmf_demos_tasks/dispatch_dynamic_event.py
/ws/install/rmf_demos_tasks/lib/python3.12/site-packages/rmf_demos_tasks/mock_docker.py
/ws/install/rmf_demos_tasks/lib/python3.12/site-packages/rmf_demos_tasks/dispatch_cart_delivery.py
/ws/install/rmf_demos_tasks/lib/python3.12/site-packages/rmf_demos_tasks/teleop_robot.py
/ws/install/rmf_demos_tasks/lib/python3.12/site-packages/rmf_demos_tasks/cancel_robot_task.py
/ws/install/rmf_demos_tasks/lib/python3.12/site-packages/rmf_demos_tasks/__pycache__/dynamic_event_client.cpython-312.pyc
/ws/install/rmf_demos_tasks/lib/python3.12/site-packages/rmf_demos_tasks/__pycache__/dispatch_action.cpython-312.pyc
/ws/install/rmf_demos_tasks/lib/python3.12/site-packages/rmf_demos_tasks/__pycache__/dispatch_patrol.cpython-312.pyc
/ws/install/rmf_demos_tasks/lib/python3.12/site-packages/rmf_demos_tasks/__pycache__/emergency_signal.cpython-312.pyc
/ws/install/rmf_demos_tasks/lib/python3.12/site-packages/rmf_demos_tasks/__pycache__/request_loop.cpython-312.pyc
/ws/install/rmf_demos_tasks/lib/python3.12/site-packages/rmf_demos_tasks/__pycache__/dispatch_json.cpython-312.pyc
/ws/install/rmf_demos_tasks/lib/python3.12/site-packages/rmf_demos_tasks/__pycache__/api_request.cpython-312.pyc
/ws/install/rmf_demos_tasks/lib/python3.12/site-packages/rmf_demos_tasks/__pycache__/__init__.cpython-312.pyc
/ws/install/rmf_demos_tasks/lib/python3.12/site-packages/rmf_demos_tasks/__pycache__/cancel_task.cpython-312.pyc
/ws/install/rmf_demos_tasks/lib/python3.12/site-packages/rmf_demos_tasks/__pycache__/dispatch_go_to_place.cpython-312.pyc
/ws/install/rmf_demos_tasks/lib/python3.12/site-packages/rmf_demos_tasks/__pycache__/get_robot_location.cpython-312.pyc
/ws/install/rmf_demos_tasks/lib/python3.12/site-packages/rmf_demos_tasks/__pycache__/wait_for_task_complete.cpython-312.pyc
/ws/install/rmf_demos_tasks/lib/python3.12/site-packages/rmf_demos_tasks/__pycache__/dispatch_loop.cpython-312.pyc
/ws/install/rmf_demos_tasks/lib/python3.12/site-packages/rmf_demos_tasks/__pycache__/request_lift.cpython-312.pyc
/ws/install/rmf_demos_tasks/lib/python3.12/site-packages/rmf_demos_tasks/__pycache__/dispatch_clean.cpython-312.pyc
/ws/install/rmf_demos_tasks/lib/python3.12/site-packages/rmf_demos_tasks/__pycache__/dispatch_teleop.cpython-312.pyc
/ws/install/rmf_demos_tasks/lib/python3.12/site-packages/rmf_demos_tasks/__pycache__/dispatch_delivery.cpython-312.pyc
/ws/install/rmf_demos_tasks/lib/python3.12/site-packages/rmf_demos_tasks/__pycache__/dispatch_dynamic_event.cpython-312.pyc
/ws/install/rmf_demos_tasks/lib/python3.12/site-packages/rmf_demos_tasks/__pycache__/mock_docker.cpython-312.pyc
/ws/install/rmf_demos_tasks/lib/python3.12/site-packages/rmf_demos_tasks/__pycache__/dispatch_cart_delivery.cpython-312.pyc
/ws/install/rmf_demos_tasks/lib/python3.12/site-packages/rmf_demos_tasks/__pycache__/teleop_robot.cpython-312.pyc
/ws/install/rmf_demos_tasks/lib/python3.12/site-packages/rmf_demos_tasks/__pycache__/cancel_robot_task.cpython-312.pyc
/ws/install/rmf_demos_tasks/share/ament_index/resource_index/packages/rmf_demos_tasks
/ws/install/rmf_demos_tasks/share/rmf_demos_tasks/package.xml
/ws/install/rmf_demos_tasks/lib/python3.12/site-packages/rmf_demos_tasks-2.8.1-py3.12.egg-info/PKG-INFO
/ws/install/rmf_demos_tasks/lib/python3.12/site-packages/rmf_demos_tasks-2.8.1-py3.12.egg-info/dependency_links.txt
/ws/install/rmf_demos_tasks/lib/python3.12/site-packages/rmf_demos_tasks-2.8.1-py3.12.egg-info/top_level.txt
/ws/install/rmf_demos_tasks/lib/python3.12/site-packages/rmf_demos_tasks-2.8.1-py3.12.egg-info/entry_points.txt
/ws/install/rmf_demos_tasks/lib/python3.12/site-packages/rmf_demos_tasks-2.8.1-py3.12.egg-info/zip-safe
/ws/install/rmf_demos_tasks/lib/python3.12/site-packages/rmf_demos_tasks-2.8.1-py3.12.egg-info/requires.txt
/ws/install/rmf_demos_tasks/lib/python3.12/site-packages/rmf_demos_tasks-2.8.1-py3.12.egg-info/SOURCES.txt
/ws/install/rmf_demos_tasks/lib/rmf_demos_tasks/api_request
/ws/install/rmf_demos_tasks/lib/rmf_demos_tasks/cancel_robot_task
/ws/install/rmf_demos_tasks/lib/rmf_demos_tasks/cancel_task
/ws/install/rmf_demos_tasks/lib/rmf_demos_tasks/dispatch_action
/ws/install/rmf_demos_tasks/lib/rmf_demos_tasks/dispatch_cart_delivery
/ws/install/rmf_demos_tasks/lib/rmf_demos_tasks/dispatch_clean
/ws/install/rmf_demos_tasks/lib/rmf_demos_tasks/dispatch_delivery
/ws/install/rmf_demos_tasks/lib/rmf_demos_tasks/dispatch_dynamic_event
/ws/install/rmf_demos_tasks/lib/rmf_demos_tasks/dispatch_go_to_place
/ws/install/rmf_demos_tasks/lib/rmf_demos_tasks/dispatch_json
/ws/install/rmf_demos_tasks/lib/rmf_demos_tasks/dispatch_loop
/ws/install/rmf_demos_tasks/lib/rmf_demos_tasks/dispatch_patrol
/ws/install/rmf_demos_tasks/lib/rmf_demos_tasks/dispatch_teleop
/ws/install/rmf_demos_tasks/lib/rmf_demos_tasks/dynamic_event_client
/ws/install/rmf_demos_tasks/lib/rmf_demos_tasks/emergency_signal
/ws/install/rmf_demos_tasks/lib/rmf_demos_tasks/get_robot_location
/ws/install/rmf_demos_tasks/lib/rmf_demos_tasks/mock_docker
/ws/install/rmf_demos_tasks/lib/rmf_demos_tasks/request_lift
/ws/install/rmf_demos_tasks/lib/rmf_demos_tasks/request_loop
/ws/install/rmf_demos_tasks/lib/rmf_demos_tasks/teleop_robot
/ws/install/rmf_demos_tasks/lib/rmf_demos_tasks/wait_for_task_complete
