running egg_info
creating ../../build/project_fleet_adapter/project_fleet_adapter.egg-info
writing ../../build/project_fleet_adapter/project_fleet_adapter.egg-info/PKG-INFO
writing dependency_links to ../../build/project_fleet_adapter/project_fleet_adapter.egg-info/dependency_links.txt
writing entry points to ../../build/project_fleet_adapter/project_fleet_adapter.egg-info/entry_points.txt
writing requirements to ../../build/project_fleet_adapter/project_fleet_adapter.egg-info/requires.txt
writing top-level names to ../../build/project_fleet_adapter/project_fleet_adapter.egg-info/top_level.txt
writing manifest file '../../build/project_fleet_adapter/project_fleet_adapter.egg-info/SOURCES.txt'
reading manifest file '../../build/project_fleet_adapter/project_fleet_adapter.egg-info/SOURCES.txt'
writing manifest file '../../build/project_fleet_adapter/project_fleet_adapter.egg-info/SOURCES.txt'
running build
running build_py
creating /ws/build/project_fleet_adapter/build
creating /ws/build/project_fleet_adapter/build/lib
creating /ws/build/project_fleet_adapter/build/lib/project_fleet_adapter
copying project_fleet_adapter/__init__.py -> /ws/build/project_fleet_adapter/build/lib/project_fleet_adapter
copying project_fleet_adapter/RobotClientAPI.py -> /ws/build/project_fleet_adapter/build/lib/project_fleet_adapter
copying project_fleet_adapter/fleet_adapter.py -> /ws/build/project_fleet_adapter/build/lib/project_fleet_adapter
copying project_fleet_adapter/manage_lane.py -> /ws/build/project_fleet_adapter/build/lib/project_fleet_adapter
copying project_fleet_adapter/fleet_manager.py -> /ws/build/project_fleet_adapter/build/lib/project_fleet_adapter
creating /ws/build/project_fleet_adapter/build/lib/test
copying test/__init__.py -> /ws/build/project_fleet_adapter/build/lib/test
copying test/test_flake8.py -> /ws/build/project_fleet_adapter/build/lib/test
copying test/test_copyright.py -> /ws/build/project_fleet_adapter/build/lib/test
copying test/test_pep257.py -> /ws/build/project_fleet_adapter/build/lib/test
running install
running install_lib
creating /ws/install/project_fleet_adapter/lib/python3.12/site-packages/project_fleet_adapter
copying /ws/build/project_fleet_adapter/build/lib/project_fleet_adapter/__init__.py -> /ws/install/project_fleet_adapter/lib/python3.12/site-packages/project_fleet_adapter
copying /ws/build/project_fleet_adapter/build/lib/project_fleet_adapter/RobotClientAPI.py -> /ws/install/project_fleet_adapter/lib/python3.12/site-packages/project_fleet_adapter
copying /ws/build/project_fleet_adapter/build/lib/project_fleet_adapter/fleet_adapter.py -> /ws/install/project_fleet_adapter/lib/python3.12/site-packages/project_fleet_adapter
copying /ws/build/project_fleet_adapter/build/lib/project_fleet_adapter/manage_lane.py -> /ws/install/project_fleet_adapter/lib/python3.12/site-packages/project_fleet_adapter
copying /ws/build/project_fleet_adapter/build/lib/project_fleet_adapter/fleet_manager.py -> /ws/install/project_fleet_adapter/lib/python3.12/site-packages/project_fleet_adapter
creating /ws/install/project_fleet_adapter/lib/python3.12/site-packages/test
copying /ws/build/project_fleet_adapter/build/lib/test/__init__.py -> /ws/install/project_fleet_adapter/lib/python3.12/site-packages/test
copying /ws/build/project_fleet_adapter/build/lib/test/test_flake8.py -> /ws/install/project_fleet_adapter/lib/python3.12/site-packages/test
copying /ws/build/project_fleet_adapter/build/lib/test/test_copyright.py -> /ws/install/project_fleet_adapter/lib/python3.12/site-packages/test
copying /ws/build/project_fleet_adapter/build/lib/test/test_pep257.py -> /ws/install/project_fleet_adapter/lib/python3.12/site-packages/test
byte-compiling /ws/install/project_fleet_adapter/lib/python3.12/site-packages/project_fleet_adapter/__init__.py to __init__.cpython-312.pyc
byte-compiling /ws/install/project_fleet_adapter/lib/python3.12/site-packages/project_fleet_adapter/RobotClientAPI.py to RobotClientAPI.cpython-312.pyc
byte-compiling /ws/install/project_fleet_adapter/lib/python3.12/site-packages/project_fleet_adapter/fleet_adapter.py to fleet_adapter.cpython-312.pyc
byte-compiling /ws/install/project_fleet_adapter/lib/python3.12/site-packages/project_fleet_adapter/manage_lane.py to manage_lane.cpython-312.pyc
byte-compiling /ws/install/project_fleet_adapter/lib/python3.12/site-packages/project_fleet_adapter/fleet_manager.py to fleet_manager.cpython-312.pyc
byte-compiling /ws/install/project_fleet_adapter/lib/python3.12/site-packages/test/__init__.py to __init__.cpython-312.pyc
byte-compiling /ws/install/project_fleet_adapter/lib/python3.12/site-packages/test/test_flake8.py to test_flake8.cpython-312.pyc
byte-compiling /ws/install/project_fleet_adapter/lib/python3.12/site-packages/test/test_copyright.py to test_copyright.cpython-312.pyc
byte-compiling /ws/install/project_fleet_adapter/lib/python3.12/site-packages/test/test_pep257.py to test_pep257.cpython-312.pyc
running install_data
creating /ws/install/project_fleet_adapter/share/ament_index
creating /ws/install/project_fleet_adapter/share/ament_index/resource_index
creating /ws/install/project_fleet_adapter/share/ament_index/resource_index/packages
copying resource/project_fleet_adapter -> /ws/install/project_fleet_adapter/share/ament_index/resource_index/packages
copying package.xml -> /ws/install/project_fleet_adapter/share/project_fleet_adapter
copying config.yaml -> /ws/install/project_fleet_adapter/share/project_fleet_adapter
creating /ws/install/project_fleet_adapter/share/project_fleet_adapter/launch
copying launch/fleet_adapter.launch.xml -> /ws/install/project_fleet_adapter/share/project_fleet_adapter/launch
running install_egg_info
Copying ../../build/project_fleet_adapter/project_fleet_adapter.egg-info to /ws/install/project_fleet_adapter/lib/python3.12/site-packages/project_fleet_adapter-2.8.1-py3.12.egg-info
running install_scripts
Installing fleet_adapter script to /ws/install/project_fleet_adapter/lib/project_fleet_adapter
Installing fleet_manager script to /ws/install/project_fleet_adapter/lib/project_fleet_adapter
Installing manage_lane script to /ws/install/project_fleet_adapter/lib/project_fleet_adapter
writing list of installed files to '/ws/build/project_fleet_adapter/install.log'
