[1.071s] Invoking command in '/ws/src/project_fleet_adapter': PYTHONPATH=/ws/build/project_fleet_adapter/prefix_override:/usr/lib/python3/dist-packages/colcon_core/task/python/colcon_distutils_commands:/ws/install/project_fleet_adapter/lib/python3.12/site-packages:${PYTHONPATH} /usr/bin/python3 -W ignore:setup.py install is deprecated -W ignore:easy_install command is deprecated setup.py egg_info --egg-base ../../build/project_fleet_adapter build --build-base /ws/build/project_fleet_adapter/build install --record /ws/build/project_fleet_adapter/install.log --single-version-externally-managed install_data
[1.224s] running egg_info
[1.224s] creating ../../build/project_fleet_adapter/project_fleet_adapter.egg-info
[1.233s] writing ../../build/project_fleet_adapter/project_fleet_adapter.egg-info/PKG-INFO
[1.233s] writing dependency_links to ../../build/project_fleet_adapter/project_fleet_adapter.egg-info/dependency_links.txt
[1.233s] writing entry points to ../../build/project_fleet_adapter/project_fleet_adapter.egg-info/entry_points.txt
[1.233s] writing requirements to ../../build/project_fleet_adapter/project_fleet_adapter.egg-info/requires.txt
[1.233s] writing top-level names to ../../build/project_fleet_adapter/project_fleet_adapter.egg-info/top_level.txt
[1.233s] writing manifest file '../../build/project_fleet_adapter/project_fleet_adapter.egg-info/SOURCES.txt'
[1.251s] reading manifest file '../../build/project_fleet_adapter/project_fleet_adapter.egg-info/SOURCES.txt'
[1.251s] writing manifest file '../../build/project_fleet_adapter/project_fleet_adapter.egg-info/SOURCES.txt'
[1.251s] running build
[1.251s] running build_py
[1.252s] creating /ws/build/project_fleet_adapter/build
[1.252s] creating /ws/build/project_fleet_adapter/build/lib
[1.252s] creating /ws/build/project_fleet_adapter/build/lib/project_fleet_adapter
[1.252s] copying project_fleet_adapter/__init__.py -> /ws/build/project_fleet_adapter/build/lib/project_fleet_adapter
[1.252s] copying project_fleet_adapter/RobotClientAPI.py -> /ws/build/project_fleet_adapter/build/lib/project_fleet_adapter
[1.252s] copying project_fleet_adapter/fleet_adapter.py -> /ws/build/project_fleet_adapter/build/lib/project_fleet_adapter
[1.252s] copying project_fleet_adapter/manage_lane.py -> /ws/build/project_fleet_adapter/build/lib/project_fleet_adapter
[1.252s] copying project_fleet_adapter/fleet_manager.py -> /ws/build/project_fleet_adapter/build/lib/project_fleet_adapter
[1.252s] creating /ws/build/project_fleet_adapter/build/lib/test
[1.252s] copying test/__init__.py -> /ws/build/project_fleet_adapter/build/lib/test
[1.252s] copying test/test_flake8.py -> /ws/build/project_fleet_adapter/build/lib/test
[1.253s] copying test/test_copyright.py -> /ws/build/project_fleet_adapter/build/lib/test
[1.253s] copying test/test_pep257.py -> /ws/build/project_fleet_adapter/build/lib/test
[1.253s] running install
[1.256s] running install_lib
[1.265s] creating /ws/install/project_fleet_adapter/lib/python3.12/site-packages/project_fleet_adapter
[1.265s] copying /ws/build/project_fleet_adapter/build/lib/project_fleet_adapter/__init__.py -> /ws/install/project_fleet_adapter/lib/python3.12/site-packages/project_fleet_adapter
[1.265s] copying /ws/build/project_fleet_adapter/build/lib/project_fleet_adapter/RobotClientAPI.py -> /ws/install/project_fleet_adapter/lib/python3.12/site-packages/project_fleet_adapter
[1.265s] copying /ws/build/project_fleet_adapter/build/lib/project_fleet_adapter/fleet_adapter.py -> /ws/install/project_fleet_adapter/lib/python3.12/site-packages/project_fleet_adapter
[1.266s] copying /ws/build/project_fleet_adapter/build/lib/project_fleet_adapter/manage_lane.py -> /ws/install/project_fleet_adapter/lib/python3.12/site-packages/project_fleet_adapter
[1.266s] copying /ws/build/project_fleet_adapter/build/lib/project_fleet_adapter/fleet_manager.py -> /ws/install/project_fleet_adapter/lib/python3.12/site-packages/project_fleet_adapter
[1.266s] creating /ws/install/project_fleet_adapter/lib/python3.12/site-packages/test
[1.266s] copying /ws/build/project_fleet_adapter/build/lib/test/__init__.py -> /ws/install/project_fleet_adapter/lib/python3.12/site-packages/test
[1.266s] copying /ws/build/project_fleet_adapter/build/lib/test/test_flake8.py -> /ws/install/project_fleet_adapter/lib/python3.12/site-packages/test
[1.266s] copying /ws/build/project_fleet_adapter/build/lib/test/test_copyright.py -> /ws/install/project_fleet_adapter/lib/python3.12/site-packages/test
[1.266s] copying /ws/build/project_fleet_adapter/build/lib/test/test_pep257.py -> /ws/install/project_fleet_adapter/lib/python3.12/site-packages/test
[1.266s] byte-compiling /ws/install/project_fleet_adapter/lib/python3.12/site-packages/project_fleet_adapter/__init__.py to __init__.cpython-312.pyc
[1.267s] byte-compiling /ws/install/project_fleet_adapter/lib/python3.12/site-packages/project_fleet_adapter/RobotClientAPI.py to RobotClientAPI.cpython-312.pyc
[1.268s] byte-compiling /ws/install/project_fleet_adapter/lib/python3.12/site-packages/project_fleet_adapter/fleet_adapter.py to fleet_adapter.cpython-312.pyc
[1.270s] byte-compiling /ws/install/project_fleet_adapter/lib/python3.12/site-packages/project_fleet_adapter/manage_lane.py to manage_lane.cpython-312.pyc
[1.270s] byte-compiling /ws/install/project_fleet_adapter/lib/python3.12/site-packages/project_fleet_adapter/fleet_manager.py to fleet_manager.cpython-312.pyc
[1.273s] byte-compiling /ws/install/project_fleet_adapter/lib/python3.12/site-packages/test/__init__.py to __init__.cpython-312.pyc
[1.273s] byte-compiling /ws/install/project_fleet_adapter/lib/python3.12/site-packages/test/test_flake8.py to test_flake8.cpython-312.pyc
[1.273s] byte-compiling /ws/install/project_fleet_adapter/lib/python3.12/site-packages/test/test_copyright.py to test_copyright.cpython-312.pyc
[1.273s] byte-compiling /ws/install/project_fleet_adapter/lib/python3.12/site-packages/test/test_pep257.py to test_pep257.cpython-312.pyc
[1.273s] running install_data
[1.273s] creating /ws/install/project_fleet_adapter/share/ament_index
[1.274s] creating /ws/install/project_fleet_adapter/share/ament_index/resource_index
[1.274s] creating /ws/install/project_fleet_adapter/share/ament_index/resource_index/packages
[1.274s] copying resource/project_fleet_adapter -> /ws/install/project_fleet_adapter/share/ament_index/resource_index/packages
[1.274s] copying package.xml -> /ws/install/project_fleet_adapter/share/project_fleet_adapter
[1.274s] copying config.yaml -> /ws/install/project_fleet_adapter/share/project_fleet_adapter
[1.274s] creating /ws/install/project_fleet_adapter/share/project_fleet_adapter/launch
[1.274s] copying launch/fleet_adapter.launch.xml -> /ws/install/project_fleet_adapter/share/project_fleet_adapter/launch
[1.274s] running install_egg_info
[1.284s] Copying ../../build/project_fleet_adapter/project_fleet_adapter.egg-info to /ws/install/project_fleet_adapter/lib/python3.12/site-packages/project_fleet_adapter-2.8.1-py3.12.egg-info
[1.285s] running install_scripts
[1.358s] Installing fleet_adapter script to /ws/install/project_fleet_adapter/lib/project_fleet_adapter
[1.359s] Installing fleet_manager script to /ws/install/project_fleet_adapter/lib/project_fleet_adapter
[1.359s] Installing manage_lane script to /ws/install/project_fleet_adapter/lib/project_fleet_adapter
[1.359s] writing list of installed files to '/ws/build/project_fleet_adapter/install.log'
[1.387s] Invoked command in '/ws/src/project_fleet_adapter' returned '0': PYTHONPATH=/ws/build/project_fleet_adapter/prefix_override:/usr/lib/python3/dist-packages/colcon_core/task/python/colcon_distutils_commands:/ws/install/project_fleet_adapter/lib/python3.12/site-packages:${PYTHONPATH} /usr/bin/python3 -W ignore:setup.py install is deprecated -W ignore:easy_install command is deprecated setup.py egg_info --egg-base ../../build/project_fleet_adapter build --build-base /ws/build/project_fleet_adapter/build install --record /ws/build/project_fleet_adapter/install.log --single-version-externally-managed install_data
