[1.040s] Invoking command in '/ws/src/rmf_demos/rmf_demos_fleet_adapter': PYTHONPATH=/ws/build/rmf_demos_fleet_adapter/prefix_override:/usr/lib/python3/dist-packages/colcon_core/task/python/colcon_distutils_commands:/ws/install/rmf_demos_fleet_adapter/lib/python3.12/site-packages:${PYTHONPATH} /usr/bin/python3 -W ignore:setup.py install is deprecated -W ignore:easy_install command is deprecated setup.py egg_info --egg-base ../../../build/rmf_demos_fleet_adapter build --build-base /ws/build/rmf_demos_fleet_adapter/build install --record /ws/build/rmf_demos_fleet_adapter/install.log --single-version-externally-managed install_data
[1.231s] running egg_info
[1.232s] creating ../../../build/rmf_demos_fleet_adapter/rmf_demos_fleet_adapter.egg-info
[1.248s] writing ../../../build/rmf_demos_fleet_adapter/rmf_demos_fleet_adapter.egg-info/PKG-INFO
[1.248s] writing dependency_links to ../../../build/rmf_demos_fleet_adapter/rmf_demos_fleet_adapter.egg-info/dependency_links.txt
[1.248s] writing entry points to ../../../build/rmf_demos_fleet_adapter/rmf_demos_fleet_adapter.egg-info/entry_points.txt
[1.248s] writing requirements to ../../../build/rmf_demos_fleet_adapter/rmf_demos_fleet_adapter.egg-info/requires.txt
[1.248s] writing top-level names to ../../../build/rmf_demos_fleet_adapter/rmf_demos_fleet_adapter.egg-info/top_level.txt
[1.248s] writing manifest file '../../../build/rmf_demos_fleet_adapter/rmf_demos_fleet_adapter.egg-info/SOURCES.txt'
[1.271s] reading manifest file '../../../build/rmf_demos_fleet_adapter/rmf_demos_fleet_adapter.egg-info/SOURCES.txt'
[1.272s] writing manifest file '../../../build/rmf_demos_fleet_adapter/rmf_demos_fleet_adapter.egg-info/SOURCES.txt'
[1.272s] running build
[1.272s] running build_py
[1.272s] creating /ws/build/rmf_demos_fleet_adapter/build
[1.272s] creating /ws/build/rmf_demos_fleet_adapter/build/lib
[1.272s] creating /ws/build/rmf_demos_fleet_adapter/build/lib/rmf_demos_fleet_adapter
[1.273s] copying rmf_demos_fleet_adapter/__init__.py -> /ws/build/rmf_demos_fleet_adapter/build/lib/rmf_demos_fleet_adapter
[1.273s] copying rmf_demos_fleet_adapter/RobotClientAPI.py -> /ws/build/rmf_demos_fleet_adapter/build/lib/rmf_demos_fleet_adapter
[1.273s] copying rmf_demos_fleet_adapter/fleet_adapter.py -> /ws/build/rmf_demos_fleet_adapter/build/lib/rmf_demos_fleet_adapter
[1.274s] copying rmf_demos_fleet_adapter/manage_lane.py -> /ws/build/rmf_demos_fleet_adapter/build/lib/rmf_demos_fleet_adapter
[1.274s] copying rmf_demos_fleet_adapter/fleet_manager.py -> /ws/build/rmf_demos_fleet_adapter/build/lib/rmf_demos_fleet_adapter
[1.274s] creating /ws/build/rmf_demos_fleet_adapter/build/lib/test
[1.275s] copying test/__init__.py -> /ws/build/rmf_demos_fleet_adapter/build/lib/test
[1.275s] copying test/test_flake8.py -> /ws/build/rmf_demos_fleet_adapter/build/lib/test
[1.275s] copying test/test_copyright.py -> /ws/build/rmf_demos_fleet_adapter/build/lib/test
[1.275s] copying test/test_pep257.py -> /ws/build/rmf_demos_fleet_adapter/build/lib/test
[1.275s] running install
[1.280s] running install_lib
[1.290s] creating /ws/install/rmf_demos_fleet_adapter/lib/python3.12/site-packages/rmf_demos_fleet_adapter
[1.290s] copying /ws/build/rmf_demos_fleet_adapter/build/lib/rmf_demos_fleet_adapter/__init__.py -> /ws/install/rmf_demos_fleet_adapter/lib/python3.12/site-packages/rmf_demos_fleet_adapter
[1.290s] copying /ws/build/rmf_demos_fleet_adapter/build/lib/rmf_demos_fleet_adapter/RobotClientAPI.py -> /ws/install/rmf_demos_fleet_adapter/lib/python3.12/site-packages/rmf_demos_fleet_adapter
[1.290s] copying /ws/build/rmf_demos_fleet_adapter/build/lib/rmf_demos_fleet_adapter/fleet_adapter.py -> /ws/install/rmf_demos_fleet_adapter/lib/python3.12/site-packages/rmf_demos_fleet_adapter
[1.290s] copying /ws/build/rmf_demos_fleet_adapter/build/lib/rmf_demos_fleet_adapter/manage_lane.py -> /ws/install/rmf_demos_fleet_adapter/lib/python3.12/site-packages/rmf_demos_fleet_adapter
[1.290s] copying /ws/build/rmf_demos_fleet_adapter/build/lib/rmf_demos_fleet_adapter/fleet_manager.py -> /ws/install/rmf_demos_fleet_adapter/lib/python3.12/site-packages/rmf_demos_fleet_adapter
[1.291s] creating /ws/install/rmf_demos_fleet_adapter/lib/python3.12/site-packages/test
[1.291s] copying /ws/build/rmf_demos_fleet_adapter/build/lib/test/__init__.py -> /ws/install/rmf_demos_fleet_adapter/lib/python3.12/site-packages/test
[1.291s] copying /ws/build/rmf_demos_fleet_adapter/build/lib/test/test_flake8.py -> /ws/install/rmf_demos_fleet_adapter/lib/python3.12/site-packages/test
[1.291s] copying /ws/build/rmf_demos_fleet_adapter/build/lib/test/test_copyright.py -> /ws/install/rmf_demos_fleet_adapter/lib/python3.12/site-packages/test
[1.291s] copying /ws/build/rmf_demos_fleet_adapter/build/lib/test/test_pep257.py -> /ws/install/rmf_demos_fleet_adapter/lib/python3.12/site-packages/test
[1.292s] byte-compiling /ws/install/rmf_demos_fleet_adapter/lib/python3.12/site-packages/rmf_demos_fleet_adapter/__init__.py to __init__.cpython-312.pyc
[1.292s] byte-compiling /ws/install/rmf_demos_fleet_adapter/lib/python3.12/site-packages/rmf_demos_fleet_adapter/RobotClientAPI.py to RobotClientAPI.cpython-312.pyc
[1.293s] byte-compiling /ws/install/rmf_demos_fleet_adapter/lib/python3.12/site-packages/rmf_demos_fleet_adapter/fleet_adapter.py to fleet_adapter.cpython-312.pyc
[1.295s] byte-compiling /ws/install/rmf_demos_fleet_adapter/lib/python3.12/site-packages/rmf_demos_fleet_adapter/manage_lane.py to manage_lane.cpython-312.pyc
[1.296s] byte-compiling /ws/install/rmf_demos_fleet_adapter/lib/python3.12/site-packages/rmf_demos_fleet_adapter/fleet_manager.py to fleet_manager.cpython-312.pyc
[1.298s] byte-compiling /ws/install/rmf_demos_fleet_adapter/lib/python3.12/site-packages/test/__init__.py to __init__.cpython-312.pyc
[1.298s] byte-compiling /ws/install/rmf_demos_fleet_adapter/lib/python3.12/site-packages/test/test_flake8.py to test_flake8.cpython-312.pyc
[1.298s] byte-compiling /ws/install/rmf_demos_fleet_adapter/lib/python3.12/site-packages/test/test_copyright.py to test_copyright.cpython-312.pyc
[1.299s] byte-compiling /ws/install/rmf_demos_fleet_adapter/lib/python3.12/site-packages/test/test_pep257.py to test_pep257.cpython-312.pyc
[1.299s] running install_data
[1.299s] creating /ws/install/rmf_demos_fleet_adapter/share/ament_index
[1.299s] creating /ws/install/rmf_demos_fleet_adapter/share/ament_index/resource_index
[1.299s] creating /ws/install/rmf_demos_fleet_adapter/share/ament_index/resource_index/packages
[1.299s] copying resource/rmf_demos_fleet_adapter -> /ws/install/rmf_demos_fleet_adapter/share/ament_index/resource_index/packages
[1.299s] copying package.xml -> /ws/install/rmf_demos_fleet_adapter/share/rmf_demos_fleet_adapter
[1.299s] copying config.yaml -> /ws/install/rmf_demos_fleet_adapter/share/rmf_demos_fleet_adapter
[1.300s] creating /ws/install/rmf_demos_fleet_adapter/share/rmf_demos_fleet_adapter/launch
[1.300s] copying launch/fleet_adapter.launch.xml -> /ws/install/rmf_demos_fleet_adapter/share/rmf_demos_fleet_adapter/launch
[1.300s] running install_egg_info
[1.317s] Copying ../../../build/rmf_demos_fleet_adapter/rmf_demos_fleet_adapter.egg-info to /ws/install/rmf_demos_fleet_adapter/lib/python3.12/site-packages/rmf_demos_fleet_adapter-2.8.1-py3.12.egg-info
[1.318s] running install_scripts
[1.450s] Installing fleet_adapter script to /ws/install/rmf_demos_fleet_adapter/lib/rmf_demos_fleet_adapter
[1.450s] Installing fleet_manager script to /ws/install/rmf_demos_fleet_adapter/lib/rmf_demos_fleet_adapter
[1.450s] Installing manage_lane script to /ws/install/rmf_demos_fleet_adapter/lib/rmf_demos_fleet_adapter
[1.450s] writing list of installed files to '/ws/build/rmf_demos_fleet_adapter/install.log'
[1.521s] Invoked command in '/ws/src/rmf_demos/rmf_demos_fleet_adapter' returned '0': PYTHONPATH=/ws/build/rmf_demos_fleet_adapter/prefix_override:/usr/lib/python3/dist-packages/colcon_core/task/python/colcon_distutils_commands:/ws/install/rmf_demos_fleet_adapter/lib/python3.12/site-packages:${PYTHONPATH} /usr/bin/python3 -W ignore:setup.py install is deprecated -W ignore:easy_install command is deprecated setup.py egg_info --egg-base ../../../build/rmf_demos_fleet_adapter build --build-base /ws/build/rmf_demos_fleet_adapter/build install --record /ws/build/rmf_demos_fleet_adapter/install.log --single-version-externally-managed install_data
