-- The C compiler identification is GNU 13.3.0
-- The CXX compiler identification is GNU 13.3.0
-- Detecting C compiler ABI info
-- Detecting C compiler ABI info - done
-- Check for working C compiler: /usr/bin/cc - skipped
-- Detecting C compile features
-- Detecting C compile features - done
-- Detecting CXX compiler ABI info
-- Detecting CXX compiler ABI info - done
-- Check for working CXX compiler: /usr/bin/c++ - skipped
-- Detecting CXX compile features
-- Detecting CXX compile features - done
-- Found ament_cmake: 2.5.4 (/opt/ros/jazzy/share/ament_cmake/cmake)
-- Found Python3: /usr/bin/python3 (found version "3.12.3") found components: Interpreter 
-- Configuring done (0.7s)
-- Generating done (0.0s)
-- Build files have been written to: /ws/build/first_project
Load success!

Cache found! Model count: 3238 
Updating cache...
Topping up Fuel (updating cache) from: https://fuel.gazebosim.org/1.0/models
Fetching page: 1
Cached model found! Halting Fuel traversal...
Writing to cache: /root/.pit_crew/model_cache.json
New models cached: 0

[  0%] Built target update_model_cache
[100%] [34m[1mGenerating maps/first_ign/first.world[0m
generating /ws/build/first_project/maps/first_ign/first.world from /ws/src/first_project/maps/first/first.building.yaml
building name: first
coordinate system: reference_image
parsing level L1
parsing level L2
calculating levels relative to L1
level L1 scale: 0.06666666666666667
calculating level L2 offset and scale...
  3 common fiducials:
Transform.set_from_fiducials()
  3 fiducial pairs:
    (150.0, -100.0) -> (150.0, -100.0)   ESQ_DERE
    (150.0, -0.3) -> (150.0, -0.3)   arr
    (0.455, -99.9) -> (0.455, -99.9)   ESQ_IZQ
    calc dist ESQ_DERE <=> arr
    calc dist ESQ_DERE <=> ESQ_IZQ
    calc dist arr <=> ESQ_IZQ
Bearings:
[(1.5707963267948966, 1.5707963267948966), (3.1409239586478366, 3.1409239586478366), (-2.554037694860164, -2.554037694860164)]
  0.0
  0.0
  0.0
  Circular mean: -0.0
Distances:
[(99.7, 99.7), (149.54503343474832, 149.54503343474832), (179.6771188131644, 179.6771188131644)]
mean relative scale: 1.0
translation: (-0.0, -0.0)
parsing lift lift1
generating model of level L1 in /ws/build/first_project/maps/first_ign/models/first_L1
  wrote /ws/build/first_project/maps/first_ign/models/first_L1/model.config
generating floor polygon 1 on floor first_L1
hole vertices: []
lift vertices: {'lift1': [(5.083333333333333, -1.0166666666666666), (5.083333333333333, -5.116666666666666), (9.183333333333334, -5.116666666666666), (9.183333333333334, -1.0166666666666666)]}
[[0, 1, 4], [0, 4, 5], [0, 5, 3], [3, 5, 6], [3, 6, 7], [3, 7, 2], [2, 7, 4], [2, 4, 1]]
  wrote /ws/build/first_project/maps/first_ign/models/first_L1/meshes/floor_1.obj
  wrote /ws/build/first_project/maps/first_ign/models/first_L1/meshes/blue_linoleum.png
  wrote /ws/build/first_project/maps/first_ign/models/first_L1/meshes/floor_1.mtl
Walls Generation, wall params list: [{'alpha': <building_map.param_value.ParamValue object at 0x73122b4bf5f0>, 'texture_height': <building_map.param_value.ParamValue object at 0x73122b4bf890>, 'texture_name': <building_map.param_value.ParamValue object at 0x73122b4bf980>, 'texture_scale': <building_map.param_value.ParamValue object at 0x73122b4bf9e0>, 'texture_width': <building_map.param_value.ParamValue object at 0x73122b4bfa10>}, {'alpha': <building_map.param_value.ParamValue object at 0x73122b4bfa70>, 'texture_height': <building_map.param_value.ParamValue object at 0x73122b4bfaa0>, 'texture_name': <building_map.param_value.ParamValue object at 0x73122b4bf950>, 'texture_scale': <building_map.param_value.ParamValue object at 0x73122b4bfad0>, 'texture_width': <building_map.param_value.ParamValue object at 0x73122b4bfb30>}]
generating wall: 1 on floor: first_L1
  wrote /ws/build/first_project/maps/first_ign/models/first_L1/meshes/default.png
generate_wall_visual_mesh(first_L1, /ws/build/first_project/maps/first_ign/models/first_L1)
  generating /ws/build/first_project/maps/first_ign/models/first_L1/meshes/wall_1.obj
  generating /ws/build/first_project/maps/first_ign/models/first_L1/meshes/wall_1.mtl
generating wall: 2 on floor: first_L1
  wrote /ws/build/first_project/maps/first_ign/models/first_L1/meshes/default.png
generate_wall_visual_mesh(first_L1, /ws/build/first_project/maps/first_ign/models/first_L1)
  generating /ws/build/first_project/maps/first_ign/models/first_L1/meshes/wall_2.obj
  generating /ws/build/first_project/maps/first_ign/models/first_L1/meshes/wall_2.mtl
  wrote /ws/build/first_project/maps/first_ign/models/first_L1/model.sdf
generating model of level L2 in /ws/build/first_project/maps/first_ign/models/first_L2
  wrote /ws/build/first_project/maps/first_ign/models/first_L2/model.config
generating floor polygon 1 on floor first_L2
hole vertices: []
lift vertices: {'lift1': [(5.083333333333333, -1.0166666666666666), (5.083333333333333, -5.116666666666666), (9.183333333333334, -5.116666666666666), (9.183333333333334, -1.0166666666666666)]}
[[0, 1, 4], [0, 4, 5], [0, 5, 3], [3, 5, 6], [3, 6, 7], [3, 7, 2], [2, 7, 4], [2, 4, 1]]
  wrote /ws/build/first_project/maps/first_ign/models/first_L2/meshes/floor_1.obj
  wrote /ws/build/first_project/maps/first_ign/models/first_L2/meshes/blue_linoleum.png
  wrote /ws/build/first_project/maps/first_ign/models/first_L2/meshes/floor_1.mtl
Walls Generation, wall params list: [{'alpha': <building_map.param_value.ParamValue object at 0x73122b27c800>, 'texture_height': <building_map.param_value.ParamValue object at 0x73122b27c830>, 'texture_name': <building_map.param_value.ParamValue object at 0x73122b27c890>, 'texture_scale': <building_map.param_value.ParamValue object at 0x73122b27c8c0>, 'texture_width': <building_map.param_value.ParamValue object at 0x73122b27c8f0>}]
generating wall: 1 on floor: first_L2
  wrote /ws/build/first_project/maps/first_ign/models/first_L2/meshes/default.png
generate_wall_visual_mesh(first_L2, /ws/build/first_project/maps/first_ign/models/first_L2)
  generating /ws/build/first_project/maps/first_ign/models/first_L2/meshes/wall_1.obj
  generating /ws/build/first_project/maps/first_ign/models/first_L2/meshes/wall_1.mtl
  wrote /ws/build/first_project/maps/first_ign/models/first_L2/model.sdf
spawning robot name tinyRobot1 of type TinyRobot
generate door name=door1 type=hinged
Door(door1)
23782 bytes written to /ws/build/first_project/maps/first_ign/first.world
[100%] Built target generate_first_world
-- Install configuration: ""
-- Installing: /ws/install/first_project/share/first_project/launch
-- Installing: /ws/install/first_project/share/first_project/launch/simulation.launch.xml
-- Installing: /ws/install/first_project/share/first_project/launch/first.launch.xml
-- Installing: /ws/install/first_project/share/first_project/maps
-- Installing: /ws/install/first_project/share/first_project/maps/first_ign
-- Installing: /ws/install/first_project/share/first_project/maps/first_ign/models
-- Installing: /ws/install/first_project/share/first_project/maps/first_ign/models/first_L2
-- Installing: /ws/install/first_project/share/first_project/maps/first_ign/models/first_L2/meshes
-- Installing: /ws/install/first_project/share/first_project/maps/first_ign/models/first_L2/meshes/wall_1.mtl
-- Installing: /ws/install/first_project/share/first_project/maps/first_ign/models/first_L2/meshes/wall_1.obj
-- Installing: /ws/install/first_project/share/first_project/maps/first_ign/models/first_L2/meshes/floor_1.obj
-- Installing: /ws/install/first_project/share/first_project/maps/first_ign/models/first_L2/meshes/floor_1.mtl
-- Installing: /ws/install/first_project/share/first_project/maps/first_ign/models/first_L2/meshes/blue_linoleum.png
-- Installing: /ws/install/first_project/share/first_project/maps/first_ign/models/first_L2/meshes/model.material
-- Installing: /ws/install/first_project/share/first_project/maps/first_ign/models/first_L2/meshes/default.png
-- Installing: /ws/install/first_project/share/first_project/maps/first_ign/models/first_L2/model.sdf
-- Installing: /ws/install/first_project/share/first_project/maps/first_ign/models/first_L2/model.config
-- Installing: /ws/install/first_project/share/first_project/maps/first_ign/models/Sofa
-- Installing: /ws/install/first_project/share/first_project/maps/first_ign/models/Sofa/thumbnails
-- Installing: /ws/install/first_project/share/first_project/maps/first_ign/models/Sofa/thumbnails/1.png
-- Installing: /ws/install/first_project/share/first_project/maps/first_ign/models/Sofa/thumbnails/4.png
-- Installing: /ws/install/first_project/share/first_project/maps/first_ign/models/Sofa/thumbnails/3.png
-- Installing: /ws/install/first_project/share/first_project/maps/first_ign/models/Sofa/thumbnails/5.png
-- Installing: /ws/install/first_project/share/first_project/maps/first_ign/models/Sofa/thumbnails/2.png
-- Installing: /ws/install/first_project/share/first_project/maps/first_ign/models/Sofa/meshes
-- Installing: /ws/install/first_project/share/first_project/maps/first_ign/models/Sofa/meshes/Sofa.mtl
-- Installing: /ws/install/first_project/share/first_project/maps/first_ign/models/Sofa/meshes/Sofa.obj
-- Installing: /ws/install/first_project/share/first_project/maps/first_ign/models/Sofa/meshes/SofaDiffuse.png
-- Installing: /ws/install/first_project/share/first_project/maps/first_ign/models/Sofa/model.sdf
-- Installing: /ws/install/first_project/share/first_project/maps/first_ign/models/Sofa/model.config
-- Installing: /ws/install/first_project/share/first_project/maps/first_ign/models/TinyRobot
-- Installing: /ws/install/first_project/share/first_project/maps/first_ign/models/TinyRobot/meshes
-- Installing: /ws/install/first_project/share/first_project/maps/first_ign/models/TinyRobot/meshes/front_wheel.obj
-- Installing: /ws/install/first_project/share/first_project/maps/first_ign/models/TinyRobot/meshes/caster_wheel.obj
-- Installing: /ws/install/first_project/share/first_project/maps/first_ign/models/TinyRobot/meshes/tinyRobot_body.mtl
-- Installing: /ws/install/first_project/share/first_project/maps/first_ign/models/TinyRobot/meshes/caster_wheel.mtl
-- Installing: /ws/install/first_project/share/first_project/maps/first_ign/models/TinyRobot/meshes/tinyRobot_body.obj
-- Installing: /ws/install/first_project/share/first_project/maps/first_ign/models/TinyRobot/meshes/front_wheel.mtl
-- Installing: /ws/install/first_project/share/first_project/maps/first_ign/models/TinyRobot/model.sdf
-- Installing: /ws/install/first_project/share/first_project/maps/first_ign/models/TinyRobot/model.config
-- Installing: /ws/install/first_project/share/first_project/maps/first_ign/models/first_L1
-- Installing: /ws/install/first_project/share/first_project/maps/first_ign/models/first_L1/meshes
-- Installing: /ws/install/first_project/share/first_project/maps/first_ign/models/first_L1/meshes/wall_1.mtl
-- Installing: /ws/install/first_project/share/first_project/maps/first_ign/models/first_L1/meshes/wall_1.obj
-- Installing: /ws/install/first_project/share/first_project/maps/first_ign/models/first_L1/meshes/wall_2.mtl
-- Installing: /ws/install/first_project/share/first_project/maps/first_ign/models/first_L1/meshes/wall_2.obj
-- Installing: /ws/install/first_project/share/first_project/maps/first_ign/models/first_L1/meshes/floor_1.obj
-- Installing: /ws/install/first_project/share/first_project/maps/first_ign/models/first_L1/meshes/floor_1.mtl
-- Installing: /ws/install/first_project/share/first_project/maps/first_ign/models/first_L1/meshes/blue_linoleum.png
-- Installing: /ws/install/first_project/share/first_project/maps/first_ign/models/first_L1/meshes/model.material
-- Installing: /ws/install/first_project/share/first_project/maps/first_ign/models/first_L1/meshes/default.png
-- Installing: /ws/install/first_project/share/first_project/maps/first_ign/models/first_L1/model.sdf
-- Installing: /ws/install/first_project/share/first_project/maps/first_ign/models/first_L1/model.config
-- Installing: /ws/install/first_project/share/first_project/maps/first_ign/first.world
-- Installing: /ws/install/first_project/share/first_project/maps/first
-- Installing: /ws/install/first_project/share/first_project/maps/first/L1.png
-- Installing: /ws/install/first_project/share/first_project/maps/first/L2.png
-- Installing: /ws/install/first_project/share/first_project/maps/first/first.building.yaml
-- Installing: /ws/install/first_project/share/first_project/maps/first/models
-- Installing: /ws/install/first_project/share/first_project/maps/first/nav_graphs
-- Installing: /ws/install/first_project/share/first_project/maps/first/nav_graphs/0.yaml
-- Installing: /ws/install/first_project/share/first_project/maps/first/0.yaml
-- Installing: /ws/install/first_project/share/first_project/config
-- Installing: /ws/install/first_project/share/first_project/config/tinyRobot_config.yaml
-- Up-to-date: /ws/install/first_project/share/first_project/maps/first_ign
-- Up-to-date: /ws/install/first_project/share/first_project/maps/first_ign/models
-- Up-to-date: /ws/install/first_project/share/first_project/maps/first_ign/models/first_L2
-- Up-to-date: /ws/install/first_project/share/first_project/maps/first_ign/models/first_L2/meshes
-- Installing: /ws/install/first_project/share/first_project/maps/first_ign/models/first_L2/meshes/wall_1.mtl
-- Installing: /ws/install/first_project/share/first_project/maps/first_ign/models/first_L2/meshes/wall_1.obj
-- Installing: /ws/install/first_project/share/first_project/maps/first_ign/models/first_L2/meshes/floor_1.obj
-- Installing: /ws/install/first_project/share/first_project/maps/first_ign/models/first_L2/meshes/floor_1.mtl
-- Installing: /ws/install/first_project/share/first_project/maps/first_ign/models/first_L2/meshes/blue_linoleum.png
-- Installing: /ws/install/first_project/share/first_project/maps/first_ign/models/first_L2/meshes/model.material
-- Installing: /ws/install/first_project/share/first_project/maps/first_ign/models/first_L2/meshes/default.png
-- Installing: /ws/install/first_project/share/first_project/maps/first_ign/models/first_L2/model.sdf
-- Installing: /ws/install/first_project/share/first_project/maps/first_ign/models/first_L2/model.config
-- Up-to-date: /ws/install/first_project/share/first_project/maps/first_ign/models/first_L1
-- Up-to-date: /ws/install/first_project/share/first_project/maps/first_ign/models/first_L1/meshes
-- Installing: /ws/install/first_project/share/first_project/maps/first_ign/models/first_L1/meshes/wall_1.mtl
-- Installing: /ws/install/first_project/share/first_project/maps/first_ign/models/first_L1/meshes/wall_1.obj
-- Installing: /ws/install/first_project/share/first_project/maps/first_ign/models/first_L1/meshes/wall_2.mtl
-- Installing: /ws/install/first_project/share/first_project/maps/first_ign/models/first_L1/meshes/wall_2.obj
-- Installing: /ws/install/first_project/share/first_project/maps/first_ign/models/first_L1/meshes/floor_1.obj
-- Installing: /ws/install/first_project/share/first_project/maps/first_ign/models/first_L1/meshes/floor_1.mtl
-- Installing: /ws/install/first_project/share/first_project/maps/first_ign/models/first_L1/meshes/blue_linoleum.png
-- Installing: /ws/install/first_project/share/first_project/maps/first_ign/models/first_L1/meshes/model.material
-- Installing: /ws/install/first_project/share/first_project/maps/first_ign/models/first_L1/meshes/default.png
-- Installing: /ws/install/first_project/share/first_project/maps/first_ign/models/first_L1/model.sdf
-- Installing: /ws/install/first_project/share/first_project/maps/first_ign/models/first_L1/model.config
-- Installing: /ws/install/first_project/share/first_project/maps/first_ign/first.world
-- Installing: /ws/install/first_project/share/ament_index/resource_index/package_run_dependencies/first_project
-- Installing: /ws/install/first_project/share/ament_index/resource_index/parent_prefix_path/first_project
-- Installing: /ws/install/first_project/share/first_project/environment/ament_prefix_path.sh
-- Installing: /ws/install/first_project/share/first_project/environment/ament_prefix_path.dsv
-- Installing: /ws/install/first_project/share/first_project/environment/path.sh
-- Installing: /ws/install/first_project/share/first_project/environment/path.dsv
-- Installing: /ws/install/first_project/share/first_project/local_setup.bash
-- Installing: /ws/install/first_project/share/first_project/local_setup.sh
-- Installing: /ws/install/first_project/share/first_project/local_setup.zsh
-- Installing: /ws/install/first_project/share/first_project/local_setup.dsv
-- Installing: /ws/install/first_project/share/first_project/package.dsv
-- Installing: /ws/install/first_project/share/ament_index/resource_index/packages/first_project
-- Installing: /ws/install/first_project/share/first_project/cmake/first_projectConfig.cmake
-- Installing: /ws/install/first_project/share/first_project/cmake/first_projectConfig-version.cmake
-- Installing: /ws/install/first_project/share/first_project/package.xml
