[0.015s] Invoking command in '/ws/build/first_project': AMENT_PREFIX_PATH=/ws/install/rmf_demos:/ws/install/rmf_demos_tasks:/ws/install/rmf_demos_maps:/ws/install/rmf_demos_fleet_adapter:/ws/install/rmf_demos_assets:${AMENT_PREFIX_PATH} CMAKE_PREFIX_PATH=/ws/install/rmf_demos:/ws/install/rmf_demos_maps:/ws/install/rmf_demos_assets:/rmf_demos_ws/install/rmf_workcell_msgs:/rmf_demos_ws/install/rmf_demos_gz:/rmf_demos_ws/install/rmf_demos:/rmf_demos_ws/install/rmf_reservation_node:/rmf_demos_ws/install/rmf_fleet_adapter_python:/rmf_demos_ws/install/rmf_fleet_adapter:/rmf_demos_ws/install/rmf_task_ros2:/rmf_demos_ws/install/rmf_websocket:/rmf_demos_ws/install/rmf_visualization:/rmf_demos_ws/install/rmf_visualization_schedule:/rmf_demos_ws/install/rmf_visualization_rviz2_plugins:/rmf_demos_ws/install/rmf_visualization_obstacles:/rmf_demos_ws/install/rmf_visualization_navgraphs:/rmf_demos_ws/install/rmf_visualization_floorplans:/rmf_demos_ws/install/rmf_visualization_fleet_states:/rmf_demos_ws/install/rmf_visualization_msgs:/rmf_demos_ws/install/rmf_traffic_ros2:/rmf_demos_ws/install/rmf_task_sequence:/rmf_demos_ws/install/rmf_task:/rmf_demos_ws/install/rmf_battery:/rmf_demos_ws/install/rmf_traffic:/rmf_demos_ws/install/rmf_utils:/rmf_demos_ws/install/rmf_traffic_msgs:/rmf_demos_ws/install/rmf_traffic_editor_test_maps:/rmf_demos_ws/install/rmf_traffic_editor_assets:/rmf_demos_ws/install/rmf_traffic_editor:/rmf_demos_ws/install/rmf_task_msgs:/rmf_demos_ws/install/rmf_site_map_msgs:/rmf_demos_ws/install/rmf_scheduler_msgs:/rmf_demos_ws/install/rmf_robot_sim_gz_plugins:/rmf_demos_ws/install/rmf_robot_sim_common:/rmf_demos_ws/install/rmf_reservation_msgs:/rmf_demos_ws/install/rmf_obstacle_msgs:/rmf_demos_ws/install/rmf_building_sim_gz_plugins:/rmf_demos_ws/install/rmf_lift_msgs:/rmf_demos_ws/install/rmf_ingestor_msgs:/rmf_demos_ws/install/rmf_fleet_msgs:/rmf_demos_ws/install/rmf_door_msgs:/rmf_demos_ws/install/rmf_dispenser_msgs:/rmf_demos_ws/install/rmf_demos_maps:/rmf_demos_ws/install/rmf_demos_assets:/rmf_demos_ws/install/rmf_charger_msgs:/rmf_demos_ws/install/rmf_building_map_msgs:/rmf_demos_ws/install/rmf_api_msgs:/rmf_demos_ws/install/nlohmann_json_schema_validator_vendor:/rmf_demos_ws/install/rmf_demos_fleet_adapter:/rmf_demos_ws/install/rmf_visualization_building_systems:/rmf_demos_ws/install/rmf_traffic_examples:/rmf_demos_ws/install/rmf_demos_bridges:/rmf_demos_ws/install/rmf_demos_tasks:/rmf_demos_ws/install/rmf_building_map_tools:/rmf_demos_ws/install/rmf_charging_schedule:/opt/ros/jazzy:/rmf_demos_ws/install/menge_vendor:/rmf_demos_ws/install/ament_cmake_catch2:/opt/ros/jazzy/opt/gz_sim_vendor:/opt/ros/jazzy/opt/gz_sensors_vendor:/opt/ros/jazzy/opt/gz_physics_vendor:/opt/ros/jazzy/opt/sdformat_vendor:/opt/ros/jazzy/opt/gz_gui_vendor:/opt/ros/jazzy/opt/gz_transport_vendor:/opt/ros/jazzy/opt/gz_rendering_vendor:/opt/ros/jazzy/opt/gz_plugin_vendor:/opt/ros/jazzy/opt/gz_fuel_tools_vendor:/opt/ros/jazzy/opt/gz_msgs_vendor:/opt/ros/jazzy/opt/gz_common_vendor:/opt/ros/jazzy/opt/gz_math_vendor:/opt/ros/jazzy/opt/gz_utils_vendor:/opt/ros/jazzy/opt/gz_tools_vendor:/opt/ros/jazzy/opt/gz_ogre_next_vendor:/opt/ros/jazzy/opt/gz_dartsim_vendor:/opt/ros/jazzy/opt/gz_cmake_vendor PYTHONPATH=/ws/install/rmf_demos_tasks/lib/python3.12/site-packages:/ws/install/rmf_demos_fleet_adapter/lib/python3.12/site-packages:${PYTHONPATH} /usr/bin/cmake /ws/src/first_project -DCMAKE_INSTALL_PREFIX=/ws/install/first_project
[0.070s] -- The C compiler identification is GNU 13.3.0
[0.116s] -- The CXX compiler identification is GNU 13.3.0
[0.135s] -- Detecting C compiler ABI info
[0.240s] -- Detecting C compiler ABI info - done
[0.245s] -- Check for working C compiler: /usr/bin/cc - skipped
[0.245s] -- Detecting C compile features
[0.246s] -- Detecting C compile features - done
[0.257s] -- Detecting CXX compiler ABI info
[0.364s] -- Detecting CXX compiler ABI info - done
[0.370s] -- Check for working CXX compiler: /usr/bin/c++ - skipped
[0.370s] -- Detecting CXX compile features
[0.371s] -- Detecting CXX compile features - done
[0.378s] -- Found ament_cmake: 2.5.4 (/opt/ros/jazzy/share/ament_cmake/cmake)
[0.531s] -- Found Python3: /usr/bin/python3 (found version "3.12.3") found components: Interpreter 
[0.727s] -- Configuring done (0.7s)
[0.730s] -- Generating done (0.0s)
[0.731s] -- Build files have been written to: /ws/build/first_project
[0.734s] Invoked command in '/ws/build/first_project' returned '0': AMENT_PREFIX_PATH=/ws/install/rmf_demos:/ws/install/rmf_demos_tasks:/ws/install/rmf_demos_maps:/ws/install/rmf_demos_fleet_adapter:/ws/install/rmf_demos_assets:${AMENT_PREFIX_PATH} CMAKE_PREFIX_PATH=/ws/install/rmf_demos:/ws/install/rmf_demos_maps:/ws/install/rmf_demos_assets:/rmf_demos_ws/install/rmf_workcell_msgs:/rmf_demos_ws/install/rmf_demos_gz:/rmf_demos_ws/install/rmf_demos:/rmf_demos_ws/install/rmf_reservation_node:/rmf_demos_ws/install/rmf_fleet_adapter_python:/rmf_demos_ws/install/rmf_fleet_adapter:/rmf_demos_ws/install/rmf_task_ros2:/rmf_demos_ws/install/rmf_websocket:/rmf_demos_ws/install/rmf_visualization:/rmf_demos_ws/install/rmf_visualization_schedule:/rmf_demos_ws/install/rmf_visualization_rviz2_plugins:/rmf_demos_ws/install/rmf_visualization_obstacles:/rmf_demos_ws/install/rmf_visualization_navgraphs:/rmf_demos_ws/install/rmf_visualization_floorplans:/rmf_demos_ws/install/rmf_visualization_fleet_states:/rmf_demos_ws/install/rmf_visualization_msgs:/rmf_demos_ws/install/rmf_traffic_ros2:/rmf_demos_ws/install/rmf_task_sequence:/rmf_demos_ws/install/rmf_task:/rmf_demos_ws/install/rmf_battery:/rmf_demos_ws/install/rmf_traffic:/rmf_demos_ws/install/rmf_utils:/rmf_demos_ws/install/rmf_traffic_msgs:/rmf_demos_ws/install/rmf_traffic_editor_test_maps:/rmf_demos_ws/install/rmf_traffic_editor_assets:/rmf_demos_ws/install/rmf_traffic_editor:/rmf_demos_ws/install/rmf_task_msgs:/rmf_demos_ws/install/rmf_site_map_msgs:/rmf_demos_ws/install/rmf_scheduler_msgs:/rmf_demos_ws/install/rmf_robot_sim_gz_plugins:/rmf_demos_ws/install/rmf_robot_sim_common:/rmf_demos_ws/install/rmf_reservation_msgs:/rmf_demos_ws/install/rmf_obstacle_msgs:/rmf_demos_ws/install/rmf_building_sim_gz_plugins:/rmf_demos_ws/install/rmf_lift_msgs:/rmf_demos_ws/install/rmf_ingestor_msgs:/rmf_demos_ws/install/rmf_fleet_msgs:/rmf_demos_ws/install/rmf_door_msgs:/rmf_demos_ws/install/rmf_dispenser_msgs:/rmf_demos_ws/install/rmf_demos_maps:/rmf_demos_ws/install/rmf_demos_assets:/rmf_demos_ws/install/rmf_charger_msgs:/rmf_demos_ws/install/rmf_building_map_msgs:/rmf_demos_ws/install/rmf_api_msgs:/rmf_demos_ws/install/nlohmann_json_schema_validator_vendor:/rmf_demos_ws/install/rmf_demos_fleet_adapter:/rmf_demos_ws/install/rmf_visualization_building_systems:/rmf_demos_ws/install/rmf_traffic_examples:/rmf_demos_ws/install/rmf_demos_bridges:/rmf_demos_ws/install/rmf_demos_tasks:/rmf_demos_ws/install/rmf_building_map_tools:/rmf_demos_ws/install/rmf_charging_schedule:/opt/ros/jazzy:/rmf_demos_ws/install/menge_vendor:/rmf_demos_ws/install/ament_cmake_catch2:/opt/ros/jazzy/opt/gz_sim_vendor:/opt/ros/jazzy/opt/gz_sensors_vendor:/opt/ros/jazzy/opt/gz_physics_vendor:/opt/ros/jazzy/opt/sdformat_vendor:/opt/ros/jazzy/opt/gz_gui_vendor:/opt/ros/jazzy/opt/gz_transport_vendor:/opt/ros/jazzy/opt/gz_rendering_vendor:/opt/ros/jazzy/opt/gz_plugin_vendor:/opt/ros/jazzy/opt/gz_fuel_tools_vendor:/opt/ros/jazzy/opt/gz_msgs_vendor:/opt/ros/jazzy/opt/gz_common_vendor:/opt/ros/jazzy/opt/gz_math_vendor:/opt/ros/jazzy/opt/gz_utils_vendor:/opt/ros/jazzy/opt/gz_tools_vendor:/opt/ros/jazzy/opt/gz_ogre_next_vendor:/opt/ros/jazzy/opt/gz_dartsim_vendor:/opt/ros/jazzy/opt/gz_cmake_vendor PYTHONPATH=/ws/install/rmf_demos_tasks/lib/python3.12/site-packages:/ws/install/rmf_demos_fleet_adapter/lib/python3.12/site-packages:${PYTHONPATH} /usr/bin/cmake /ws/src/first_project -DCMAKE_INSTALL_PREFIX=/ws/install/first_project
[0.735s] Invoking command in '/ws/build/first_project': AMENT_PREFIX_PATH=/ws/install/rmf_demos:/ws/install/rmf_demos_tasks:/ws/install/rmf_demos_maps:/ws/install/rmf_demos_fleet_adapter:/ws/install/rmf_demos_assets:${AMENT_PREFIX_PATH} CMAKE_PREFIX_PATH=/ws/install/rmf_demos:/ws/install/rmf_demos_maps:/ws/install/rmf_demos_assets:/rmf_demos_ws/install/rmf_workcell_msgs:/rmf_demos_ws/install/rmf_demos_gz:/rmf_demos_ws/install/rmf_demos:/rmf_demos_ws/install/rmf_reservation_node:/rmf_demos_ws/install/rmf_fleet_adapter_python:/rmf_demos_ws/install/rmf_fleet_adapter:/rmf_demos_ws/install/rmf_task_ros2:/rmf_demos_ws/install/rmf_websocket:/rmf_demos_ws/install/rmf_visualization:/rmf_demos_ws/install/rmf_visualization_schedule:/rmf_demos_ws/install/rmf_visualization_rviz2_plugins:/rmf_demos_ws/install/rmf_visualization_obstacles:/rmf_demos_ws/install/rmf_visualization_navgraphs:/rmf_demos_ws/install/rmf_visualization_floorplans:/rmf_demos_ws/install/rmf_visualization_fleet_states:/rmf_demos_ws/install/rmf_visualization_msgs:/rmf_demos_ws/install/rmf_traffic_ros2:/rmf_demos_ws/install/rmf_task_sequence:/rmf_demos_ws/install/rmf_task:/rmf_demos_ws/install/rmf_battery:/rmf_demos_ws/install/rmf_traffic:/rmf_demos_ws/install/rmf_utils:/rmf_demos_ws/install/rmf_traffic_msgs:/rmf_demos_ws/install/rmf_traffic_editor_test_maps:/rmf_demos_ws/install/rmf_traffic_editor_assets:/rmf_demos_ws/install/rmf_traffic_editor:/rmf_demos_ws/install/rmf_task_msgs:/rmf_demos_ws/install/rmf_site_map_msgs:/rmf_demos_ws/install/rmf_scheduler_msgs:/rmf_demos_ws/install/rmf_robot_sim_gz_plugins:/rmf_demos_ws/install/rmf_robot_sim_common:/rmf_demos_ws/install/rmf_reservation_msgs:/rmf_demos_ws/install/rmf_obstacle_msgs:/rmf_demos_ws/install/rmf_building_sim_gz_plugins:/rmf_demos_ws/install/rmf_lift_msgs:/rmf_demos_ws/install/rmf_ingestor_msgs:/rmf_demos_ws/install/rmf_fleet_msgs:/rmf_demos_ws/install/rmf_door_msgs:/rmf_demos_ws/install/rmf_dispenser_msgs:/rmf_demos_ws/install/rmf_demos_maps:/rmf_demos_ws/install/rmf_demos_assets:/rmf_demos_ws/install/rmf_charger_msgs:/rmf_demos_ws/install/rmf_building_map_msgs:/rmf_demos_ws/install/rmf_api_msgs:/rmf_demos_ws/install/nlohmann_json_schema_validator_vendor:/rmf_demos_ws/install/rmf_demos_fleet_adapter:/rmf_demos_ws/install/rmf_visualization_building_systems:/rmf_demos_ws/install/rmf_traffic_examples:/rmf_demos_ws/install/rmf_demos_bridges:/rmf_demos_ws/install/rmf_demos_tasks:/rmf_demos_ws/install/rmf_building_map_tools:/rmf_demos_ws/install/rmf_charging_schedule:/opt/ros/jazzy:/rmf_demos_ws/install/menge_vendor:/rmf_demos_ws/install/ament_cmake_catch2:/opt/ros/jazzy/opt/gz_sim_vendor:/opt/ros/jazzy/opt/gz_sensors_vendor:/opt/ros/jazzy/opt/gz_physics_vendor:/opt/ros/jazzy/opt/sdformat_vendor:/opt/ros/jazzy/opt/gz_gui_vendor:/opt/ros/jazzy/opt/gz_transport_vendor:/opt/ros/jazzy/opt/gz_rendering_vendor:/opt/ros/jazzy/opt/gz_plugin_vendor:/opt/ros/jazzy/opt/gz_fuel_tools_vendor:/opt/ros/jazzy/opt/gz_msgs_vendor:/opt/ros/jazzy/opt/gz_common_vendor:/opt/ros/jazzy/opt/gz_math_vendor:/opt/ros/jazzy/opt/gz_utils_vendor:/opt/ros/jazzy/opt/gz_tools_vendor:/opt/ros/jazzy/opt/gz_ogre_next_vendor:/opt/ros/jazzy/opt/gz_dartsim_vendor:/opt/ros/jazzy/opt/gz_cmake_vendor PYTHONPATH=/ws/install/rmf_demos_tasks/lib/python3.12/site-packages:/ws/install/rmf_demos_fleet_adapter/lib/python3.12/site-packages:${PYTHONPATH} /usr/bin/cmake --build /ws/build/first_project -- -j16 -l16
[0.985s] Load success!
[0.985s] 
[0.985s] Cache found! Model count: 3238 
[0.985s] Updating cache...
[0.985s] Topping up Fuel (updating cache) from: https://fuel.gazebosim.org/1.0/models
[0.985s] Fetching page: 1
[3.581s] Cached model found! Halting Fuel traversal...
[3.581s] Writing to cache: /root/.pit_crew/model_cache.json
[3.625s] New models cached: 0
[3.625s] 
[3.682s] [  0%] Built target update_model_cache
[3.714s] [100%] [34m[1mGenerating maps/first_ign/first.world[0m
[4.026s] generating /ws/build/first_project/maps/first_ign/first.world from /ws/src/first_project/maps/first/first.building.yaml
[4.028s] building name: first
[4.028s] coordinate system: reference_image
[4.028s] parsing level L1
[4.028s] parsing level L2
[4.028s] calculating levels relative to L1
[4.028s] level L1 scale: 0.06666666666666667
[4.028s] calculating level L2 offset and scale...
[4.028s]   3 common fiducials:
[4.028s] Transform.set_from_fiducials()
[4.028s]   3 fiducial pairs:
[4.028s]     (150.0, -100.0) -> (150.0, -100.0)   ESQ_DERE
[4.029s]     (150.0, -0.3) -> (150.0, -0.3)   arr
[4.029s]     (0.455, -99.9) -> (0.455, -99.9)   ESQ_IZQ
[4.029s]     calc dist ESQ_DERE <=> arr
[4.029s]     calc dist ESQ_DERE <=> ESQ_IZQ
[4.029s]     calc dist arr <=> ESQ_IZQ
[4.029s] Bearings:
[4.029s] [(1.5707963267948966, 1.5707963267948966), (3.1409239586478366, 3.1409239586478366), (-2.554037694860164, -2.554037694860164)]
[4.029s]   0.0
[4.029s]   0.0
[4.029s]   0.0
[4.029s]   Circular mean: -0.0
[4.029s] Distances:
[4.029s] [(99.7, 99.7), (149.54503343474832, 149.54503343474832), (179.6771188131644, 179.6771188131644)]
[4.029s] mean relative scale: 1.0
[4.029s] translation: (-0.0, -0.0)
[4.029s] parsing lift lift1
[4.029s] generating model of level L1 in /ws/build/first_project/maps/first_ign/models/first_L1
[4.029s]   wrote /ws/build/first_project/maps/first_ign/models/first_L1/model.config
[4.029s] generating floor polygon 1 on floor first_L1
[4.029s] hole vertices: []
[4.029s] lift vertices: {'lift1': [(5.083333333333333, -1.0166666666666666), (5.083333333333333, -5.116666666666666), (9.183333333333334, -5.116666666666666), (9.183333333333334, -1.0166666666666666)]}
[4.031s] [[0, 1, 4], [0, 4, 5], [0, 5, 3], [3, 5, 6], [3, 6, 7], [3, 7, 2], [2, 7, 4], [2, 4, 1]]
[4.031s]   wrote /ws/build/first_project/maps/first_ign/models/first_L1/meshes/floor_1.obj
[4.032s]   wrote /ws/build/first_project/maps/first_ign/models/first_L1/meshes/blue_linoleum.png
[4.032s]   wrote /ws/build/first_project/maps/first_ign/models/first_L1/meshes/floor_1.mtl
[4.032s] Walls Generation, wall params list: [{'alpha': <building_map.param_value.ParamValue object at 0x73122b4bf5f0>, 'texture_height': <building_map.param_value.ParamValue object at 0x73122b4bf890>, 'texture_name': <building_map.param_value.ParamValue object at 0x73122b4bf980>, 'texture_scale': <building_map.param_value.ParamValue object at 0x73122b4bf9e0>, 'texture_width': <building_map.param_value.ParamValue object at 0x73122b4bfa10>}, {'alpha': <building_map.param_value.ParamValue object at 0x73122b4bfa70>, 'texture_height': <building_map.param_value.ParamValue object at 0x73122b4bfaa0>, 'texture_name': <building_map.param_value.ParamValue object at 0x73122b4bf950>, 'texture_scale': <building_map.param_value.ParamValue object at 0x73122b4bfad0>, 'texture_width': <building_map.param_value.ParamValue object at 0x73122b4bfb30>}]
[4.032s] generating wall: 1 on floor: first_L1
[4.033s]   wrote /ws/build/first_project/maps/first_ign/models/first_L1/meshes/default.png
[4.033s] generate_wall_visual_mesh(first_L1, /ws/build/first_project/maps/first_ign/models/first_L1)
[4.033s]   generating /ws/build/first_project/maps/first_ign/models/first_L1/meshes/wall_1.obj
[4.033s]   generating /ws/build/first_project/maps/first_ign/models/first_L1/meshes/wall_1.mtl
[4.033s] generating wall: 2 on floor: first_L1
[4.033s]   wrote /ws/build/first_project/maps/first_ign/models/first_L1/meshes/default.png
[4.033s] generate_wall_visual_mesh(first_L1, /ws/build/first_project/maps/first_ign/models/first_L1)
[4.033s]   generating /ws/build/first_project/maps/first_ign/models/first_L1/meshes/wall_2.obj
[4.033s]   generating /ws/build/first_project/maps/first_ign/models/first_L1/meshes/wall_2.mtl
[4.033s]   wrote /ws/build/first_project/maps/first_ign/models/first_L1/model.sdf
[4.034s] generating model of level L2 in /ws/build/first_project/maps/first_ign/models/first_L2
[4.034s]   wrote /ws/build/first_project/maps/first_ign/models/first_L2/model.config
[4.034s] generating floor polygon 1 on floor first_L2
[4.034s] hole vertices: []
[4.034s] lift vertices: {'lift1': [(5.083333333333333, -1.0166666666666666), (5.083333333333333, -5.116666666666666), (9.183333333333334, -5.116666666666666), (9.183333333333334, -1.0166666666666666)]}
[4.036s] [[0, 1, 4], [0, 4, 5], [0, 5, 3], [3, 5, 6], [3, 6, 7], [3, 7, 2], [2, 7, 4], [2, 4, 1]]
[4.036s]   wrote /ws/build/first_project/maps/first_ign/models/first_L2/meshes/floor_1.obj
[4.037s]   wrote /ws/build/first_project/maps/first_ign/models/first_L2/meshes/blue_linoleum.png
[4.037s]   wrote /ws/build/first_project/maps/first_ign/models/first_L2/meshes/floor_1.mtl
[4.037s] Walls Generation, wall params list: [{'alpha': <building_map.param_value.ParamValue object at 0x73122b27c800>, 'texture_height': <building_map.param_value.ParamValue object at 0x73122b27c830>, 'texture_name': <building_map.param_value.ParamValue object at 0x73122b27c890>, 'texture_scale': <building_map.param_value.ParamValue object at 0x73122b27c8c0>, 'texture_width': <building_map.param_value.ParamValue object at 0x73122b27c8f0>}]
[4.037s] generating wall: 1 on floor: first_L2
[4.037s]   wrote /ws/build/first_project/maps/first_ign/models/first_L2/meshes/default.png
[4.037s] generate_wall_visual_mesh(first_L2, /ws/build/first_project/maps/first_ign/models/first_L2)
[4.037s]   generating /ws/build/first_project/maps/first_ign/models/first_L2/meshes/wall_1.obj
[4.037s]   generating /ws/build/first_project/maps/first_ign/models/first_L2/meshes/wall_1.mtl
[4.037s]   wrote /ws/build/first_project/maps/first_ign/models/first_L2/model.sdf
[4.051s] spawning robot name tinyRobot1 of type TinyRobot
[4.051s] generate door name=door1 type=hinged
[4.051s] Door(door1)
[4.052s] 23782 bytes written to /ws/build/first_project/maps/first_ign/first.world
[4.119s] [100%] Built target generate_first_world
[4.132s] Invoked command in '/ws/build/first_project' returned '0': AMENT_PREFIX_PATH=/ws/install/rmf_demos:/ws/install/rmf_demos_tasks:/ws/install/rmf_demos_maps:/ws/install/rmf_demos_fleet_adapter:/ws/install/rmf_demos_assets:${AMENT_PREFIX_PATH} CMAKE_PREFIX_PATH=/ws/install/rmf_demos:/ws/install/rmf_demos_maps:/ws/install/rmf_demos_assets:/rmf_demos_ws/install/rmf_workcell_msgs:/rmf_demos_ws/install/rmf_demos_gz:/rmf_demos_ws/install/rmf_demos:/rmf_demos_ws/install/rmf_reservation_node:/rmf_demos_ws/install/rmf_fleet_adapter_python:/rmf_demos_ws/install/rmf_fleet_adapter:/rmf_demos_ws/install/rmf_task_ros2:/rmf_demos_ws/install/rmf_websocket:/rmf_demos_ws/install/rmf_visualization:/rmf_demos_ws/install/rmf_visualization_schedule:/rmf_demos_ws/install/rmf_visualization_rviz2_plugins:/rmf_demos_ws/install/rmf_visualization_obstacles:/rmf_demos_ws/install/rmf_visualization_navgraphs:/rmf_demos_ws/install/rmf_visualization_floorplans:/rmf_demos_ws/install/rmf_visualization_fleet_states:/rmf_demos_ws/install/rmf_visualization_msgs:/rmf_demos_ws/install/rmf_traffic_ros2:/rmf_demos_ws/install/rmf_task_sequence:/rmf_demos_ws/install/rmf_task:/rmf_demos_ws/install/rmf_battery:/rmf_demos_ws/install/rmf_traffic:/rmf_demos_ws/install/rmf_utils:/rmf_demos_ws/install/rmf_traffic_msgs:/rmf_demos_ws/install/rmf_traffic_editor_test_maps:/rmf_demos_ws/install/rmf_traffic_editor_assets:/rmf_demos_ws/install/rmf_traffic_editor:/rmf_demos_ws/install/rmf_task_msgs:/rmf_demos_ws/install/rmf_site_map_msgs:/rmf_demos_ws/install/rmf_scheduler_msgs:/rmf_demos_ws/install/rmf_robot_sim_gz_plugins:/rmf_demos_ws/install/rmf_robot_sim_common:/rmf_demos_ws/install/rmf_reservation_msgs:/rmf_demos_ws/install/rmf_obstacle_msgs:/rmf_demos_ws/install/rmf_building_sim_gz_plugins:/rmf_demos_ws/install/rmf_lift_msgs:/rmf_demos_ws/install/rmf_ingestor_msgs:/rmf_demos_ws/install/rmf_fleet_msgs:/rmf_demos_ws/install/rmf_door_msgs:/rmf_demos_ws/install/rmf_dispenser_msgs:/rmf_demos_ws/install/rmf_demos_maps:/rmf_demos_ws/install/rmf_demos_assets:/rmf_demos_ws/install/rmf_charger_msgs:/rmf_demos_ws/install/rmf_building_map_msgs:/rmf_demos_ws/install/rmf_api_msgs:/rmf_demos_ws/install/nlohmann_json_schema_validator_vendor:/rmf_demos_ws/install/rmf_demos_fleet_adapter:/rmf_demos_ws/install/rmf_visualization_building_systems:/rmf_demos_ws/install/rmf_traffic_examples:/rmf_demos_ws/install/rmf_demos_bridges:/rmf_demos_ws/install/rmf_demos_tasks:/rmf_demos_ws/install/rmf_building_map_tools:/rmf_demos_ws/install/rmf_charging_schedule:/opt/ros/jazzy:/rmf_demos_ws/install/menge_vendor:/rmf_demos_ws/install/ament_cmake_catch2:/opt/ros/jazzy/opt/gz_sim_vendor:/opt/ros/jazzy/opt/gz_sensors_vendor:/opt/ros/jazzy/opt/gz_physics_vendor:/opt/ros/jazzy/opt/sdformat_vendor:/opt/ros/jazzy/opt/gz_gui_vendor:/opt/ros/jazzy/opt/gz_transport_vendor:/opt/ros/jazzy/opt/gz_rendering_vendor:/opt/ros/jazzy/opt/gz_plugin_vendor:/opt/ros/jazzy/opt/gz_fuel_tools_vendor:/opt/ros/jazzy/opt/gz_msgs_vendor:/opt/ros/jazzy/opt/gz_common_vendor:/opt/ros/jazzy/opt/gz_math_vendor:/opt/ros/jazzy/opt/gz_utils_vendor:/opt/ros/jazzy/opt/gz_tools_vendor:/opt/ros/jazzy/opt/gz_ogre_next_vendor:/opt/ros/jazzy/opt/gz_dartsim_vendor:/opt/ros/jazzy/opt/gz_cmake_vendor PYTHONPATH=/ws/install/rmf_demos_tasks/lib/python3.12/site-packages:/ws/install/rmf_demos_fleet_adapter/lib/python3.12/site-packages:${PYTHONPATH} /usr/bin/cmake --build /ws/build/first_project -- -j16 -l16
[4.133s] Invoking command in '/ws/build/first_project': AMENT_PREFIX_PATH=/ws/install/rmf_demos:/ws/install/rmf_demos_tasks:/ws/install/rmf_demos_maps:/ws/install/rmf_demos_fleet_adapter:/ws/install/rmf_demos_assets:${AMENT_PREFIX_PATH} CMAKE_PREFIX_PATH=/ws/install/rmf_demos:/ws/install/rmf_demos_maps:/ws/install/rmf_demos_assets:/rmf_demos_ws/install/rmf_workcell_msgs:/rmf_demos_ws/install/rmf_demos_gz:/rmf_demos_ws/install/rmf_demos:/rmf_demos_ws/install/rmf_reservation_node:/rmf_demos_ws/install/rmf_fleet_adapter_python:/rmf_demos_ws/install/rmf_fleet_adapter:/rmf_demos_ws/install/rmf_task_ros2:/rmf_demos_ws/install/rmf_websocket:/rmf_demos_ws/install/rmf_visualization:/rmf_demos_ws/install/rmf_visualization_schedule:/rmf_demos_ws/install/rmf_visualization_rviz2_plugins:/rmf_demos_ws/install/rmf_visualization_obstacles:/rmf_demos_ws/install/rmf_visualization_navgraphs:/rmf_demos_ws/install/rmf_visualization_floorplans:/rmf_demos_ws/install/rmf_visualization_fleet_states:/rmf_demos_ws/install/rmf_visualization_msgs:/rmf_demos_ws/install/rmf_traffic_ros2:/rmf_demos_ws/install/rmf_task_sequence:/rmf_demos_ws/install/rmf_task:/rmf_demos_ws/install/rmf_battery:/rmf_demos_ws/install/rmf_traffic:/rmf_demos_ws/install/rmf_utils:/rmf_demos_ws/install/rmf_traffic_msgs:/rmf_demos_ws/install/rmf_traffic_editor_test_maps:/rmf_demos_ws/install/rmf_traffic_editor_assets:/rmf_demos_ws/install/rmf_traffic_editor:/rmf_demos_ws/install/rmf_task_msgs:/rmf_demos_ws/install/rmf_site_map_msgs:/rmf_demos_ws/install/rmf_scheduler_msgs:/rmf_demos_ws/install/rmf_robot_sim_gz_plugins:/rmf_demos_ws/install/rmf_robot_sim_common:/rmf_demos_ws/install/rmf_reservation_msgs:/rmf_demos_ws/install/rmf_obstacle_msgs:/rmf_demos_ws/install/rmf_building_sim_gz_plugins:/rmf_demos_ws/install/rmf_lift_msgs:/rmf_demos_ws/install/rmf_ingestor_msgs:/rmf_demos_ws/install/rmf_fleet_msgs:/rmf_demos_ws/install/rmf_door_msgs:/rmf_demos_ws/install/rmf_dispenser_msgs:/rmf_demos_ws/install/rmf_demos_maps:/rmf_demos_ws/install/rmf_demos_assets:/rmf_demos_ws/install/rmf_charger_msgs:/rmf_demos_ws/install/rmf_building_map_msgs:/rmf_demos_ws/install/rmf_api_msgs:/rmf_demos_ws/install/nlohmann_json_schema_validator_vendor:/rmf_demos_ws/install/rmf_demos_fleet_adapter:/rmf_demos_ws/install/rmf_visualization_building_systems:/rmf_demos_ws/install/rmf_traffic_examples:/rmf_demos_ws/install/rmf_demos_bridges:/rmf_demos_ws/install/rmf_demos_tasks:/rmf_demos_ws/install/rmf_building_map_tools:/rmf_demos_ws/install/rmf_charging_schedule:/opt/ros/jazzy:/rmf_demos_ws/install/menge_vendor:/rmf_demos_ws/install/ament_cmake_catch2:/opt/ros/jazzy/opt/gz_sim_vendor:/opt/ros/jazzy/opt/gz_sensors_vendor:/opt/ros/jazzy/opt/gz_physics_vendor:/opt/ros/jazzy/opt/sdformat_vendor:/opt/ros/jazzy/opt/gz_gui_vendor:/opt/ros/jazzy/opt/gz_transport_vendor:/opt/ros/jazzy/opt/gz_rendering_vendor:/opt/ros/jazzy/opt/gz_plugin_vendor:/opt/ros/jazzy/opt/gz_fuel_tools_vendor:/opt/ros/jazzy/opt/gz_msgs_vendor:/opt/ros/jazzy/opt/gz_common_vendor:/opt/ros/jazzy/opt/gz_math_vendor:/opt/ros/jazzy/opt/gz_utils_vendor:/opt/ros/jazzy/opt/gz_tools_vendor:/opt/ros/jazzy/opt/gz_ogre_next_vendor:/opt/ros/jazzy/opt/gz_dartsim_vendor:/opt/ros/jazzy/opt/gz_cmake_vendor PYTHONPATH=/ws/install/rmf_demos_tasks/lib/python3.12/site-packages:/ws/install/rmf_demos_fleet_adapter/lib/python3.12/site-packages:${PYTHONPATH} /usr/bin/cmake --install /ws/build/first_project
[4.146s] -- Install configuration: ""
[4.146s] -- Installing: /ws/install/first_project/share/first_project/launch
[4.146s] -- Installing: /ws/install/first_project/share/first_project/launch/simulation.launch.xml
[4.146s] -- Installing: /ws/install/first_project/share/first_project/launch/first.launch.xml
[4.146s] -- Installing: /ws/install/first_project/share/first_project/maps
[4.146s] -- Installing: /ws/install/first_project/share/first_project/maps/first_ign
[4.146s] -- Installing: /ws/install/first_project/share/first_project/maps/first_ign/models
[4.146s] -- Installing: /ws/install/first_project/share/first_project/maps/first_ign/models/first_L2
[4.146s] -- Installing: /ws/install/first_project/share/first_project/maps/first_ign/models/first_L2/meshes
[4.146s] -- Installing: /ws/install/first_project/share/first_project/maps/first_ign/models/first_L2/meshes/wall_1.mtl
[4.146s] -- Installing: /ws/install/first_project/share/first_project/maps/first_ign/models/first_L2/meshes/wall_1.obj
[4.146s] -- Installing: /ws/install/first_project/share/first_project/maps/first_ign/models/first_L2/meshes/floor_1.obj
[4.146s] -- Installing: /ws/install/first_project/share/first_project/maps/first_ign/models/first_L2/meshes/floor_1.mtl
[4.147s] -- Installing: /ws/install/first_project/share/first_project/maps/first_ign/models/first_L2/meshes/blue_linoleum.png
[4.147s] -- Installing: /ws/install/first_project/share/first_project/maps/first_ign/models/first_L2/meshes/model.material
[4.147s] -- Installing: /ws/install/first_project/share/first_project/maps/first_ign/models/first_L2/meshes/default.png
[4.147s] -- Installing: /ws/install/first_project/share/first_project/maps/first_ign/models/first_L2/model.sdf
[4.147s] -- Installing: /ws/install/first_project/share/first_project/maps/first_ign/models/first_L2/model.config
[4.147s] -- Installing: /ws/install/first_project/share/first_project/maps/first_ign/models/Sofa
[4.147s] -- Installing: /ws/install/first_project/share/first_project/maps/first_ign/models/Sofa/thumbnails
[4.147s] -- Installing: /ws/install/first_project/share/first_project/maps/first_ign/models/Sofa/thumbnails/1.png
[4.148s] -- Installing: /ws/install/first_project/share/first_project/maps/first_ign/models/Sofa/thumbnails/4.png
[4.148s] -- Installing: /ws/install/first_project/share/first_project/maps/first_ign/models/Sofa/thumbnails/3.png
[4.148s] -- Installing: /ws/install/first_project/share/first_project/maps/first_ign/models/Sofa/thumbnails/5.png
[4.148s] -- Installing: /ws/install/first_project/share/first_project/maps/first_ign/models/Sofa/thumbnails/2.png
[4.148s] -- Installing: /ws/install/first_project/share/first_project/maps/first_ign/models/Sofa/meshes
[4.148s] -- Installing: /ws/install/first_project/share/first_project/maps/first_ign/models/Sofa/meshes/Sofa.mtl
[4.148s] -- Installing: /ws/install/first_project/share/first_project/maps/first_ign/models/Sofa/meshes/Sofa.obj
[4.149s] -- Installing: /ws/install/first_project/share/first_project/maps/first_ign/models/Sofa/meshes/SofaDiffuse.png
[4.149s] -- Installing: /ws/install/first_project/share/first_project/maps/first_ign/models/Sofa/model.sdf
[4.149s] -- Installing: /ws/install/first_project/share/first_project/maps/first_ign/models/Sofa/model.config
[4.150s] -- Installing: /ws/install/first_project/share/first_project/maps/first_ign/models/TinyRobot
[4.150s] -- Installing: /ws/install/first_project/share/first_project/maps/first_ign/models/TinyRobot/meshes
[4.150s] -- Installing: /ws/install/first_project/share/first_project/maps/first_ign/models/TinyRobot/meshes/front_wheel.obj
[4.150s] -- Installing: /ws/install/first_project/share/first_project/maps/first_ign/models/TinyRobot/meshes/caster_wheel.obj
[4.151s] -- Installing: /ws/install/first_project/share/first_project/maps/first_ign/models/TinyRobot/meshes/tinyRobot_body.mtl
[4.151s] -- Installing: /ws/install/first_project/share/first_project/maps/first_ign/models/TinyRobot/meshes/caster_wheel.mtl
[4.151s] -- Installing: /ws/install/first_project/share/first_project/maps/first_ign/models/TinyRobot/meshes/tinyRobot_body.obj
[4.151s] -- Installing: /ws/install/first_project/share/first_project/maps/first_ign/models/TinyRobot/meshes/front_wheel.mtl
[4.151s] -- Installing: /ws/install/first_project/share/first_project/maps/first_ign/models/TinyRobot/model.sdf
[4.151s] -- Installing: /ws/install/first_project/share/first_project/maps/first_ign/models/TinyRobot/model.config
[4.152s] -- Installing: /ws/install/first_project/share/first_project/maps/first_ign/models/first_L1
[4.152s] -- Installing: /ws/install/first_project/share/first_project/maps/first_ign/models/first_L1/meshes
[4.152s] -- Installing: /ws/install/first_project/share/first_project/maps/first_ign/models/first_L1/meshes/wall_1.mtl
[4.152s] -- Installing: /ws/install/first_project/share/first_project/maps/first_ign/models/first_L1/meshes/wall_1.obj
[4.152s] -- Installing: /ws/install/first_project/share/first_project/maps/first_ign/models/first_L1/meshes/wall_2.mtl
[4.152s] -- Installing: /ws/install/first_project/share/first_project/maps/first_ign/models/first_L1/meshes/wall_2.obj
[4.152s] -- Installing: /ws/install/first_project/share/first_project/maps/first_ign/models/first_L1/meshes/floor_1.obj
[4.152s] -- Installing: /ws/install/first_project/share/first_project/maps/first_ign/models/first_L1/meshes/floor_1.mtl
[4.152s] -- Installing: /ws/install/first_project/share/first_project/maps/first_ign/models/first_L1/meshes/blue_linoleum.png
[4.152s] -- Installing: /ws/install/first_project/share/first_project/maps/first_ign/models/first_L1/meshes/model.material
[4.153s] -- Installing: /ws/install/first_project/share/first_project/maps/first_ign/models/first_L1/meshes/default.png
[4.153s] -- Installing: /ws/install/first_project/share/first_project/maps/first_ign/models/first_L1/model.sdf
[4.153s] -- Installing: /ws/install/first_project/share/first_project/maps/first_ign/models/first_L1/model.config
[4.153s] -- Installing: /ws/install/first_project/share/first_project/maps/first_ign/first.world
[4.153s] -- Installing: /ws/install/first_project/share/first_project/maps/first
[4.153s] -- Installing: /ws/install/first_project/share/first_project/maps/first/L1.png
[4.153s] -- Installing: /ws/install/first_project/share/first_project/maps/first/L2.png
[4.153s] -- Installing: /ws/install/first_project/share/first_project/maps/first/first.building.yaml
[4.153s] -- Installing: /ws/install/first_project/share/first_project/maps/first/models
[4.153s] -- Installing: /ws/install/first_project/share/first_project/maps/first/nav_graphs
[4.153s] -- Installing: /ws/install/first_project/share/first_project/maps/first/nav_graphs/0.yaml
[4.154s] -- Installing: /ws/install/first_project/share/first_project/maps/first/0.yaml
[4.154s] -- Installing: /ws/install/first_project/share/first_project/config
[4.154s] -- Installing: /ws/install/first_project/share/first_project/config/tinyRobot_config.yaml
[4.154s] -- Up-to-date: /ws/install/first_project/share/first_project/maps/first_ign
[4.154s] -- Up-to-date: /ws/install/first_project/share/first_project/maps/first_ign/models
[4.154s] -- Up-to-date: /ws/install/first_project/share/first_project/maps/first_ign/models/first_L2
[4.154s] -- Up-to-date: /ws/install/first_project/share/first_project/maps/first_ign/models/first_L2/meshes
[4.154s] -- Installing: /ws/install/first_project/share/first_project/maps/first_ign/models/first_L2/meshes/wall_1.mtl
[4.154s] -- Installing: /ws/install/first_project/share/first_project/maps/first_ign/models/first_L2/meshes/wall_1.obj
[4.154s] -- Installing: /ws/install/first_project/share/first_project/maps/first_ign/models/first_L2/meshes/floor_1.obj
[4.154s] -- Installing: /ws/install/first_project/share/first_project/maps/first_ign/models/first_L2/meshes/floor_1.mtl
[4.154s] -- Installing: /ws/install/first_project/share/first_project/maps/first_ign/models/first_L2/meshes/blue_linoleum.png
[4.155s] -- Installing: /ws/install/first_project/share/first_project/maps/first_ign/models/first_L2/meshes/model.material
[4.155s] -- Installing: /ws/install/first_project/share/first_project/maps/first_ign/models/first_L2/meshes/default.png
[4.155s] -- Installing: /ws/install/first_project/share/first_project/maps/first_ign/models/first_L2/model.sdf
[4.155s] -- Installing: /ws/install/first_project/share/first_project/maps/first_ign/models/first_L2/model.config
[4.155s] -- Up-to-date: /ws/install/first_project/share/first_project/maps/first_ign/models/first_L1
[4.155s] -- Up-to-date: /ws/install/first_project/share/first_project/maps/first_ign/models/first_L1/meshes
[4.155s] -- Installing: /ws/install/first_project/share/first_project/maps/first_ign/models/first_L1/meshes/wall_1.mtl
[4.155s] -- Installing: /ws/install/first_project/share/first_project/maps/first_ign/models/first_L1/meshes/wall_1.obj
[4.155s] -- Installing: /ws/install/first_project/share/first_project/maps/first_ign/models/first_L1/meshes/wall_2.mtl
[4.156s] -- Installing: /ws/install/first_project/share/first_project/maps/first_ign/models/first_L1/meshes/wall_2.obj
[4.156s] -- Installing: /ws/install/first_project/share/first_project/maps/first_ign/models/first_L1/meshes/floor_1.obj
[4.156s] -- Installing: /ws/install/first_project/share/first_project/maps/first_ign/models/first_L1/meshes/floor_1.mtl
[4.156s] -- Installing: /ws/install/first_project/share/first_project/maps/first_ign/models/first_L1/meshes/blue_linoleum.png
[4.156s] -- Installing: /ws/install/first_project/share/first_project/maps/first_ign/models/first_L1/meshes/model.material
[4.156s] -- Installing: /ws/install/first_project/share/first_project/maps/first_ign/models/first_L1/meshes/default.png
[4.156s] -- Installing: /ws/install/first_project/share/first_project/maps/first_ign/models/first_L1/model.sdf
[4.157s] -- Installing: /ws/install/first_project/share/first_project/maps/first_ign/models/first_L1/model.config
[4.157s] -- Installing: /ws/install/first_project/share/first_project/maps/first_ign/first.world
[4.157s] -- Installing: /ws/install/first_project/share/ament_index/resource_index/package_run_dependencies/first_project
[4.157s] -- Installing: /ws/install/first_project/share/ament_index/resource_index/parent_prefix_path/first_project
[4.157s] -- Installing: /ws/install/first_project/share/first_project/environment/ament_prefix_path.sh
[4.157s] -- Installing: /ws/install/first_project/share/first_project/environment/ament_prefix_path.dsv
[4.157s] -- Installing: /ws/install/first_project/share/first_project/environment/path.sh
[4.157s] -- Installing: /ws/install/first_project/share/first_project/environment/path.dsv
[4.158s] -- Installing: /ws/install/first_project/share/first_project/local_setup.bash
[4.158s] -- Installing: /ws/install/first_project/share/first_project/local_setup.sh
[4.158s] -- Installing: /ws/install/first_project/share/first_project/local_setup.zsh
[4.158s] -- Installing: /ws/install/first_project/share/first_project/local_setup.dsv
[4.158s] -- Installing: /ws/install/first_project/share/first_project/package.dsv
[4.158s] -- Installing: /ws/install/first_project/share/ament_index/resource_index/packages/first_project
[4.158s] -- Installing: /ws/install/first_project/share/first_project/cmake/first_projectConfig.cmake
[4.158s] -- Installing: /ws/install/first_project/share/first_project/cmake/first_projectConfig-version.cmake
[4.159s] -- Installing: /ws/install/first_project/share/first_project/package.xml
[4.161s] Invoked command in '/ws/build/first_project' returned '0': AMENT_PREFIX_PATH=/ws/install/rmf_demos:/ws/install/rmf_demos_tasks:/ws/install/rmf_demos_maps:/ws/install/rmf_demos_fleet_adapter:/ws/install/rmf_demos_assets:${AMENT_PREFIX_PATH} CMAKE_PREFIX_PATH=/ws/install/rmf_demos:/ws/install/rmf_demos_maps:/ws/install/rmf_demos_assets:/rmf_demos_ws/install/rmf_workcell_msgs:/rmf_demos_ws/install/rmf_demos_gz:/rmf_demos_ws/install/rmf_demos:/rmf_demos_ws/install/rmf_reservation_node:/rmf_demos_ws/install/rmf_fleet_adapter_python:/rmf_demos_ws/install/rmf_fleet_adapter:/rmf_demos_ws/install/rmf_task_ros2:/rmf_demos_ws/install/rmf_websocket:/rmf_demos_ws/install/rmf_visualization:/rmf_demos_ws/install/rmf_visualization_schedule:/rmf_demos_ws/install/rmf_visualization_rviz2_plugins:/rmf_demos_ws/install/rmf_visualization_obstacles:/rmf_demos_ws/install/rmf_visualization_navgraphs:/rmf_demos_ws/install/rmf_visualization_floorplans:/rmf_demos_ws/install/rmf_visualization_fleet_states:/rmf_demos_ws/install/rmf_visualization_msgs:/rmf_demos_ws/install/rmf_traffic_ros2:/rmf_demos_ws/install/rmf_task_sequence:/rmf_demos_ws/install/rmf_task:/rmf_demos_ws/install/rmf_battery:/rmf_demos_ws/install/rmf_traffic:/rmf_demos_ws/install/rmf_utils:/rmf_demos_ws/install/rmf_traffic_msgs:/rmf_demos_ws/install/rmf_traffic_editor_test_maps:/rmf_demos_ws/install/rmf_traffic_editor_assets:/rmf_demos_ws/install/rmf_traffic_editor:/rmf_demos_ws/install/rmf_task_msgs:/rmf_demos_ws/install/rmf_site_map_msgs:/rmf_demos_ws/install/rmf_scheduler_msgs:/rmf_demos_ws/install/rmf_robot_sim_gz_plugins:/rmf_demos_ws/install/rmf_robot_sim_common:/rmf_demos_ws/install/rmf_reservation_msgs:/rmf_demos_ws/install/rmf_obstacle_msgs:/rmf_demos_ws/install/rmf_building_sim_gz_plugins:/rmf_demos_ws/install/rmf_lift_msgs:/rmf_demos_ws/install/rmf_ingestor_msgs:/rmf_demos_ws/install/rmf_fleet_msgs:/rmf_demos_ws/install/rmf_door_msgs:/rmf_demos_ws/install/rmf_dispenser_msgs:/rmf_demos_ws/install/rmf_demos_maps:/rmf_demos_ws/install/rmf_demos_assets:/rmf_demos_ws/install/rmf_charger_msgs:/rmf_demos_ws/install/rmf_building_map_msgs:/rmf_demos_ws/install/rmf_api_msgs:/rmf_demos_ws/install/nlohmann_json_schema_validator_vendor:/rmf_demos_ws/install/rmf_demos_fleet_adapter:/rmf_demos_ws/install/rmf_visualization_building_systems:/rmf_demos_ws/install/rmf_traffic_examples:/rmf_demos_ws/install/rmf_demos_bridges:/rmf_demos_ws/install/rmf_demos_tasks:/rmf_demos_ws/install/rmf_building_map_tools:/rmf_demos_ws/install/rmf_charging_schedule:/opt/ros/jazzy:/rmf_demos_ws/install/menge_vendor:/rmf_demos_ws/install/ament_cmake_catch2:/opt/ros/jazzy/opt/gz_sim_vendor:/opt/ros/jazzy/opt/gz_sensors_vendor:/opt/ros/jazzy/opt/gz_physics_vendor:/opt/ros/jazzy/opt/sdformat_vendor:/opt/ros/jazzy/opt/gz_gui_vendor:/opt/ros/jazzy/opt/gz_transport_vendor:/opt/ros/jazzy/opt/gz_rendering_vendor:/opt/ros/jazzy/opt/gz_plugin_vendor:/opt/ros/jazzy/opt/gz_fuel_tools_vendor:/opt/ros/jazzy/opt/gz_msgs_vendor:/opt/ros/jazzy/opt/gz_common_vendor:/opt/ros/jazzy/opt/gz_math_vendor:/opt/ros/jazzy/opt/gz_utils_vendor:/opt/ros/jazzy/opt/gz_tools_vendor:/opt/ros/jazzy/opt/gz_ogre_next_vendor:/opt/ros/jazzy/opt/gz_dartsim_vendor:/opt/ros/jazzy/opt/gz_cmake_vendor PYTHONPATH=/ws/install/rmf_demos_tasks/lib/python3.12/site-packages:/ws/install/rmf_demos_fleet_adapter/lib/python3.12/site-packages:${PYTHONPATH} /usr/bin/cmake --install /ws/build/first_project
