[0.015s] Invoking command in '/ws/build/first_project': AMENT_PREFIX_PATH=/ws/install/rmf_demos:/ws/install/rmf_demos_tasks:/ws/install/rmf_demos_maps:/ws/install/rmf_demos_fleet_adapter:/ws/install/rmf_demos_assets:${AMENT_PREFIX_PATH} CMAKE_PREFIX_PATH=/ws/install/rmf_demos:/ws/install/rmf_demos_maps:/ws/install/rmf_demos_assets:/rmf_demos_ws/install/rmf_workcell_msgs:/rmf_demos_ws/install/rmf_demos_gz:/rmf_demos_ws/install/rmf_demos:/rmf_demos_ws/install/rmf_reservation_node:/rmf_demos_ws/install/rmf_fleet_adapter_python:/rmf_demos_ws/install/rmf_fleet_adapter:/rmf_demos_ws/install/rmf_task_ros2:/rmf_demos_ws/install/rmf_websocket:/rmf_demos_ws/install/rmf_visualization:/rmf_demos_ws/install/rmf_visualization_schedule:/rmf_demos_ws/install/rmf_visualization_rviz2_plugins:/rmf_demos_ws/install/rmf_visualization_obstacles:/rmf_demos_ws/install/rmf_visualization_navgraphs:/rmf_demos_ws/install/rmf_visualization_floorplans:/rmf_demos_ws/install/rmf_visualization_fleet_states:/rmf_demos_ws/install/rmf_visualization_msgs:/rmf_demos_ws/install/rmf_traffic_ros2:/rmf_demos_ws/install/rmf_task_sequence:/rmf_demos_ws/install/rmf_task:/rmf_demos_ws/install/rmf_battery:/rmf_demos_ws/install/rmf_traffic:/rmf_demos_ws/install/rmf_utils:/rmf_demos_ws/install/rmf_traffic_msgs:/rmf_demos_ws/install/rmf_traffic_editor_test_maps:/rmf_demos_ws/install/rmf_traffic_editor_assets:/rmf_demos_ws/install/rmf_traffic_editor:/rmf_demos_ws/install/rmf_task_msgs:/rmf_demos_ws/install/rmf_site_map_msgs:/rmf_demos_ws/install/rmf_scheduler_msgs:/rmf_demos_ws/install/rmf_robot_sim_gz_plugins:/rmf_demos_ws/install/rmf_robot_sim_common:/rmf_demos_ws/install/rmf_reservation_msgs:/rmf_demos_ws/install/rmf_obstacle_msgs:/rmf_demos_ws/install/rmf_building_sim_gz_plugins:/rmf_demos_ws/install/rmf_lift_msgs:/rmf_demos_ws/install/rmf_ingestor_msgs:/rmf_demos_ws/install/rmf_fleet_msgs:/rmf_demos_ws/install/rmf_door_msgs:/rmf_demos_ws/install/rmf_dispenser_msgs:/rmf_demos_ws/install/rmf_demos_maps:/rmf_demos_ws/install/rmf_demos_assets:/rmf_demos_ws/install/rmf_charger_msgs:/rmf_demos_ws/install/rmf_building_map_msgs:/rmf_demos_ws/install/rmf_api_msgs:/rmf_demos_ws/install/nlohmann_json_schema_validator_vendor:/rmf_demos_ws/install/rmf_demos_fleet_adapter:/rmf_demos_ws/install/rmf_visualization_building_systems:/rmf_demos_ws/install/rmf_traffic_examples:/rmf_demos_ws/install/rmf_demos_bridges:/rmf_demos_ws/install/rmf_demos_tasks:/rmf_demos_ws/install/rmf_building_map_tools:/rmf_demos_ws/install/rmf_charging_schedule:/opt/ros/jazzy:/rmf_demos_ws/install/menge_vendor:/rmf_demos_ws/install/ament_cmake_catch2:/opt/ros/jazzy/opt/gz_sim_vendor:/opt/ros/jazzy/opt/gz_sensors_vendor:/opt/ros/jazzy/opt/gz_physics_vendor:/opt/ros/jazzy/opt/sdformat_vendor:/opt/ros/jazzy/opt/gz_gui_vendor:/opt/ros/jazzy/opt/gz_transport_vendor:/opt/ros/jazzy/opt/gz_rendering_vendor:/opt/ros/jazzy/opt/gz_plugin_vendor:/opt/ros/jazzy/opt/gz_fuel_tools_vendor:/opt/ros/jazzy/opt/gz_msgs_vendor:/opt/ros/jazzy/opt/gz_common_vendor:/opt/ros/jazzy/opt/gz_math_vendor:/opt/ros/jazzy/opt/gz_utils_vendor:/opt/ros/jazzy/opt/gz_tools_vendor:/opt/ros/jazzy/opt/gz_ogre_next_vendor:/opt/ros/jazzy/opt/gz_dartsim_vendor:/opt/ros/jazzy/opt/gz_cmake_vendor PYTHONPATH=/ws/build/rmf_demos_tasks:/ws/install/rmf_demos_tasks/lib/python3.12/site-packages:/ws/build/rmf_demos_fleet_adapter:/ws/install/rmf_demos_fleet_adapter/lib/python3.12/site-packages:${PYTHONPATH} /usr/bin/cmake /ws/src/first_project -DAMENT_CMAKE_SYMLINK_INSTALL=1 -DCMAKE_INSTALL_PREFIX=/ws/install/first_project
[0.065s] -- The C compiler identification is GNU 13.3.0
[0.110s] -- The CXX compiler identification is GNU 13.3.0
[0.129s] -- Detecting C compiler ABI info
[0.219s] -- Detecting C compiler ABI info - done
[0.225s] -- Check for working C compiler: /usr/bin/cc - skipped
[0.225s] -- Detecting C compile features
[0.225s] -- Detecting C compile features - done
[0.235s] -- Detecting CXX compiler ABI info
[0.335s] -- Detecting CXX compiler ABI info - done
[0.340s] -- Check for working CXX compiler: /usr/bin/c++ - skipped
[0.341s] -- Detecting CXX compile features
[0.341s] -- Detecting CXX compile features - done
[0.350s] -- Found ament_cmake: 2.5.4 (/opt/ros/jazzy/share/ament_cmake/cmake)
[0.509s] -- Found Python3: /usr/bin/python3 (found version "3.12.3") found components: Interpreter 
[0.567s] -- Override CMake install command with custom implementation using symlinks instead of copying resources
[0.722s] -- Configuring done (0.7s)
[0.725s] -- Generating done (0.0s)
[0.726s] -- Build files have been written to: /ws/build/first_project
[0.730s] Invoked command in '/ws/build/first_project' returned '0': AMENT_PREFIX_PATH=/ws/install/rmf_demos:/ws/install/rmf_demos_tasks:/ws/install/rmf_demos_maps:/ws/install/rmf_demos_fleet_adapter:/ws/install/rmf_demos_assets:${AMENT_PREFIX_PATH} CMAKE_PREFIX_PATH=/ws/install/rmf_demos:/ws/install/rmf_demos_maps:/ws/install/rmf_demos_assets:/rmf_demos_ws/install/rmf_workcell_msgs:/rmf_demos_ws/install/rmf_demos_gz:/rmf_demos_ws/install/rmf_demos:/rmf_demos_ws/install/rmf_reservation_node:/rmf_demos_ws/install/rmf_fleet_adapter_python:/rmf_demos_ws/install/rmf_fleet_adapter:/rmf_demos_ws/install/rmf_task_ros2:/rmf_demos_ws/install/rmf_websocket:/rmf_demos_ws/install/rmf_visualization:/rmf_demos_ws/install/rmf_visualization_schedule:/rmf_demos_ws/install/rmf_visualization_rviz2_plugins:/rmf_demos_ws/install/rmf_visualization_obstacles:/rmf_demos_ws/install/rmf_visualization_navgraphs:/rmf_demos_ws/install/rmf_visualization_floorplans:/rmf_demos_ws/install/rmf_visualization_fleet_states:/rmf_demos_ws/install/rmf_visualization_msgs:/rmf_demos_ws/install/rmf_traffic_ros2:/rmf_demos_ws/install/rmf_task_sequence:/rmf_demos_ws/install/rmf_task:/rmf_demos_ws/install/rmf_battery:/rmf_demos_ws/install/rmf_traffic:/rmf_demos_ws/install/rmf_utils:/rmf_demos_ws/install/rmf_traffic_msgs:/rmf_demos_ws/install/rmf_traffic_editor_test_maps:/rmf_demos_ws/install/rmf_traffic_editor_assets:/rmf_demos_ws/install/rmf_traffic_editor:/rmf_demos_ws/install/rmf_task_msgs:/rmf_demos_ws/install/rmf_site_map_msgs:/rmf_demos_ws/install/rmf_scheduler_msgs:/rmf_demos_ws/install/rmf_robot_sim_gz_plugins:/rmf_demos_ws/install/rmf_robot_sim_common:/rmf_demos_ws/install/rmf_reservation_msgs:/rmf_demos_ws/install/rmf_obstacle_msgs:/rmf_demos_ws/install/rmf_building_sim_gz_plugins:/rmf_demos_ws/install/rmf_lift_msgs:/rmf_demos_ws/install/rmf_ingestor_msgs:/rmf_demos_ws/install/rmf_fleet_msgs:/rmf_demos_ws/install/rmf_door_msgs:/rmf_demos_ws/install/rmf_dispenser_msgs:/rmf_demos_ws/install/rmf_demos_maps:/rmf_demos_ws/install/rmf_demos_assets:/rmf_demos_ws/install/rmf_charger_msgs:/rmf_demos_ws/install/rmf_building_map_msgs:/rmf_demos_ws/install/rmf_api_msgs:/rmf_demos_ws/install/nlohmann_json_schema_validator_vendor:/rmf_demos_ws/install/rmf_demos_fleet_adapter:/rmf_demos_ws/install/rmf_visualization_building_systems:/rmf_demos_ws/install/rmf_traffic_examples:/rmf_demos_ws/install/rmf_demos_bridges:/rmf_demos_ws/install/rmf_demos_tasks:/rmf_demos_ws/install/rmf_building_map_tools:/rmf_demos_ws/install/rmf_charging_schedule:/opt/ros/jazzy:/rmf_demos_ws/install/menge_vendor:/rmf_demos_ws/install/ament_cmake_catch2:/opt/ros/jazzy/opt/gz_sim_vendor:/opt/ros/jazzy/opt/gz_sensors_vendor:/opt/ros/jazzy/opt/gz_physics_vendor:/opt/ros/jazzy/opt/sdformat_vendor:/opt/ros/jazzy/opt/gz_gui_vendor:/opt/ros/jazzy/opt/gz_transport_vendor:/opt/ros/jazzy/opt/gz_rendering_vendor:/opt/ros/jazzy/opt/gz_plugin_vendor:/opt/ros/jazzy/opt/gz_fuel_tools_vendor:/opt/ros/jazzy/opt/gz_msgs_vendor:/opt/ros/jazzy/opt/gz_common_vendor:/opt/ros/jazzy/opt/gz_math_vendor:/opt/ros/jazzy/opt/gz_utils_vendor:/opt/ros/jazzy/opt/gz_tools_vendor:/opt/ros/jazzy/opt/gz_ogre_next_vendor:/opt/ros/jazzy/opt/gz_dartsim_vendor:/opt/ros/jazzy/opt/gz_cmake_vendor PYTHONPATH=/ws/build/rmf_demos_tasks:/ws/install/rmf_demos_tasks/lib/python3.12/site-packages:/ws/build/rmf_demos_fleet_adapter:/ws/install/rmf_demos_fleet_adapter/lib/python3.12/site-packages:${PYTHONPATH} /usr/bin/cmake /ws/src/first_project -DAMENT_CMAKE_SYMLINK_INSTALL=1 -DCMAKE_INSTALL_PREFIX=/ws/install/first_project
[0.731s] Invoking command in '/ws/build/first_project': AMENT_PREFIX_PATH=/ws/install/rmf_demos:/ws/install/rmf_demos_tasks:/ws/install/rmf_demos_maps:/ws/install/rmf_demos_fleet_adapter:/ws/install/rmf_demos_assets:${AMENT_PREFIX_PATH} CMAKE_PREFIX_PATH=/ws/install/rmf_demos:/ws/install/rmf_demos_maps:/ws/install/rmf_demos_assets:/rmf_demos_ws/install/rmf_workcell_msgs:/rmf_demos_ws/install/rmf_demos_gz:/rmf_demos_ws/install/rmf_demos:/rmf_demos_ws/install/rmf_reservation_node:/rmf_demos_ws/install/rmf_fleet_adapter_python:/rmf_demos_ws/install/rmf_fleet_adapter:/rmf_demos_ws/install/rmf_task_ros2:/rmf_demos_ws/install/rmf_websocket:/rmf_demos_ws/install/rmf_visualization:/rmf_demos_ws/install/rmf_visualization_schedule:/rmf_demos_ws/install/rmf_visualization_rviz2_plugins:/rmf_demos_ws/install/rmf_visualization_obstacles:/rmf_demos_ws/install/rmf_visualization_navgraphs:/rmf_demos_ws/install/rmf_visualization_floorplans:/rmf_demos_ws/install/rmf_visualization_fleet_states:/rmf_demos_ws/install/rmf_visualization_msgs:/rmf_demos_ws/install/rmf_traffic_ros2:/rmf_demos_ws/install/rmf_task_sequence:/rmf_demos_ws/install/rmf_task:/rmf_demos_ws/install/rmf_battery:/rmf_demos_ws/install/rmf_traffic:/rmf_demos_ws/install/rmf_utils:/rmf_demos_ws/install/rmf_traffic_msgs:/rmf_demos_ws/install/rmf_traffic_editor_test_maps:/rmf_demos_ws/install/rmf_traffic_editor_assets:/rmf_demos_ws/install/rmf_traffic_editor:/rmf_demos_ws/install/rmf_task_msgs:/rmf_demos_ws/install/rmf_site_map_msgs:/rmf_demos_ws/install/rmf_scheduler_msgs:/rmf_demos_ws/install/rmf_robot_sim_gz_plugins:/rmf_demos_ws/install/rmf_robot_sim_common:/rmf_demos_ws/install/rmf_reservation_msgs:/rmf_demos_ws/install/rmf_obstacle_msgs:/rmf_demos_ws/install/rmf_building_sim_gz_plugins:/rmf_demos_ws/install/rmf_lift_msgs:/rmf_demos_ws/install/rmf_ingestor_msgs:/rmf_demos_ws/install/rmf_fleet_msgs:/rmf_demos_ws/install/rmf_door_msgs:/rmf_demos_ws/install/rmf_dispenser_msgs:/rmf_demos_ws/install/rmf_demos_maps:/rmf_demos_ws/install/rmf_demos_assets:/rmf_demos_ws/install/rmf_charger_msgs:/rmf_demos_ws/install/rmf_building_map_msgs:/rmf_demos_ws/install/rmf_api_msgs:/rmf_demos_ws/install/nlohmann_json_schema_validator_vendor:/rmf_demos_ws/install/rmf_demos_fleet_adapter:/rmf_demos_ws/install/rmf_visualization_building_systems:/rmf_demos_ws/install/rmf_traffic_examples:/rmf_demos_ws/install/rmf_demos_bridges:/rmf_demos_ws/install/rmf_demos_tasks:/rmf_demos_ws/install/rmf_building_map_tools:/rmf_demos_ws/install/rmf_charging_schedule:/opt/ros/jazzy:/rmf_demos_ws/install/menge_vendor:/rmf_demos_ws/install/ament_cmake_catch2:/opt/ros/jazzy/opt/gz_sim_vendor:/opt/ros/jazzy/opt/gz_sensors_vendor:/opt/ros/jazzy/opt/gz_physics_vendor:/opt/ros/jazzy/opt/sdformat_vendor:/opt/ros/jazzy/opt/gz_gui_vendor:/opt/ros/jazzy/opt/gz_transport_vendor:/opt/ros/jazzy/opt/gz_rendering_vendor:/opt/ros/jazzy/opt/gz_plugin_vendor:/opt/ros/jazzy/opt/gz_fuel_tools_vendor:/opt/ros/jazzy/opt/gz_msgs_vendor:/opt/ros/jazzy/opt/gz_common_vendor:/opt/ros/jazzy/opt/gz_math_vendor:/opt/ros/jazzy/opt/gz_utils_vendor:/opt/ros/jazzy/opt/gz_tools_vendor:/opt/ros/jazzy/opt/gz_ogre_next_vendor:/opt/ros/jazzy/opt/gz_dartsim_vendor:/opt/ros/jazzy/opt/gz_cmake_vendor PYTHONPATH=/ws/build/rmf_demos_tasks:/ws/install/rmf_demos_tasks/lib/python3.12/site-packages:/ws/build/rmf_demos_fleet_adapter:/ws/install/rmf_demos_fleet_adapter/lib/python3.12/site-packages:${PYTHONPATH} /usr/bin/cmake --build /ws/build/first_project -- -j16 -l16
[0.993s] Load success!
[0.993s] 
[0.993s] Cache found! Model count: 3240 
[0.993s] Updating cache...
[0.993s] Topping up Fuel (updating cache) from: https://fuel.gazebosim.org/1.0/models
[0.993s] Fetching page: 1
[1.849s] Cached model found! Halting Fuel traversal...
[1.849s] Writing to cache: /root/.pit_crew/model_cache.json
[1.881s] New models cached: 0
[1.881s] 
[1.921s] [  0%] Built target update_model_cache
[1.950s] [100%] [34m[1mGenerating maps/first_ign/first.world[0m
[2.249s] generating /ws/build/first_project/maps/first_ign/first.world from /ws/src/first_project/maps/first/first.building.yaml
[2.254s] building name: first
[2.254s] coordinate system: reference_image
[2.254s] parsing level L1
[2.254s] parsing level L2
[2.255s] calculating levels relative to L1
[2.255s] level L1 scale: 0.06666666666666667
[2.255s] calculating level L2 offset and scale...
[2.255s]   3 common fiducials:
[2.255s] Transform.set_from_fiducials()
[2.255s]   3 fiducial pairs:
[2.255s]     (150.0, -100.0) -> (150.0, -100.0)   ESQ_DERE
[2.255s]     (150.0, -0.3) -> (150.0, -0.3)   arr
[2.255s]     (0.455, -99.9) -> (0.455, -99.9)   ESQ_IZQ
[2.255s]     calc dist ESQ_DERE <=> arr
[2.255s]     calc dist ESQ_DERE <=> ESQ_IZQ
[2.255s]     calc dist arr <=> ESQ_IZQ
[2.255s] Bearings:
[2.255s] [(1.5707963267948966, 1.5707963267948966), (3.1409239586478366, 3.1409239586478366), (-2.554037694860164, -2.554037694860164)]
[2.255s]   0.0
[2.255s]   0.0
[2.255s]   0.0
[2.255s]   Circular mean: -0.0
[2.255s] Distances:
[2.255s] [(99.7, 99.7), (149.54503343474832, 149.54503343474832), (179.6771188131644, 179.6771188131644)]
[2.255s] mean relative scale: 1.0
[2.255s] translation: (-0.0, -0.0)
[2.255s] parsing lift lift1
[2.255s] generating model of level L1 in /ws/build/first_project/maps/first_ign/models/first_L1
[2.255s]   wrote /ws/build/first_project/maps/first_ign/models/first_L1/model.config
[2.255s] generating floor polygon 1 on floor first_L1
[2.255s] hole vertices: []
[2.255s] lift vertices: {'lift1': [(5.083333333333333, -1.0166666666666666), (5.083333333333333, -5.116666666666666), (9.183333333333334, -5.116666666666666), (9.183333333333334, -1.0166666666666666)]}
[2.257s] [[0, 1, 4], [0, 4, 5], [0, 5, 3], [3, 5, 6], [3, 6, 7], [3, 7, 2], [2, 7, 4], [2, 4, 1]]
[2.257s]   wrote /ws/build/first_project/maps/first_ign/models/first_L1/meshes/floor_1.obj
[2.258s]   wrote /ws/build/first_project/maps/first_ign/models/first_L1/meshes/blue_linoleum.png
[2.258s]   wrote /ws/build/first_project/maps/first_ign/models/first_L1/meshes/floor_1.mtl
[2.258s] Walls Generation, wall params list: [{'alpha': <building_map.param_value.ParamValue object at 0x746a412e80b0>, 'texture_height': <building_map.param_value.ParamValue object at 0x746a412ebb90>, 'texture_name': <building_map.param_value.ParamValue object at 0x746a412ebb60>, 'texture_scale': <building_map.param_value.ParamValue object at 0x746a412ebce0>, 'texture_width': <building_map.param_value.ParamValue object at 0x746a412ebc80>}, {'alpha': <building_map.param_value.ParamValue object at 0x746a412ebd70>, 'texture_height': <building_map.param_value.ParamValue object at 0x746a412ebda0>, 'texture_name': <building_map.param_value.ParamValue object at 0x746a412ebdd0>, 'texture_scale': <building_map.param_value.ParamValue object at 0x746a412ebe00>, 'texture_width': <building_map.param_value.ParamValue object at 0x746a412ebe30>}]
[2.259s] generating wall: 1 on floor: first_L1
[2.259s]   wrote /ws/build/first_project/maps/first_ign/models/first_L1/meshes/default.png
[2.259s] generate_wall_visual_mesh(first_L1, /ws/build/first_project/maps/first_ign/models/first_L1)
[2.259s]   generating /ws/build/first_project/maps/first_ign/models/first_L1/meshes/wall_1.obj
[2.259s]   generating /ws/build/first_project/maps/first_ign/models/first_L1/meshes/wall_1.mtl
[2.259s] generating wall: 2 on floor: first_L1
[2.259s]   wrote /ws/build/first_project/maps/first_ign/models/first_L1/meshes/default.png
[2.259s] generate_wall_visual_mesh(first_L1, /ws/build/first_project/maps/first_ign/models/first_L1)
[2.259s]   generating /ws/build/first_project/maps/first_ign/models/first_L1/meshes/wall_2.obj
[2.259s]   generating /ws/build/first_project/maps/first_ign/models/first_L1/meshes/wall_2.mtl
[2.260s]   wrote /ws/build/first_project/maps/first_ign/models/first_L1/model.sdf
[2.260s] generating model of level L2 in /ws/build/first_project/maps/first_ign/models/first_L2
[2.260s]   wrote /ws/build/first_project/maps/first_ign/models/first_L2/model.config
[2.260s] generating floor polygon 1 on floor first_L2
[2.260s] hole vertices: []
[2.260s] lift vertices: {'lift1': [(5.083333333333333, -1.0166666666666666), (5.083333333333333, -5.116666666666666), (9.183333333333334, -5.116666666666666), (9.183333333333334, -1.0166666666666666)]}
[2.262s] [[0, 1, 4], [0, 4, 5], [0, 5, 3], [3, 5, 6], [3, 6, 7], [3, 7, 2], [2, 7, 4], [2, 4, 1]]
[2.262s]   wrote /ws/build/first_project/maps/first_ign/models/first_L2/meshes/floor_1.obj
[2.263s]   wrote /ws/build/first_project/maps/first_ign/models/first_L2/meshes/blue_linoleum.png
[2.263s]   wrote /ws/build/first_project/maps/first_ign/models/first_L2/meshes/floor_1.mtl
[2.263s] Walls Generation, wall params list: [{'alpha': <building_map.param_value.ParamValue object at 0x746a410ccb60>, 'texture_height': <building_map.param_value.ParamValue object at 0x746a410ccbc0>, 'texture_name': <building_map.param_value.ParamValue object at 0x746a410ccbf0>, 'texture_scale': <building_map.param_value.ParamValue object at 0x746a410ccc20>, 'texture_width': <building_map.param_value.ParamValue object at 0x746a410ccc50>}]
[2.263s] generating wall: 1 on floor: first_L2
[2.263s]   wrote /ws/build/first_project/maps/first_ign/models/first_L2/meshes/default.png
[2.263s] generate_wall_visual_mesh(first_L2, /ws/build/first_project/maps/first_ign/models/first_L2)
[2.264s]   generating /ws/build/first_project/maps/first_ign/models/first_L2/meshes/wall_1.obj
[2.264s]   generating /ws/build/first_project/maps/first_ign/models/first_L2/meshes/wall_1.mtl
[2.264s]   wrote /ws/build/first_project/maps/first_ign/models/first_L2/model.sdf
[2.276s] spawning robot name tinyRobot1 of type TinyRobot
[2.276s] generate door name=door1 type=hinged
[2.276s] Door(door1)
[2.278s] 23782 bytes written to /ws/build/first_project/maps/first_ign/first.world
[2.333s] [100%] Built target generate_first_world
[2.346s] Invoked command in '/ws/build/first_project' returned '0': AMENT_PREFIX_PATH=/ws/install/rmf_demos:/ws/install/rmf_demos_tasks:/ws/install/rmf_demos_maps:/ws/install/rmf_demos_fleet_adapter:/ws/install/rmf_demos_assets:${AMENT_PREFIX_PATH} CMAKE_PREFIX_PATH=/ws/install/rmf_demos:/ws/install/rmf_demos_maps:/ws/install/rmf_demos_assets:/rmf_demos_ws/install/rmf_workcell_msgs:/rmf_demos_ws/install/rmf_demos_gz:/rmf_demos_ws/install/rmf_demos:/rmf_demos_ws/install/rmf_reservation_node:/rmf_demos_ws/install/rmf_fleet_adapter_python:/rmf_demos_ws/install/rmf_fleet_adapter:/rmf_demos_ws/install/rmf_task_ros2:/rmf_demos_ws/install/rmf_websocket:/rmf_demos_ws/install/rmf_visualization:/rmf_demos_ws/install/rmf_visualization_schedule:/rmf_demos_ws/install/rmf_visualization_rviz2_plugins:/rmf_demos_ws/install/rmf_visualization_obstacles:/rmf_demos_ws/install/rmf_visualization_navgraphs:/rmf_demos_ws/install/rmf_visualization_floorplans:/rmf_demos_ws/install/rmf_visualization_fleet_states:/rmf_demos_ws/install/rmf_visualization_msgs:/rmf_demos_ws/install/rmf_traffic_ros2:/rmf_demos_ws/install/rmf_task_sequence:/rmf_demos_ws/install/rmf_task:/rmf_demos_ws/install/rmf_battery:/rmf_demos_ws/install/rmf_traffic:/rmf_demos_ws/install/rmf_utils:/rmf_demos_ws/install/rmf_traffic_msgs:/rmf_demos_ws/install/rmf_traffic_editor_test_maps:/rmf_demos_ws/install/rmf_traffic_editor_assets:/rmf_demos_ws/install/rmf_traffic_editor:/rmf_demos_ws/install/rmf_task_msgs:/rmf_demos_ws/install/rmf_site_map_msgs:/rmf_demos_ws/install/rmf_scheduler_msgs:/rmf_demos_ws/install/rmf_robot_sim_gz_plugins:/rmf_demos_ws/install/rmf_robot_sim_common:/rmf_demos_ws/install/rmf_reservation_msgs:/rmf_demos_ws/install/rmf_obstacle_msgs:/rmf_demos_ws/install/rmf_building_sim_gz_plugins:/rmf_demos_ws/install/rmf_lift_msgs:/rmf_demos_ws/install/rmf_ingestor_msgs:/rmf_demos_ws/install/rmf_fleet_msgs:/rmf_demos_ws/install/rmf_door_msgs:/rmf_demos_ws/install/rmf_dispenser_msgs:/rmf_demos_ws/install/rmf_demos_maps:/rmf_demos_ws/install/rmf_demos_assets:/rmf_demos_ws/install/rmf_charger_msgs:/rmf_demos_ws/install/rmf_building_map_msgs:/rmf_demos_ws/install/rmf_api_msgs:/rmf_demos_ws/install/nlohmann_json_schema_validator_vendor:/rmf_demos_ws/install/rmf_demos_fleet_adapter:/rmf_demos_ws/install/rmf_visualization_building_systems:/rmf_demos_ws/install/rmf_traffic_examples:/rmf_demos_ws/install/rmf_demos_bridges:/rmf_demos_ws/install/rmf_demos_tasks:/rmf_demos_ws/install/rmf_building_map_tools:/rmf_demos_ws/install/rmf_charging_schedule:/opt/ros/jazzy:/rmf_demos_ws/install/menge_vendor:/rmf_demos_ws/install/ament_cmake_catch2:/opt/ros/jazzy/opt/gz_sim_vendor:/opt/ros/jazzy/opt/gz_sensors_vendor:/opt/ros/jazzy/opt/gz_physics_vendor:/opt/ros/jazzy/opt/sdformat_vendor:/opt/ros/jazzy/opt/gz_gui_vendor:/opt/ros/jazzy/opt/gz_transport_vendor:/opt/ros/jazzy/opt/gz_rendering_vendor:/opt/ros/jazzy/opt/gz_plugin_vendor:/opt/ros/jazzy/opt/gz_fuel_tools_vendor:/opt/ros/jazzy/opt/gz_msgs_vendor:/opt/ros/jazzy/opt/gz_common_vendor:/opt/ros/jazzy/opt/gz_math_vendor:/opt/ros/jazzy/opt/gz_utils_vendor:/opt/ros/jazzy/opt/gz_tools_vendor:/opt/ros/jazzy/opt/gz_ogre_next_vendor:/opt/ros/jazzy/opt/gz_dartsim_vendor:/opt/ros/jazzy/opt/gz_cmake_vendor PYTHONPATH=/ws/build/rmf_demos_tasks:/ws/install/rmf_demos_tasks/lib/python3.12/site-packages:/ws/build/rmf_demos_fleet_adapter:/ws/install/rmf_demos_fleet_adapter/lib/python3.12/site-packages:${PYTHONPATH} /usr/bin/cmake --build /ws/build/first_project -- -j16 -l16
[2.347s] Invoking command in '/ws/build/first_project': AMENT_PREFIX_PATH=/ws/install/rmf_demos:/ws/install/rmf_demos_tasks:/ws/install/rmf_demos_maps:/ws/install/rmf_demos_fleet_adapter:/ws/install/rmf_demos_assets:${AMENT_PREFIX_PATH} CMAKE_PREFIX_PATH=/ws/install/rmf_demos:/ws/install/rmf_demos_maps:/ws/install/rmf_demos_assets:/rmf_demos_ws/install/rmf_workcell_msgs:/rmf_demos_ws/install/rmf_demos_gz:/rmf_demos_ws/install/rmf_demos:/rmf_demos_ws/install/rmf_reservation_node:/rmf_demos_ws/install/rmf_fleet_adapter_python:/rmf_demos_ws/install/rmf_fleet_adapter:/rmf_demos_ws/install/rmf_task_ros2:/rmf_demos_ws/install/rmf_websocket:/rmf_demos_ws/install/rmf_visualization:/rmf_demos_ws/install/rmf_visualization_schedule:/rmf_demos_ws/install/rmf_visualization_rviz2_plugins:/rmf_demos_ws/install/rmf_visualization_obstacles:/rmf_demos_ws/install/rmf_visualization_navgraphs:/rmf_demos_ws/install/rmf_visualization_floorplans:/rmf_demos_ws/install/rmf_visualization_fleet_states:/rmf_demos_ws/install/rmf_visualization_msgs:/rmf_demos_ws/install/rmf_traffic_ros2:/rmf_demos_ws/install/rmf_task_sequence:/rmf_demos_ws/install/rmf_task:/rmf_demos_ws/install/rmf_battery:/rmf_demos_ws/install/rmf_traffic:/rmf_demos_ws/install/rmf_utils:/rmf_demos_ws/install/rmf_traffic_msgs:/rmf_demos_ws/install/rmf_traffic_editor_test_maps:/rmf_demos_ws/install/rmf_traffic_editor_assets:/rmf_demos_ws/install/rmf_traffic_editor:/rmf_demos_ws/install/rmf_task_msgs:/rmf_demos_ws/install/rmf_site_map_msgs:/rmf_demos_ws/install/rmf_scheduler_msgs:/rmf_demos_ws/install/rmf_robot_sim_gz_plugins:/rmf_demos_ws/install/rmf_robot_sim_common:/rmf_demos_ws/install/rmf_reservation_msgs:/rmf_demos_ws/install/rmf_obstacle_msgs:/rmf_demos_ws/install/rmf_building_sim_gz_plugins:/rmf_demos_ws/install/rmf_lift_msgs:/rmf_demos_ws/install/rmf_ingestor_msgs:/rmf_demos_ws/install/rmf_fleet_msgs:/rmf_demos_ws/install/rmf_door_msgs:/rmf_demos_ws/install/rmf_dispenser_msgs:/rmf_demos_ws/install/rmf_demos_maps:/rmf_demos_ws/install/rmf_demos_assets:/rmf_demos_ws/install/rmf_charger_msgs:/rmf_demos_ws/install/rmf_building_map_msgs:/rmf_demos_ws/install/rmf_api_msgs:/rmf_demos_ws/install/nlohmann_json_schema_validator_vendor:/rmf_demos_ws/install/rmf_demos_fleet_adapter:/rmf_demos_ws/install/rmf_visualization_building_systems:/rmf_demos_ws/install/rmf_traffic_examples:/rmf_demos_ws/install/rmf_demos_bridges:/rmf_demos_ws/install/rmf_demos_tasks:/rmf_demos_ws/install/rmf_building_map_tools:/rmf_demos_ws/install/rmf_charging_schedule:/opt/ros/jazzy:/rmf_demos_ws/install/menge_vendor:/rmf_demos_ws/install/ament_cmake_catch2:/opt/ros/jazzy/opt/gz_sim_vendor:/opt/ros/jazzy/opt/gz_sensors_vendor:/opt/ros/jazzy/opt/gz_physics_vendor:/opt/ros/jazzy/opt/sdformat_vendor:/opt/ros/jazzy/opt/gz_gui_vendor:/opt/ros/jazzy/opt/gz_transport_vendor:/opt/ros/jazzy/opt/gz_rendering_vendor:/opt/ros/jazzy/opt/gz_plugin_vendor:/opt/ros/jazzy/opt/gz_fuel_tools_vendor:/opt/ros/jazzy/opt/gz_msgs_vendor:/opt/ros/jazzy/opt/gz_common_vendor:/opt/ros/jazzy/opt/gz_math_vendor:/opt/ros/jazzy/opt/gz_utils_vendor:/opt/ros/jazzy/opt/gz_tools_vendor:/opt/ros/jazzy/opt/gz_ogre_next_vendor:/opt/ros/jazzy/opt/gz_dartsim_vendor:/opt/ros/jazzy/opt/gz_cmake_vendor PYTHONPATH=/ws/build/rmf_demos_tasks:/ws/install/rmf_demos_tasks/lib/python3.12/site-packages:/ws/build/rmf_demos_fleet_adapter:/ws/install/rmf_demos_fleet_adapter/lib/python3.12/site-packages:${PYTHONPATH} /usr/bin/cmake --install /ws/build/first_project
[2.357s] -- Install configuration: ""
[2.358s] -- Execute custom install script
[2.358s] -- Symlinking: /ws/install/first_project/share/first_project/launch/first.launch.xml
[2.368s] -- Symlinking: /ws/install/first_project/share/first_project/launch/simulation.launch.xml
[2.382s] -- Symlinking: /ws/install/first_project/share/first_project/maps/first/0.yaml
[2.392s] -- Symlinking: /ws/install/first_project/share/first_project/maps/first/L1.png
[2.404s] -- Symlinking: /ws/install/first_project/share/first_project/maps/first/L2.png
[2.414s] -- Symlinking: /ws/install/first_project/share/first_project/maps/first/first.building.yaml
[2.425s] -- Symlinking: /ws/install/first_project/share/first_project/maps/first/nav_graphs/0.yaml
[2.434s] -- Symlinking: /ws/install/first_project/share/first_project/maps/first_ign/first.world
[2.444s] -- Symlinking: /ws/install/first_project/share/first_project/maps/first_ign/models/Sofa/meshes/Sofa.mtl
[2.455s] -- Symlinking: /ws/install/first_project/share/first_project/maps/first_ign/models/Sofa/meshes/Sofa.obj
[2.466s] -- Symlinking: /ws/install/first_project/share/first_project/maps/first_ign/models/Sofa/meshes/SofaDiffuse.png
[2.478s] -- Symlinking: /ws/install/first_project/share/first_project/maps/first_ign/models/Sofa/model.config
[2.489s] -- Symlinking: /ws/install/first_project/share/first_project/maps/first_ign/models/Sofa/model.sdf
[2.500s] -- Symlinking: /ws/install/first_project/share/first_project/maps/first_ign/models/Sofa/thumbnails/1.png
[2.510s] -- Symlinking: /ws/install/first_project/share/first_project/maps/first_ign/models/Sofa/thumbnails/2.png
[2.519s] -- Symlinking: /ws/install/first_project/share/first_project/maps/first_ign/models/Sofa/thumbnails/3.png
[2.530s] -- Symlinking: /ws/install/first_project/share/first_project/maps/first_ign/models/Sofa/thumbnails/4.png
[2.540s] -- Symlinking: /ws/install/first_project/share/first_project/maps/first_ign/models/Sofa/thumbnails/5.png
[2.549s] -- Symlinking: /ws/install/first_project/share/first_project/maps/first_ign/models/TinyRobot/meshes/caster_wheel.mtl
[2.560s] -- Symlinking: /ws/install/first_project/share/first_project/maps/first_ign/models/TinyRobot/meshes/caster_wheel.obj
[2.570s] -- Symlinking: /ws/install/first_project/share/first_project/maps/first_ign/models/TinyRobot/meshes/front_wheel.mtl
[2.581s] -- Symlinking: /ws/install/first_project/share/first_project/maps/first_ign/models/TinyRobot/meshes/front_wheel.obj
[2.593s] -- Symlinking: /ws/install/first_project/share/first_project/maps/first_ign/models/TinyRobot/meshes/tinyRobot_body.mtl
[2.604s] -- Symlinking: /ws/install/first_project/share/first_project/maps/first_ign/models/TinyRobot/meshes/tinyRobot_body.obj
[2.614s] -- Symlinking: /ws/install/first_project/share/first_project/maps/first_ign/models/TinyRobot/model.config
[2.625s] -- Symlinking: /ws/install/first_project/share/first_project/maps/first_ign/models/TinyRobot/model.sdf
[2.635s] -- Symlinking: /ws/install/first_project/share/first_project/maps/first_ign/models/first_L1/meshes/blue_linoleum.png
[2.646s] -- Symlinking: /ws/install/first_project/share/first_project/maps/first_ign/models/first_L1/meshes/default.png
[2.656s] -- Symlinking: /ws/install/first_project/share/first_project/maps/first_ign/models/first_L1/meshes/floor_1.mtl
[2.666s] -- Symlinking: /ws/install/first_project/share/first_project/maps/first_ign/models/first_L1/meshes/floor_1.obj
[2.677s] -- Symlinking: /ws/install/first_project/share/first_project/maps/first_ign/models/first_L1/meshes/model.material
[2.688s] -- Symlinking: /ws/install/first_project/share/first_project/maps/first_ign/models/first_L1/meshes/wall_1.mtl
[2.698s] -- Symlinking: /ws/install/first_project/share/first_project/maps/first_ign/models/first_L1/meshes/wall_1.obj
[2.709s] -- Symlinking: /ws/install/first_project/share/first_project/maps/first_ign/models/first_L1/meshes/wall_2.mtl
[2.719s] -- Symlinking: /ws/install/first_project/share/first_project/maps/first_ign/models/first_L1/meshes/wall_2.obj
[2.729s] -- Symlinking: /ws/install/first_project/share/first_project/maps/first_ign/models/first_L1/model.config
[2.739s] -- Symlinking: /ws/install/first_project/share/first_project/maps/first_ign/models/first_L1/model.sdf
[2.750s] -- Symlinking: /ws/install/first_project/share/first_project/maps/first_ign/models/first_L2/meshes/blue_linoleum.png
[2.761s] -- Symlinking: /ws/install/first_project/share/first_project/maps/first_ign/models/first_L2/meshes/default.png
[2.772s] -- Symlinking: /ws/install/first_project/share/first_project/maps/first_ign/models/first_L2/meshes/floor_1.mtl
[2.784s] -- Symlinking: /ws/install/first_project/share/first_project/maps/first_ign/models/first_L2/meshes/floor_1.obj
[2.795s] -- Symlinking: /ws/install/first_project/share/first_project/maps/first_ign/models/first_L2/meshes/model.material
[2.807s] -- Symlinking: /ws/install/first_project/share/first_project/maps/first_ign/models/first_L2/meshes/wall_1.mtl
[2.818s] -- Symlinking: /ws/install/first_project/share/first_project/maps/first_ign/models/first_L2/meshes/wall_1.obj
[2.829s] -- Symlinking: /ws/install/first_project/share/first_project/maps/first_ign/models/first_L2/model.config
[2.840s] -- Symlinking: /ws/install/first_project/share/first_project/maps/first_ign/models/first_L2/model.sdf
[2.853s] -- Symlinking: /ws/install/first_project/share/first_project/config/tinyRobot_config.yaml
[2.865s] -- Symlinking: /ws/install/first_project/share/first_project/maps/first_ign/first.world
[2.876s] -- Symlinking: /ws/install/first_project/share/first_project/maps/first_ign/models/first_L1/meshes/blue_linoleum.png
[2.887s] -- Symlinking: /ws/install/first_project/share/first_project/maps/first_ign/models/first_L1/meshes/default.png
[2.899s] -- Symlinking: /ws/install/first_project/share/first_project/maps/first_ign/models/first_L1/meshes/floor_1.mtl
[2.909s] -- Symlinking: /ws/install/first_project/share/first_project/maps/first_ign/models/first_L1/meshes/floor_1.obj
[2.919s] -- Symlinking: /ws/install/first_project/share/first_project/maps/first_ign/models/first_L1/meshes/model.material
[2.930s] -- Symlinking: /ws/install/first_project/share/first_project/maps/first_ign/models/first_L1/meshes/wall_1.mtl
[2.943s] -- Symlinking: /ws/install/first_project/share/first_project/maps/first_ign/models/first_L1/meshes/wall_1.obj
[2.954s] -- Symlinking: /ws/install/first_project/share/first_project/maps/first_ign/models/first_L1/meshes/wall_2.mtl
[2.964s] -- Symlinking: /ws/install/first_project/share/first_project/maps/first_ign/models/first_L1/meshes/wall_2.obj
[2.975s] -- Symlinking: /ws/install/first_project/share/first_project/maps/first_ign/models/first_L1/model.config
[2.986s] -- Symlinking: /ws/install/first_project/share/first_project/maps/first_ign/models/first_L1/model.sdf
[2.998s] -- Symlinking: /ws/install/first_project/share/first_project/maps/first_ign/models/first_L2/meshes/blue_linoleum.png
[3.011s] -- Symlinking: /ws/install/first_project/share/first_project/maps/first_ign/models/first_L2/meshes/default.png
[3.021s] -- Symlinking: /ws/install/first_project/share/first_project/maps/first_ign/models/first_L2/meshes/floor_1.mtl
[3.032s] -- Symlinking: /ws/install/first_project/share/first_project/maps/first_ign/models/first_L2/meshes/floor_1.obj
[3.044s] -- Symlinking: /ws/install/first_project/share/first_project/maps/first_ign/models/first_L2/meshes/model.material
[3.056s] -- Symlinking: /ws/install/first_project/share/first_project/maps/first_ign/models/first_L2/meshes/wall_1.mtl
[3.066s] -- Symlinking: /ws/install/first_project/share/first_project/maps/first_ign/models/first_L2/meshes/wall_1.obj
[3.077s] -- Symlinking: /ws/install/first_project/share/first_project/maps/first_ign/models/first_L2/model.config
[3.088s] -- Symlinking: /ws/install/first_project/share/first_project/maps/first_ign/models/first_L2/model.sdf
[3.101s] -- Symlinking: /ws/install/first_project/share/ament_index/resource_index/package_run_dependencies/first_project
[3.110s] -- Symlinking: /ws/install/first_project/share/ament_index/resource_index/parent_prefix_path/first_project
[3.121s] -- Symlinking: /ws/install/first_project/share/first_project/environment/ament_prefix_path.sh
[3.132s] -- Symlinking: /ws/install/first_project/share/first_project/environment/ament_prefix_path.dsv
[3.142s] -- Symlinking: /ws/install/first_project/share/first_project/environment/path.sh
[3.154s] -- Symlinking: /ws/install/first_project/share/first_project/environment/path.dsv
[3.164s] -- Symlinking: /ws/install/first_project/share/first_project/local_setup.bash
[3.175s] -- Symlinking: /ws/install/first_project/share/first_project/local_setup.sh
[3.185s] -- Symlinking: /ws/install/first_project/share/first_project/local_setup.zsh
[3.196s] -- Symlinking: /ws/install/first_project/share/first_project/local_setup.dsv
[3.207s] -- Symlinking: /ws/install/first_project/share/first_project/package.dsv
[3.217s] -- Symlinking: /ws/install/first_project/share/ament_index/resource_index/packages/first_project
[3.229s] -- Symlinking: /ws/install/first_project/share/first_project/cmake/first_projectConfig.cmake
[3.240s] -- Symlinking: /ws/install/first_project/share/first_project/cmake/first_projectConfig-version.cmake
[3.250s] -- Symlinking: /ws/install/first_project/share/first_project/package.xml
[3.261s] Invoked command in '/ws/build/first_project' returned '0': AMENT_PREFIX_PATH=/ws/install/rmf_demos:/ws/install/rmf_demos_tasks:/ws/install/rmf_demos_maps:/ws/install/rmf_demos_fleet_adapter:/ws/install/rmf_demos_assets:${AMENT_PREFIX_PATH} CMAKE_PREFIX_PATH=/ws/install/rmf_demos:/ws/install/rmf_demos_maps:/ws/install/rmf_demos_assets:/rmf_demos_ws/install/rmf_workcell_msgs:/rmf_demos_ws/install/rmf_demos_gz:/rmf_demos_ws/install/rmf_demos:/rmf_demos_ws/install/rmf_reservation_node:/rmf_demos_ws/install/rmf_fleet_adapter_python:/rmf_demos_ws/install/rmf_fleet_adapter:/rmf_demos_ws/install/rmf_task_ros2:/rmf_demos_ws/install/rmf_websocket:/rmf_demos_ws/install/rmf_visualization:/rmf_demos_ws/install/rmf_visualization_schedule:/rmf_demos_ws/install/rmf_visualization_rviz2_plugins:/rmf_demos_ws/install/rmf_visualization_obstacles:/rmf_demos_ws/install/rmf_visualization_navgraphs:/rmf_demos_ws/install/rmf_visualization_floorplans:/rmf_demos_ws/install/rmf_visualization_fleet_states:/rmf_demos_ws/install/rmf_visualization_msgs:/rmf_demos_ws/install/rmf_traffic_ros2:/rmf_demos_ws/install/rmf_task_sequence:/rmf_demos_ws/install/rmf_task:/rmf_demos_ws/install/rmf_battery:/rmf_demos_ws/install/rmf_traffic:/rmf_demos_ws/install/rmf_utils:/rmf_demos_ws/install/rmf_traffic_msgs:/rmf_demos_ws/install/rmf_traffic_editor_test_maps:/rmf_demos_ws/install/rmf_traffic_editor_assets:/rmf_demos_ws/install/rmf_traffic_editor:/rmf_demos_ws/install/rmf_task_msgs:/rmf_demos_ws/install/rmf_site_map_msgs:/rmf_demos_ws/install/rmf_scheduler_msgs:/rmf_demos_ws/install/rmf_robot_sim_gz_plugins:/rmf_demos_ws/install/rmf_robot_sim_common:/rmf_demos_ws/install/rmf_reservation_msgs:/rmf_demos_ws/install/rmf_obstacle_msgs:/rmf_demos_ws/install/rmf_building_sim_gz_plugins:/rmf_demos_ws/install/rmf_lift_msgs:/rmf_demos_ws/install/rmf_ingestor_msgs:/rmf_demos_ws/install/rmf_fleet_msgs:/rmf_demos_ws/install/rmf_door_msgs:/rmf_demos_ws/install/rmf_dispenser_msgs:/rmf_demos_ws/install/rmf_demos_maps:/rmf_demos_ws/install/rmf_demos_assets:/rmf_demos_ws/install/rmf_charger_msgs:/rmf_demos_ws/install/rmf_building_map_msgs:/rmf_demos_ws/install/rmf_api_msgs:/rmf_demos_ws/install/nlohmann_json_schema_validator_vendor:/rmf_demos_ws/install/rmf_demos_fleet_adapter:/rmf_demos_ws/install/rmf_visualization_building_systems:/rmf_demos_ws/install/rmf_traffic_examples:/rmf_demos_ws/install/rmf_demos_bridges:/rmf_demos_ws/install/rmf_demos_tasks:/rmf_demos_ws/install/rmf_building_map_tools:/rmf_demos_ws/install/rmf_charging_schedule:/opt/ros/jazzy:/rmf_demos_ws/install/menge_vendor:/rmf_demos_ws/install/ament_cmake_catch2:/opt/ros/jazzy/opt/gz_sim_vendor:/opt/ros/jazzy/opt/gz_sensors_vendor:/opt/ros/jazzy/opt/gz_physics_vendor:/opt/ros/jazzy/opt/sdformat_vendor:/opt/ros/jazzy/opt/gz_gui_vendor:/opt/ros/jazzy/opt/gz_transport_vendor:/opt/ros/jazzy/opt/gz_rendering_vendor:/opt/ros/jazzy/opt/gz_plugin_vendor:/opt/ros/jazzy/opt/gz_fuel_tools_vendor:/opt/ros/jazzy/opt/gz_msgs_vendor:/opt/ros/jazzy/opt/gz_common_vendor:/opt/ros/jazzy/opt/gz_math_vendor:/opt/ros/jazzy/opt/gz_utils_vendor:/opt/ros/jazzy/opt/gz_tools_vendor:/opt/ros/jazzy/opt/gz_ogre_next_vendor:/opt/ros/jazzy/opt/gz_dartsim_vendor:/opt/ros/jazzy/opt/gz_cmake_vendor PYTHONPATH=/ws/build/rmf_demos_tasks:/ws/install/rmf_demos_tasks/lib/python3.12/site-packages:/ws/build/rmf_demos_fleet_adapter:/ws/install/rmf_demos_fleet_adapter/lib/python3.12/site-packages:${PYTHONPATH} /usr/bin/cmake --install /ws/build/first_project
