[0.985s] Invoking command in '/ws/src/rmf_demos/rmf_demos_bridges': PYTHONPATH=/ws/build/rmf_demos_bridges/prefix_override:/usr/lib/python3/dist-packages/colcon_core/task/python/colcon_distutils_commands:/ws/install/rmf_demos_bridges/lib/python3.12/site-packages:${PYTHONPATH} /usr/bin/python3 -W ignore:setup.py install is deprecated -W ignore:easy_install command is deprecated setup.py egg_info --egg-base ../../../build/rmf_demos_bridges build --build-base /ws/build/rmf_demos_bridges/build install --record /ws/build/rmf_demos_bridges/install.log --single-version-externally-managed install_data
[1.192s] running egg_info
[1.192s] creating ../../../build/rmf_demos_bridges/rmf_demos_bridges.egg-info
[1.208s] writing ../../../build/rmf_demos_bridges/rmf_demos_bridges.egg-info/PKG-INFO
[1.209s] writing dependency_links to ../../../build/rmf_demos_bridges/rmf_demos_bridges.egg-info/dependency_links.txt
[1.209s] writing entry points to ../../../build/rmf_demos_bridges/rmf_demos_bridges.egg-info/entry_points.txt
[1.209s] writing requirements to ../../../build/rmf_demos_bridges/rmf_demos_bridges.egg-info/requires.txt
[1.209s] writing top-level names to ../../../build/rmf_demos_bridges/rmf_demos_bridges.egg-info/top_level.txt
[1.209s] writing manifest file '../../../build/rmf_demos_bridges/rmf_demos_bridges.egg-info/SOURCES.txt'
[1.244s] reading manifest file '../../../build/rmf_demos_bridges/rmf_demos_bridges.egg-info/SOURCES.txt'
[1.245s] writing manifest file '../../../build/rmf_demos_bridges/rmf_demos_bridges.egg-info/SOURCES.txt'
[1.245s] running build
[1.245s] running build_py
[1.246s] creating /ws/build/rmf_demos_bridges/build
[1.246s] creating /ws/build/rmf_demos_bridges/build/lib
[1.246s] creating /ws/build/rmf_demos_bridges/build/lib/rmf_demos_bridges
[1.246s] copying rmf_demos_bridges/__init__.py -> /ws/build/rmf_demos_bridges/build/lib/rmf_demos_bridges
[1.246s] copying rmf_demos_bridges/fleet_robotmanager_mqtt_bridge.py -> /ws/build/rmf_demos_bridges/build/lib/rmf_demos_bridges
[1.246s] copying rmf_demos_bridges/fleet_socketio_bridge.py -> /ws/build/rmf_demos_bridges/build/lib/rmf_demos_bridges
[1.247s] running install
[1.253s] running install_lib
[1.267s] creating /ws/install/rmf_demos_bridges/lib/python3.12/site-packages/rmf_demos_bridges
[1.267s] copying /ws/build/rmf_demos_bridges/build/lib/rmf_demos_bridges/__init__.py -> /ws/install/rmf_demos_bridges/lib/python3.12/site-packages/rmf_demos_bridges
[1.267s] copying /ws/build/rmf_demos_bridges/build/lib/rmf_demos_bridges/fleet_robotmanager_mqtt_bridge.py -> /ws/install/rmf_demos_bridges/lib/python3.12/site-packages/rmf_demos_bridges
[1.267s] copying /ws/build/rmf_demos_bridges/build/lib/rmf_demos_bridges/fleet_socketio_bridge.py -> /ws/install/rmf_demos_bridges/lib/python3.12/site-packages/rmf_demos_bridges
[1.268s] byte-compiling /ws/install/rmf_demos_bridges/lib/python3.12/site-packages/rmf_demos_bridges/__init__.py to __init__.cpython-312.pyc
[1.268s] byte-compiling /ws/install/rmf_demos_bridges/lib/python3.12/site-packages/rmf_demos_bridges/fleet_robotmanager_mqtt_bridge.py to fleet_robotmanager_mqtt_bridge.cpython-312.pyc
[1.269s] byte-compiling /ws/install/rmf_demos_bridges/lib/python3.12/site-packages/rmf_demos_bridges/fleet_socketio_bridge.py to fleet_socketio_bridge.cpython-312.pyc
[1.270s] running install_data
[1.270s] creating /ws/install/rmf_demos_bridges/share/ament_index
[1.270s] creating /ws/install/rmf_demos_bridges/share/ament_index/resource_index
[1.270s] creating /ws/install/rmf_demos_bridges/share/ament_index/resource_index/packages
[1.270s] copying resource/rmf_demos_bridges -> /ws/install/rmf_demos_bridges/share/ament_index/resource_index/packages
[1.270s] copying package.xml -> /ws/install/rmf_demos_bridges/share/rmf_demos_bridges
[1.271s] running install_egg_info
[1.284s] Copying ../../../build/rmf_demos_bridges/rmf_demos_bridges.egg-info to /ws/install/rmf_demos_bridges/lib/python3.12/site-packages/rmf_demos_bridges-2.8.1-py3.12.egg-info
[1.286s] running install_scripts
[1.385s] Installing fleet_robotmanager_mqtt_bridge script to /ws/install/rmf_demos_bridges/lib/rmf_demos_bridges
[1.385s] Installing fleet_socketio_bridge script to /ws/install/rmf_demos_bridges/lib/rmf_demos_bridges
[1.385s] writing list of installed files to '/ws/build/rmf_demos_bridges/install.log'
[1.483s] Invoked command in '/ws/src/rmf_demos/rmf_demos_bridges' returned '0': PYTHONPATH=/ws/build/rmf_demos_bridges/prefix_override:/usr/lib/python3/dist-packages/colcon_core/task/python/colcon_distutils_commands:/ws/install/rmf_demos_bridges/lib/python3.12/site-packages:${PYTHONPATH} /usr/bin/python3 -W ignore:setup.py install is deprecated -W ignore:easy_install command is deprecated setup.py egg_info --egg-base ../../../build/rmf_demos_bridges build --build-base /ws/build/rmf_demos_bridges/build install --record /ws/build/rmf_demos_bridges/install.log --single-version-externally-managed install_data
