[0.014s] Invoking command in '/ws/build/first_project': AMENT_PREFIX_PATH=/ws/install/rmf_demos:/ws/install/rmf_demos_tasks:/ws/install/rmf_demos_maps:/ws/install/rmf_demos_fleet_adapter:/ws/install/rmf_demos_assets:${AMENT_PREFIX_PATH} CMAKE_PREFIX_PATH=/ws/install/rmf_demos:/ws/install/rmf_demos_maps:/ws/install/rmf_demos_assets:/rmf_demos_ws/install/rmf_workcell_msgs:/rmf_demos_ws/install/rmf_demos_gz:/rmf_demos_ws/install/rmf_demos:/rmf_demos_ws/install/rmf_reservation_node:/rmf_demos_ws/install/rmf_fleet_adapter_python:/rmf_demos_ws/install/rmf_fleet_adapter:/rmf_demos_ws/install/rmf_task_ros2:/rmf_demos_ws/install/rmf_websocket:/rmf_demos_ws/install/rmf_visualization:/rmf_demos_ws/install/rmf_visualization_schedule:/rmf_demos_ws/install/rmf_visualization_rviz2_plugins:/rmf_demos_ws/install/rmf_visualization_obstacles:/rmf_demos_ws/install/rmf_visualization_navgraphs:/rmf_demos_ws/install/rmf_visualization_floorplans:/rmf_demos_ws/install/rmf_visualization_fleet_states:/rmf_demos_ws/install/rmf_visualization_msgs:/rmf_demos_ws/install/rmf_traffic_ros2:/rmf_demos_ws/install/rmf_task_sequence:/rmf_demos_ws/install/rmf_task:/rmf_demos_ws/install/rmf_battery:/rmf_demos_ws/install/rmf_traffic:/rmf_demos_ws/install/rmf_utils:/rmf_demos_ws/install/rmf_traffic_msgs:/rmf_demos_ws/install/rmf_traffic_editor_test_maps:/rmf_demos_ws/install/rmf_traffic_editor_assets:/rmf_demos_ws/install/rmf_traffic_editor:/rmf_demos_ws/install/rmf_task_msgs:/rmf_demos_ws/install/rmf_site_map_msgs:/rmf_demos_ws/install/rmf_scheduler_msgs:/rmf_demos_ws/install/rmf_robot_sim_gz_plugins:/rmf_demos_ws/install/rmf_robot_sim_common:/rmf_demos_ws/install/rmf_reservation_msgs:/rmf_demos_ws/install/rmf_obstacle_msgs:/rmf_demos_ws/install/rmf_building_sim_gz_plugins:/rmf_demos_ws/install/rmf_lift_msgs:/rmf_demos_ws/install/rmf_ingestor_msgs:/rmf_demos_ws/install/rmf_fleet_msgs:/rmf_demos_ws/install/rmf_door_msgs:/rmf_demos_ws/install/rmf_dispenser_msgs:/rmf_demos_ws/install/rmf_demos_maps:/rmf_demos_ws/install/rmf_demos_assets:/rmf_demos_ws/install/rmf_charger_msgs:/rmf_demos_ws/install/rmf_building_map_msgs:/rmf_demos_ws/install/rmf_api_msgs:/rmf_demos_ws/install/nlohmann_json_schema_validator_vendor:/rmf_demos_ws/install/rmf_demos_fleet_adapter:/rmf_demos_ws/install/rmf_visualization_building_systems:/rmf_demos_ws/install/rmf_traffic_examples:/rmf_demos_ws/install/rmf_demos_bridges:/rmf_demos_ws/install/rmf_demos_tasks:/rmf_demos_ws/install/rmf_building_map_tools:/rmf_demos_ws/install/rmf_charging_schedule:/opt/ros/jazzy:/rmf_demos_ws/install/menge_vendor:/rmf_demos_ws/install/ament_cmake_catch2:/opt/ros/jazzy/opt/gz_sim_vendor:/opt/ros/jazzy/opt/gz_sensors_vendor:/opt/ros/jazzy/opt/gz_physics_vendor:/opt/ros/jazzy/opt/sdformat_vendor:/opt/ros/jazzy/opt/gz_gui_vendor:/opt/ros/jazzy/opt/gz_transport_vendor:/opt/ros/jazzy/opt/gz_rendering_vendor:/opt/ros/jazzy/opt/gz_plugin_vendor:/opt/ros/jazzy/opt/gz_fuel_tools_vendor:/opt/ros/jazzy/opt/gz_msgs_vendor:/opt/ros/jazzy/opt/gz_common_vendor:/opt/ros/jazzy/opt/gz_math_vendor:/opt/ros/jazzy/opt/gz_utils_vendor:/opt/ros/jazzy/opt/gz_tools_vendor:/opt/ros/jazzy/opt/gz_ogre_next_vendor:/opt/ros/jazzy/opt/gz_dartsim_vendor:/opt/ros/jazzy/opt/gz_cmake_vendor PYTHONPATH=/ws/install/rmf_demos_tasks/lib/python3.12/site-packages:/ws/install/rmf_demos_fleet_adapter/lib/python3.12/site-packages:${PYTHONPATH} /usr/bin/cmake --build /ws/build/first_project -- -j16 -l16
[0.263s] Load success!
[0.263s] 
[0.263s] Cache found! Model count: 3240 
[0.263s] Updating cache...
[0.263s] Topping up Fuel (updating cache) from: https://fuel.gazebosim.org/1.0/models
[0.263s] Fetching page: 1
[1.100s] Cached model found! Halting Fuel traversal...
[1.100s] Writing to cache: /root/.pit_crew/model_cache.json
[1.131s] New models cached: 0
[1.131s] 
[1.169s] [  0%] Built target update_model_cache
[1.203s] [100%] Built target generate_first_world
[1.216s] Invoked command in '/ws/build/first_project' returned '0': AMENT_PREFIX_PATH=/ws/install/rmf_demos:/ws/install/rmf_demos_tasks:/ws/install/rmf_demos_maps:/ws/install/rmf_demos_fleet_adapter:/ws/install/rmf_demos_assets:${AMENT_PREFIX_PATH} CMAKE_PREFIX_PATH=/ws/install/rmf_demos:/ws/install/rmf_demos_maps:/ws/install/rmf_demos_assets:/rmf_demos_ws/install/rmf_workcell_msgs:/rmf_demos_ws/install/rmf_demos_gz:/rmf_demos_ws/install/rmf_demos:/rmf_demos_ws/install/rmf_reservation_node:/rmf_demos_ws/install/rmf_fleet_adapter_python:/rmf_demos_ws/install/rmf_fleet_adapter:/rmf_demos_ws/install/rmf_task_ros2:/rmf_demos_ws/install/rmf_websocket:/rmf_demos_ws/install/rmf_visualization:/rmf_demos_ws/install/rmf_visualization_schedule:/rmf_demos_ws/install/rmf_visualization_rviz2_plugins:/rmf_demos_ws/install/rmf_visualization_obstacles:/rmf_demos_ws/install/rmf_visualization_navgraphs:/rmf_demos_ws/install/rmf_visualization_floorplans:/rmf_demos_ws/install/rmf_visualization_fleet_states:/rmf_demos_ws/install/rmf_visualization_msgs:/rmf_demos_ws/install/rmf_traffic_ros2:/rmf_demos_ws/install/rmf_task_sequence:/rmf_demos_ws/install/rmf_task:/rmf_demos_ws/install/rmf_battery:/rmf_demos_ws/install/rmf_traffic:/rmf_demos_ws/install/rmf_utils:/rmf_demos_ws/install/rmf_traffic_msgs:/rmf_demos_ws/install/rmf_traffic_editor_test_maps:/rmf_demos_ws/install/rmf_traffic_editor_assets:/rmf_demos_ws/install/rmf_traffic_editor:/rmf_demos_ws/install/rmf_task_msgs:/rmf_demos_ws/install/rmf_site_map_msgs:/rmf_demos_ws/install/rmf_scheduler_msgs:/rmf_demos_ws/install/rmf_robot_sim_gz_plugins:/rmf_demos_ws/install/rmf_robot_sim_common:/rmf_demos_ws/install/rmf_reservation_msgs:/rmf_demos_ws/install/rmf_obstacle_msgs:/rmf_demos_ws/install/rmf_building_sim_gz_plugins:/rmf_demos_ws/install/rmf_lift_msgs:/rmf_demos_ws/install/rmf_ingestor_msgs:/rmf_demos_ws/install/rmf_fleet_msgs:/rmf_demos_ws/install/rmf_door_msgs:/rmf_demos_ws/install/rmf_dispenser_msgs:/rmf_demos_ws/install/rmf_demos_maps:/rmf_demos_ws/install/rmf_demos_assets:/rmf_demos_ws/install/rmf_charger_msgs:/rmf_demos_ws/install/rmf_building_map_msgs:/rmf_demos_ws/install/rmf_api_msgs:/rmf_demos_ws/install/nlohmann_json_schema_validator_vendor:/rmf_demos_ws/install/rmf_demos_fleet_adapter:/rmf_demos_ws/install/rmf_visualization_building_systems:/rmf_demos_ws/install/rmf_traffic_examples:/rmf_demos_ws/install/rmf_demos_bridges:/rmf_demos_ws/install/rmf_demos_tasks:/rmf_demos_ws/install/rmf_building_map_tools:/rmf_demos_ws/install/rmf_charging_schedule:/opt/ros/jazzy:/rmf_demos_ws/install/menge_vendor:/rmf_demos_ws/install/ament_cmake_catch2:/opt/ros/jazzy/opt/gz_sim_vendor:/opt/ros/jazzy/opt/gz_sensors_vendor:/opt/ros/jazzy/opt/gz_physics_vendor:/opt/ros/jazzy/opt/sdformat_vendor:/opt/ros/jazzy/opt/gz_gui_vendor:/opt/ros/jazzy/opt/gz_transport_vendor:/opt/ros/jazzy/opt/gz_rendering_vendor:/opt/ros/jazzy/opt/gz_plugin_vendor:/opt/ros/jazzy/opt/gz_fuel_tools_vendor:/opt/ros/jazzy/opt/gz_msgs_vendor:/opt/ros/jazzy/opt/gz_common_vendor:/opt/ros/jazzy/opt/gz_math_vendor:/opt/ros/jazzy/opt/gz_utils_vendor:/opt/ros/jazzy/opt/gz_tools_vendor:/opt/ros/jazzy/opt/gz_ogre_next_vendor:/opt/ros/jazzy/opt/gz_dartsim_vendor:/opt/ros/jazzy/opt/gz_cmake_vendor PYTHONPATH=/ws/install/rmf_demos_tasks/lib/python3.12/site-packages:/ws/install/rmf_demos_fleet_adapter/lib/python3.12/site-packages:${PYTHONPATH} /usr/bin/cmake --build /ws/build/first_project -- -j16 -l16
[1.218s] Invoking command in '/ws/build/first_project': AMENT_PREFIX_PATH=/ws/install/rmf_demos:/ws/install/rmf_demos_tasks:/ws/install/rmf_demos_maps:/ws/install/rmf_demos_fleet_adapter:/ws/install/rmf_demos_assets:${AMENT_PREFIX_PATH} CMAKE_PREFIX_PATH=/ws/install/rmf_demos:/ws/install/rmf_demos_maps:/ws/install/rmf_demos_assets:/rmf_demos_ws/install/rmf_workcell_msgs:/rmf_demos_ws/install/rmf_demos_gz:/rmf_demos_ws/install/rmf_demos:/rmf_demos_ws/install/rmf_reservation_node:/rmf_demos_ws/install/rmf_fleet_adapter_python:/rmf_demos_ws/install/rmf_fleet_adapter:/rmf_demos_ws/install/rmf_task_ros2:/rmf_demos_ws/install/rmf_websocket:/rmf_demos_ws/install/rmf_visualization:/rmf_demos_ws/install/rmf_visualization_schedule:/rmf_demos_ws/install/rmf_visualization_rviz2_plugins:/rmf_demos_ws/install/rmf_visualization_obstacles:/rmf_demos_ws/install/rmf_visualization_navgraphs:/rmf_demos_ws/install/rmf_visualization_floorplans:/rmf_demos_ws/install/rmf_visualization_fleet_states:/rmf_demos_ws/install/rmf_visualization_msgs:/rmf_demos_ws/install/rmf_traffic_ros2:/rmf_demos_ws/install/rmf_task_sequence:/rmf_demos_ws/install/rmf_task:/rmf_demos_ws/install/rmf_battery:/rmf_demos_ws/install/rmf_traffic:/rmf_demos_ws/install/rmf_utils:/rmf_demos_ws/install/rmf_traffic_msgs:/rmf_demos_ws/install/rmf_traffic_editor_test_maps:/rmf_demos_ws/install/rmf_traffic_editor_assets:/rmf_demos_ws/install/rmf_traffic_editor:/rmf_demos_ws/install/rmf_task_msgs:/rmf_demos_ws/install/rmf_site_map_msgs:/rmf_demos_ws/install/rmf_scheduler_msgs:/rmf_demos_ws/install/rmf_robot_sim_gz_plugins:/rmf_demos_ws/install/rmf_robot_sim_common:/rmf_demos_ws/install/rmf_reservation_msgs:/rmf_demos_ws/install/rmf_obstacle_msgs:/rmf_demos_ws/install/rmf_building_sim_gz_plugins:/rmf_demos_ws/install/rmf_lift_msgs:/rmf_demos_ws/install/rmf_ingestor_msgs:/rmf_demos_ws/install/rmf_fleet_msgs:/rmf_demos_ws/install/rmf_door_msgs:/rmf_demos_ws/install/rmf_dispenser_msgs:/rmf_demos_ws/install/rmf_demos_maps:/rmf_demos_ws/install/rmf_demos_assets:/rmf_demos_ws/install/rmf_charger_msgs:/rmf_demos_ws/install/rmf_building_map_msgs:/rmf_demos_ws/install/rmf_api_msgs:/rmf_demos_ws/install/nlohmann_json_schema_validator_vendor:/rmf_demos_ws/install/rmf_demos_fleet_adapter:/rmf_demos_ws/install/rmf_visualization_building_systems:/rmf_demos_ws/install/rmf_traffic_examples:/rmf_demos_ws/install/rmf_demos_bridges:/rmf_demos_ws/install/rmf_demos_tasks:/rmf_demos_ws/install/rmf_building_map_tools:/rmf_demos_ws/install/rmf_charging_schedule:/opt/ros/jazzy:/rmf_demos_ws/install/menge_vendor:/rmf_demos_ws/install/ament_cmake_catch2:/opt/ros/jazzy/opt/gz_sim_vendor:/opt/ros/jazzy/opt/gz_sensors_vendor:/opt/ros/jazzy/opt/gz_physics_vendor:/opt/ros/jazzy/opt/sdformat_vendor:/opt/ros/jazzy/opt/gz_gui_vendor:/opt/ros/jazzy/opt/gz_transport_vendor:/opt/ros/jazzy/opt/gz_rendering_vendor:/opt/ros/jazzy/opt/gz_plugin_vendor:/opt/ros/jazzy/opt/gz_fuel_tools_vendor:/opt/ros/jazzy/opt/gz_msgs_vendor:/opt/ros/jazzy/opt/gz_common_vendor:/opt/ros/jazzy/opt/gz_math_vendor:/opt/ros/jazzy/opt/gz_utils_vendor:/opt/ros/jazzy/opt/gz_tools_vendor:/opt/ros/jazzy/opt/gz_ogre_next_vendor:/opt/ros/jazzy/opt/gz_dartsim_vendor:/opt/ros/jazzy/opt/gz_cmake_vendor PYTHONPATH=/ws/install/rmf_demos_tasks/lib/python3.12/site-packages:/ws/install/rmf_demos_fleet_adapter/lib/python3.12/site-packages:${PYTHONPATH} /usr/bin/cmake --install /ws/build/first_project
[1.228s] -- Install configuration: ""
[1.229s] -- Execute custom install script
[1.229s] -- Up-to-date symlink: /ws/install/first_project/share/first_project/launch/first.launch.xml
[1.230s] -- Up-to-date symlink: /ws/install/first_project/share/first_project/launch/simulation.launch.xml
[1.233s] -- Up-to-date symlink: /ws/install/first_project/share/first_project/maps/first/0.yaml
[1.233s] -- Up-to-date symlink: /ws/install/first_project/share/first_project/maps/first/L1.png
[1.233s] -- Up-to-date symlink: /ws/install/first_project/share/first_project/maps/first/L2.png
[1.233s] -- Up-to-date symlink: /ws/install/first_project/share/first_project/maps/first/first.building.yaml
[1.234s] -- Up-to-date symlink: /ws/install/first_project/share/first_project/maps/first/nav_graphs/0.yaml
[1.234s] -- Symlinking: /ws/install/first_project/share/first_project/maps/first_ign/first.world
[1.244s] -- Up-to-date symlink: /ws/install/first_project/share/first_project/maps/first_ign/models/Sofa/meshes/Sofa.mtl
[1.245s] -- Up-to-date symlink: /ws/install/first_project/share/first_project/maps/first_ign/models/Sofa/meshes/Sofa.obj
[1.245s] -- Up-to-date symlink: /ws/install/first_project/share/first_project/maps/first_ign/models/Sofa/meshes/SofaDiffuse.png
[1.245s] -- Up-to-date symlink: /ws/install/first_project/share/first_project/maps/first_ign/models/Sofa/model.config
[1.245s] -- Up-to-date symlink: /ws/install/first_project/share/first_project/maps/first_ign/models/Sofa/model.sdf
[1.245s] -- Up-to-date symlink: /ws/install/first_project/share/first_project/maps/first_ign/models/Sofa/thumbnails/1.png
[1.245s] -- Up-to-date symlink: /ws/install/first_project/share/first_project/maps/first_ign/models/Sofa/thumbnails/2.png
[1.246s] -- Up-to-date symlink: /ws/install/first_project/share/first_project/maps/first_ign/models/Sofa/thumbnails/3.png
[1.246s] -- Up-to-date symlink: /ws/install/first_project/share/first_project/maps/first_ign/models/Sofa/thumbnails/4.png
[1.246s] -- Up-to-date symlink: /ws/install/first_project/share/first_project/maps/first_ign/models/Sofa/thumbnails/5.png
[1.246s] -- Up-to-date symlink: /ws/install/first_project/share/first_project/maps/first_ign/models/TinyRobot/meshes/caster_wheel.mtl
[1.246s] -- Up-to-date symlink: /ws/install/first_project/share/first_project/maps/first_ign/models/TinyRobot/meshes/caster_wheel.obj
[1.246s] -- Up-to-date symlink: /ws/install/first_project/share/first_project/maps/first_ign/models/TinyRobot/meshes/front_wheel.mtl
[1.247s] -- Up-to-date symlink: /ws/install/first_project/share/first_project/maps/first_ign/models/TinyRobot/meshes/front_wheel.obj
[1.247s] -- Up-to-date symlink: /ws/install/first_project/share/first_project/maps/first_ign/models/TinyRobot/meshes/tinyRobot_body.mtl
[1.247s] -- Up-to-date symlink: /ws/install/first_project/share/first_project/maps/first_ign/models/TinyRobot/meshes/tinyRobot_body.obj
[1.247s] -- Up-to-date symlink: /ws/install/first_project/share/first_project/maps/first_ign/models/TinyRobot/model.config
[1.247s] -- Up-to-date symlink: /ws/install/first_project/share/first_project/maps/first_ign/models/TinyRobot/model.sdf
[1.248s] -- Symlinking: /ws/install/first_project/share/first_project/maps/first_ign/models/first_L1/meshes/blue_linoleum.png
[1.260s] -- Symlinking: /ws/install/first_project/share/first_project/maps/first_ign/models/first_L1/meshes/default.png
[1.273s] -- Symlinking: /ws/install/first_project/share/first_project/maps/first_ign/models/first_L1/meshes/floor_1.mtl
[1.284s] -- Symlinking: /ws/install/first_project/share/first_project/maps/first_ign/models/first_L1/meshes/floor_1.obj
[1.296s] -- Symlinking: /ws/install/first_project/share/first_project/maps/first_ign/models/first_L1/meshes/model.material
[1.309s] -- Symlinking: /ws/install/first_project/share/first_project/maps/first_ign/models/first_L1/meshes/wall_1.mtl
[1.321s] -- Symlinking: /ws/install/first_project/share/first_project/maps/first_ign/models/first_L1/meshes/wall_1.obj
[1.333s] -- Symlinking: /ws/install/first_project/share/first_project/maps/first_ign/models/first_L1/meshes/wall_2.mtl
[1.345s] -- Symlinking: /ws/install/first_project/share/first_project/maps/first_ign/models/first_L1/meshes/wall_2.obj
[1.354s] -- Symlinking: /ws/install/first_project/share/first_project/maps/first_ign/models/first_L1/model.config
[1.365s] -- Symlinking: /ws/install/first_project/share/first_project/maps/first_ign/models/first_L1/model.sdf
[1.376s] -- Symlinking: /ws/install/first_project/share/first_project/maps/first_ign/models/first_L2/meshes/blue_linoleum.png
[1.388s] -- Symlinking: /ws/install/first_project/share/first_project/maps/first_ign/models/first_L2/meshes/default.png
[1.400s] -- Symlinking: /ws/install/first_project/share/first_project/maps/first_ign/models/first_L2/meshes/floor_1.mtl
[1.411s] -- Symlinking: /ws/install/first_project/share/first_project/maps/first_ign/models/first_L2/meshes/floor_1.obj
[1.423s] -- Symlinking: /ws/install/first_project/share/first_project/maps/first_ign/models/first_L2/meshes/model.material
[1.433s] -- Symlinking: /ws/install/first_project/share/first_project/maps/first_ign/models/first_L2/meshes/wall_1.mtl
[1.443s] -- Symlinking: /ws/install/first_project/share/first_project/maps/first_ign/models/first_L2/meshes/wall_1.obj
[1.454s] -- Symlinking: /ws/install/first_project/share/first_project/maps/first_ign/models/first_L2/model.config
[1.464s] -- Symlinking: /ws/install/first_project/share/first_project/maps/first_ign/models/first_L2/model.sdf
[1.475s] -- Up-to-date symlink: /ws/install/first_project/share/first_project/config/tinyRobot_config.yaml
[1.475s] -- Symlinking: /ws/install/first_project/share/first_project/maps/first_ign/first.world
[1.485s] -- Symlinking: /ws/install/first_project/share/first_project/maps/first_ign/models/first_L1/meshes/blue_linoleum.png
[1.496s] -- Symlinking: /ws/install/first_project/share/first_project/maps/first_ign/models/first_L1/meshes/default.png
[1.507s] -- Symlinking: /ws/install/first_project/share/first_project/maps/first_ign/models/first_L1/meshes/floor_1.mtl
[1.518s] -- Symlinking: /ws/install/first_project/share/first_project/maps/first_ign/models/first_L1/meshes/floor_1.obj
[1.528s] -- Symlinking: /ws/install/first_project/share/first_project/maps/first_ign/models/first_L1/meshes/model.material
[1.539s] -- Symlinking: /ws/install/first_project/share/first_project/maps/first_ign/models/first_L1/meshes/wall_1.mtl
[1.550s] -- Symlinking: /ws/install/first_project/share/first_project/maps/first_ign/models/first_L1/meshes/wall_1.obj
[1.561s] -- Symlinking: /ws/install/first_project/share/first_project/maps/first_ign/models/first_L1/meshes/wall_2.mtl
[1.571s] -- Symlinking: /ws/install/first_project/share/first_project/maps/first_ign/models/first_L1/meshes/wall_2.obj
[1.582s] -- Symlinking: /ws/install/first_project/share/first_project/maps/first_ign/models/first_L1/model.config
[1.592s] -- Symlinking: /ws/install/first_project/share/first_project/maps/first_ign/models/first_L1/model.sdf
[1.602s] -- Symlinking: /ws/install/first_project/share/first_project/maps/first_ign/models/first_L2/meshes/blue_linoleum.png
[1.612s] -- Symlinking: /ws/install/first_project/share/first_project/maps/first_ign/models/first_L2/meshes/default.png
[1.623s] -- Symlinking: /ws/install/first_project/share/first_project/maps/first_ign/models/first_L2/meshes/floor_1.mtl
[1.635s] -- Symlinking: /ws/install/first_project/share/first_project/maps/first_ign/models/first_L2/meshes/floor_1.obj
[1.644s] -- Symlinking: /ws/install/first_project/share/first_project/maps/first_ign/models/first_L2/meshes/model.material
[1.655s] -- Symlinking: /ws/install/first_project/share/first_project/maps/first_ign/models/first_L2/meshes/wall_1.mtl
[1.666s] -- Symlinking: /ws/install/first_project/share/first_project/maps/first_ign/models/first_L2/meshes/wall_1.obj
[1.676s] -- Symlinking: /ws/install/first_project/share/first_project/maps/first_ign/models/first_L2/model.config
[1.688s] -- Symlinking: /ws/install/first_project/share/first_project/maps/first_ign/models/first_L2/model.sdf
[1.701s] -- Up-to-date symlink: /ws/install/first_project/share/ament_index/resource_index/package_run_dependencies/first_project
[1.702s] -- Up-to-date symlink: /ws/install/first_project/share/ament_index/resource_index/parent_prefix_path/first_project
[1.702s] -- Up-to-date symlink: /ws/install/first_project/share/first_project/environment/ament_prefix_path.sh
[1.702s] -- Up-to-date symlink: /ws/install/first_project/share/first_project/environment/ament_prefix_path.dsv
[1.702s] -- Up-to-date symlink: /ws/install/first_project/share/first_project/environment/path.sh
[1.702s] -- Up-to-date symlink: /ws/install/first_project/share/first_project/environment/path.dsv
[1.703s] -- Up-to-date symlink: /ws/install/first_project/share/first_project/local_setup.bash
[1.703s] -- Up-to-date symlink: /ws/install/first_project/share/first_project/local_setup.sh
[1.703s] -- Up-to-date symlink: /ws/install/first_project/share/first_project/local_setup.zsh
[1.703s] -- Up-to-date symlink: /ws/install/first_project/share/first_project/local_setup.dsv
[1.703s] -- Symlinking: /ws/install/first_project/share/first_project/package.dsv
[1.715s] -- Up-to-date symlink: /ws/install/first_project/share/ament_index/resource_index/packages/first_project
[1.715s] -- Up-to-date symlink: /ws/install/first_project/share/first_project/cmake/first_projectConfig.cmake
[1.715s] -- Up-to-date symlink: /ws/install/first_project/share/first_project/cmake/first_projectConfig-version.cmake
[1.715s] -- Up-to-date symlink: /ws/install/first_project/share/first_project/package.xml
[1.717s] Invoked command in '/ws/build/first_project' returned '0': AMENT_PREFIX_PATH=/ws/install/rmf_demos:/ws/install/rmf_demos_tasks:/ws/install/rmf_demos_maps:/ws/install/rmf_demos_fleet_adapter:/ws/install/rmf_demos_assets:${AMENT_PREFIX_PATH} CMAKE_PREFIX_PATH=/ws/install/rmf_demos:/ws/install/rmf_demos_maps:/ws/install/rmf_demos_assets:/rmf_demos_ws/install/rmf_workcell_msgs:/rmf_demos_ws/install/rmf_demos_gz:/rmf_demos_ws/install/rmf_demos:/rmf_demos_ws/install/rmf_reservation_node:/rmf_demos_ws/install/rmf_fleet_adapter_python:/rmf_demos_ws/install/rmf_fleet_adapter:/rmf_demos_ws/install/rmf_task_ros2:/rmf_demos_ws/install/rmf_websocket:/rmf_demos_ws/install/rmf_visualization:/rmf_demos_ws/install/rmf_visualization_schedule:/rmf_demos_ws/install/rmf_visualization_rviz2_plugins:/rmf_demos_ws/install/rmf_visualization_obstacles:/rmf_demos_ws/install/rmf_visualization_navgraphs:/rmf_demos_ws/install/rmf_visualization_floorplans:/rmf_demos_ws/install/rmf_visualization_fleet_states:/rmf_demos_ws/install/rmf_visualization_msgs:/rmf_demos_ws/install/rmf_traffic_ros2:/rmf_demos_ws/install/rmf_task_sequence:/rmf_demos_ws/install/rmf_task:/rmf_demos_ws/install/rmf_battery:/rmf_demos_ws/install/rmf_traffic:/rmf_demos_ws/install/rmf_utils:/rmf_demos_ws/install/rmf_traffic_msgs:/rmf_demos_ws/install/rmf_traffic_editor_test_maps:/rmf_demos_ws/install/rmf_traffic_editor_assets:/rmf_demos_ws/install/rmf_traffic_editor:/rmf_demos_ws/install/rmf_task_msgs:/rmf_demos_ws/install/rmf_site_map_msgs:/rmf_demos_ws/install/rmf_scheduler_msgs:/rmf_demos_ws/install/rmf_robot_sim_gz_plugins:/rmf_demos_ws/install/rmf_robot_sim_common:/rmf_demos_ws/install/rmf_reservation_msgs:/rmf_demos_ws/install/rmf_obstacle_msgs:/rmf_demos_ws/install/rmf_building_sim_gz_plugins:/rmf_demos_ws/install/rmf_lift_msgs:/rmf_demos_ws/install/rmf_ingestor_msgs:/rmf_demos_ws/install/rmf_fleet_msgs:/rmf_demos_ws/install/rmf_door_msgs:/rmf_demos_ws/install/rmf_dispenser_msgs:/rmf_demos_ws/install/rmf_demos_maps:/rmf_demos_ws/install/rmf_demos_assets:/rmf_demos_ws/install/rmf_charger_msgs:/rmf_demos_ws/install/rmf_building_map_msgs:/rmf_demos_ws/install/rmf_api_msgs:/rmf_demos_ws/install/nlohmann_json_schema_validator_vendor:/rmf_demos_ws/install/rmf_demos_fleet_adapter:/rmf_demos_ws/install/rmf_visualization_building_systems:/rmf_demos_ws/install/rmf_traffic_examples:/rmf_demos_ws/install/rmf_demos_bridges:/rmf_demos_ws/install/rmf_demos_tasks:/rmf_demos_ws/install/rmf_building_map_tools:/rmf_demos_ws/install/rmf_charging_schedule:/opt/ros/jazzy:/rmf_demos_ws/install/menge_vendor:/rmf_demos_ws/install/ament_cmake_catch2:/opt/ros/jazzy/opt/gz_sim_vendor:/opt/ros/jazzy/opt/gz_sensors_vendor:/opt/ros/jazzy/opt/gz_physics_vendor:/opt/ros/jazzy/opt/sdformat_vendor:/opt/ros/jazzy/opt/gz_gui_vendor:/opt/ros/jazzy/opt/gz_transport_vendor:/opt/ros/jazzy/opt/gz_rendering_vendor:/opt/ros/jazzy/opt/gz_plugin_vendor:/opt/ros/jazzy/opt/gz_fuel_tools_vendor:/opt/ros/jazzy/opt/gz_msgs_vendor:/opt/ros/jazzy/opt/gz_common_vendor:/opt/ros/jazzy/opt/gz_math_vendor:/opt/ros/jazzy/opt/gz_utils_vendor:/opt/ros/jazzy/opt/gz_tools_vendor:/opt/ros/jazzy/opt/gz_ogre_next_vendor:/opt/ros/jazzy/opt/gz_dartsim_vendor:/opt/ros/jazzy/opt/gz_cmake_vendor PYTHONPATH=/ws/install/rmf_demos_tasks/lib/python3.12/site-packages:/ws/install/rmf_demos_fleet_adapter/lib/python3.12/site-packages:${PYTHONPATH} /usr/bin/cmake --install /ws/build/first_project
