[0.067s] DEBUG:colcon:Command line arguments: ['/usr/bin/colcon', 'build', '--packages-select', 'kioto']
[0.067s] DEBUG:colcon:Parsed command line arguments: Namespace(log_base=None, log_level=None, verb_name='build', build_base='build', install_base='install', merge_install=False, symlink_install=False, test_result_base=None, continue_on_error=False, executor='parallel', parallel_workers=16, event_handlers=None, ignore_user_meta=False, metas=['./colcon.meta'], base_paths=['.'], packages_ignore=None, packages_ignore_regex=None, paths=None, packages_up_to=None, packages_up_to_regex=None, packages_above=None, packages_above_and_dependencies=None, packages_above_depth=None, packages_select_by_dep=None, packages_skip_by_dep=None, packages_skip_up_to=None, packages_select_build_failed=False, packages_skip_build_finished=False, packages_select_test_failures=False, packages_skip_test_passed=False, packages_select=['kioto'], packages_skip=None, packages_select_regex=None, packages_skip_regex=None, packages_start=None, packages_end=None, cmake_args=None, cmake_target=None, cmake_target_skip_unavailable=False, cmake_clean_cache=False, cmake_clean_first=False, cmake_force_configure=False, ament_cmake_args=None, catkin_cmake_args=None, catkin_skip_building_tests=False, mixin_files=None, mixin=None, verb_parser=<colcon_mixin.mixin.mixin_argument.MixinArgumentDecorator object at 0x792ee942c620>, verb_extension=<colcon_core.verb.build.BuildVerb object at 0x792ee95255e0>, main=<bound method BuildVerb.main of <colcon_core.verb.build.BuildVerb object at 0x792ee95255e0>>, mixin_verb=('build',))
[0.091s] Level 1:colcon.colcon_core.package_discovery:discover_packages(colcon_meta) check parameters
[0.091s] INFO:colcon.colcon_metadata.package_discovery.colcon_meta:Using configuration from '/root/.colcon/metadata/default/Gazebo.meta'
[0.091s] INFO:colcon.colcon_metadata.package_discovery.colcon_meta:Using configuration from '/root/.colcon/metadata/default/fastdds.meta'
[0.091s] INFO:colcon.colcon_metadata.package_discovery.colcon_meta:Using configuration from '/root/.colcon/metadata/default/fastrtps.meta'
[0.091s] Level 1:colcon.colcon_core.package_discovery:discover_packages(recursive) check parameters
[0.091s] Level 1:colcon.colcon_core.package_discovery:discover_packages(ignore) check parameters
[0.091s] Level 1:colcon.colcon_core.package_discovery:discover_packages(path) check parameters
[0.091s] Level 1:colcon.colcon_core.package_discovery:discover_packages(colcon_meta) discover
[0.091s] Level 1:colcon.colcon_core.package_discovery:discover_packages(recursive) discover
[0.091s] INFO:colcon.colcon_core.package_discovery:Crawling recursively for packages in '/ws'
[0.091s] Level 1:colcon.colcon_core.package_identification:_identify(.) by extensions ['ignore', 'ignore_ament_install']
[0.091s] Level 1:colcon.colcon_core.package_identification:_identify(.) by extension 'ignore'
[0.091s] Level 1:colcon.colcon_core.package_identification:_identify(.) by extension 'ignore_ament_install'
[0.091s] Level 1:colcon.colcon_core.package_identification:_identify(.) by extensions ['colcon_pkg']
[0.091s] Level 1:colcon.colcon_core.package_identification:_identify(.) by extension 'colcon_pkg'
[0.091s] Level 1:colcon.colcon_core.package_identification:_identify(.) by extensions ['colcon_meta']
[0.091s] Level 1:colcon.colcon_core.package_identification:_identify(.) by extension 'colcon_meta'
[0.092s] Level 1:colcon.colcon_core.package_identification:_identify(.) by extensions ['ros']
[0.092s] Level 1:colcon.colcon_core.package_identification:_identify(.) by extension 'ros'
[0.106s] Level 1:colcon.colcon_core.package_identification:_identify(.) by extensions ['cmake', 'python']
[0.106s] Level 1:colcon.colcon_core.package_identification:_identify(.) by extension 'cmake'
[0.106s] Level 1:colcon.colcon_core.package_identification:_identify(.) by extension 'python'
[0.106s] Level 1:colcon.colcon_core.package_identification:_identify(.) by extensions ['python_setup_py']
[0.106s] Level 1:colcon.colcon_core.package_identification:_identify(.) by extension 'python_setup_py'
[0.106s] Level 1:colcon.colcon_core.package_identification:_identify(build) by extensions ['ignore', 'ignore_ament_install']
[0.106s] Level 1:colcon.colcon_core.package_identification:_identify(build) by extension 'ignore'
[0.106s] Level 1:colcon.colcon_core.package_identification:_identify(build) ignored
[0.106s] Level 1:colcon.colcon_core.package_identification:_identify(buildings) by extensions ['ignore', 'ignore_ament_install']
[0.106s] Level 1:colcon.colcon_core.package_identification:_identify(buildings) by extension 'ignore'
[0.106s] Level 1:colcon.colcon_core.package_identification:_identify(buildings) by extension 'ignore_ament_install'
[0.107s] Level 1:colcon.colcon_core.package_identification:_identify(buildings) by extensions ['colcon_pkg']
[0.107s] Level 1:colcon.colcon_core.package_identification:_identify(buildings) by extension 'colcon_pkg'
[0.107s] Level 1:colcon.colcon_core.package_identification:_identify(buildings) by extensions ['colcon_meta']
[0.107s] Level 1:colcon.colcon_core.package_identification:_identify(buildings) by extension 'colcon_meta'
[0.107s] Level 1:colcon.colcon_core.package_identification:_identify(buildings) by extensions ['ros']
[0.107s] Level 1:colcon.colcon_core.package_identification:_identify(buildings) by extension 'ros'
[0.107s] Level 1:colcon.colcon_core.package_identification:_identify(buildings) by extensions ['cmake', 'python']
[0.107s] Level 1:colcon.colcon_core.package_identification:_identify(buildings) by extension 'cmake'
[0.107s] Level 1:colcon.colcon_core.package_identification:_identify(buildings) by extension 'python'
[0.107s] Level 1:colcon.colcon_core.package_identification:_identify(buildings) by extensions ['python_setup_py']
[0.107s] Level 1:colcon.colcon_core.package_identification:_identify(buildings) by extension 'python_setup_py'
[0.107s] Level 1:colcon.colcon_core.package_identification:_identify(buildings/first_world) by extensions ['ignore', 'ignore_ament_install']
[0.107s] Level 1:colcon.colcon_core.package_identification:_identify(buildings/first_world) by extension 'ignore'
[0.107s] Level 1:colcon.colcon_core.package_identification:_identify(buildings/first_world) by extension 'ignore_ament_install'
[0.107s] Level 1:colcon.colcon_core.package_identification:_identify(buildings/first_world) by extensions ['colcon_pkg']
[0.107s] Level 1:colcon.colcon_core.package_identification:_identify(buildings/first_world) by extension 'colcon_pkg'
[0.107s] Level 1:colcon.colcon_core.package_identification:_identify(buildings/first_world) by extensions ['colcon_meta']
[0.107s] Level 1:colcon.colcon_core.package_identification:_identify(buildings/first_world) by extension 'colcon_meta'
[0.107s] Level 1:colcon.colcon_core.package_identification:_identify(buildings/first_world) by extensions ['ros']
[0.107s] Level 1:colcon.colcon_core.package_identification:_identify(buildings/first_world) by extension 'ros'
[0.107s] Level 1:colcon.colcon_core.package_identification:_identify(buildings/first_world) by extensions ['cmake', 'python']
[0.107s] Level 1:colcon.colcon_core.package_identification:_identify(buildings/first_world) by extension 'cmake'
[0.107s] Level 1:colcon.colcon_core.package_identification:_identify(buildings/first_world) by extension 'python'
[0.107s] Level 1:colcon.colcon_core.package_identification:_identify(buildings/first_world) by extensions ['python_setup_py']
[0.107s] Level 1:colcon.colcon_core.package_identification:_identify(buildings/first_world) by extension 'python_setup_py'
[0.107s] Level 1:colcon.colcon_core.package_identification:_identify(buildings/first_world/Sofa) by extensions ['ignore', 'ignore_ament_install']
[0.107s] Level 1:colcon.colcon_core.package_identification:_identify(buildings/first_world/Sofa) by extension 'ignore'
[0.107s] Level 1:colcon.colcon_core.package_identification:_identify(buildings/first_world/Sofa) by extension 'ignore_ament_install'
[0.107s] Level 1:colcon.colcon_core.package_identification:_identify(buildings/first_world/Sofa) by extensions ['colcon_pkg']
[0.107s] Level 1:colcon.colcon_core.package_identification:_identify(buildings/first_world/Sofa) by extension 'colcon_pkg'
[0.107s] Level 1:colcon.colcon_core.package_identification:_identify(buildings/first_world/Sofa) by extensions ['colcon_meta']
[0.107s] Level 1:colcon.colcon_core.package_identification:_identify(buildings/first_world/Sofa) by extension 'colcon_meta'
[0.107s] Level 1:colcon.colcon_core.package_identification:_identify(buildings/first_world/Sofa) by extensions ['ros']
[0.107s] Level 1:colcon.colcon_core.package_identification:_identify(buildings/first_world/Sofa) by extension 'ros'
[0.107s] Level 1:colcon.colcon_core.package_identification:_identify(buildings/first_world/Sofa) by extensions ['cmake', 'python']
[0.107s] Level 1:colcon.colcon_core.package_identification:_identify(buildings/first_world/Sofa) by extension 'cmake'
[0.107s] Level 1:colcon.colcon_core.package_identification:_identify(buildings/first_world/Sofa) by extension 'python'
[0.107s] Level 1:colcon.colcon_core.package_identification:_identify(buildings/first_world/Sofa) by extensions ['python_setup_py']
[0.107s] Level 1:colcon.colcon_core.package_identification:_identify(buildings/first_world/Sofa) by extension 'python_setup_py'
[0.107s] Level 1:colcon.colcon_core.package_identification:_identify(buildings/first_world/Sofa/meshes) by extensions ['ignore', 'ignore_ament_install']
[0.107s] Level 1:colcon.colcon_core.package_identification:_identify(buildings/first_world/Sofa/meshes) by extension 'ignore'
[0.107s] Level 1:colcon.colcon_core.package_identification:_identify(buildings/first_world/Sofa/meshes) by extension 'ignore_ament_install'
[0.107s] Level 1:colcon.colcon_core.package_identification:_identify(buildings/first_world/Sofa/meshes) by extensions ['colcon_pkg']
[0.107s] Level 1:colcon.colcon_core.package_identification:_identify(buildings/first_world/Sofa/meshes) by extension 'colcon_pkg'
[0.107s] Level 1:colcon.colcon_core.package_identification:_identify(buildings/first_world/Sofa/meshes) by extensions ['colcon_meta']
[0.107s] Level 1:colcon.colcon_core.package_identification:_identify(buildings/first_world/Sofa/meshes) by extension 'colcon_meta'
[0.107s] Level 1:colcon.colcon_core.package_identification:_identify(buildings/first_world/Sofa/meshes) by extensions ['ros']
[0.107s] Level 1:colcon.colcon_core.package_identification:_identify(buildings/first_world/Sofa/meshes) by extension 'ros'
[0.107s] Level 1:colcon.colcon_core.package_identification:_identify(buildings/first_world/Sofa/meshes) by extensions ['cmake', 'python']
[0.107s] Level 1:colcon.colcon_core.package_identification:_identify(buildings/first_world/Sofa/meshes) by extension 'cmake'
[0.107s] Level 1:colcon.colcon_core.package_identification:_identify(buildings/first_world/Sofa/meshes) by extension 'python'
[0.107s] Level 1:colcon.colcon_core.package_identification:_identify(buildings/first_world/Sofa/meshes) by extensions ['python_setup_py']
[0.107s] Level 1:colcon.colcon_core.package_identification:_identify(buildings/first_world/Sofa/meshes) by extension 'python_setup_py'
[0.108s] Level 1:colcon.colcon_core.package_identification:_identify(buildings/first_world/Sofa/thumbnails) by extensions ['ignore', 'ignore_ament_install']
[0.108s] Level 1:colcon.colcon_core.package_identification:_identify(buildings/first_world/Sofa/thumbnails) by extension 'ignore'
[0.108s] Level 1:colcon.colcon_core.package_identification:_identify(buildings/first_world/Sofa/thumbnails) by extension 'ignore_ament_install'
[0.108s] Level 1:colcon.colcon_core.package_identification:_identify(buildings/first_world/Sofa/thumbnails) by extensions ['colcon_pkg']
[0.108s] Level 1:colcon.colcon_core.package_identification:_identify(buildings/first_world/Sofa/thumbnails) by extension 'colcon_pkg'
[0.108s] Level 1:colcon.colcon_core.package_identification:_identify(buildings/first_world/Sofa/thumbnails) by extensions ['colcon_meta']
[0.108s] Level 1:colcon.colcon_core.package_identification:_identify(buildings/first_world/Sofa/thumbnails) by extension 'colcon_meta'
[0.108s] Level 1:colcon.colcon_core.package_identification:_identify(buildings/first_world/Sofa/thumbnails) by extensions ['ros']
[0.108s] Level 1:colcon.colcon_core.package_identification:_identify(buildings/first_world/Sofa/thumbnails) by extension 'ros'
[0.108s] Level 1:colcon.colcon_core.package_identification:_identify(buildings/first_world/Sofa/thumbnails) by extensions ['cmake', 'python']
[0.108s] Level 1:colcon.colcon_core.package_identification:_identify(buildings/first_world/Sofa/thumbnails) by extension 'cmake'
[0.108s] Level 1:colcon.colcon_core.package_identification:_identify(buildings/first_world/Sofa/thumbnails) by extension 'python'
[0.108s] Level 1:colcon.colcon_core.package_identification:_identify(buildings/first_world/Sofa/thumbnails) by extensions ['python_setup_py']
[0.108s] Level 1:colcon.colcon_core.package_identification:_identify(buildings/first_world/Sofa/thumbnails) by extension 'python_setup_py'
[0.108s] Level 1:colcon.colcon_core.package_identification:_identify(buildings/first_world/TinyRobot) by extensions ['ignore', 'ignore_ament_install']
[0.108s] Level 1:colcon.colcon_core.package_identification:_identify(buildings/first_world/TinyRobot) by extension 'ignore'
[0.108s] Level 1:colcon.colcon_core.package_identification:_identify(buildings/first_world/TinyRobot) by extension 'ignore_ament_install'
[0.108s] Level 1:colcon.colcon_core.package_identification:_identify(buildings/first_world/TinyRobot) by extensions ['colcon_pkg']
[0.108s] Level 1:colcon.colcon_core.package_identification:_identify(buildings/first_world/TinyRobot) by extension 'colcon_pkg'
[0.108s] Level 1:colcon.colcon_core.package_identification:_identify(buildings/first_world/TinyRobot) by extensions ['colcon_meta']
[0.108s] Level 1:colcon.colcon_core.package_identification:_identify(buildings/first_world/TinyRobot) by extension 'colcon_meta'
[0.108s] Level 1:colcon.colcon_core.package_identification:_identify(buildings/first_world/TinyRobot) by extensions ['ros']
[0.108s] Level 1:colcon.colcon_core.package_identification:_identify(buildings/first_world/TinyRobot) by extension 'ros'
[0.108s] Level 1:colcon.colcon_core.package_identification:_identify(buildings/first_world/TinyRobot) by extensions ['cmake', 'python']
[0.108s] Level 1:colcon.colcon_core.package_identification:_identify(buildings/first_world/TinyRobot) by extension 'cmake'
[0.108s] Level 1:colcon.colcon_core.package_identification:_identify(buildings/first_world/TinyRobot) by extension 'python'
[0.108s] Level 1:colcon.colcon_core.package_identification:_identify(buildings/first_world/TinyRobot) by extensions ['python_setup_py']
[0.108s] Level 1:colcon.colcon_core.package_identification:_identify(buildings/first_world/TinyRobot) by extension 'python_setup_py'
[0.108s] Level 1:colcon.colcon_core.package_identification:_identify(buildings/first_world/TinyRobot/meshes) by extensions ['ignore', 'ignore_ament_install']
[0.108s] Level 1:colcon.colcon_core.package_identification:_identify(buildings/first_world/TinyRobot/meshes) by extension 'ignore'
[0.108s] Level 1:colcon.colcon_core.package_identification:_identify(buildings/first_world/TinyRobot/meshes) by extension 'ignore_ament_install'
[0.108s] Level 1:colcon.colcon_core.package_identification:_identify(buildings/first_world/TinyRobot/meshes) by extensions ['colcon_pkg']
[0.108s] Level 1:colcon.colcon_core.package_identification:_identify(buildings/first_world/TinyRobot/meshes) by extension 'colcon_pkg'
[0.108s] Level 1:colcon.colcon_core.package_identification:_identify(buildings/first_world/TinyRobot/meshes) by extensions ['colcon_meta']
[0.108s] Level 1:colcon.colcon_core.package_identification:_identify(buildings/first_world/TinyRobot/meshes) by extension 'colcon_meta'
[0.108s] Level 1:colcon.colcon_core.package_identification:_identify(buildings/first_world/TinyRobot/meshes) by extensions ['ros']
[0.108s] Level 1:colcon.colcon_core.package_identification:_identify(buildings/first_world/TinyRobot/meshes) by extension 'ros'
[0.108s] Level 1:colcon.colcon_core.package_identification:_identify(buildings/first_world/TinyRobot/meshes) by extensions ['cmake', 'python']
[0.108s] Level 1:colcon.colcon_core.package_identification:_identify(buildings/first_world/TinyRobot/meshes) by extension 'cmake'
[0.108s] Level 1:colcon.colcon_core.package_identification:_identify(buildings/first_world/TinyRobot/meshes) by extension 'python'
[0.108s] Level 1:colcon.colcon_core.package_identification:_identify(buildings/first_world/TinyRobot/meshes) by extensions ['python_setup_py']
[0.108s] Level 1:colcon.colcon_core.package_identification:_identify(buildings/first_world/TinyRobot/meshes) by extension 'python_setup_py'
[0.108s] Level 1:colcon.colcon_core.package_identification:_identify(buildings/first_world/first_L1) by extensions ['ignore', 'ignore_ament_install']
[0.108s] Level 1:colcon.colcon_core.package_identification:_identify(buildings/first_world/first_L1) by extension 'ignore'
[0.108s] Level 1:colcon.colcon_core.package_identification:_identify(buildings/first_world/first_L1) by extension 'ignore_ament_install'
[0.108s] Level 1:colcon.colcon_core.package_identification:_identify(buildings/first_world/first_L1) by extensions ['colcon_pkg']
[0.108s] Level 1:colcon.colcon_core.package_identification:_identify(buildings/first_world/first_L1) by extension 'colcon_pkg'
[0.108s] Level 1:colcon.colcon_core.package_identification:_identify(buildings/first_world/first_L1) by extensions ['colcon_meta']
[0.108s] Level 1:colcon.colcon_core.package_identification:_identify(buildings/first_world/first_L1) by extension 'colcon_meta'
[0.108s] Level 1:colcon.colcon_core.package_identification:_identify(buildings/first_world/first_L1) by extensions ['ros']
[0.108s] Level 1:colcon.colcon_core.package_identification:_identify(buildings/first_world/first_L1) by extension 'ros'
[0.108s] Level 1:colcon.colcon_core.package_identification:_identify(buildings/first_world/first_L1) by extensions ['cmake', 'python']
[0.108s] Level 1:colcon.colcon_core.package_identification:_identify(buildings/first_world/first_L1) by extension 'cmake'
[0.108s] Level 1:colcon.colcon_core.package_identification:_identify(buildings/first_world/first_L1) by extension 'python'
[0.108s] Level 1:colcon.colcon_core.package_identification:_identify(buildings/first_world/first_L1) by extensions ['python_setup_py']
[0.108s] Level 1:colcon.colcon_core.package_identification:_identify(buildings/first_world/first_L1) by extension 'python_setup_py'
[0.109s] Level 1:colcon.colcon_core.package_identification:_identify(buildings/first_world/first_L1/meshes) by extensions ['ignore', 'ignore_ament_install']
[0.109s] Level 1:colcon.colcon_core.package_identification:_identify(buildings/first_world/first_L1/meshes) by extension 'ignore'
[0.109s] Level 1:colcon.colcon_core.package_identification:_identify(buildings/first_world/first_L1/meshes) by extension 'ignore_ament_install'
[0.109s] Level 1:colcon.colcon_core.package_identification:_identify(buildings/first_world/first_L1/meshes) by extensions ['colcon_pkg']
[0.109s] Level 1:colcon.colcon_core.package_identification:_identify(buildings/first_world/first_L1/meshes) by extension 'colcon_pkg'
[0.109s] Level 1:colcon.colcon_core.package_identification:_identify(buildings/first_world/first_L1/meshes) by extensions ['colcon_meta']
[0.109s] Level 1:colcon.colcon_core.package_identification:_identify(buildings/first_world/first_L1/meshes) by extension 'colcon_meta'
[0.109s] Level 1:colcon.colcon_core.package_identification:_identify(buildings/first_world/first_L1/meshes) by extensions ['ros']
[0.109s] Level 1:colcon.colcon_core.package_identification:_identify(buildings/first_world/first_L1/meshes) by extension 'ros'
[0.109s] Level 1:colcon.colcon_core.package_identification:_identify(buildings/first_world/first_L1/meshes) by extensions ['cmake', 'python']
[0.109s] Level 1:colcon.colcon_core.package_identification:_identify(buildings/first_world/first_L1/meshes) by extension 'cmake'
[0.109s] Level 1:colcon.colcon_core.package_identification:_identify(buildings/first_world/first_L1/meshes) by extension 'python'
[0.109s] Level 1:colcon.colcon_core.package_identification:_identify(buildings/first_world/first_L1/meshes) by extensions ['python_setup_py']
[0.109s] Level 1:colcon.colcon_core.package_identification:_identify(buildings/first_world/first_L1/meshes) by extension 'python_setup_py'
[0.109s] Level 1:colcon.colcon_core.package_identification:_identify(buildings/first_world/first_L2) by extensions ['ignore', 'ignore_ament_install']
[0.109s] Level 1:colcon.colcon_core.package_identification:_identify(buildings/first_world/first_L2) by extension 'ignore'
[0.109s] Level 1:colcon.colcon_core.package_identification:_identify(buildings/first_world/first_L2) by extension 'ignore_ament_install'
[0.109s] Level 1:colcon.colcon_core.package_identification:_identify(buildings/first_world/first_L2) by extensions ['colcon_pkg']
[0.109s] Level 1:colcon.colcon_core.package_identification:_identify(buildings/first_world/first_L2) by extension 'colcon_pkg'
[0.109s] Level 1:colcon.colcon_core.package_identification:_identify(buildings/first_world/first_L2) by extensions ['colcon_meta']
[0.109s] Level 1:colcon.colcon_core.package_identification:_identify(buildings/first_world/first_L2) by extension 'colcon_meta'
[0.109s] Level 1:colcon.colcon_core.package_identification:_identify(buildings/first_world/first_L2) by extensions ['ros']
[0.109s] Level 1:colcon.colcon_core.package_identification:_identify(buildings/first_world/first_L2) by extension 'ros'
[0.109s] Level 1:colcon.colcon_core.package_identification:_identify(buildings/first_world/first_L2) by extensions ['cmake', 'python']
[0.109s] Level 1:colcon.colcon_core.package_identification:_identify(buildings/first_world/first_L2) by extension 'cmake'
[0.109s] Level 1:colcon.colcon_core.package_identification:_identify(buildings/first_world/first_L2) by extension 'python'
[0.109s] Level 1:colcon.colcon_core.package_identification:_identify(buildings/first_world/first_L2) by extensions ['python_setup_py']
[0.109s] Level 1:colcon.colcon_core.package_identification:_identify(buildings/first_world/first_L2) by extension 'python_setup_py'
[0.109s] Level 1:colcon.colcon_core.package_identification:_identify(buildings/first_world/first_L2/meshes) by extensions ['ignore', 'ignore_ament_install']
[0.109s] Level 1:colcon.colcon_core.package_identification:_identify(buildings/first_world/first_L2/meshes) by extension 'ignore'
[0.109s] Level 1:colcon.colcon_core.package_identification:_identify(buildings/first_world/first_L2/meshes) by extension 'ignore_ament_install'
[0.109s] Level 1:colcon.colcon_core.package_identification:_identify(buildings/first_world/first_L2/meshes) by extensions ['colcon_pkg']
[0.109s] Level 1:colcon.colcon_core.package_identification:_identify(buildings/first_world/first_L2/meshes) by extension 'colcon_pkg'
[0.109s] Level 1:colcon.colcon_core.package_identification:_identify(buildings/first_world/first_L2/meshes) by extensions ['colcon_meta']
[0.109s] Level 1:colcon.colcon_core.package_identification:_identify(buildings/first_world/first_L2/meshes) by extension 'colcon_meta'
[0.109s] Level 1:colcon.colcon_core.package_identification:_identify(buildings/first_world/first_L2/meshes) by extensions ['ros']
[0.109s] Level 1:colcon.colcon_core.package_identification:_identify(buildings/first_world/first_L2/meshes) by extension 'ros'
[0.109s] Level 1:colcon.colcon_core.package_identification:_identify(buildings/first_world/first_L2/meshes) by extensions ['cmake', 'python']
[0.109s] Level 1:colcon.colcon_core.package_identification:_identify(buildings/first_world/first_L2/meshes) by extension 'cmake'
[0.109s] Level 1:colcon.colcon_core.package_identification:_identify(buildings/first_world/first_L2/meshes) by extension 'python'
[0.109s] Level 1:colcon.colcon_core.package_identification:_identify(buildings/first_world/first_L2/meshes) by extensions ['python_setup_py']
[0.109s] Level 1:colcon.colcon_core.package_identification:_identify(buildings/first_world/first_L2/meshes) by extension 'python_setup_py'
[0.109s] Level 1:colcon.colcon_core.package_identification:_identify(install) by extensions ['ignore', 'ignore_ament_install']
[0.109s] Level 1:colcon.colcon_core.package_identification:_identify(install) by extension 'ignore'
[0.109s] Level 1:colcon.colcon_core.package_identification:_identify(install) ignored
[0.109s] Level 1:colcon.colcon_core.package_identification:_identify(log) by extensions ['ignore', 'ignore_ament_install']
[0.109s] Level 1:colcon.colcon_core.package_identification:_identify(log) by extension 'ignore'
[0.109s] Level 1:colcon.colcon_core.package_identification:_identify(log) ignored
[0.110s] Level 1:colcon.colcon_core.package_identification:_identify(src) by extensions ['ignore', 'ignore_ament_install']
[0.110s] Level 1:colcon.colcon_core.package_identification:_identify(src) by extension 'ignore'
[0.110s] Level 1:colcon.colcon_core.package_identification:_identify(src) by extension 'ignore_ament_install'
[0.110s] Level 1:colcon.colcon_core.package_identification:_identify(src) by extensions ['colcon_pkg']
[0.110s] Level 1:colcon.colcon_core.package_identification:_identify(src) by extension 'colcon_pkg'
[0.110s] Level 1:colcon.colcon_core.package_identification:_identify(src) by extensions ['colcon_meta']
[0.110s] Level 1:colcon.colcon_core.package_identification:_identify(src) by extension 'colcon_meta'
[0.110s] Level 1:colcon.colcon_core.package_identification:_identify(src) by extensions ['ros']
[0.110s] Level 1:colcon.colcon_core.package_identification:_identify(src) by extension 'ros'
[0.110s] Level 1:colcon.colcon_core.package_identification:_identify(src) by extensions ['cmake', 'python']
[0.110s] Level 1:colcon.colcon_core.package_identification:_identify(src) by extension 'cmake'
[0.110s] Level 1:colcon.colcon_core.package_identification:_identify(src) by extension 'python'
[0.110s] Level 1:colcon.colcon_core.package_identification:_identify(src) by extensions ['python_setup_py']
[0.110s] Level 1:colcon.colcon_core.package_identification:_identify(src) by extension 'python_setup_py'
[0.110s] Level 1:colcon.colcon_core.package_identification:_identify(src/first_project) by extensions ['ignore', 'ignore_ament_install']
[0.110s] Level 1:colcon.colcon_core.package_identification:_identify(src/first_project) by extension 'ignore'
[0.110s] Level 1:colcon.colcon_core.package_identification:_identify(src/first_project) by extension 'ignore_ament_install'
[0.110s] Level 1:colcon.colcon_core.package_identification:_identify(src/first_project) by extensions ['colcon_pkg']
[0.110s] Level 1:colcon.colcon_core.package_identification:_identify(src/first_project) by extension 'colcon_pkg'
[0.110s] Level 1:colcon.colcon_core.package_identification:_identify(src/first_project) by extensions ['colcon_meta']
[0.110s] Level 1:colcon.colcon_core.package_identification:_identify(src/first_project) by extension 'colcon_meta'
[0.110s] Level 1:colcon.colcon_core.package_identification:_identify(src/first_project) by extensions ['ros']
[0.110s] Level 1:colcon.colcon_core.package_identification:_identify(src/first_project) by extension 'ros'
[0.111s] DEBUG:colcon.colcon_core.package_identification:Package 'src/first_project' with type 'ros.ament_cmake' and name 'first_project'
[0.111s] Level 1:colcon.colcon_core.package_identification:_identify(src/kioto) by extensions ['ignore', 'ignore_ament_install']
[0.111s] Level 1:colcon.colcon_core.package_identification:_identify(src/kioto) by extension 'ignore'
[0.111s] Level 1:colcon.colcon_core.package_identification:_identify(src/kioto) by extension 'ignore_ament_install'
[0.111s] Level 1:colcon.colcon_core.package_identification:_identify(src/kioto) by extensions ['colcon_pkg']
[0.111s] Level 1:colcon.colcon_core.package_identification:_identify(src/kioto) by extension 'colcon_pkg'
[0.111s] Level 1:colcon.colcon_core.package_identification:_identify(src/kioto) by extensions ['colcon_meta']
[0.111s] Level 1:colcon.colcon_core.package_identification:_identify(src/kioto) by extension 'colcon_meta'
[0.111s] Level 1:colcon.colcon_core.package_identification:_identify(src/kioto) by extensions ['ros']
[0.111s] Level 1:colcon.colcon_core.package_identification:_identify(src/kioto) by extension 'ros'
[0.111s] DEBUG:colcon.colcon_core.package_identification:Package 'src/kioto' with type 'ros.ament_cmake' and name 'kioto'
[0.112s] Level 1:colcon.colcon_core.package_identification:_identify(src/launch) by extensions ['ignore', 'ignore_ament_install']
[0.112s] Level 1:colcon.colcon_core.package_identification:_identify(src/launch) by extension 'ignore'
[0.112s] Level 1:colcon.colcon_core.package_identification:_identify(src/launch) by extension 'ignore_ament_install'
[0.112s] Level 1:colcon.colcon_core.package_identification:_identify(src/launch) by extensions ['colcon_pkg']
[0.112s] Level 1:colcon.colcon_core.package_identification:_identify(src/launch) by extension 'colcon_pkg'
[0.112s] Level 1:colcon.colcon_core.package_identification:_identify(src/launch) by extensions ['colcon_meta']
[0.112s] Level 1:colcon.colcon_core.package_identification:_identify(src/launch) by extension 'colcon_meta'
[0.112s] Level 1:colcon.colcon_core.package_identification:_identify(src/launch) by extensions ['ros']
[0.112s] Level 1:colcon.colcon_core.package_identification:_identify(src/launch) by extension 'ros'
[0.112s] Level 1:colcon.colcon_core.package_identification:_identify(src/launch) by extensions ['cmake', 'python']
[0.112s] Level 1:colcon.colcon_core.package_identification:_identify(src/launch) by extension 'cmake'
[0.112s] Level 1:colcon.colcon_core.package_identification:_identify(src/launch) by extension 'python'
[0.112s] Level 1:colcon.colcon_core.package_identification:_identify(src/launch) by extensions ['python_setup_py']
[0.112s] Level 1:colcon.colcon_core.package_identification:_identify(src/launch) by extension 'python_setup_py'
[0.112s] Level 1:colcon.colcon_core.package_identification:_identify(src/maps) by extensions ['ignore', 'ignore_ament_install']
[0.112s] Level 1:colcon.colcon_core.package_identification:_identify(src/maps) by extension 'ignore'
[0.112s] Level 1:colcon.colcon_core.package_identification:_identify(src/maps) by extension 'ignore_ament_install'
[0.112s] Level 1:colcon.colcon_core.package_identification:_identify(src/maps) by extensions ['colcon_pkg']
[0.112s] Level 1:colcon.colcon_core.package_identification:_identify(src/maps) by extension 'colcon_pkg'
[0.112s] Level 1:colcon.colcon_core.package_identification:_identify(src/maps) by extensions ['colcon_meta']
[0.112s] Level 1:colcon.colcon_core.package_identification:_identify(src/maps) by extension 'colcon_meta'
[0.112s] Level 1:colcon.colcon_core.package_identification:_identify(src/maps) by extensions ['ros']
[0.112s] Level 1:colcon.colcon_core.package_identification:_identify(src/maps) by extension 'ros'
[0.112s] Level 1:colcon.colcon_core.package_identification:_identify(src/maps) by extensions ['cmake', 'python']
[0.112s] Level 1:colcon.colcon_core.package_identification:_identify(src/maps) by extension 'cmake'
[0.112s] Level 1:colcon.colcon_core.package_identification:_identify(src/maps) by extension 'python'
[0.112s] Level 1:colcon.colcon_core.package_identification:_identify(src/maps) by extensions ['python_setup_py']
[0.112s] Level 1:colcon.colcon_core.package_identification:_identify(src/maps) by extension 'python_setup_py'
[0.112s] Level 1:colcon.colcon_core.package_identification:_identify(src/maps/kioto) by extensions ['ignore', 'ignore_ament_install']
[0.112s] Level 1:colcon.colcon_core.package_identification:_identify(src/maps/kioto) by extension 'ignore'
[0.112s] Level 1:colcon.colcon_core.package_identification:_identify(src/maps/kioto) by extension 'ignore_ament_install'
[0.112s] Level 1:colcon.colcon_core.package_identification:_identify(src/maps/kioto) by extensions ['colcon_pkg']
[0.112s] Level 1:colcon.colcon_core.package_identification:_identify(src/maps/kioto) by extension 'colcon_pkg'
[0.112s] Level 1:colcon.colcon_core.package_identification:_identify(src/maps/kioto) by extensions ['colcon_meta']
[0.112s] Level 1:colcon.colcon_core.package_identification:_identify(src/maps/kioto) by extension 'colcon_meta'
[0.112s] Level 1:colcon.colcon_core.package_identification:_identify(src/maps/kioto) by extensions ['ros']
[0.112s] Level 1:colcon.colcon_core.package_identification:_identify(src/maps/kioto) by extension 'ros'
[0.112s] Level 1:colcon.colcon_core.package_identification:_identify(src/maps/kioto) by extensions ['cmake', 'python']
[0.112s] Level 1:colcon.colcon_core.package_identification:_identify(src/maps/kioto) by extension 'cmake'
[0.112s] Level 1:colcon.colcon_core.package_identification:_identify(src/maps/kioto) by extension 'python'
[0.112s] Level 1:colcon.colcon_core.package_identification:_identify(src/maps/kioto) by extensions ['python_setup_py']
[0.112s] Level 1:colcon.colcon_core.package_identification:_identify(src/maps/kioto) by extension 'python_setup_py'
[0.112s] Level 1:colcon.colcon_core.package_identification:_identify(src/maps/kioto/nav_graphs) by extensions ['ignore', 'ignore_ament_install']
[0.112s] Level 1:colcon.colcon_core.package_identification:_identify(src/maps/kioto/nav_graphs) by extension 'ignore'
[0.112s] Level 1:colcon.colcon_core.package_identification:_identify(src/maps/kioto/nav_graphs) by extension 'ignore_ament_install'
[0.112s] Level 1:colcon.colcon_core.package_identification:_identify(src/maps/kioto/nav_graphs) by extensions ['colcon_pkg']
[0.112s] Level 1:colcon.colcon_core.package_identification:_identify(src/maps/kioto/nav_graphs) by extension 'colcon_pkg'
[0.112s] Level 1:colcon.colcon_core.package_identification:_identify(src/maps/kioto/nav_graphs) by extensions ['colcon_meta']
[0.112s] Level 1:colcon.colcon_core.package_identification:_identify(src/maps/kioto/nav_graphs) by extension 'colcon_meta'
[0.112s] Level 1:colcon.colcon_core.package_identification:_identify(src/maps/kioto/nav_graphs) by extensions ['ros']
[0.112s] Level 1:colcon.colcon_core.package_identification:_identify(src/maps/kioto/nav_graphs) by extension 'ros'
[0.112s] Level 1:colcon.colcon_core.package_identification:_identify(src/maps/kioto/nav_graphs) by extensions ['cmake', 'python']
[0.112s] Level 1:colcon.colcon_core.package_identification:_identify(src/maps/kioto/nav_graphs) by extension 'cmake'
[0.112s] Level 1:colcon.colcon_core.package_identification:_identify(src/maps/kioto/nav_graphs) by extension 'python'
[0.113s] Level 1:colcon.colcon_core.package_identification:_identify(src/maps/kioto/nav_graphs) by extensions ['python_setup_py']
[0.113s] Level 1:colcon.colcon_core.package_identification:_identify(src/maps/kioto/nav_graphs) by extension 'python_setup_py'
[0.113s] Level 1:colcon.colcon_core.package_identification:_identify(src/maps/kioto/navmesh) by extensions ['ignore', 'ignore_ament_install']
[0.113s] Level 1:colcon.colcon_core.package_identification:_identify(src/maps/kioto/navmesh) by extension 'ignore'
[0.113s] Level 1:colcon.colcon_core.package_identification:_identify(src/maps/kioto/navmesh) by extension 'ignore_ament_install'
[0.113s] Level 1:colcon.colcon_core.package_identification:_identify(src/maps/kioto/navmesh) by extensions ['colcon_pkg']
[0.113s] Level 1:colcon.colcon_core.package_identification:_identify(src/maps/kioto/navmesh) by extension 'colcon_pkg'
[0.113s] Level 1:colcon.colcon_core.package_identification:_identify(src/maps/kioto/navmesh) by extensions ['colcon_meta']
[0.113s] Level 1:colcon.colcon_core.package_identification:_identify(src/maps/kioto/navmesh) by extension 'colcon_meta'
[0.113s] Level 1:colcon.colcon_core.package_identification:_identify(src/maps/kioto/navmesh) by extensions ['ros']
[0.113s] Level 1:colcon.colcon_core.package_identification:_identify(src/maps/kioto/navmesh) by extension 'ros'
[0.113s] Level 1:colcon.colcon_core.package_identification:_identify(src/maps/kioto/navmesh) by extensions ['cmake', 'python']
[0.113s] Level 1:colcon.colcon_core.package_identification:_identify(src/maps/kioto/navmesh) by extension 'cmake'
[0.113s] Level 1:colcon.colcon_core.package_identification:_identify(src/maps/kioto/navmesh) by extension 'python'
[0.113s] Level 1:colcon.colcon_core.package_identification:_identify(src/maps/kioto/navmesh) by extensions ['python_setup_py']
[0.113s] Level 1:colcon.colcon_core.package_identification:_identify(src/maps/kioto/navmesh) by extension 'python_setup_py'
[0.113s] Level 1:colcon.colcon_core.package_identification:_identify(src/project_fleet_adapter) by extensions ['ignore', 'ignore_ament_install']
[0.113s] Level 1:colcon.colcon_core.package_identification:_identify(src/project_fleet_adapter) by extension 'ignore'
[0.113s] Level 1:colcon.colcon_core.package_identification:_identify(src/project_fleet_adapter) by extension 'ignore_ament_install'
[0.113s] Level 1:colcon.colcon_core.package_identification:_identify(src/project_fleet_adapter) by extensions ['colcon_pkg']
[0.113s] Level 1:colcon.colcon_core.package_identification:_identify(src/project_fleet_adapter) by extension 'colcon_pkg'
[0.113s] Level 1:colcon.colcon_core.package_identification:_identify(src/project_fleet_adapter) by extensions ['colcon_meta']
[0.113s] Level 1:colcon.colcon_core.package_identification:_identify(src/project_fleet_adapter) by extension 'colcon_meta'
[0.113s] Level 1:colcon.colcon_core.package_identification:_identify(src/project_fleet_adapter) by extensions ['ros']
[0.113s] Level 1:colcon.colcon_core.package_identification:_identify(src/project_fleet_adapter) by extension 'ros'
[0.113s] DEBUG:colcon.colcon_core.package_identification:Package 'src/project_fleet_adapter' with type 'ros.ament_python' and name 'project_fleet_adapter'
[0.113s] Level 1:colcon.colcon_core.package_identification:_identify(src/project_tasks) by extensions ['ignore', 'ignore_ament_install']
[0.113s] Level 1:colcon.colcon_core.package_identification:_identify(src/project_tasks) by extension 'ignore'
[0.113s] Level 1:colcon.colcon_core.package_identification:_identify(src/project_tasks) by extension 'ignore_ament_install'
[0.113s] Level 1:colcon.colcon_core.package_identification:_identify(src/project_tasks) by extensions ['colcon_pkg']
[0.113s] Level 1:colcon.colcon_core.package_identification:_identify(src/project_tasks) by extension 'colcon_pkg'
[0.113s] Level 1:colcon.colcon_core.package_identification:_identify(src/project_tasks) by extensions ['colcon_meta']
[0.113s] Level 1:colcon.colcon_core.package_identification:_identify(src/project_tasks) by extension 'colcon_meta'
[0.113s] Level 1:colcon.colcon_core.package_identification:_identify(src/project_tasks) by extensions ['ros']
[0.113s] Level 1:colcon.colcon_core.package_identification:_identify(src/project_tasks) by extension 'ros'
[0.114s] DEBUG:colcon.colcon_core.package_identification:Package 'src/project_tasks' with type 'ros.ament_python' and name 'project_tasks'
[0.114s] Level 1:colcon.colcon_core.package_identification:_identify(src/rmf_demos) by extensions ['ignore', 'ignore_ament_install']
[0.114s] Level 1:colcon.colcon_core.package_identification:_identify(src/rmf_demos) by extension 'ignore'
[0.114s] Level 1:colcon.colcon_core.package_identification:_identify(src/rmf_demos) by extension 'ignore_ament_install'
[0.114s] Level 1:colcon.colcon_core.package_identification:_identify(src/rmf_demos) by extensions ['colcon_pkg']
[0.114s] Level 1:colcon.colcon_core.package_identification:_identify(src/rmf_demos) by extension 'colcon_pkg'
[0.114s] Level 1:colcon.colcon_core.package_identification:_identify(src/rmf_demos) by extensions ['colcon_meta']
[0.114s] Level 1:colcon.colcon_core.package_identification:_identify(src/rmf_demos) by extension 'colcon_meta'
[0.114s] Level 1:colcon.colcon_core.package_identification:_identify(src/rmf_demos) by extensions ['ros']
[0.114s] Level 1:colcon.colcon_core.package_identification:_identify(src/rmf_demos) by extension 'ros'
[0.114s] Level 1:colcon.colcon_core.package_identification:_identify(src/rmf_demos) by extensions ['cmake', 'python']
[0.114s] Level 1:colcon.colcon_core.package_identification:_identify(src/rmf_demos) by extension 'cmake'
[0.114s] Level 1:colcon.colcon_core.package_identification:_identify(src/rmf_demos) by extension 'python'
[0.114s] Level 1:colcon.colcon_core.package_identification:_identify(src/rmf_demos) by extensions ['python_setup_py']
[0.114s] Level 1:colcon.colcon_core.package_identification:_identify(src/rmf_demos) by extension 'python_setup_py'
[0.114s] Level 1:colcon.colcon_core.package_identification:_identify(src/rmf_demos/docs) by extensions ['ignore', 'ignore_ament_install']
[0.114s] Level 1:colcon.colcon_core.package_identification:_identify(src/rmf_demos/docs) by extension 'ignore'
[0.114s] Level 1:colcon.colcon_core.package_identification:_identify(src/rmf_demos/docs) by extension 'ignore_ament_install'
[0.114s] Level 1:colcon.colcon_core.package_identification:_identify(src/rmf_demos/docs) by extensions ['colcon_pkg']
[0.114s] Level 1:colcon.colcon_core.package_identification:_identify(src/rmf_demos/docs) by extension 'colcon_pkg'
[0.114s] Level 1:colcon.colcon_core.package_identification:_identify(src/rmf_demos/docs) by extensions ['colcon_meta']
[0.114s] Level 1:colcon.colcon_core.package_identification:_identify(src/rmf_demos/docs) by extension 'colcon_meta'
[0.114s] Level 1:colcon.colcon_core.package_identification:_identify(src/rmf_demos/docs) by extensions ['ros']
[0.114s] Level 1:colcon.colcon_core.package_identification:_identify(src/rmf_demos/docs) by extension 'ros'
[0.114s] Level 1:colcon.colcon_core.package_identification:_identify(src/rmf_demos/docs) by extensions ['cmake', 'python']
[0.114s] Level 1:colcon.colcon_core.package_identification:_identify(src/rmf_demos/docs) by extension 'cmake'
[0.114s] Level 1:colcon.colcon_core.package_identification:_identify(src/rmf_demos/docs) by extension 'python'
[0.114s] Level 1:colcon.colcon_core.package_identification:_identify(src/rmf_demos/docs) by extensions ['python_setup_py']
[0.114s] Level 1:colcon.colcon_core.package_identification:_identify(src/rmf_demos/docs) by extension 'python_setup_py'
[0.114s] Level 1:colcon.colcon_core.package_identification:_identify(src/rmf_demos/rmf_demos) by extensions ['ignore', 'ignore_ament_install']
[0.114s] Level 1:colcon.colcon_core.package_identification:_identify(src/rmf_demos/rmf_demos) by extension 'ignore'
[0.114s] Level 1:colcon.colcon_core.package_identification:_identify(src/rmf_demos/rmf_demos) by extension 'ignore_ament_install'
[0.114s] Level 1:colcon.colcon_core.package_identification:_identify(src/rmf_demos/rmf_demos) by extensions ['colcon_pkg']
[0.114s] Level 1:colcon.colcon_core.package_identification:_identify(src/rmf_demos/rmf_demos) by extension 'colcon_pkg'
[0.114s] Level 1:colcon.colcon_core.package_identification:_identify(src/rmf_demos/rmf_demos) by extensions ['colcon_meta']
[0.114s] Level 1:colcon.colcon_core.package_identification:_identify(src/rmf_demos/rmf_demos) by extension 'colcon_meta'
[0.114s] Level 1:colcon.colcon_core.package_identification:_identify(src/rmf_demos/rmf_demos) by extensions ['ros']
[0.114s] Level 1:colcon.colcon_core.package_identification:_identify(src/rmf_demos/rmf_demos) by extension 'ros'
[0.115s] DEBUG:colcon.colcon_core.package_identification:Package 'src/rmf_demos/rmf_demos' with type 'ros.ament_cmake' and name 'rmf_demos'
[0.115s] Level 1:colcon.colcon_core.package_identification:_identify(src/rmf_demos/rmf_demos_assets) by extensions ['ignore', 'ignore_ament_install']
[0.115s] Level 1:colcon.colcon_core.package_identification:_identify(src/rmf_demos/rmf_demos_assets) by extension 'ignore'
[0.115s] Level 1:colcon.colcon_core.package_identification:_identify(src/rmf_demos/rmf_demos_assets) by extension 'ignore_ament_install'
[0.115s] Level 1:colcon.colcon_core.package_identification:_identify(src/rmf_demos/rmf_demos_assets) by extensions ['colcon_pkg']
[0.115s] Level 1:colcon.colcon_core.package_identification:_identify(src/rmf_demos/rmf_demos_assets) by extension 'colcon_pkg'
[0.115s] Level 1:colcon.colcon_core.package_identification:_identify(src/rmf_demos/rmf_demos_assets) by extensions ['colcon_meta']
[0.115s] Level 1:colcon.colcon_core.package_identification:_identify(src/rmf_demos/rmf_demos_assets) by extension 'colcon_meta'
[0.115s] Level 1:colcon.colcon_core.package_identification:_identify(src/rmf_demos/rmf_demos_assets) by extensions ['ros']
[0.115s] Level 1:colcon.colcon_core.package_identification:_identify(src/rmf_demos/rmf_demos_assets) by extension 'ros'
[0.115s] DEBUG:colcon.colcon_core.package_identification:Package 'src/rmf_demos/rmf_demos_assets' with type 'ros.ament_cmake' and name 'rmf_demos_assets'
[0.115s] Level 1:colcon.colcon_core.package_identification:_identify(src/rmf_demos/rmf_demos_bridges) by extensions ['ignore', 'ignore_ament_install']
[0.115s] Level 1:colcon.colcon_core.package_identification:_identify(src/rmf_demos/rmf_demos_bridges) by extension 'ignore'
[0.115s] Level 1:colcon.colcon_core.package_identification:_identify(src/rmf_demos/rmf_demos_bridges) by extension 'ignore_ament_install'
[0.115s] Level 1:colcon.colcon_core.package_identification:_identify(src/rmf_demos/rmf_demos_bridges) by extensions ['colcon_pkg']
[0.115s] Level 1:colcon.colcon_core.package_identification:_identify(src/rmf_demos/rmf_demos_bridges) by extension 'colcon_pkg'
[0.115s] Level 1:colcon.colcon_core.package_identification:_identify(src/rmf_demos/rmf_demos_bridges) by extensions ['colcon_meta']
[0.115s] Level 1:colcon.colcon_core.package_identification:_identify(src/rmf_demos/rmf_demos_bridges) by extension 'colcon_meta'
[0.115s] Level 1:colcon.colcon_core.package_identification:_identify(src/rmf_demos/rmf_demos_bridges) by extensions ['ros']
[0.115s] Level 1:colcon.colcon_core.package_identification:_identify(src/rmf_demos/rmf_demos_bridges) by extension 'ros'
[0.115s] DEBUG:colcon.colcon_core.package_identification:Package 'src/rmf_demos/rmf_demos_bridges' with type 'ros.ament_python' and name 'rmf_demos_bridges'
[0.115s] Level 1:colcon.colcon_core.package_identification:_identify(src/rmf_demos/rmf_demos_fleet_adapter) by extensions ['ignore', 'ignore_ament_install']
[0.115s] Level 1:colcon.colcon_core.package_identification:_identify(src/rmf_demos/rmf_demos_fleet_adapter) by extension 'ignore'
[0.115s] Level 1:colcon.colcon_core.package_identification:_identify(src/rmf_demos/rmf_demos_fleet_adapter) by extension 'ignore_ament_install'
[0.115s] Level 1:colcon.colcon_core.package_identification:_identify(src/rmf_demos/rmf_demos_fleet_adapter) by extensions ['colcon_pkg']
[0.115s] Level 1:colcon.colcon_core.package_identification:_identify(src/rmf_demos/rmf_demos_fleet_adapter) by extension 'colcon_pkg'
[0.115s] Level 1:colcon.colcon_core.package_identification:_identify(src/rmf_demos/rmf_demos_fleet_adapter) by extensions ['colcon_meta']
[0.115s] Level 1:colcon.colcon_core.package_identification:_identify(src/rmf_demos/rmf_demos_fleet_adapter) by extension 'colcon_meta'
[0.115s] Level 1:colcon.colcon_core.package_identification:_identify(src/rmf_demos/rmf_demos_fleet_adapter) by extensions ['ros']
[0.115s] Level 1:colcon.colcon_core.package_identification:_identify(src/rmf_demos/rmf_demos_fleet_adapter) by extension 'ros'
[0.116s] DEBUG:colcon.colcon_core.package_identification:Package 'src/rmf_demos/rmf_demos_fleet_adapter' with type 'ros.ament_python' and name 'rmf_demos_fleet_adapter'
[0.116s] Level 1:colcon.colcon_core.package_identification:_identify(src/rmf_demos/rmf_demos_gz) by extensions ['ignore', 'ignore_ament_install']
[0.116s] Level 1:colcon.colcon_core.package_identification:_identify(src/rmf_demos/rmf_demos_gz) by extension 'ignore'
[0.116s] Level 1:colcon.colcon_core.package_identification:_identify(src/rmf_demos/rmf_demos_gz) by extension 'ignore_ament_install'
[0.116s] Level 1:colcon.colcon_core.package_identification:_identify(src/rmf_demos/rmf_demos_gz) by extensions ['colcon_pkg']
[0.116s] Level 1:colcon.colcon_core.package_identification:_identify(src/rmf_demos/rmf_demos_gz) by extension 'colcon_pkg'
[0.116s] Level 1:colcon.colcon_core.package_identification:_identify(src/rmf_demos/rmf_demos_gz) by extensions ['colcon_meta']
[0.116s] Level 1:colcon.colcon_core.package_identification:_identify(src/rmf_demos/rmf_demos_gz) by extension 'colcon_meta'
[0.116s] Level 1:colcon.colcon_core.package_identification:_identify(src/rmf_demos/rmf_demos_gz) by extensions ['ros']
[0.116s] Level 1:colcon.colcon_core.package_identification:_identify(src/rmf_demos/rmf_demos_gz) by extension 'ros'
[0.116s] DEBUG:colcon.colcon_core.package_identification:Package 'src/rmf_demos/rmf_demos_gz' with type 'ros.ament_cmake' and name 'rmf_demos_gz'
[0.116s] Level 1:colcon.colcon_core.package_identification:_identify(src/rmf_demos/rmf_demos_maps) by extensions ['ignore', 'ignore_ament_install']
[0.116s] Level 1:colcon.colcon_core.package_identification:_identify(src/rmf_demos/rmf_demos_maps) by extension 'ignore'
[0.116s] Level 1:colcon.colcon_core.package_identification:_identify(src/rmf_demos/rmf_demos_maps) by extension 'ignore_ament_install'
[0.116s] Level 1:colcon.colcon_core.package_identification:_identify(src/rmf_demos/rmf_demos_maps) by extensions ['colcon_pkg']
[0.116s] Level 1:colcon.colcon_core.package_identification:_identify(src/rmf_demos/rmf_demos_maps) by extension 'colcon_pkg'
[0.116s] Level 1:colcon.colcon_core.package_identification:_identify(src/rmf_demos/rmf_demos_maps) by extensions ['colcon_meta']
[0.116s] Level 1:colcon.colcon_core.package_identification:_identify(src/rmf_demos/rmf_demos_maps) by extension 'colcon_meta'
[0.116s] Level 1:colcon.colcon_core.package_identification:_identify(src/rmf_demos/rmf_demos_maps) by extensions ['ros']
[0.116s] Level 1:colcon.colcon_core.package_identification:_identify(src/rmf_demos/rmf_demos_maps) by extension 'ros'
[0.117s] DEBUG:colcon.colcon_core.package_identification:Package 'src/rmf_demos/rmf_demos_maps' with type 'ros.ament_cmake' and name 'rmf_demos_maps'
[0.117s] Level 1:colcon.colcon_core.package_identification:_identify(src/rmf_demos/rmf_demos_tasks) by extensions ['ignore', 'ignore_ament_install']
[0.117s] Level 1:colcon.colcon_core.package_identification:_identify(src/rmf_demos/rmf_demos_tasks) by extension 'ignore'
[0.117s] Level 1:colcon.colcon_core.package_identification:_identify(src/rmf_demos/rmf_demos_tasks) by extension 'ignore_ament_install'
[0.117s] Level 1:colcon.colcon_core.package_identification:_identify(src/rmf_demos/rmf_demos_tasks) by extensions ['colcon_pkg']
[0.117s] Level 1:colcon.colcon_core.package_identification:_identify(src/rmf_demos/rmf_demos_tasks) by extension 'colcon_pkg'
[0.117s] Level 1:colcon.colcon_core.package_identification:_identify(src/rmf_demos/rmf_demos_tasks) by extensions ['colcon_meta']
[0.117s] Level 1:colcon.colcon_core.package_identification:_identify(src/rmf_demos/rmf_demos_tasks) by extension 'colcon_meta'
[0.117s] Level 1:colcon.colcon_core.package_identification:_identify(src/rmf_demos/rmf_demos_tasks) by extensions ['ros']
[0.117s] Level 1:colcon.colcon_core.package_identification:_identify(src/rmf_demos/rmf_demos_tasks) by extension 'ros'
[0.117s] DEBUG:colcon.colcon_core.package_identification:Package 'src/rmf_demos/rmf_demos_tasks' with type 'ros.ament_python' and name 'rmf_demos_tasks'
[0.117s] Level 1:colcon.colcon_core.package_identification:_identify(src/rviz) by extensions ['ignore', 'ignore_ament_install']
[0.117s] Level 1:colcon.colcon_core.package_identification:_identify(src/rviz) by extension 'ignore'
[0.117s] Level 1:colcon.colcon_core.package_identification:_identify(src/rviz) by extension 'ignore_ament_install'
[0.117s] Level 1:colcon.colcon_core.package_identification:_identify(src/rviz) by extensions ['colcon_pkg']
[0.117s] Level 1:colcon.colcon_core.package_identification:_identify(src/rviz) by extension 'colcon_pkg'
[0.117s] Level 1:colcon.colcon_core.package_identification:_identify(src/rviz) by extensions ['colcon_meta']
[0.117s] Level 1:colcon.colcon_core.package_identification:_identify(src/rviz) by extension 'colcon_meta'
[0.117s] Level 1:colcon.colcon_core.package_identification:_identify(src/rviz) by extensions ['ros']
[0.117s] Level 1:colcon.colcon_core.package_identification:_identify(src/rviz) by extension 'ros'
[0.117s] Level 1:colcon.colcon_core.package_identification:_identify(src/rviz) by extensions ['cmake', 'python']
[0.117s] Level 1:colcon.colcon_core.package_identification:_identify(src/rviz) by extension 'cmake'
[0.117s] Level 1:colcon.colcon_core.package_identification:_identify(src/rviz) by extension 'python'
[0.117s] Level 1:colcon.colcon_core.package_identification:_identify(src/rviz) by extensions ['python_setup_py']
[0.117s] Level 1:colcon.colcon_core.package_identification:_identify(src/rviz) by extension 'python_setup_py'
[0.117s] Level 1:colcon.colcon_core.package_discovery:discover_packages(recursive) using defaults
[0.117s] Level 1:colcon.colcon_core.package_discovery:discover_packages(ignore) discover
[0.117s] Level 1:colcon.colcon_core.package_discovery:discover_packages(ignore) using defaults
[0.117s] Level 1:colcon.colcon_core.package_discovery:discover_packages(path) discover
[0.117s] Level 1:colcon.colcon_core.package_discovery:discover_packages(path) using defaults
[0.129s] INFO:colcon.colcon_core.package_selection:Skipping not selected package 'project_fleet_adapter' in 'src/project_fleet_adapter'
[0.129s] INFO:colcon.colcon_core.package_selection:Skipping not selected package 'project_tasks' in 'src/project_tasks'
[0.129s] INFO:colcon.colcon_core.package_selection:Skipping not selected package 'rmf_demos_assets' in 'src/rmf_demos/rmf_demos_assets'
[0.129s] INFO:colcon.colcon_core.package_selection:Skipping not selected package 'rmf_demos_bridges' in 'src/rmf_demos/rmf_demos_bridges'
[0.129s] INFO:colcon.colcon_core.package_selection:Skipping not selected package 'rmf_demos_fleet_adapter' in 'src/rmf_demos/rmf_demos_fleet_adapter'
[0.129s] INFO:colcon.colcon_core.package_selection:Skipping not selected package 'rmf_demos_maps' in 'src/rmf_demos/rmf_demos_maps'
[0.129s] INFO:colcon.colcon_core.package_selection:Skipping not selected package 'rmf_demos_tasks' in 'src/rmf_demos/rmf_demos_tasks'
[0.129s] INFO:colcon.colcon_core.package_selection:Skipping not selected package 'rmf_demos' in 'src/rmf_demos/rmf_demos'
[0.129s] INFO:colcon.colcon_core.package_selection:Skipping not selected package 'first_project' in 'src/first_project'
[0.129s] INFO:colcon.colcon_core.package_selection:Skipping not selected package 'rmf_demos_gz' in 'src/rmf_demos/rmf_demos_gz'
[0.130s] Level 5:colcon.colcon_core.verb:set package 'kioto' build argument 'cmake_args' from command line to 'None'
[0.130s] Level 5:colcon.colcon_core.verb:set package 'kioto' build argument 'cmake_target' from command line to 'None'
[0.130s] Level 5:colcon.colcon_core.verb:set package 'kioto' build argument 'cmake_target_skip_unavailable' from command line to 'False'
[0.130s] Level 5:colcon.colcon_core.verb:set package 'kioto' build argument 'cmake_clean_cache' from command line to 'False'
[0.130s] Level 5:colcon.colcon_core.verb:set package 'kioto' build argument 'cmake_clean_first' from command line to 'False'
[0.130s] Level 5:colcon.colcon_core.verb:set package 'kioto' build argument 'cmake_force_configure' from command line to 'False'
[0.130s] Level 5:colcon.colcon_core.verb:set package 'kioto' build argument 'ament_cmake_args' from command line to 'None'
[0.130s] Level 5:colcon.colcon_core.verb:set package 'kioto' build argument 'catkin_cmake_args' from command line to 'None'
[0.130s] Level 5:colcon.colcon_core.verb:set package 'kioto' build argument 'catkin_skip_building_tests' from command line to 'False'
[0.130s] DEBUG:colcon.colcon_core.verb:Building package 'kioto' with the following arguments: {'ament_cmake_args': None, 'build_base': '/ws/build/kioto', 'catkin_cmake_args': None, 'catkin_skip_building_tests': False, 'cmake_args': None, 'cmake_clean_cache': False, 'cmake_clean_first': False, 'cmake_force_configure': False, 'cmake_target': None, 'cmake_target_skip_unavailable': False, 'install_base': '/ws/install/kioto', 'merge_install': False, 'path': '/ws/src/kioto', 'symlink_install': False, 'test_result_base': None}
[0.130s] INFO:colcon.colcon_core.executor:Executing jobs using 'parallel' executor
[0.130s] DEBUG:colcon.colcon_parallel_executor.executor.parallel:run_until_complete
[0.130s] INFO:colcon.colcon_ros.task.ament_cmake.build:Building ROS package in '/ws/src/kioto' with build type 'ament_cmake'
[0.130s] INFO:colcon.colcon_cmake.task.cmake.build:Building CMake package in '/ws/src/kioto'
[0.132s] INFO:colcon.colcon_core.plugin_system:Skipping extension 'colcon_core.shell.bat': Not used on non-Windows systems
[0.133s] INFO:colcon.colcon_core.shell:Skip shell extension 'powershell' for command environment: Not usable outside of PowerShell
[0.133s] DEBUG:colcon.colcon_core.shell:Skip shell extension 'dsv' for command environment
[0.144s] DEBUG:colcon.colcon_core.event_handler.log_command:Invoking command in '/ws/build/kioto': CMAKE_PREFIX_PATH=/ws/install/kioto:/ws/install/rmf_demos_gz:/ws/install/rmf_demos:/ws/install/rmf_demos_maps:/ws/install/rmf_demos_assets:/ws/install/first_project:/rmf_demos_ws/install/rmf_workcell_msgs:/rmf_demos_ws/install/rmf_demos_gz:/rmf_demos_ws/install/rmf_demos:/rmf_demos_ws/install/rmf_reservation_node:/rmf_demos_ws/install/rmf_fleet_adapter_python:/rmf_demos_ws/install/rmf_fleet_adapter:/rmf_demos_ws/install/rmf_task_ros2:/rmf_demos_ws/install/rmf_websocket:/rmf_demos_ws/install/rmf_visualization:/rmf_demos_ws/install/rmf_visualization_schedule:/rmf_demos_ws/install/rmf_visualization_rviz2_plugins:/rmf_demos_ws/install/rmf_visualization_obstacles:/rmf_demos_ws/install/rmf_visualization_navgraphs:/rmf_demos_ws/install/rmf_visualization_floorplans:/rmf_demos_ws/install/rmf_visualization_fleet_states:/rmf_demos_ws/install/rmf_visualization_msgs:/rmf_demos_ws/install/rmf_traffic_ros2:/rmf_demos_ws/install/rmf_task_sequence:/rmf_demos_ws/install/rmf_task:/rmf_demos_ws/install/rmf_battery:/rmf_demos_ws/install/rmf_traffic:/rmf_demos_ws/install/rmf_utils:/rmf_demos_ws/install/rmf_traffic_msgs:/rmf_demos_ws/install/rmf_traffic_editor_test_maps:/rmf_demos_ws/install/rmf_traffic_editor_assets:/rmf_demos_ws/install/rmf_traffic_editor:/rmf_demos_ws/install/rmf_task_msgs:/rmf_demos_ws/install/rmf_site_map_msgs:/rmf_demos_ws/install/rmf_scheduler_msgs:/rmf_demos_ws/install/rmf_robot_sim_gz_plugins:/rmf_demos_ws/install/rmf_robot_sim_common:/rmf_demos_ws/install/rmf_reservation_msgs:/rmf_demos_ws/install/rmf_obstacle_msgs:/rmf_demos_ws/install/rmf_building_sim_gz_plugins:/rmf_demos_ws/install/rmf_lift_msgs:/rmf_demos_ws/install/rmf_ingestor_msgs:/rmf_demos_ws/install/rmf_fleet_msgs:/rmf_demos_ws/install/rmf_door_msgs:/rmf_demos_ws/install/rmf_dispenser_msgs:/rmf_demos_ws/install/rmf_demos_maps:/rmf_demos_ws/install/rmf_demos_assets:/rmf_demos_ws/install/rmf_charger_msgs:/rmf_demos_ws/install/rmf_building_map_msgs:/rmf_demos_ws/install/rmf_api_msgs:/rmf_demos_ws/install/nlohmann_json_schema_validator_vendor:/ws/install/rmf_demos_tasks:/ws/install/rmf_demos_fleet_adapter:/ws/install/rmf_demos_bridges:/ws/install/project_tasks:/ws/install/project_fleet_adapter:/rmf_demos_ws/install/rmf_demos_fleet_adapter:/rmf_demos_ws/install/rmf_visualization_building_systems:/rmf_demos_ws/install/rmf_traffic_examples:/rmf_demos_ws/install/rmf_demos_bridges:/rmf_demos_ws/install/rmf_demos_tasks:/rmf_demos_ws/install/rmf_building_map_tools:/rmf_demos_ws/install/rmf_charging_schedule:/opt/ros/jazzy:/rmf_demos_ws/install/menge_vendor:/rmf_demos_ws/install/ament_cmake_catch2:/opt/ros/jazzy/opt/gz_sim_vendor:/opt/ros/jazzy/opt/gz_sensors_vendor:/opt/ros/jazzy/opt/gz_physics_vendor:/opt/ros/jazzy/opt/sdformat_vendor:/opt/ros/jazzy/opt/gz_gui_vendor:/opt/ros/jazzy/opt/gz_transport_vendor:/opt/ros/jazzy/opt/gz_rendering_vendor:/opt/ros/jazzy/opt/gz_plugin_vendor:/opt/ros/jazzy/opt/gz_fuel_tools_vendor:/opt/ros/jazzy/opt/gz_msgs_vendor:/opt/ros/jazzy/opt/gz_common_vendor:/opt/ros/jazzy/opt/gz_math_vendor:/opt/ros/jazzy/opt/gz_utils_vendor:/opt/ros/jazzy/opt/gz_tools_vendor:/opt/ros/jazzy/opt/gz_ogre_next_vendor:/opt/ros/jazzy/opt/gz_dartsim_vendor:/opt/ros/jazzy/opt/gz_cmake_vendor /usr/bin/cmake --build /ws/build/kioto -- -j16 -l16
[0.194s] DEBUG:colcon.colcon_core.event_handler.log_command:Invoked command in '/ws/build/kioto' returned '0': CMAKE_PREFIX_PATH=/ws/install/kioto:/ws/install/rmf_demos_gz:/ws/install/rmf_demos:/ws/install/rmf_demos_maps:/ws/install/rmf_demos_assets:/ws/install/first_project:/rmf_demos_ws/install/rmf_workcell_msgs:/rmf_demos_ws/install/rmf_demos_gz:/rmf_demos_ws/install/rmf_demos:/rmf_demos_ws/install/rmf_reservation_node:/rmf_demos_ws/install/rmf_fleet_adapter_python:/rmf_demos_ws/install/rmf_fleet_adapter:/rmf_demos_ws/install/rmf_task_ros2:/rmf_demos_ws/install/rmf_websocket:/rmf_demos_ws/install/rmf_visualization:/rmf_demos_ws/install/rmf_visualization_schedule:/rmf_demos_ws/install/rmf_visualization_rviz2_plugins:/rmf_demos_ws/install/rmf_visualization_obstacles:/rmf_demos_ws/install/rmf_visualization_navgraphs:/rmf_demos_ws/install/rmf_visualization_floorplans:/rmf_demos_ws/install/rmf_visualization_fleet_states:/rmf_demos_ws/install/rmf_visualization_msgs:/rmf_demos_ws/install/rmf_traffic_ros2:/rmf_demos_ws/install/rmf_task_sequence:/rmf_demos_ws/install/rmf_task:/rmf_demos_ws/install/rmf_battery:/rmf_demos_ws/install/rmf_traffic:/rmf_demos_ws/install/rmf_utils:/rmf_demos_ws/install/rmf_traffic_msgs:/rmf_demos_ws/install/rmf_traffic_editor_test_maps:/rmf_demos_ws/install/rmf_traffic_editor_assets:/rmf_demos_ws/install/rmf_traffic_editor:/rmf_demos_ws/install/rmf_task_msgs:/rmf_demos_ws/install/rmf_site_map_msgs:/rmf_demos_ws/install/rmf_scheduler_msgs:/rmf_demos_ws/install/rmf_robot_sim_gz_plugins:/rmf_demos_ws/install/rmf_robot_sim_common:/rmf_demos_ws/install/rmf_reservation_msgs:/rmf_demos_ws/install/rmf_obstacle_msgs:/rmf_demos_ws/install/rmf_building_sim_gz_plugins:/rmf_demos_ws/install/rmf_lift_msgs:/rmf_demos_ws/install/rmf_ingestor_msgs:/rmf_demos_ws/install/rmf_fleet_msgs:/rmf_demos_ws/install/rmf_door_msgs:/rmf_demos_ws/install/rmf_dispenser_msgs:/rmf_demos_ws/install/rmf_demos_maps:/rmf_demos_ws/install/rmf_demos_assets:/rmf_demos_ws/install/rmf_charger_msgs:/rmf_demos_ws/install/rmf_building_map_msgs:/rmf_demos_ws/install/rmf_api_msgs:/rmf_demos_ws/install/nlohmann_json_schema_validator_vendor:/ws/install/rmf_demos_tasks:/ws/install/rmf_demos_fleet_adapter:/ws/install/rmf_demos_bridges:/ws/install/project_tasks:/ws/install/project_fleet_adapter:/rmf_demos_ws/install/rmf_demos_fleet_adapter:/rmf_demos_ws/install/rmf_visualization_building_systems:/rmf_demos_ws/install/rmf_traffic_examples:/rmf_demos_ws/install/rmf_demos_bridges:/rmf_demos_ws/install/rmf_demos_tasks:/rmf_demos_ws/install/rmf_building_map_tools:/rmf_demos_ws/install/rmf_charging_schedule:/opt/ros/jazzy:/rmf_demos_ws/install/menge_vendor:/rmf_demos_ws/install/ament_cmake_catch2:/opt/ros/jazzy/opt/gz_sim_vendor:/opt/ros/jazzy/opt/gz_sensors_vendor:/opt/ros/jazzy/opt/gz_physics_vendor:/opt/ros/jazzy/opt/sdformat_vendor:/opt/ros/jazzy/opt/gz_gui_vendor:/opt/ros/jazzy/opt/gz_transport_vendor:/opt/ros/jazzy/opt/gz_rendering_vendor:/opt/ros/jazzy/opt/gz_plugin_vendor:/opt/ros/jazzy/opt/gz_fuel_tools_vendor:/opt/ros/jazzy/opt/gz_msgs_vendor:/opt/ros/jazzy/opt/gz_common_vendor:/opt/ros/jazzy/opt/gz_math_vendor:/opt/ros/jazzy/opt/gz_utils_vendor:/opt/ros/jazzy/opt/gz_tools_vendor:/opt/ros/jazzy/opt/gz_ogre_next_vendor:/opt/ros/jazzy/opt/gz_dartsim_vendor:/opt/ros/jazzy/opt/gz_cmake_vendor /usr/bin/cmake --build /ws/build/kioto -- -j16 -l16
[0.205s] DEBUG:colcon.colcon_core.event_handler.log_command:Invoking command in '/ws/build/kioto': CMAKE_PREFIX_PATH=/ws/install/kioto:/ws/install/rmf_demos_gz:/ws/install/rmf_demos:/ws/install/rmf_demos_maps:/ws/install/rmf_demos_assets:/ws/install/first_project:/rmf_demos_ws/install/rmf_workcell_msgs:/rmf_demos_ws/install/rmf_demos_gz:/rmf_demos_ws/install/rmf_demos:/rmf_demos_ws/install/rmf_reservation_node:/rmf_demos_ws/install/rmf_fleet_adapter_python:/rmf_demos_ws/install/rmf_fleet_adapter:/rmf_demos_ws/install/rmf_task_ros2:/rmf_demos_ws/install/rmf_websocket:/rmf_demos_ws/install/rmf_visualization:/rmf_demos_ws/install/rmf_visualization_schedule:/rmf_demos_ws/install/rmf_visualization_rviz2_plugins:/rmf_demos_ws/install/rmf_visualization_obstacles:/rmf_demos_ws/install/rmf_visualization_navgraphs:/rmf_demos_ws/install/rmf_visualization_floorplans:/rmf_demos_ws/install/rmf_visualization_fleet_states:/rmf_demos_ws/install/rmf_visualization_msgs:/rmf_demos_ws/install/rmf_traffic_ros2:/rmf_demos_ws/install/rmf_task_sequence:/rmf_demos_ws/install/rmf_task:/rmf_demos_ws/install/rmf_battery:/rmf_demos_ws/install/rmf_traffic:/rmf_demos_ws/install/rmf_utils:/rmf_demos_ws/install/rmf_traffic_msgs:/rmf_demos_ws/install/rmf_traffic_editor_test_maps:/rmf_demos_ws/install/rmf_traffic_editor_assets:/rmf_demos_ws/install/rmf_traffic_editor:/rmf_demos_ws/install/rmf_task_msgs:/rmf_demos_ws/install/rmf_site_map_msgs:/rmf_demos_ws/install/rmf_scheduler_msgs:/rmf_demos_ws/install/rmf_robot_sim_gz_plugins:/rmf_demos_ws/install/rmf_robot_sim_common:/rmf_demos_ws/install/rmf_reservation_msgs:/rmf_demos_ws/install/rmf_obstacle_msgs:/rmf_demos_ws/install/rmf_building_sim_gz_plugins:/rmf_demos_ws/install/rmf_lift_msgs:/rmf_demos_ws/install/rmf_ingestor_msgs:/rmf_demos_ws/install/rmf_fleet_msgs:/rmf_demos_ws/install/rmf_door_msgs:/rmf_demos_ws/install/rmf_dispenser_msgs:/rmf_demos_ws/install/rmf_demos_maps:/rmf_demos_ws/install/rmf_demos_assets:/rmf_demos_ws/install/rmf_charger_msgs:/rmf_demos_ws/install/rmf_building_map_msgs:/rmf_demos_ws/install/rmf_api_msgs:/rmf_demos_ws/install/nlohmann_json_schema_validator_vendor:/ws/install/rmf_demos_tasks:/ws/install/rmf_demos_fleet_adapter:/ws/install/rmf_demos_bridges:/ws/install/project_tasks:/ws/install/project_fleet_adapter:/rmf_demos_ws/install/rmf_demos_fleet_adapter:/rmf_demos_ws/install/rmf_visualization_building_systems:/rmf_demos_ws/install/rmf_traffic_examples:/rmf_demos_ws/install/rmf_demos_bridges:/rmf_demos_ws/install/rmf_demos_tasks:/rmf_demos_ws/install/rmf_building_map_tools:/rmf_demos_ws/install/rmf_charging_schedule:/opt/ros/jazzy:/rmf_demos_ws/install/menge_vendor:/rmf_demos_ws/install/ament_cmake_catch2:/opt/ros/jazzy/opt/gz_sim_vendor:/opt/ros/jazzy/opt/gz_sensors_vendor:/opt/ros/jazzy/opt/gz_physics_vendor:/opt/ros/jazzy/opt/sdformat_vendor:/opt/ros/jazzy/opt/gz_gui_vendor:/opt/ros/jazzy/opt/gz_transport_vendor:/opt/ros/jazzy/opt/gz_rendering_vendor:/opt/ros/jazzy/opt/gz_plugin_vendor:/opt/ros/jazzy/opt/gz_fuel_tools_vendor:/opt/ros/jazzy/opt/gz_msgs_vendor:/opt/ros/jazzy/opt/gz_common_vendor:/opt/ros/jazzy/opt/gz_math_vendor:/opt/ros/jazzy/opt/gz_utils_vendor:/opt/ros/jazzy/opt/gz_tools_vendor:/opt/ros/jazzy/opt/gz_ogre_next_vendor:/opt/ros/jazzy/opt/gz_dartsim_vendor:/opt/ros/jazzy/opt/gz_cmake_vendor /usr/bin/cmake --install /ws/build/kioto
[0.245s] Level 1:colcon.colcon_core.environment:create_environment_scripts_only(kioto)
[0.249s] DEBUG:colcon.colcon_core.event_handler.log_command:Invoked command in '/ws/build/kioto' returned '0': CMAKE_PREFIX_PATH=/ws/install/kioto:/ws/install/rmf_demos_gz:/ws/install/rmf_demos:/ws/install/rmf_demos_maps:/ws/install/rmf_demos_assets:/ws/install/first_project:/rmf_demos_ws/install/rmf_workcell_msgs:/rmf_demos_ws/install/rmf_demos_gz:/rmf_demos_ws/install/rmf_demos:/rmf_demos_ws/install/rmf_reservation_node:/rmf_demos_ws/install/rmf_fleet_adapter_python:/rmf_demos_ws/install/rmf_fleet_adapter:/rmf_demos_ws/install/rmf_task_ros2:/rmf_demos_ws/install/rmf_websocket:/rmf_demos_ws/install/rmf_visualization:/rmf_demos_ws/install/rmf_visualization_schedule:/rmf_demos_ws/install/rmf_visualization_rviz2_plugins:/rmf_demos_ws/install/rmf_visualization_obstacles:/rmf_demos_ws/install/rmf_visualization_navgraphs:/rmf_demos_ws/install/rmf_visualization_floorplans:/rmf_demos_ws/install/rmf_visualization_fleet_states:/rmf_demos_ws/install/rmf_visualization_msgs:/rmf_demos_ws/install/rmf_traffic_ros2:/rmf_demos_ws/install/rmf_task_sequence:/rmf_demos_ws/install/rmf_task:/rmf_demos_ws/install/rmf_battery:/rmf_demos_ws/install/rmf_traffic:/rmf_demos_ws/install/rmf_utils:/rmf_demos_ws/install/rmf_traffic_msgs:/rmf_demos_ws/install/rmf_traffic_editor_test_maps:/rmf_demos_ws/install/rmf_traffic_editor_assets:/rmf_demos_ws/install/rmf_traffic_editor:/rmf_demos_ws/install/rmf_task_msgs:/rmf_demos_ws/install/rmf_site_map_msgs:/rmf_demos_ws/install/rmf_scheduler_msgs:/rmf_demos_ws/install/rmf_robot_sim_gz_plugins:/rmf_demos_ws/install/rmf_robot_sim_common:/rmf_demos_ws/install/rmf_reservation_msgs:/rmf_demos_ws/install/rmf_obstacle_msgs:/rmf_demos_ws/install/rmf_building_sim_gz_plugins:/rmf_demos_ws/install/rmf_lift_msgs:/rmf_demos_ws/install/rmf_ingestor_msgs:/rmf_demos_ws/install/rmf_fleet_msgs:/rmf_demos_ws/install/rmf_door_msgs:/rmf_demos_ws/install/rmf_dispenser_msgs:/rmf_demos_ws/install/rmf_demos_maps:/rmf_demos_ws/install/rmf_demos_assets:/rmf_demos_ws/install/rmf_charger_msgs:/rmf_demos_ws/install/rmf_building_map_msgs:/rmf_demos_ws/install/rmf_api_msgs:/rmf_demos_ws/install/nlohmann_json_schema_validator_vendor:/ws/install/rmf_demos_tasks:/ws/install/rmf_demos_fleet_adapter:/ws/install/rmf_demos_bridges:/ws/install/project_tasks:/ws/install/project_fleet_adapter:/rmf_demos_ws/install/rmf_demos_fleet_adapter:/rmf_demos_ws/install/rmf_visualization_building_systems:/rmf_demos_ws/install/rmf_traffic_examples:/rmf_demos_ws/install/rmf_demos_bridges:/rmf_demos_ws/install/rmf_demos_tasks:/rmf_demos_ws/install/rmf_building_map_tools:/rmf_demos_ws/install/rmf_charging_schedule:/opt/ros/jazzy:/rmf_demos_ws/install/menge_vendor:/rmf_demos_ws/install/ament_cmake_catch2:/opt/ros/jazzy/opt/gz_sim_vendor:/opt/ros/jazzy/opt/gz_sensors_vendor:/opt/ros/jazzy/opt/gz_physics_vendor:/opt/ros/jazzy/opt/sdformat_vendor:/opt/ros/jazzy/opt/gz_gui_vendor:/opt/ros/jazzy/opt/gz_transport_vendor:/opt/ros/jazzy/opt/gz_rendering_vendor:/opt/ros/jazzy/opt/gz_plugin_vendor:/opt/ros/jazzy/opt/gz_fuel_tools_vendor:/opt/ros/jazzy/opt/gz_msgs_vendor:/opt/ros/jazzy/opt/gz_common_vendor:/opt/ros/jazzy/opt/gz_math_vendor:/opt/ros/jazzy/opt/gz_utils_vendor:/opt/ros/jazzy/opt/gz_tools_vendor:/opt/ros/jazzy/opt/gz_ogre_next_vendor:/opt/ros/jazzy/opt/gz_dartsim_vendor:/opt/ros/jazzy/opt/gz_cmake_vendor /usr/bin/cmake --install /ws/build/kioto
[0.250s] Level 1:colcon.colcon_core.environment:checking '/ws/install/kioto' for CMake module files
[0.250s] Level 1:colcon.colcon_core.environment:checking '/ws/install/kioto' for CMake config files
[0.256s] Level 1:colcon.colcon_core.shell:create_environment_hook('kioto', 'cmake_prefix_path')
[0.256s] INFO:colcon.colcon_core.shell:Creating environment hook '/ws/install/kioto/share/kioto/hook/cmake_prefix_path.ps1'
[0.256s] INFO:colcon.colcon_core.shell:Creating environment descriptor '/ws/install/kioto/share/kioto/hook/cmake_prefix_path.dsv'
[0.256s] INFO:colcon.colcon_core.shell:Creating environment hook '/ws/install/kioto/share/kioto/hook/cmake_prefix_path.sh'
[0.257s] Level 1:colcon.colcon_core.environment:checking '/ws/install/kioto/bin'
[0.257s] Level 1:colcon.colcon_core.environment:checking '/ws/install/kioto/lib/pkgconfig/kioto.pc'
[0.258s] Level 1:colcon.colcon_core.environment:checking '/ws/install/kioto/lib/python3.12/site-packages'
[0.258s] Level 1:colcon.colcon_core.environment:checking '/ws/install/kioto/bin'
[0.258s] INFO:colcon.colcon_core.shell:Creating package script '/ws/install/kioto/share/kioto/package.ps1'
[0.259s] INFO:colcon.colcon_core.shell:Creating package descriptor '/ws/install/kioto/share/kioto/package.dsv'
[0.259s] INFO:colcon.colcon_core.shell:Creating package script '/ws/install/kioto/share/kioto/package.sh'
[0.259s] INFO:colcon.colcon_core.shell:Creating package script '/ws/install/kioto/share/kioto/package.bash'
[0.260s] INFO:colcon.colcon_core.shell:Creating package script '/ws/install/kioto/share/kioto/package.zsh'
[0.260s] Level 1:colcon.colcon_core.environment:create_file_with_runtime_dependencies(/ws/install/kioto/share/colcon-core/packages/kioto)
[0.260s] Level 1:colcon.colcon_core.environment:create_environment_scripts_only(kioto)
[0.260s] Level 1:colcon.colcon_core.environment:checking '/ws/install/kioto' for CMake module files
[0.261s] Level 1:colcon.colcon_core.environment:checking '/ws/install/kioto' for CMake config files
[0.265s] Level 1:colcon.colcon_core.shell:create_environment_hook('kioto', 'cmake_prefix_path')
[0.265s] INFO:colcon.colcon_core.shell:Creating environment hook '/ws/install/kioto/share/kioto/hook/cmake_prefix_path.ps1'
[0.266s] INFO:colcon.colcon_core.shell:Creating environment descriptor '/ws/install/kioto/share/kioto/hook/cmake_prefix_path.dsv'
[0.266s] INFO:colcon.colcon_core.shell:Creating environment hook '/ws/install/kioto/share/kioto/hook/cmake_prefix_path.sh'
[0.266s] Level 1:colcon.colcon_core.environment:checking '/ws/install/kioto/bin'
[0.266s] Level 1:colcon.colcon_core.environment:checking '/ws/install/kioto/lib/pkgconfig/kioto.pc'
[0.266s] Level 1:colcon.colcon_core.environment:checking '/ws/install/kioto/lib/python3.12/site-packages'
[0.266s] Level 1:colcon.colcon_core.environment:checking '/ws/install/kioto/bin'
[0.267s] INFO:colcon.colcon_core.shell:Creating package script '/ws/install/kioto/share/kioto/package.ps1'
[0.267s] INFO:colcon.colcon_core.shell:Creating package descriptor '/ws/install/kioto/share/kioto/package.dsv'
[0.267s] INFO:colcon.colcon_core.shell:Creating package script '/ws/install/kioto/share/kioto/package.sh'
[0.267s] INFO:colcon.colcon_core.shell:Creating package script '/ws/install/kioto/share/kioto/package.bash'
[0.267s] INFO:colcon.colcon_core.shell:Creating package script '/ws/install/kioto/share/kioto/package.zsh'
[0.268s] Level 1:colcon.colcon_core.environment:create_file_with_runtime_dependencies(/ws/install/kioto/share/colcon-core/packages/kioto)
[0.268s] DEBUG:colcon.colcon_parallel_executor.executor.parallel:closing loop
[0.268s] DEBUG:colcon.colcon_parallel_executor.executor.parallel:loop closed
[0.268s] DEBUG:colcon.colcon_parallel_executor.executor.parallel:run_until_complete finished with '0'
[0.268s] DEBUG:colcon.colcon_core.event_reactor:joining thread
[0.273s] INFO:colcon.colcon_core.plugin_system:Skipping extension 'colcon_notification.desktop_notification.notify_send': Could not find 'notify-send'
[0.273s] INFO:colcon.colcon_core.plugin_system:Skipping extension 'colcon_notification.desktop_notification.terminal_notifier': Not used on non-Darwin systems
[0.273s] INFO:colcon.colcon_core.plugin_system:Skipping extension 'colcon_notification.desktop_notification.win32': Not used on non-Windows systems
[0.273s] INFO:colcon.colcon_notification.desktop_notification:Sending desktop notification using 'notify2'
[0.275s] DEBUG:colcon.colcon_notification.desktop_notification.notify2:Failed to initialize notify2: org.freedesktop.DBus.Error.Spawn.ExecFailed: /usr/bin/dbus-launch terminated abnormally without any error message
[0.275s] DEBUG:colcon.colcon_core.event_reactor:joined thread
[0.276s] INFO:colcon.colcon_core.shell:Creating prefix script '/ws/install/local_setup.ps1'
[0.277s] INFO:colcon.colcon_core.shell:Creating prefix util module '/ws/install/_local_setup_util_ps1.py'
[0.277s] INFO:colcon.colcon_core.shell:Creating prefix chain script '/ws/install/setup.ps1'
[0.280s] INFO:colcon.colcon_core.shell:Creating prefix script '/ws/install/local_setup.sh'
[0.280s] INFO:colcon.colcon_core.shell:Creating prefix util module '/ws/install/_local_setup_util_sh.py'
[0.280s] INFO:colcon.colcon_core.shell:Creating prefix chain script '/ws/install/setup.sh'
[0.283s] INFO:colcon.colcon_core.shell:Creating prefix script '/ws/install/local_setup.bash'
[0.283s] INFO:colcon.colcon_core.shell:Creating prefix chain script '/ws/install/setup.bash'
[0.286s] INFO:colcon.colcon_core.shell:Creating prefix script '/ws/install/local_setup.zsh'
[0.286s] INFO:colcon.colcon_core.shell:Creating prefix chain script '/ws/install/setup.zsh'
