running develop
running egg_info
creating project_tasks.egg-info
writing project_tasks.egg-info/PKG-INFO
writing dependency_links to project_tasks.egg-info/dependency_links.txt
writing entry points to project_tasks.egg-info/entry_points.txt
writing requirements to project_tasks.egg-info/requires.txt
writing top-level names to project_tasks.egg-info/top_level.txt
writing manifest file 'project_tasks.egg-info/SOURCES.txt'
reading manifest file 'project_tasks.egg-info/SOURCES.txt'
writing manifest file 'project_tasks.egg-info/SOURCES.txt'
running build_ext
Creating /ws/install/project_tasks/lib/python3.12/site-packages/project-tasks.egg-link (link to .)
Installing dispatch_go_to script to /ws/install/project_tasks/lib/project_tasks
Installing dispatch_loop script to /ws/install/project_tasks/lib/project_tasks
Installing dispatch_patrol script to /ws/install/project_tasks/lib/project_tasks

Installed /ws/build/project_tasks
running symlink_data
creating /ws/install/project_tasks/share/ament_index
creating /ws/install/project_tasks/share/ament_index/resource_index
creating /ws/install/project_tasks/share/ament_index/resource_index/packages
symbolically linking /ws/build/project_tasks/resource/project_tasks -> /ws/install/project_tasks/share/ament_index/resource_index/packages
symbolically linking /ws/build/project_tasks/package.xml -> /ws/install/project_tasks/share/project_tasks
