[0.011s] Invoking command in '/home/david/Documentos/GitHub/IR2134/rmf_ws/src/first_project/build/first_project': CMAKE_PREFIX_PATH=/opt/ros/humble /usr/bin/cmake /home/david/Documentos/GitHub/IR2134/rmf_ws/src/first_project -DCMAKE_INSTALL_PREFIX=/home/david/Documentos/GitHub/IR2134/rmf_ws/src/first_project/install/first_project
[0.211s] -- The C compiler identification is GNU 11.4.0
[0.321s] -- The CXX compiler identification is GNU 11.4.0
[0.334s] -- Detecting C compiler ABI info
[0.422s] -- Detecting C compiler ABI info - done
[0.428s] -- Check for working C compiler: /usr/lib/ccache/cc - skipped
[0.429s] -- Detecting C compile features
[0.429s] -- Detecting C compile features - done
[0.433s] -- Detecting CXX compiler ABI info
[0.529s] -- Detecting CXX compiler ABI info - done
[0.534s] -- Check for working CXX compiler: /usr/lib/ccache/c++ - skipped
[0.534s] -- Detecting CXX compile features
[0.535s] -- Detecting CXX compile features - done
[0.540s] -- Found ament_cmake: 1.3.12 (/opt/ros/humble/share/ament_cmake/cmake)
[0.875s] -- Found Python3: /usr/bin/python3 (found version "3.10.12") found components: Interpreter 
[0.987s] -- Found ament_lint_auto: 0.12.14 (/opt/ros/humble/share/ament_lint_auto/cmake)
[1.072s] -- Added test 'cppcheck' to perform static code analysis on C / C++ code
[1.072s] -- Configured cppcheck include dirs: 
[1.072s] -- Configured cppcheck exclude dirs and/or files: 
[1.075s] -- Added test 'lint_cmake' to check CMake code style
[1.081s] -- Added test 'uncrustify' to check C / C++ code style
[1.081s] -- Configured uncrustify additional arguments: 
[1.083s] -- Added test 'xmllint' to check XML markup files
[1.085s] -- Configuring done
[1.088s] -- Generating done
[1.092s] -- Build files have been written to: /home/david/Documentos/GitHub/IR2134/rmf_ws/src/first_project/build/first_project
[1.096s] Invoked command in '/home/david/Documentos/GitHub/IR2134/rmf_ws/src/first_project/build/first_project' returned '0': CMAKE_PREFIX_PATH=/opt/ros/humble /usr/bin/cmake /home/david/Documentos/GitHub/IR2134/rmf_ws/src/first_project -DCMAKE_INSTALL_PREFIX=/home/david/Documentos/GitHub/IR2134/rmf_ws/src/first_project/install/first_project
[1.098s] Invoking command in '/home/david/Documentos/GitHub/IR2134/rmf_ws/src/first_project/build/first_project': CMAKE_PREFIX_PATH=/opt/ros/humble /usr/bin/cmake --build /home/david/Documentos/GitHub/IR2134/rmf_ws/src/first_project/build/first_project -- -j16 -l16
[1.137s] Invoked command in '/home/david/Documentos/GitHub/IR2134/rmf_ws/src/first_project/build/first_project' returned '0': CMAKE_PREFIX_PATH=/opt/ros/humble /usr/bin/cmake --build /home/david/Documentos/GitHub/IR2134/rmf_ws/src/first_project/build/first_project -- -j16 -l16
[1.147s] Invoking command in '/home/david/Documentos/GitHub/IR2134/rmf_ws/src/first_project/build/first_project': CMAKE_PREFIX_PATH=/opt/ros/humble /usr/bin/cmake --install /home/david/Documentos/GitHub/IR2134/rmf_ws/src/first_project/build/first_project
[1.155s] -- Install configuration: ""
[1.155s] -- Installing: /home/david/Documentos/GitHub/IR2134/rmf_ws/src/first_project/install/first_project/share/first_project
[1.155s] -- Installing: /home/david/Documentos/GitHub/IR2134/rmf_ws/src/first_project/install/first_project/share/ament_index/resource_index/package_run_dependencies/first_project
[1.156s] -- Installing: /home/david/Documentos/GitHub/IR2134/rmf_ws/src/first_project/install/first_project/share/ament_index/resource_index/parent_prefix_path/first_project
[1.156s] -- Installing: /home/david/Documentos/GitHub/IR2134/rmf_ws/src/first_project/install/first_project/share/first_project/environment/ament_prefix_path.sh
[1.156s] -- Installing: /home/david/Documentos/GitHub/IR2134/rmf_ws/src/first_project/install/first_project/share/first_project/environment/ament_prefix_path.dsv
[1.156s] -- Installing: /home/david/Documentos/GitHub/IR2134/rmf_ws/src/first_project/install/first_project/share/first_project/environment/path.sh
[1.156s] -- Installing: /home/david/Documentos/GitHub/IR2134/rmf_ws/src/first_project/install/first_project/share/first_project/environment/path.dsv
[1.156s] -- Installing: /home/david/Documentos/GitHub/IR2134/rmf_ws/src/first_project/install/first_project/share/first_project/local_setup.bash
[1.156s] -- Installing: /home/david/Documentos/GitHub/IR2134/rmf_ws/src/first_project/install/first_project/share/first_project/local_setup.sh
[1.156s] -- Installing: /home/david/Documentos/GitHub/IR2134/rmf_ws/src/first_project/install/first_project/share/first_project/local_setup.zsh
[1.156s] -- Installing: /home/david/Documentos/GitHub/IR2134/rmf_ws/src/first_project/install/first_project/share/first_project/local_setup.dsv
[1.156s] -- Installing: /home/david/Documentos/GitHub/IR2134/rmf_ws/src/first_project/install/first_project/share/first_project/package.dsv
[1.157s] -- Installing: /home/david/Documentos/GitHub/IR2134/rmf_ws/src/first_project/install/first_project/share/ament_index/resource_index/packages/first_project
[1.157s] -- Installing: /home/david/Documentos/GitHub/IR2134/rmf_ws/src/first_project/install/first_project/share/first_project/cmake/first_projectConfig.cmake
[1.157s] -- Installing: /home/david/Documentos/GitHub/IR2134/rmf_ws/src/first_project/install/first_project/share/first_project/cmake/first_projectConfig-version.cmake
[1.157s] -- Installing: /home/david/Documentos/GitHub/IR2134/rmf_ws/src/first_project/install/first_project/share/first_project/package.xml
[1.160s] Invoked command in '/home/david/Documentos/GitHub/IR2134/rmf_ws/src/first_project/build/first_project' returned '0': CMAKE_PREFIX_PATH=/opt/ros/humble /usr/bin/cmake --install /home/david/Documentos/GitHub/IR2134/rmf_ws/src/first_project/build/first_project
