[1.363s] Invoking command in '/ws/build/project_tasks': PYTHONPATH=/ws/build/project_tasks/prefix_override:/usr/lib/python3/dist-packages/colcon_core/task/python/colcon_distutils_commands:/ws/install/project_tasks/lib/python3.12/site-packages:${PYTHONPATH} /usr/bin/python3 -W ignore:setup.py install is deprecated -W ignore:easy_install command is deprecated setup.py develop --uninstall --editable --build-directory /ws/build/project_tasks/build
[1.578s] running develop
[1.685s] Removing /ws/install/project_tasks/lib/python3.12/site-packages/project-tasks.egg-link (link to .)
[1.730s] Invoked command in '/ws/build/project_tasks' returned '0': PYTHONPATH=/ws/build/project_tasks/prefix_override:/usr/lib/python3/dist-packages/colcon_core/task/python/colcon_distutils_commands:/ws/install/project_tasks/lib/python3.12/site-packages:${PYTHONPATH} /usr/bin/python3 -W ignore:setup.py install is deprecated -W ignore:easy_install command is deprecated setup.py develop --uninstall --editable --build-directory /ws/build/project_tasks/build
[1.730s] Invoking command in '/ws/src/project_tasks': PYTHONPATH=/ws/build/project_tasks/prefix_override:/usr/lib/python3/dist-packages/colcon_core/task/python/colcon_distutils_commands:/ws/install/project_tasks/lib/python3.12/site-packages:${PYTHONPATH} /usr/bin/python3 -W ignore:setup.py install is deprecated -W ignore:easy_install command is deprecated setup.py egg_info --egg-base ../../build/project_tasks build --build-base /ws/build/project_tasks/build install --record /ws/build/project_tasks/install.log --single-version-externally-managed install_data --force
[1.906s] running egg_info
[1.916s] writing ../../build/project_tasks/project_tasks.egg-info/PKG-INFO
[1.916s] writing dependency_links to ../../build/project_tasks/project_tasks.egg-info/dependency_links.txt
[1.916s] writing entry points to ../../build/project_tasks/project_tasks.egg-info/entry_points.txt
[1.916s] writing requirements to ../../build/project_tasks/project_tasks.egg-info/requires.txt
[1.916s] writing top-level names to ../../build/project_tasks/project_tasks.egg-info/top_level.txt
[1.936s] reading manifest file '../../build/project_tasks/project_tasks.egg-info/SOURCES.txt'
[1.937s] writing manifest file '../../build/project_tasks/project_tasks.egg-info/SOURCES.txt'
[1.937s] running build
[1.937s] running build_py
[1.937s] creating /ws/build/project_tasks/build
[1.937s] creating /ws/build/project_tasks/build/lib
[1.937s] creating /ws/build/project_tasks/build/lib/project_tasks
[1.937s] copying project_tasks/dynamic_event_client.py -> /ws/build/project_tasks/build/lib/project_tasks
[1.937s] copying project_tasks/dispatch_action.py -> /ws/build/project_tasks/build/lib/project_tasks
[1.937s] copying project_tasks/dispatch_patrol.py -> /ws/build/project_tasks/build/lib/project_tasks
[1.937s] copying project_tasks/emergency_signal.py -> /ws/build/project_tasks/build/lib/project_tasks
[1.937s] copying project_tasks/request_loop.py -> /ws/build/project_tasks/build/lib/project_tasks
[1.938s] copying project_tasks/dispatch_json.py -> /ws/build/project_tasks/build/lib/project_tasks
[1.938s] copying project_tasks/api_request.py -> /ws/build/project_tasks/build/lib/project_tasks
[1.938s] copying project_tasks/__init__.py -> /ws/build/project_tasks/build/lib/project_tasks
[1.938s] copying project_tasks/cancel_task.py -> /ws/build/project_tasks/build/lib/project_tasks
[1.938s] copying project_tasks/dispatch_go_to_place.py -> /ws/build/project_tasks/build/lib/project_tasks
[1.938s] copying project_tasks/get_robot_location.py -> /ws/build/project_tasks/build/lib/project_tasks
[1.938s] copying project_tasks/wait_for_task_complete.py -> /ws/build/project_tasks/build/lib/project_tasks
[1.938s] copying project_tasks/dispatch_loop.py -> /ws/build/project_tasks/build/lib/project_tasks
[1.938s] copying project_tasks/request_lift.py -> /ws/build/project_tasks/build/lib/project_tasks
[1.938s] copying project_tasks/dispatch_clean.py -> /ws/build/project_tasks/build/lib/project_tasks
[1.938s] copying project_tasks/dispatch_teleop.py -> /ws/build/project_tasks/build/lib/project_tasks
[1.938s] copying project_tasks/dispatch_delivery.py -> /ws/build/project_tasks/build/lib/project_tasks
[1.938s] copying project_tasks/dispatch_dynamic_event.py -> /ws/build/project_tasks/build/lib/project_tasks
[1.938s] copying project_tasks/mock_docker.py -> /ws/build/project_tasks/build/lib/project_tasks
[1.939s] copying project_tasks/dispatch_cart_delivery.py -> /ws/build/project_tasks/build/lib/project_tasks
[1.939s] copying project_tasks/teleop_robot.py -> /ws/build/project_tasks/build/lib/project_tasks
[1.939s] copying project_tasks/cancel_robot_task.py -> /ws/build/project_tasks/build/lib/project_tasks
[1.939s] running install
[1.943s] running install_lib
[1.955s] creating /ws/install/project_tasks/lib/python3.12/site-packages/project_tasks
[1.955s] copying /ws/build/project_tasks/build/lib/project_tasks/dynamic_event_client.py -> /ws/install/project_tasks/lib/python3.12/site-packages/project_tasks
[1.955s] copying /ws/build/project_tasks/build/lib/project_tasks/dispatch_action.py -> /ws/install/project_tasks/lib/python3.12/site-packages/project_tasks
[1.955s] copying /ws/build/project_tasks/build/lib/project_tasks/dispatch_patrol.py -> /ws/install/project_tasks/lib/python3.12/site-packages/project_tasks
[1.955s] copying /ws/build/project_tasks/build/lib/project_tasks/emergency_signal.py -> /ws/install/project_tasks/lib/python3.12/site-packages/project_tasks
[1.955s] copying /ws/build/project_tasks/build/lib/project_tasks/request_loop.py -> /ws/install/project_tasks/lib/python3.12/site-packages/project_tasks
[1.956s] copying /ws/build/project_tasks/build/lib/project_tasks/dispatch_json.py -> /ws/install/project_tasks/lib/python3.12/site-packages/project_tasks
[1.956s] copying /ws/build/project_tasks/build/lib/project_tasks/api_request.py -> /ws/install/project_tasks/lib/python3.12/site-packages/project_tasks
[1.957s] copying /ws/build/project_tasks/build/lib/project_tasks/__init__.py -> /ws/install/project_tasks/lib/python3.12/site-packages/project_tasks
[1.957s] copying /ws/build/project_tasks/build/lib/project_tasks/cancel_task.py -> /ws/install/project_tasks/lib/python3.12/site-packages/project_tasks
[1.957s] copying /ws/build/project_tasks/build/lib/project_tasks/dispatch_go_to_place.py -> /ws/install/project_tasks/lib/python3.12/site-packages/project_tasks
[1.957s] copying /ws/build/project_tasks/build/lib/project_tasks/get_robot_location.py -> /ws/install/project_tasks/lib/python3.12/site-packages/project_tasks
[1.957s] copying /ws/build/project_tasks/build/lib/project_tasks/wait_for_task_complete.py -> /ws/install/project_tasks/lib/python3.12/site-packages/project_tasks
[1.957s] copying /ws/build/project_tasks/build/lib/project_tasks/dispatch_loop.py -> /ws/install/project_tasks/lib/python3.12/site-packages/project_tasks
[1.957s] copying /ws/build/project_tasks/build/lib/project_tasks/request_lift.py -> /ws/install/project_tasks/lib/python3.12/site-packages/project_tasks
[1.957s] copying /ws/build/project_tasks/build/lib/project_tasks/dispatch_clean.py -> /ws/install/project_tasks/lib/python3.12/site-packages/project_tasks
[1.957s] copying /ws/build/project_tasks/build/lib/project_tasks/dispatch_teleop.py -> /ws/install/project_tasks/lib/python3.12/site-packages/project_tasks
[1.957s] copying /ws/build/project_tasks/build/lib/project_tasks/dispatch_delivery.py -> /ws/install/project_tasks/lib/python3.12/site-packages/project_tasks
[1.957s] copying /ws/build/project_tasks/build/lib/project_tasks/dispatch_dynamic_event.py -> /ws/install/project_tasks/lib/python3.12/site-packages/project_tasks
[1.957s] copying /ws/build/project_tasks/build/lib/project_tasks/mock_docker.py -> /ws/install/project_tasks/lib/python3.12/site-packages/project_tasks
[1.957s] copying /ws/build/project_tasks/build/lib/project_tasks/dispatch_cart_delivery.py -> /ws/install/project_tasks/lib/python3.12/site-packages/project_tasks
[1.957s] copying /ws/build/project_tasks/build/lib/project_tasks/teleop_robot.py -> /ws/install/project_tasks/lib/python3.12/site-packages/project_tasks
[1.957s] copying /ws/build/project_tasks/build/lib/project_tasks/cancel_robot_task.py -> /ws/install/project_tasks/lib/python3.12/site-packages/project_tasks
[1.958s] byte-compiling /ws/install/project_tasks/lib/python3.12/site-packages/project_tasks/dynamic_event_client.py to dynamic_event_client.cpython-312.pyc
[1.959s] byte-compiling /ws/install/project_tasks/lib/python3.12/site-packages/project_tasks/dispatch_action.py to dispatch_action.cpython-312.pyc
[1.961s] byte-compiling /ws/install/project_tasks/lib/python3.12/site-packages/project_tasks/dispatch_patrol.py to dispatch_patrol.cpython-312.pyc
[1.962s] byte-compiling /ws/install/project_tasks/lib/python3.12/site-packages/project_tasks/emergency_signal.py to emergency_signal.cpython-312.pyc
[1.962s] byte-compiling /ws/install/project_tasks/lib/python3.12/site-packages/project_tasks/request_loop.py to request_loop.cpython-312.pyc
[1.963s] byte-compiling /ws/install/project_tasks/lib/python3.12/site-packages/project_tasks/dispatch_json.py to dispatch_json.cpython-312.pyc
[1.964s] byte-compiling /ws/install/project_tasks/lib/python3.12/site-packages/project_tasks/api_request.py to api_request.cpython-312.pyc
[1.965s] byte-compiling /ws/install/project_tasks/lib/python3.12/site-packages/project_tasks/__init__.py to __init__.cpython-312.pyc
[1.965s] byte-compiling /ws/install/project_tasks/lib/python3.12/site-packages/project_tasks/cancel_task.py to cancel_task.cpython-312.pyc
[1.965s] byte-compiling /ws/install/project_tasks/lib/python3.12/site-packages/project_tasks/dispatch_go_to_place.py to dispatch_go_to_place.cpython-312.pyc
[1.967s] byte-compiling /ws/install/project_tasks/lib/python3.12/site-packages/project_tasks/get_robot_location.py to get_robot_location.cpython-312.pyc
[1.967s] byte-compiling /ws/install/project_tasks/lib/python3.12/site-packages/project_tasks/wait_for_task_complete.py to wait_for_task_complete.cpython-312.pyc
[1.970s] byte-compiling /ws/install/project_tasks/lib/python3.12/site-packages/project_tasks/dispatch_loop.py to dispatch_loop.cpython-312.pyc
[1.971s] byte-compiling /ws/install/project_tasks/lib/python3.12/site-packages/project_tasks/request_lift.py to request_lift.cpython-312.pyc
[1.971s] byte-compiling /ws/install/project_tasks/lib/python3.12/site-packages/project_tasks/dispatch_clean.py to dispatch_clean.cpython-312.pyc
[1.971s] byte-compiling /ws/install/project_tasks/lib/python3.12/site-packages/project_tasks/dispatch_teleop.py to dispatch_teleop.cpython-312.pyc
[1.972s] byte-compiling /ws/install/project_tasks/lib/python3.12/site-packages/project_tasks/dispatch_delivery.py to dispatch_delivery.cpython-312.pyc
[1.973s] byte-compiling /ws/install/project_tasks/lib/python3.12/site-packages/project_tasks/dispatch_dynamic_event.py to dispatch_dynamic_event.cpython-312.pyc
[1.975s] byte-compiling /ws/install/project_tasks/lib/python3.12/site-packages/project_tasks/mock_docker.py to mock_docker.cpython-312.pyc
[1.978s] byte-compiling /ws/install/project_tasks/lib/python3.12/site-packages/project_tasks/dispatch_cart_delivery.py to dispatch_cart_delivery.cpython-312.pyc
[1.978s] byte-compiling /ws/install/project_tasks/lib/python3.12/site-packages/project_tasks/teleop_robot.py to teleop_robot.cpython-312.pyc
[1.978s] byte-compiling /ws/install/project_tasks/lib/python3.12/site-packages/project_tasks/cancel_robot_task.py to cancel_robot_task.cpython-312.pyc
[1.979s] running install_data
[1.979s] copying resource/project_tasks -> /ws/install/project_tasks/share/ament_index/resource_index/packages
[1.979s] copying package.xml -> /ws/install/project_tasks/share/project_tasks
[1.979s] running install_egg_info
[1.997s] Copying ../../build/project_tasks/project_tasks.egg-info to /ws/install/project_tasks/lib/python3.12/site-packages/project_tasks-0.0.0-py3.12.egg-info
[1.997s] running install_scripts
[2.121s] Installing dispatch_go_to script to /ws/install/project_tasks/lib/project_tasks
[2.121s] Installing dispatch_loop script to /ws/install/project_tasks/lib/project_tasks
[2.121s] Installing dispatch_patrol script to /ws/install/project_tasks/lib/project_tasks
[2.121s] writing list of installed files to '/ws/build/project_tasks/install.log'
[2.159s] Invoked command in '/ws/src/project_tasks' returned '0': PYTHONPATH=/ws/build/project_tasks/prefix_override:/usr/lib/python3/dist-packages/colcon_core/task/python/colcon_distutils_commands:/ws/install/project_tasks/lib/python3.12/site-packages:${PYTHONPATH} /usr/bin/python3 -W ignore:setup.py install is deprecated -W ignore:easy_install command is deprecated setup.py egg_info --egg-base ../../build/project_tasks build --build-base /ws/build/project_tasks/build install --record /ws/build/project_tasks/install.log --single-version-externally-managed install_data --force
