-- The C compiler identification is GNU 11.4.0
-- The CXX compiler identification is GNU 11.4.0
-- Detecting C compiler ABI info
-- Detecting C compiler ABI info - done
-- Check for working C compiler: /usr/lib/ccache/cc - skipped
-- Detecting C compile features
-- Detecting C compile features - done
-- Detecting CXX compiler ABI info
-- Detecting CXX compiler ABI info - done
-- Check for working CXX compiler: /usr/lib/ccache/c++ - skipped
-- Detecting CXX compile features
-- Detecting CXX compile features - done
-- Found ament_cmake: 1.3.12 (/opt/ros/humble/share/ament_cmake/cmake)
-- Found Python3: /usr/bin/python3 (found version "3.10.12") found components: Interpreter 
-- Configuring done
-- Generating done
-- Build files have been written to: /home/david/Documentos/GitHub/IR2134/first_project/src/build/rmf_demos_maps
[ 35%] [34m[1mGenerating maps/battle_royale/nav_graphs/phony[0m
[ 35%] [34m[1mGenerating maps/campus/nav_graphs/phony[0m
[ 35%] [34m[1mGenerating maps/clinic/nav_graphs/phony[0m
[ 35%] [34m[1mGenerating maps/hotel/nav_graphs/phony[0m
[ 35%] [34m[1mGenerating maps/office/nav_graphs/phony[0m
[ 42%] [34m[1mGenerating maps/triple_H/nav_graphs/phony[0m
[ 50%] [34m[1mGenerating maps/airport_terminal/nav_graphs/phony[0m
