[0.134s] Invoking command in '/home/david/Documentos/GitHub/IR2134/first_project/src/build/rmf_demos_maps': CMAKE_PREFIX_PATH=/opt/ros/humble:/home/david/Escritorio/ros2_ws/src/install/droneando /usr/bin/cmake /home/david/Documentos/GitHub/IR2134/first_project/src/rmf_demos/rmf_demos_maps -DCMAKE_INSTALL_PREFIX=/home/david/Documentos/GitHub/IR2134/first_project/src/install/rmf_demos_maps
[0.485s] -- The C compiler identification is GNU 11.4.0
[0.486s] -- The CXX compiler identification is GNU 11.4.0
[0.486s] -- Detecting C compiler ABI info
[0.486s] -- Detecting C compiler ABI info - done
[0.486s] -- Check for working C compiler: /usr/lib/ccache/cc - skipped
[0.486s] -- Detecting C compile features
[0.486s] -- Detecting C compile features - done
[0.486s] -- Detecting CXX compiler ABI info
[0.486s] -- Detecting CXX compiler ABI info - done
[0.486s] -- Check for working CXX compiler: /usr/lib/ccache/c++ - skipped
[0.486s] -- Detecting CXX compile features
[0.486s] -- Detecting CXX compile features - done
[0.486s] -- Found ament_cmake: 1.3.12 (/opt/ros/humble/share/ament_cmake/cmake)
[0.580s] -- Found Python3: /usr/bin/python3 (found version "3.10.12") found components: Interpreter 
[0.715s] [0mBUILDING WORLDFILE WITH COMMAND: ros2 run rmf_building_map_tools building_map_generator gazebo /home/david/Documentos/GitHub/IR2134/first_project/src/rmf_demos/rmf_demos_maps/maps/airport_terminal/airport_terminal.building.yaml /home/david/Documentos/GitHub/IR2134/first_project/src/build/rmf_demos_maps/maps/airport_terminal/airport_terminal.world /home/david/Documentos/GitHub/IR2134/first_project/src/build/rmf_demos_maps/maps/airport_terminal/models[0m
[0.715s] [0mBUILDING WORLDFILE WITH COMMAND: ros2 run rmf_building_map_tools building_map_generator gazebo /home/david/Documentos/GitHub/IR2134/first_project/src/rmf_demos/rmf_demos_maps/maps/battle_royale/battle_royale.building.yaml /home/david/Documentos/GitHub/IR2134/first_project/src/build/rmf_demos_maps/maps/battle_royale/battle_royale.world /home/david/Documentos/GitHub/IR2134/first_project/src/build/rmf_demos_maps/maps/battle_royale/models[0m
[0.715s] [0mBUILDING WORLDFILE WITH COMMAND: ros2 run rmf_building_map_tools building_map_generator gazebo /home/david/Documentos/GitHub/IR2134/first_project/src/rmf_demos/rmf_demos_maps/maps/campus/campus.building.yaml /home/david/Documentos/GitHub/IR2134/first_project/src/build/rmf_demos_maps/maps/campus/campus.world /home/david/Documentos/GitHub/IR2134/first_project/src/build/rmf_demos_maps/maps/campus/models[0m
[0.715s] [0mBUILDING WORLDFILE WITH COMMAND: ros2 run rmf_building_map_tools building_map_generator gazebo /home/david/Documentos/GitHub/IR2134/first_project/src/rmf_demos/rmf_demos_maps/maps/clinic/clinic.building.yaml /home/david/Documentos/GitHub/IR2134/first_project/src/build/rmf_demos_maps/maps/clinic/clinic.world /home/david/Documentos/GitHub/IR2134/first_project/src/build/rmf_demos_maps/maps/clinic/models[0m
[0.715s] [0mBUILDING WORLDFILE WITH COMMAND: ros2 run rmf_building_map_tools building_map_generator gazebo /home/david/Documentos/GitHub/IR2134/first_project/src/rmf_demos/rmf_demos_maps/maps/hotel/hotel.building.yaml /home/david/Documentos/GitHub/IR2134/first_project/src/build/rmf_demos_maps/maps/hotel/hotel.world /home/david/Documentos/GitHub/IR2134/first_project/src/build/rmf_demos_maps/maps/hotel/models[0m
[0.715s] [0mBUILDING WORLDFILE WITH COMMAND: ros2 run rmf_building_map_tools building_map_generator gazebo /home/david/Documentos/GitHub/IR2134/first_project/src/rmf_demos/rmf_demos_maps/maps/office/office.building.yaml /home/david/Documentos/GitHub/IR2134/first_project/src/build/rmf_demos_maps/maps/office/office.world /home/david/Documentos/GitHub/IR2134/first_project/src/build/rmf_demos_maps/maps/office/models[0m
[0.716s] [0mBUILDING WORLDFILE WITH COMMAND: ros2 run rmf_building_map_tools building_map_generator gazebo /home/david/Documentos/GitHub/IR2134/first_project/src/rmf_demos/rmf_demos_maps/maps/triple_H/triple_H.building.yaml /home/david/Documentos/GitHub/IR2134/first_project/src/build/rmf_demos_maps/maps/triple_H/triple_H.world /home/david/Documentos/GitHub/IR2134/first_project/src/build/rmf_demos_maps/maps/triple_H/models[0m
[0.716s] -- Configuring done
[0.725s] -- Generating done
[0.729s] -- Build files have been written to: /home/david/Documentos/GitHub/IR2134/first_project/src/build/rmf_demos_maps
[0.732s] Invoked command in '/home/david/Documentos/GitHub/IR2134/first_project/src/build/rmf_demos_maps' returned '0': CMAKE_PREFIX_PATH=/opt/ros/humble:/home/david/Escritorio/ros2_ws/src/install/droneando /usr/bin/cmake /home/david/Documentos/GitHub/IR2134/first_project/src/rmf_demos/rmf_demos_maps -DCMAKE_INSTALL_PREFIX=/home/david/Documentos/GitHub/IR2134/first_project/src/install/rmf_demos_maps
[0.733s] Invoking command in '/home/david/Documentos/GitHub/IR2134/first_project/src/build/rmf_demos_maps': CMAKE_PREFIX_PATH=/opt/ros/humble:/home/david/Escritorio/ros2_ws/src/install/droneando /usr/bin/cmake --build /home/david/Documentos/GitHub/IR2134/first_project/src/build/rmf_demos_maps -- -j16 -l16
[0.769s] [ 35%] [34m[1mGenerating maps/battle_royale/nav_graphs/phony[0m
[0.769s] [ 35%] [34m[1mGenerating maps/campus/nav_graphs/phony[0m
[0.769s] [ 35%] [34m[1mGenerating maps/clinic/nav_graphs/phony[0m
[0.769s] [ 35%] [34m[1mGenerating maps/hotel/nav_graphs/phony[0m
[0.769s] [ 35%] [34m[1mGenerating maps/office/nav_graphs/phony[0m
[0.769s] [ 42%] [34m[1mGenerating maps/triple_H/nav_graphs/phony[0m
[0.770s] [ 50%] [34m[1mGenerating maps/airport_terminal/nav_graphs/phony[0m
[0.878s] Package 'rmf_building_map_tools' not found
[0.886s] Package 'rmf_building_map_tools' not found
[0.889s] Package 'rmf_building_map_tools' not found
[0.892s] Package 'rmf_building_map_tools' not found
[0.895s] gmake[2]: *** [CMakeFiles/generate_office_nav_graphs.dir/build.make:73: maps/office/nav_graphs/phony] Error 1
[0.895s] gmake[1]: *** [CMakeFiles/Makefile2:639: CMakeFiles/generate_office_nav_graphs.dir/all] Error 2
[0.895s] gmake[1]: *** Waiting for unfinished jobs....
[0.895s] Package 'rmf_building_map_tools' not found
[0.897s] Package 'rmf_building_map_tools' not found
[0.897s] Package 'rmf_building_map_tools' not found
[0.899s] Package 'rmf_building_map_tools' not found
[0.909s] gmake[2]: *** [CMakeFiles/generate_clinic_nav_graphs.dir/build.make:73: maps/clinic/nav_graphs/phony] Error 1
[0.909s] gmake[1]: *** [CMakeFiles/Makefile2:483: CMakeFiles/generate_clinic_nav_graphs.dir/all] Error 2
[0.910s] gmake[2]: *** [CMakeFiles/generate_campus_nav_graphs.dir/build.make:73: maps/campus/nav_graphs/phony] Error 1
[0.910s] gmake[2]: *** [CMakeFiles/update_model_cache.dir/build.make:70: CMakeFiles/update_model_cache] Error 1
[0.910s] gmake[1]: *** [CMakeFiles/Makefile2:171: CMakeFiles/update_model_cache.dir/all] Error 2
[0.910s] gmake[1]: *** [CMakeFiles/Makefile2:405: CMakeFiles/generate_campus_nav_graphs.dir/all] Error 2
[0.920s] gmake[2]: *** [CMakeFiles/generate_airport_terminal_nav_graphs.dir/build.make:73: maps/airport_terminal/nav_graphs/phony] Error 1
[0.920s] gmake[2]: *** [CMakeFiles/generate_battle_royale_nav_graphs.dir/build.make:73: maps/battle_royale/nav_graphs/phony] Error 1
[0.920s] gmake[1]: *** [CMakeFiles/Makefile2:249: CMakeFiles/generate_airport_terminal_nav_graphs.dir/all] Error 2
[0.920s] gmake[1]: *** [CMakeFiles/Makefile2:327: CMakeFiles/generate_battle_royale_nav_graphs.dir/all] Error 2
[0.921s] gmake[2]: *** [CMakeFiles/generate_hotel_nav_graphs.dir/build.make:73: maps/hotel/nav_graphs/phony] Error 1
[0.921s] gmake[1]: *** [CMakeFiles/Makefile2:561: CMakeFiles/generate_hotel_nav_graphs.dir/all] Error 2
[0.921s] gmake[2]: *** [CMakeFiles/generate_triple_H_nav_graphs.dir/build.make:73: maps/triple_H/nav_graphs/phony] Error 1
[0.921s] gmake[1]: *** [CMakeFiles/Makefile2:717: CMakeFiles/generate_triple_H_nav_graphs.dir/all] Error 2
[0.921s] gmake: *** [Makefile:146: all] Error 2
[0.924s] Invoked command in '/home/david/Documentos/GitHub/IR2134/first_project/src/build/rmf_demos_maps' returned '2': CMAKE_PREFIX_PATH=/opt/ros/humble:/home/david/Escritorio/ros2_ws/src/install/droneando /usr/bin/cmake --build /home/david/Documentos/GitHub/IR2134/first_project/src/build/rmf_demos_maps -- -j16 -l16
