[1.236s] Invoking command in '/ws/build/project_fleet_adapter': PYTHONPATH=/ws/build/project_fleet_adapter/prefix_override:/usr/lib/python3/dist-packages/colcon_core/task/python/colcon_distutils_commands:/ws/install/project_fleet_adapter/lib/python3.12/site-packages:${PYTHONPATH} /usr/bin/python3 -W ignore:setup.py install is deprecated -W ignore:easy_install command is deprecated setup.py develop --editable --build-directory /ws/build/project_fleet_adapter/build --no-deps symlink_data --force
[1.474s] running develop
[1.575s] running egg_info
[1.583s] writing project_fleet_adapter.egg-info/PKG-INFO
[1.584s] writing dependency_links to project_fleet_adapter.egg-info/dependency_links.txt
[1.584s] writing entry points to project_fleet_adapter.egg-info/entry_points.txt
[1.584s] writing requirements to project_fleet_adapter.egg-info/requires.txt
[1.584s] writing top-level names to project_fleet_adapter.egg-info/top_level.txt
[1.603s] reading manifest file 'project_fleet_adapter.egg-info/SOURCES.txt'
[1.603s] writing manifest file 'project_fleet_adapter.egg-info/SOURCES.txt'
[1.613s] running build_ext
[1.615s] Creating /ws/install/project_fleet_adapter/lib/python3.12/site-packages/project-fleet-adapter.egg-link (link to .)
[1.616s] Installing fleet_adapter script to /ws/install/project_fleet_adapter/lib/project_fleet_adapter
[1.616s] Installing fleet_manager script to /ws/install/project_fleet_adapter/lib/project_fleet_adapter
[1.616s] Installing manage_lane script to /ws/install/project_fleet_adapter/lib/project_fleet_adapter
[1.616s] 
[1.616s] Installed /ws/build/project_fleet_adapter
[1.617s] running symlink_data
[1.617s] symbolically linking /ws/build/project_fleet_adapter/resource/project_fleet_adapter -> /ws/install/project_fleet_adapter/share/ament_index/resource_index/packages
[1.617s] symbolically linking /ws/build/project_fleet_adapter/package.xml -> /ws/install/project_fleet_adapter/share/project_fleet_adapter
[1.617s] symbolically linking /ws/build/project_fleet_adapter/config.yaml -> /ws/install/project_fleet_adapter/share/project_fleet_adapter
[1.617s] symbolically linking /ws/build/project_fleet_adapter/launch/fleet_adapter.launch.xml -> /ws/install/project_fleet_adapter/share/project_fleet_adapter/launch
[1.644s] Invoked command in '/ws/build/project_fleet_adapter' returned '0': PYTHONPATH=/ws/build/project_fleet_adapter/prefix_override:/usr/lib/python3/dist-packages/colcon_core/task/python/colcon_distutils_commands:/ws/install/project_fleet_adapter/lib/python3.12/site-packages:${PYTHONPATH} /usr/bin/python3 -W ignore:setup.py install is deprecated -W ignore:easy_install command is deprecated setup.py develop --editable --build-directory /ws/build/project_fleet_adapter/build --no-deps symlink_data --force
