running egg_info
writing ../../build/project_tasks/project_tasks.egg-info/PKG-INFO
writing dependency_links to ../../build/project_tasks/project_tasks.egg-info/dependency_links.txt
writing entry points to ../../build/project_tasks/project_tasks.egg-info/entry_points.txt
writing requirements to ../../build/project_tasks/project_tasks.egg-info/requires.txt
writing top-level names to ../../build/project_tasks/project_tasks.egg-info/top_level.txt
reading manifest file '../../build/project_tasks/project_tasks.egg-info/SOURCES.txt'
writing manifest file '../../build/project_tasks/project_tasks.egg-info/SOURCES.txt'
running build
running build_py
running install
running install_lib
running install_data
running install_egg_info
removing '/ws/install/project_tasks/lib/python3.12/site-packages/project_tasks-0.0.0-py3.12.egg-info' (and everything under it)
Copying ../../build/project_tasks/project_tasks.egg-info to /ws/install/project_tasks/lib/python3.12/site-packages/project_tasks-0.0.0-py3.12.egg-info
running install_scripts
Installing dispatch_go_to script to /ws/install/project_tasks/lib/project_tasks
Installing dispatch_loop script to /ws/install/project_tasks/lib/project_tasks
Installing dispatch_patrol script to /ws/install/project_tasks/lib/project_tasks
writing list of installed files to '/ws/build/project_tasks/install.log'
