running develop
running egg_info
creating rmf_demos_fleet_adapter.egg-info
writing rmf_demos_fleet_adapter.egg-info/PKG-INFO
writing dependency_links to rmf_demos_fleet_adapter.egg-info/dependency_links.txt
writing entry points to rmf_demos_fleet_adapter.egg-info/entry_points.txt
writing requirements to rmf_demos_fleet_adapter.egg-info/requires.txt
writing top-level names to rmf_demos_fleet_adapter.egg-info/top_level.txt
writing manifest file 'rmf_demos_fleet_adapter.egg-info/SOURCES.txt'
reading manifest file 'rmf_demos_fleet_adapter.egg-info/SOURCES.txt'
writing manifest file 'rmf_demos_fleet_adapter.egg-info/SOURCES.txt'
running build_ext
Creating /ws/install/rmf_demos_fleet_adapter/lib/python3.12/site-packages/rmf-demos-fleet-adapter.egg-link (link to .)
Installing fleet_adapter script to /ws/install/rmf_demos_fleet_adapter/lib/rmf_demos_fleet_adapter
Installing fleet_manager script to /ws/install/rmf_demos_fleet_adapter/lib/rmf_demos_fleet_adapter
Installing manage_lane script to /ws/install/rmf_demos_fleet_adapter/lib/rmf_demos_fleet_adapter

Installed /ws/build/rmf_demos_fleet_adapter
running symlink_data
creating /ws/install/rmf_demos_fleet_adapter/share/ament_index
creating /ws/install/rmf_demos_fleet_adapter/share/ament_index/resource_index
creating /ws/install/rmf_demos_fleet_adapter/share/ament_index/resource_index/packages
symbolically linking /ws/build/rmf_demos_fleet_adapter/resource/rmf_demos_fleet_adapter -> /ws/install/rmf_demos_fleet_adapter/share/ament_index/resource_index/packages
symbolically linking /ws/build/rmf_demos_fleet_adapter/package.xml -> /ws/install/rmf_demos_fleet_adapter/share/rmf_demos_fleet_adapter
symbolically linking /ws/build/rmf_demos_fleet_adapter/config.yaml -> /ws/install/rmf_demos_fleet_adapter/share/rmf_demos_fleet_adapter
creating /ws/install/rmf_demos_fleet_adapter/share/rmf_demos_fleet_adapter/launch
symbolically linking /ws/build/rmf_demos_fleet_adapter/launch/fleet_adapter.launch.xml -> /ws/install/rmf_demos_fleet_adapter/share/rmf_demos_fleet_adapter/launch
