[0.446s] Invoking command in '/ws/build/project_fleet_adapter': PYTHONPATH=/ws/build/project_fleet_adapter/prefix_override:/usr/lib/python3/dist-packages/colcon_core/task/python/colcon_distutils_commands:/ws/install/project_fleet_adapter/lib/python3.12/site-packages:${PYTHONPATH} /usr/bin/python3 -W ignore:setup.py install is deprecated -W ignore:easy_install command is deprecated setup.py develop --uninstall --editable --build-directory /ws/build/project_fleet_adapter/build
[0.614s] running develop
[0.705s] Removing /ws/install/project_fleet_adapter/lib/python3.12/site-packages/project-fleet-adapter.egg-link (link to .)
[0.722s] Invoked command in '/ws/build/project_fleet_adapter' returned '0': PYTHONPATH=/ws/build/project_fleet_adapter/prefix_override:/usr/lib/python3/dist-packages/colcon_core/task/python/colcon_distutils_commands:/ws/install/project_fleet_adapter/lib/python3.12/site-packages:${PYTHONPATH} /usr/bin/python3 -W ignore:setup.py install is deprecated -W ignore:easy_install command is deprecated setup.py develop --uninstall --editable --build-directory /ws/build/project_fleet_adapter/build
[0.723s] Invoking command in '/ws/src/project_fleet_adapter': PYTHONPATH=/ws/build/project_fleet_adapter/prefix_override:/usr/lib/python3/dist-packages/colcon_core/task/python/colcon_distutils_commands:/ws/install/project_fleet_adapter/lib/python3.12/site-packages:${PYTHONPATH} /usr/bin/python3 -W ignore:setup.py install is deprecated -W ignore:easy_install command is deprecated setup.py egg_info --egg-base ../../build/project_fleet_adapter build --build-base /ws/build/project_fleet_adapter/build install --record /ws/build/project_fleet_adapter/install.log --single-version-externally-managed install_data --force
[0.859s] running egg_info
[0.866s] writing ../../build/project_fleet_adapter/project_fleet_adapter.egg-info/PKG-INFO
[0.866s] writing dependency_links to ../../build/project_fleet_adapter/project_fleet_adapter.egg-info/dependency_links.txt
[0.866s] writing entry points to ../../build/project_fleet_adapter/project_fleet_adapter.egg-info/entry_points.txt
[0.867s] writing requirements to ../../build/project_fleet_adapter/project_fleet_adapter.egg-info/requires.txt
[0.867s] writing top-level names to ../../build/project_fleet_adapter/project_fleet_adapter.egg-info/top_level.txt
[0.883s] reading manifest file '../../build/project_fleet_adapter/project_fleet_adapter.egg-info/SOURCES.txt'
[0.883s] writing manifest file '../../build/project_fleet_adapter/project_fleet_adapter.egg-info/SOURCES.txt'
[0.883s] running build
[0.883s] running build_py
[0.883s] creating /ws/build/project_fleet_adapter/build
[0.883s] creating /ws/build/project_fleet_adapter/build/lib
[0.883s] creating /ws/build/project_fleet_adapter/build/lib/project_fleet_adapter
[0.883s] copying project_fleet_adapter/__init__.py -> /ws/build/project_fleet_adapter/build/lib/project_fleet_adapter
[0.883s] copying project_fleet_adapter/RobotClientAPI.py -> /ws/build/project_fleet_adapter/build/lib/project_fleet_adapter
[0.883s] copying project_fleet_adapter/fleet_adapter.py -> /ws/build/project_fleet_adapter/build/lib/project_fleet_adapter
[0.884s] copying project_fleet_adapter/manage_lane.py -> /ws/build/project_fleet_adapter/build/lib/project_fleet_adapter
[0.884s] copying project_fleet_adapter/fleet_manager.py -> /ws/build/project_fleet_adapter/build/lib/project_fleet_adapter
[0.884s] creating /ws/build/project_fleet_adapter/build/lib/test
[0.884s] copying test/__init__.py -> /ws/build/project_fleet_adapter/build/lib/test
[0.884s] copying test/test_flake8.py -> /ws/build/project_fleet_adapter/build/lib/test
[0.884s] copying test/test_copyright.py -> /ws/build/project_fleet_adapter/build/lib/test
[0.884s] copying test/test_pep257.py -> /ws/build/project_fleet_adapter/build/lib/test
[0.884s] running install
[0.887s] running install_lib
[0.895s] creating /ws/install/project_fleet_adapter/lib/python3.12/site-packages/project_fleet_adapter
[0.895s] copying /ws/build/project_fleet_adapter/build/lib/project_fleet_adapter/__init__.py -> /ws/install/project_fleet_adapter/lib/python3.12/site-packages/project_fleet_adapter
[0.895s] copying /ws/build/project_fleet_adapter/build/lib/project_fleet_adapter/RobotClientAPI.py -> /ws/install/project_fleet_adapter/lib/python3.12/site-packages/project_fleet_adapter
[0.895s] copying /ws/build/project_fleet_adapter/build/lib/project_fleet_adapter/fleet_adapter.py -> /ws/install/project_fleet_adapter/lib/python3.12/site-packages/project_fleet_adapter
[0.895s] copying /ws/build/project_fleet_adapter/build/lib/project_fleet_adapter/manage_lane.py -> /ws/install/project_fleet_adapter/lib/python3.12/site-packages/project_fleet_adapter
[0.896s] copying /ws/build/project_fleet_adapter/build/lib/project_fleet_adapter/fleet_manager.py -> /ws/install/project_fleet_adapter/lib/python3.12/site-packages/project_fleet_adapter
[0.896s] creating /ws/install/project_fleet_adapter/lib/python3.12/site-packages/test
[0.896s] copying /ws/build/project_fleet_adapter/build/lib/test/__init__.py -> /ws/install/project_fleet_adapter/lib/python3.12/site-packages/test
[0.896s] copying /ws/build/project_fleet_adapter/build/lib/test/test_flake8.py -> /ws/install/project_fleet_adapter/lib/python3.12/site-packages/test
[0.896s] copying /ws/build/project_fleet_adapter/build/lib/test/test_copyright.py -> /ws/install/project_fleet_adapter/lib/python3.12/site-packages/test
[0.896s] copying /ws/build/project_fleet_adapter/build/lib/test/test_pep257.py -> /ws/install/project_fleet_adapter/lib/python3.12/site-packages/test
[0.896s] byte-compiling /ws/install/project_fleet_adapter/lib/python3.12/site-packages/project_fleet_adapter/__init__.py to __init__.cpython-312.pyc
[0.896s] byte-compiling /ws/install/project_fleet_adapter/lib/python3.12/site-packages/project_fleet_adapter/RobotClientAPI.py to RobotClientAPI.cpython-312.pyc
[0.898s] byte-compiling /ws/install/project_fleet_adapter/lib/python3.12/site-packages/project_fleet_adapter/fleet_adapter.py to fleet_adapter.cpython-312.pyc
[0.900s] byte-compiling /ws/install/project_fleet_adapter/lib/python3.12/site-packages/project_fleet_adapter/manage_lane.py to manage_lane.cpython-312.pyc
[0.900s] byte-compiling /ws/install/project_fleet_adapter/lib/python3.12/site-packages/project_fleet_adapter/fleet_manager.py to fleet_manager.cpython-312.pyc
[0.902s] byte-compiling /ws/install/project_fleet_adapter/lib/python3.12/site-packages/test/__init__.py to __init__.cpython-312.pyc
[0.902s] byte-compiling /ws/install/project_fleet_adapter/lib/python3.12/site-packages/test/test_flake8.py to test_flake8.cpython-312.pyc
[0.903s] byte-compiling /ws/install/project_fleet_adapter/lib/python3.12/site-packages/test/test_copyright.py to test_copyright.cpython-312.pyc
[0.903s] byte-compiling /ws/install/project_fleet_adapter/lib/python3.12/site-packages/test/test_pep257.py to test_pep257.cpython-312.pyc
[0.903s] running install_data
[0.903s] copying resource/project_fleet_adapter -> /ws/install/project_fleet_adapter/share/ament_index/resource_index/packages
[0.903s] copying package.xml -> /ws/install/project_fleet_adapter/share/project_fleet_adapter
[0.903s] copying config.yaml -> /ws/install/project_fleet_adapter/share/project_fleet_adapter
[0.903s] copying launch/fleet_adapter.launch.xml -> /ws/install/project_fleet_adapter/share/project_fleet_adapter/launch
[0.903s] running install_egg_info
[0.912s] Copying ../../build/project_fleet_adapter/project_fleet_adapter.egg-info to /ws/install/project_fleet_adapter/lib/python3.12/site-packages/project_fleet_adapter-2.8.1-py3.12.egg-info
[0.913s] running install_scripts
[0.979s] Installing fleet_adapter script to /ws/install/project_fleet_adapter/lib/project_fleet_adapter
[0.979s] Installing fleet_manager script to /ws/install/project_fleet_adapter/lib/project_fleet_adapter
[0.979s] Installing manage_lane script to /ws/install/project_fleet_adapter/lib/project_fleet_adapter
[0.979s] writing list of installed files to '/ws/build/project_fleet_adapter/install.log'
[0.995s] Invoked command in '/ws/src/project_fleet_adapter' returned '0': PYTHONPATH=/ws/build/project_fleet_adapter/prefix_override:/usr/lib/python3/dist-packages/colcon_core/task/python/colcon_distutils_commands:/ws/install/project_fleet_adapter/lib/python3.12/site-packages:${PYTHONPATH} /usr/bin/python3 -W ignore:setup.py install is deprecated -W ignore:easy_install command is deprecated setup.py egg_info --egg-base ../../build/project_fleet_adapter build --build-base /ws/build/project_fleet_adapter/build install --record /ws/build/project_fleet_adapter/install.log --single-version-externally-managed install_data --force
