/ws/install/project_fleet_adapter/lib/python3.12/site-packages/project_fleet_adapter/__init__.py
/ws/install/project_fleet_adapter/lib/python3.12/site-packages/project_fleet_adapter/RobotClientAPI.py
/ws/install/project_fleet_adapter/lib/python3.12/site-packages/project_fleet_adapter/fleet_adapter.py
/ws/install/project_fleet_adapter/lib/python3.12/site-packages/project_fleet_adapter/manage_lane.py
/ws/install/project_fleet_adapter/lib/python3.12/site-packages/project_fleet_adapter/fleet_manager.py
/ws/install/project_fleet_adapter/lib/python3.12/site-packages/test/__init__.py
/ws/install/project_fleet_adapter/lib/python3.12/site-packages/test/test_flake8.py
/ws/install/project_fleet_adapter/lib/python3.12/site-packages/test/test_copyright.py
/ws/install/project_fleet_adapter/lib/python3.12/site-packages/test/test_pep257.py
/ws/install/project_fleet_adapter/lib/python3.12/site-packages/project_fleet_adapter/__pycache__/__init__.cpython-312.pyc
/ws/install/project_fleet_adapter/lib/python3.12/site-packages/project_fleet_adapter/__pycache__/RobotClientAPI.cpython-312.pyc
/ws/install/project_fleet_adapter/lib/python3.12/site-packages/project_fleet_adapter/__pycache__/fleet_adapter.cpython-312.pyc
/ws/install/project_fleet_adapter/lib/python3.12/site-packages/project_fleet_adapter/__pycache__/manage_lane.cpython-312.pyc
/ws/install/project_fleet_adapter/lib/python3.12/site-packages/project_fleet_adapter/__pycache__/fleet_manager.cpython-312.pyc
/ws/install/project_fleet_adapter/lib/python3.12/site-packages/test/__pycache__/__init__.cpython-312.pyc
/ws/install/project_fleet_adapter/lib/python3.12/site-packages/test/__pycache__/test_flake8.cpython-312.pyc
/ws/install/project_fleet_adapter/lib/python3.12/site-packages/test/__pycache__/test_copyright.cpython-312.pyc
/ws/install/project_fleet_adapter/lib/python3.12/site-packages/test/__pycache__/test_pep257.cpython-312.pyc
/ws/install/project_fleet_adapter/share/ament_index/resource_index/packages/project_fleet_adapter
/ws/install/project_fleet_adapter/share/project_fleet_adapter/package.xml
/ws/install/project_fleet_adapter/share/project_fleet_adapter/config.yaml
/ws/install/project_fleet_adapter/share/project_fleet_adapter/launch/fleet_adapter.launch.xml
/ws/install/project_fleet_adapter/lib/python3.12/site-packages/project_fleet_adapter-2.8.1-py3.12.egg-info/PKG-INFO
/ws/install/project_fleet_adapter/lib/python3.12/site-packages/project_fleet_adapter-2.8.1-py3.12.egg-info/dependency_links.txt
/ws/install/project_fleet_adapter/lib/python3.12/site-packages/project_fleet_adapter-2.8.1-py3.12.egg-info/top_level.txt
/ws/install/project_fleet_adapter/lib/python3.12/site-packages/project_fleet_adapter-2.8.1-py3.12.egg-info/entry_points.txt
/ws/install/project_fleet_adapter/lib/python3.12/site-packages/project_fleet_adapter-2.8.1-py3.12.egg-info/zip-safe
/ws/install/project_fleet_adapter/lib/python3.12/site-packages/project_fleet_adapter-2.8.1-py3.12.egg-info/requires.txt
/ws/install/project_fleet_adapter/lib/python3.12/site-packages/project_fleet_adapter-2.8.1-py3.12.egg-info/SOURCES.txt
/ws/install/project_fleet_adapter/lib/project_fleet_adapter/fleet_adapter
/ws/install/project_fleet_adapter/lib/project_fleet_adapter/fleet_manager
/ws/install/project_fleet_adapter/lib/project_fleet_adapter/manage_lane
