-- Found ament_cmake: 2.5.4 (/opt/ros/jazzy/share/ament_cmake/cmake)
-- Override CMake install command with custom implementation using symlinks instead of copying resources
-- Found ament_lint_auto: 0.17.3 (/opt/ros/jazzy/share/ament_lint_auto/cmake)
-- Added test 'flake8' to check Python code syntax and style conventions
-- Configured 'flake8' exclude dirs and/or files: 
-- Added test 'lint_cmake' to check CMake code style
-- Added test 'pep257' to check Python code against some of the docstring style conventions in PEP 257
-- Added test 'xmllint' to check XML markup files
-- Configuring done (0.4s)
-- Generating done (0.0s)
-- Build files have been written to: /ws/build/large_project
-- Install configuration: ""
-- Execute custom install script
-- Symlinking: /ws/install/large_project/share/large_project/launch/estce.launch.xml
-- Symlinking: /ws/install/large_project/share/large_project/launch/simulation.launch.xml
-- Symlinking: /ws/install/large_project/share/large_project/launch/test1.launch.xml
-- Symlinking: /ws/install/large_project/share/large_project/config/launch/.common.launch.xml.kate-swp
-- Symlinking: /ws/install/large_project/share/large_project/config/launch/common.launch.xml
-- Symlinking: /ws/install/large_project/share/large_project/config/launch/estce_core.launch.xml
-- Symlinking: /ws/install/large_project/share/large_project/config/launch/test1.launch.xml
-- Symlinking: /ws/install/large_project/share/large_project/config/launch/test1.xml
-- Symlinking: /ws/install/large_project/share/large_project/config/test1/cleanerBotA_config.yaml
-- Symlinking: /ws/install/large_project/share/large_project/config/test1/tinyRobot2_config.yaml
-- Symlinking: /ws/install/large_project/share/large_project/config/test1/tinyRobot_config.yaml
-- Symlinking: /ws/install/large_project/share/large_project/maps/Nivel 0 - TD_n0-1.png
-- Symlinking: /ws/install/large_project/share/large_project/maps/Nivel 1 - TD_n1-1.png
-- Symlinking: /ws/install/large_project/share/large_project/maps/build/.built_by
-- Symlinking: /ws/install/large_project/share/large_project/maps/build/COLCON_IGNORE
-- Symlinking: /ws/install/large_project/share/large_project/maps/estce.building.yaml
-- Symlinking: /ws/install/large_project/share/large_project/maps/estce.world
-- Symlinking: /ws/install/large_project/share/large_project/maps/estce_L1/meshes/blue_linoleum.png
-- Symlinking: /ws/install/large_project/share/large_project/maps/estce_L1/meshes/default.png
-- Symlinking: /ws/install/large_project/share/large_project/maps/estce_L1/meshes/floor_1.mtl
-- Symlinking: /ws/install/large_project/share/large_project/maps/estce_L1/meshes/floor_1.obj
-- Symlinking: /ws/install/large_project/share/large_project/maps/estce_L1/meshes/model.material
-- Symlinking: /ws/install/large_project/share/large_project/maps/estce_L1/meshes/wall_1.mtl
-- Symlinking: /ws/install/large_project/share/large_project/maps/estce_L1/meshes/wall_1.obj
-- Symlinking: /ws/install/large_project/share/large_project/maps/estce_L1/model.config
-- Symlinking: /ws/install/large_project/share/large_project/maps/estce_L1/model.sdf
-- Symlinking: /ws/install/large_project/share/large_project/maps/estce_L2/meshes/blue_linoleum.png
-- Symlinking: /ws/install/large_project/share/large_project/maps/estce_L2/meshes/default.png
-- Symlinking: /ws/install/large_project/share/large_project/maps/estce_L2/meshes/floor_1.mtl
-- Symlinking: /ws/install/large_project/share/large_project/maps/estce_L2/meshes/floor_1.obj
-- Symlinking: /ws/install/large_project/share/large_project/maps/estce_L2/meshes/model.material
-- Symlinking: /ws/install/large_project/share/large_project/maps/estce_L2/meshes/wall_1.mtl
-- Symlinking: /ws/install/large_project/share/large_project/maps/estce_L2/meshes/wall_1.obj
-- Symlinking: /ws/install/large_project/share/large_project/maps/estce_L2/model.config
-- Symlinking: /ws/install/large_project/share/large_project/maps/estce_L2/model.sdf
-- Symlinking: /ws/install/large_project/share/large_project/maps/estce_world/estce_L1/meshes/blue_linoleum.png
-- Symlinking: /ws/install/large_project/share/large_project/maps/estce_world/estce_L1/meshes/default.png
-- Symlinking: /ws/install/large_project/share/large_project/maps/estce_world/estce_L1/meshes/floor_1.mtl
-- Symlinking: /ws/install/large_project/share/large_project/maps/estce_world/estce_L1/meshes/floor_1.obj
-- Symlinking: /ws/install/large_project/share/large_project/maps/estce_world/estce_L1/meshes/model.material
-- Symlinking: /ws/install/large_project/share/large_project/maps/estce_world/estce_L1/meshes/wall_1.mtl
-- Symlinking: /ws/install/large_project/share/large_project/maps/estce_world/estce_L1/meshes/wall_1.obj
-- Symlinking: /ws/install/large_project/share/large_project/maps/estce_world/estce_L1/model.config
-- Symlinking: /ws/install/large_project/share/large_project/maps/estce_world/estce_L1/model.sdf
-- Symlinking: /ws/install/large_project/share/large_project/maps/estce_world/estce_L2/meshes/blue_linoleum.png
-- Symlinking: /ws/install/large_project/share/large_project/maps/estce_world/estce_L2/meshes/default.png
-- Symlinking: /ws/install/large_project/share/large_project/maps/estce_world/estce_L2/meshes/floor_1.mtl
-- Symlinking: /ws/install/large_project/share/large_project/maps/estce_world/estce_L2/meshes/floor_1.obj
-- Symlinking: /ws/install/large_project/share/large_project/maps/estce_world/estce_L2/meshes/model.material
-- Symlinking: /ws/install/large_project/share/large_project/maps/estce_world/estce_L2/meshes/wall_1.mtl
-- Symlinking: /ws/install/large_project/share/large_project/maps/estce_world/estce_L2/meshes/wall_1.obj
-- Symlinking: /ws/install/large_project/share/large_project/maps/estce_world/estce_L2/model.config
-- Symlinking: /ws/install/large_project/share/large_project/maps/estce_world/estce_L2/model.sdf
-- Symlinking: /ws/install/large_project/share/large_project/maps/install/.colcon_install_layout
-- Symlinking: /ws/install/large_project/share/large_project/maps/install/COLCON_IGNORE
-- Symlinking: /ws/install/large_project/share/large_project/maps/install/_local_setup_util_ps1.py
-- Symlinking: /ws/install/large_project/share/large_project/maps/install/_local_setup_util_sh.py
-- Symlinking: /ws/install/large_project/share/large_project/maps/install/local_setup.bash
-- Symlinking: /ws/install/large_project/share/large_project/maps/install/local_setup.ps1
-- Symlinking: /ws/install/large_project/share/large_project/maps/install/local_setup.sh
-- Symlinking: /ws/install/large_project/share/large_project/maps/install/local_setup.zsh
-- Symlinking: /ws/install/large_project/share/large_project/maps/install/setup.bash
-- Symlinking: /ws/install/large_project/share/large_project/maps/install/setup.ps1
-- Symlinking: /ws/install/large_project/share/large_project/maps/install/setup.sh
-- Symlinking: /ws/install/large_project/share/large_project/maps/install/setup.zsh
-- Symlinking: /ws/install/large_project/share/large_project/maps/log/COLCON_IGNORE
-- Symlinking: /ws/install/large_project/share/large_project/maps/log/build_2026-02-16_12-01-49/events.log
-- Symlinking: /ws/install/large_project/share/large_project/maps/log/build_2026-02-16_12-01-49/logger_all.log
-- Symlinking: /ws/install/large_project/share/large_project/maps/log/latest
-- Symlinking: /ws/install/large_project/share/large_project/maps/log/latest_build
-- Symlinking: /ws/install/large_project/share/large_project/maps/models/estce_L1/meshes/blue_linoleum.png
-- Symlinking: /ws/install/large_project/share/large_project/maps/models/estce_L1/meshes/default.png
-- Symlinking: /ws/install/large_project/share/large_project/maps/models/estce_L1/meshes/floor_1.mtl
-- Symlinking: /ws/install/large_project/share/large_project/maps/models/estce_L1/meshes/floor_1.obj
-- Symlinking: /ws/install/large_project/share/large_project/maps/models/estce_L1/meshes/model.material
-- Symlinking: /ws/install/large_project/share/large_project/maps/models/estce_L1/meshes/wall_1.mtl
-- Symlinking: /ws/install/large_project/share/large_project/maps/models/estce_L1/meshes/wall_1.obj
-- Symlinking: /ws/install/large_project/share/large_project/maps/models/estce_L1/model.config
-- Symlinking: /ws/install/large_project/share/large_project/maps/models/estce_L1/model.sdf
-- Symlinking: /ws/install/large_project/share/large_project/maps/models/estce_L2/meshes/blue_linoleum.png
-- Symlinking: /ws/install/large_project/share/large_project/maps/models/estce_L2/meshes/default.png
-- Symlinking: /ws/install/large_project/share/large_project/maps/models/estce_L2/meshes/floor_1.mtl
-- Symlinking: /ws/install/large_project/share/large_project/maps/models/estce_L2/meshes/floor_1.obj
-- Symlinking: /ws/install/large_project/share/large_project/maps/models/estce_L2/meshes/model.material
-- Symlinking: /ws/install/large_project/share/large_project/maps/models/estce_L2/meshes/wall_1.mtl
-- Symlinking: /ws/install/large_project/share/large_project/maps/models/estce_L2/meshes/wall_1.obj
-- Symlinking: /ws/install/large_project/share/large_project/maps/models/estce_L2/model.config
-- Symlinking: /ws/install/large_project/share/large_project/maps/models/estce_L2/model.sdf
-- Symlinking: /ws/install/large_project/share/large_project/maps/nav_graphs/0.yaml
-- Symlinking: /ws/install/large_project/share/large_project/maps/nav_graphs/1.yaml
-- Symlinking: /ws/install/large_project/share/large_project/maps/nav_graphs/2.yaml
-- Symlinking: /ws/install/large_project/share/large_project/maps/test1/nav_graphs/1.yaml
-- Symlinking: /ws/install/large_project/share/large_project/maps/test1/test1.building.yaml
-- Symlinking: /ws/install/large_project/share/large_project/maps/test1_ign/models/first_building_L1/meshes/blue_linoleum.png
-- Symlinking: /ws/install/large_project/share/large_project/maps/test1_ign/models/first_building_L1/meshes/default.png
-- Symlinking: /ws/install/large_project/share/large_project/maps/test1_ign/models/first_building_L1/meshes/floor_1.mtl
-- Symlinking: /ws/install/large_project/share/large_project/maps/test1_ign/models/first_building_L1/meshes/floor_1.obj
-- Symlinking: /ws/install/large_project/share/large_project/maps/test1_ign/models/first_building_L1/meshes/model.material
-- Symlinking: /ws/install/large_project/share/large_project/maps/test1_ign/models/first_building_L1/meshes/wall_1.mtl
-- Symlinking: /ws/install/large_project/share/large_project/maps/test1_ign/models/first_building_L1/meshes/wall_1.obj
-- Symlinking: /ws/install/large_project/share/large_project/maps/test1_ign/models/first_building_L1/model.config
-- Symlinking: /ws/install/large_project/share/large_project/maps/test1_ign/models/first_building_L1/model.sdf
-- Symlinking: /ws/install/large_project/share/large_project/maps/test1_ign/models/first_building_L2/meshes/blue_linoleum.png
-- Symlinking: /ws/install/large_project/share/large_project/maps/test1_ign/models/first_building_L2/meshes/default.png
-- Symlinking: /ws/install/large_project/share/large_project/maps/test1_ign/models/first_building_L2/meshes/floor_1.mtl
-- Symlinking: /ws/install/large_project/share/large_project/maps/test1_ign/models/first_building_L2/meshes/floor_1.obj
-- Symlinking: /ws/install/large_project/share/large_project/maps/test1_ign/models/first_building_L2/meshes/model.material
-- Symlinking: /ws/install/large_project/share/large_project/maps/test1_ign/models/first_building_L2/meshes/wall_1.mtl
-- Symlinking: /ws/install/large_project/share/large_project/maps/test1_ign/models/first_building_L2/meshes/wall_1.obj
-- Symlinking: /ws/install/large_project/share/large_project/maps/test1_ign/models/first_building_L2/model.config
-- Symlinking: /ws/install/large_project/share/large_project/maps/test1_ign/models/first_building_L2/model.sdf
-- Symlinking: /ws/install/large_project/share/large_project/maps/test1_ign/test1.world
-- Symlinking: /ws/install/large_project/share/large_project/rviz_config/my_rviz_config.rviz
-- Symlinking: /ws/install/large_project/share/large_project/buildings/estce.world
-- Symlinking: /ws/install/large_project/share/large_project/buildings/estce_world/estce_L1/meshes/blue_linoleum.png
-- Symlinking: /ws/install/large_project/share/large_project/buildings/estce_world/estce_L1/meshes/default.png
-- Symlinking: /ws/install/large_project/share/large_project/buildings/estce_world/estce_L1/meshes/floor_1.mtl
-- Symlinking: /ws/install/large_project/share/large_project/buildings/estce_world/estce_L1/meshes/floor_1.obj
-- Symlinking: /ws/install/large_project/share/large_project/buildings/estce_world/estce_L1/meshes/model.material
-- Symlinking: /ws/install/large_project/share/large_project/buildings/estce_world/estce_L1/meshes/wall_1.mtl
-- Symlinking: /ws/install/large_project/share/large_project/buildings/estce_world/estce_L1/meshes/wall_1.obj
-- Symlinking: /ws/install/large_project/share/large_project/buildings/estce_world/estce_L1/model.config
-- Symlinking: /ws/install/large_project/share/large_project/buildings/estce_world/estce_L1/model.sdf
-- Symlinking: /ws/install/large_project/share/large_project/buildings/estce_world/estce_L2/meshes/blue_linoleum.png
-- Symlinking: /ws/install/large_project/share/large_project/buildings/estce_world/estce_L2/meshes/default.png
-- Symlinking: /ws/install/large_project/share/large_project/buildings/estce_world/estce_L2/meshes/floor_1.mtl
-- Symlinking: /ws/install/large_project/share/large_project/buildings/estce_world/estce_L2/meshes/floor_1.obj
-- Symlinking: /ws/install/large_project/share/large_project/buildings/estce_world/estce_L2/meshes/model.material
-- Symlinking: /ws/install/large_project/share/large_project/buildings/estce_world/estce_L2/meshes/wall_1.mtl
-- Symlinking: /ws/install/large_project/share/large_project/buildings/estce_world/estce_L2/meshes/wall_1.obj
-- Symlinking: /ws/install/large_project/share/large_project/buildings/estce_world/estce_L2/model.config
-- Symlinking: /ws/install/large_project/share/large_project/buildings/estce_world/estce_L2/model.sdf
-- Symlinking: /ws/install/large_project/share/large_project/buildings/models/AdjTable/meshes/AdjTable.mtl
-- Symlinking: /ws/install/large_project/share/large_project/buildings/models/AdjTable/meshes/AdjTable.obj
-- Symlinking: /ws/install/large_project/share/large_project/buildings/models/AdjTable/meshes/AdjTable_Col.mtl
-- Symlinking: /ws/install/large_project/share/large_project/buildings/models/AdjTable/meshes/AdjTable_Col.obj
-- Symlinking: /ws/install/large_project/share/large_project/buildings/models/AdjTable/meshes/AdjTable_Diffuse.png
-- Symlinking: /ws/install/large_project/share/large_project/buildings/models/AdjTable/model.config
-- Symlinking: /ws/install/large_project/share/large_project/buildings/models/AdjTable/model.sdf
-- Symlinking: /ws/install/large_project/share/large_project/buildings/models/AdjTable/thumbnails/1.png
-- Symlinking: /ws/install/large_project/share/large_project/buildings/models/AdjTable/thumbnails/2.png
-- Symlinking: /ws/install/large_project/share/large_project/buildings/models/AdjTable/thumbnails/3.png
-- Symlinking: /ws/install/large_project/share/large_project/buildings/models/AdjTable/thumbnails/4.png
-- Symlinking: /ws/install/large_project/share/large_project/buildings/models/AdjTable/thumbnails/5.png
-- Symlinking: /ws/install/large_project/share/large_project/buildings/models/BathroomSink/LICENSE
-- Symlinking: /ws/install/large_project/share/large_project/buildings/models/BathroomSink/meshes/BathroomSink.mtl
-- Symlinking: /ws/install/large_project/share/large_project/buildings/models/BathroomSink/meshes/BathroomSink.obj
-- Symlinking: /ws/install/large_project/share/large_project/buildings/models/BathroomSink/meshes/BathroomSink_Col.mtl
-- Symlinking: /ws/install/large_project/share/large_project/buildings/models/BathroomSink/meshes/BathroomSink_Col.obj
-- Symlinking: /ws/install/large_project/share/large_project/buildings/models/BathroomSink/meshes/BathroomSink_Diffuse.png
-- Symlinking: /ws/install/large_project/share/large_project/buildings/models/BathroomSink/meshes/BathroomSink_Metal.png
-- Symlinking: /ws/install/large_project/share/large_project/buildings/models/BathroomSink/meshes/BathroomSink_Rough.png
-- Symlinking: /ws/install/large_project/share/large_project/buildings/models/BathroomSink/model.config
-- Symlinking: /ws/install/large_project/share/large_project/buildings/models/BathroomSink/model.sdf
-- Symlinking: /ws/install/large_project/share/large_project/buildings/models/BathroomSink/thumbnails/1.png
-- Symlinking: /ws/install/large_project/share/large_project/buildings/models/BathroomSink/thumbnails/2.png
-- Symlinking: /ws/install/large_project/share/large_project/buildings/models/BathroomSink/thumbnails/3.png
-- Symlinking: /ws/install/large_project/share/large_project/buildings/models/BathroomSink/thumbnails/4.png
-- Symlinking: /ws/install/large_project/share/large_project/buildings/models/BathroomSink/thumbnails/5.png
-- Symlinking: /ws/install/large_project/share/large_project/buildings/models/Caddy/materials/scripts/polaris.material
-- Symlinking: /ws/install/large_project/share/large_project/buildings/models/Caddy/materials/textures/FNR_switch_F.png
-- Symlinking: /ws/install/large_project/share/large_project/buildings/models/Caddy/materials/textures/FNR_switch_R.png
-- Symlinking: /ws/install/large_project/share/large_project/buildings/models/Caddy/materials/textures/Ranger_Diffuse.png
-- Symlinking: /ws/install/large_project/share/large_project/buildings/models/Caddy/materials/textures/Ranger_Spec.png
-- Symlinking: /ws/install/large_project/share/large_project/buildings/models/Caddy/meshes/polaris.dae
-- Symlinking: /ws/install/large_project/share/large_project/buildings/models/Caddy/model-1_3.sdf
-- Symlinking: /ws/install/large_project/share/large_project/buildings/models/Caddy/model-1_4.sdf
-- Symlinking: /ws/install/large_project/share/large_project/buildings/models/Caddy/model.config
-- Symlinking: /ws/install/large_project/share/large_project/buildings/models/Caddy/model.sdf
-- Symlinking: /ws/install/large_project/share/large_project/buildings/models/Chair/LICENSE
-- Symlinking: /ws/install/large_project/share/large_project/buildings/models/Chair/meshes/Chair.mtl
-- Symlinking: /ws/install/large_project/share/large_project/buildings/models/Chair/meshes/Chair.obj
-- Symlinking: /ws/install/large_project/share/large_project/buildings/models/Chair/meshes/Chair.png
-- Symlinking: /ws/install/large_project/share/large_project/buildings/models/Chair/meshes/Chair_Diffuse.png
-- Symlinking: /ws/install/large_project/share/large_project/buildings/models/Chair/meshes/Chair_Normal.png
-- Symlinking: /ws/install/large_project/share/large_project/buildings/models/Chair/meshes/Chair_SpecGloss.png
-- Symlinking: /ws/install/large_project/share/large_project/buildings/models/Chair/model.config
-- Symlinking: /ws/install/large_project/share/large_project/buildings/models/Chair/model.sdf
-- Symlinking: /ws/install/large_project/share/large_project/buildings/models/Chair/thumbnails/1.png
-- Symlinking: /ws/install/large_project/share/large_project/buildings/models/Chair/thumbnails/2.png
-- Symlinking: /ws/install/large_project/share/large_project/buildings/models/Chair/thumbnails/3.png
-- Symlinking: /ws/install/large_project/share/large_project/buildings/models/Chair/thumbnails/4.png
-- Symlinking: /ws/install/large_project/share/large_project/buildings/models/Chair/thumbnails/5.png
-- Symlinking: /ws/install/large_project/share/large_project/buildings/models/CleanerBotA/meshes/CleanerBotA.mtl
-- Symlinking: /ws/install/large_project/share/large_project/buildings/models/CleanerBotA/meshes/CleanerBotA.obj
-- Symlinking: /ws/install/large_project/share/large_project/buildings/models/CleanerBotA/meshes/CleanerBotA_Diffuse.png
-- Symlinking: /ws/install/large_project/share/large_project/buildings/models/CleanerBotA/meshes/CleanerBotA_WheelBack.mtl
-- Symlinking: /ws/install/large_project/share/large_project/buildings/models/CleanerBotA/meshes/CleanerBotA_WheelBack.obj
-- Symlinking: /ws/install/large_project/share/large_project/buildings/models/CleanerBotA/meshes/CleanerBotA_WheelFront.mtl
-- Symlinking: /ws/install/large_project/share/large_project/buildings/models/CleanerBotA/meshes/CleanerBotA_WheelFront.obj
-- Symlinking: /ws/install/large_project/share/large_project/buildings/models/CleanerBotA/model.config
-- Symlinking: /ws/install/large_project/share/large_project/buildings/models/CleanerBotA/model.sdf
-- Symlinking: /ws/install/large_project/share/large_project/buildings/models/CleanerBotE/meshes/CleanerBotE.mtl
-- Symlinking: /ws/install/large_project/share/large_project/buildings/models/CleanerBotE/meshes/CleanerBotE.obj
-- Symlinking: /ws/install/large_project/share/large_project/buildings/models/CleanerBotE/meshes/CleanerBotE_Col.mtl
-- Symlinking: /ws/install/large_project/share/large_project/buildings/models/CleanerBotE/meshes/CleanerBotE_Col.obj
-- Symlinking: /ws/install/large_project/share/large_project/buildings/models/CleanerBotE/meshes/CleanerBotE_Diffuse.png
-- Symlinking: /ws/install/large_project/share/large_project/buildings/models/CleanerBotE/meshes/CleanerBotE_Wheel.mtl
-- Symlinking: /ws/install/large_project/share/large_project/buildings/models/CleanerBotE/meshes/CleanerBotE_Wheel.obj
-- Symlinking: /ws/install/large_project/share/large_project/buildings/models/CleanerBotE/model.config
-- Symlinking: /ws/install/large_project/share/large_project/buildings/models/CleanerBotE/model.sdf
-- Symlinking: /ws/install/large_project/share/large_project/buildings/models/CleaningSection/LICENSE
-- Symlinking: /ws/install/large_project/share/large_project/buildings/models/CleaningSection/meshes/Blue.png
-- Symlinking: /ws/install/large_project/share/large_project/buildings/models/CleaningSection/meshes/Bucket.png
-- Symlinking: /ws/install/large_project/share/large_project/buildings/models/CleaningSection/meshes/Cart.png
-- Symlinking: /ws/install/large_project/share/large_project/buildings/models/CleaningSection/meshes/CleaningSection.mtl
-- Symlinking: /ws/install/large_project/share/large_project/buildings/models/CleaningSection/meshes/CleaningSection.obj
-- Symlinking: /ws/install/large_project/share/large_project/buildings/models/CleaningSection/meshes/Duster.png
-- Symlinking: /ws/install/large_project/share/large_project/buildings/models/CleaningSection/meshes/Glove.png
-- Symlinking: /ws/install/large_project/share/large_project/buildings/models/CleaningSection/meshes/Mop.png
-- Symlinking: /ws/install/large_project/share/large_project/buildings/models/CleaningSection/meshes/Red.png
-- Symlinking: /ws/install/large_project/share/large_project/buildings/models/CleaningSection/meshes/Spray.png
-- Symlinking: /ws/install/large_project/share/large_project/buildings/models/CleaningSection/model.config
-- Symlinking: /ws/install/large_project/share/large_project/buildings/models/CleaningSection/model.sdf
-- Symlinking: /ws/install/large_project/share/large_project/buildings/models/CleaningSection/thumbnails/1.png
-- Symlinking: /ws/install/large_project/share/large_project/buildings/models/CleaningSection/thumbnails/2.png
-- Symlinking: /ws/install/large_project/share/large_project/buildings/models/CleaningSection/thumbnails/3.png
-- Symlinking: /ws/install/large_project/share/large_project/buildings/models/CleaningSection/thumbnails/4.png
-- Symlinking: /ws/install/large_project/share/large_project/buildings/models/CleaningSection/thumbnails/5.png
-- Symlinking: /ws/install/large_project/share/large_project/buildings/models/CoffeeTable/LICENSE
-- Symlinking: /ws/install/large_project/share/large_project/buildings/models/CoffeeTable/meshes/CoffeeTable.mtl
-- Symlinking: /ws/install/large_project/share/large_project/buildings/models/CoffeeTable/meshes/CoffeeTable.obj
-- Symlinking: /ws/install/large_project/share/large_project/buildings/models/CoffeeTable/meshes/CoffeeTable_Diffuse.png
-- Symlinking: /ws/install/large_project/share/large_project/buildings/models/CoffeeTable/meshes/CoffeeTable_Normal.png
-- Symlinking: /ws/install/large_project/share/large_project/buildings/models/CoffeeTable/meshes/CoffeeTable_SpecGloss.png
-- Symlinking: /ws/install/large_project/share/large_project/buildings/models/CoffeeTable/model.config
-- Symlinking: /ws/install/large_project/share/large_project/buildings/models/CoffeeTable/model.sdf
-- Symlinking: /ws/install/large_project/share/large_project/buildings/models/CoffeeTable/thumbnails/1.png
-- Symlinking: /ws/install/large_project/share/large_project/buildings/models/CoffeeTable/thumbnails/2.png
-- Symlinking: /ws/install/large_project/share/large_project/buildings/models/CoffeeTable/thumbnails/3.png
-- Symlinking: /ws/install/large_project/share/large_project/buildings/models/CoffeeTable/thumbnails/4.png
-- Symlinking: /ws/install/large_project/share/large_project/buildings/models/CoffeeTable/thumbnails/5.png
-- Symlinking: /ws/install/large_project/share/large_project/buildings/models/Coke/LICENSE
-- Symlinking: /ws/install/large_project/share/large_project/buildings/models/Coke/materials/coke.png
-- Symlinking: /ws/install/large_project/share/large_project/buildings/models/Coke/meshes/coke.mtl
-- Symlinking: /ws/install/large_project/share/large_project/buildings/models/Coke/meshes/coke.obj
-- Symlinking: /ws/install/large_project/share/large_project/buildings/models/Coke/model.config
-- Symlinking: /ws/install/large_project/share/large_project/buildings/models/Coke/model.sdf
-- Symlinking: /ws/install/large_project/share/large_project/buildings/models/Coke/thumbnails/1.png
-- Symlinking: /ws/install/large_project/share/large_project/buildings/models/Coke/thumbnails/2.png
-- Symlinking: /ws/install/large_project/share/large_project/buildings/models/Coke/thumbnails/3.png
-- Symlinking: /ws/install/large_project/share/large_project/buildings/models/Coke/thumbnails/4.png
-- Symlinking: /ws/install/large_project/share/large_project/buildings/models/Coke/thumbnails/5.png
-- Symlinking: /ws/install/large_project/share/large_project/buildings/models/Construction Cone/LICENSE
-- Symlinking: /ws/install/large_project/share/large_project/buildings/models/Construction Cone/materials/textures/Construction_Cone_Diffuse.png
-- Symlinking: /ws/install/large_project/share/large_project/buildings/models/Construction Cone/meshes/construction_cone.dae
-- Symlinking: /ws/install/large_project/share/large_project/buildings/models/Construction Cone/model-1_3.sdf
-- Symlinking: /ws/install/large_project/share/large_project/buildings/models/Construction Cone/model-1_4.sdf
-- Symlinking: /ws/install/large_project/share/large_project/buildings/models/Construction Cone/model.config
-- Symlinking: /ws/install/large_project/share/large_project/buildings/models/Construction Cone/model.sdf
-- Symlinking: /ws/install/large_project/share/large_project/buildings/models/Construction Cone/thumbnails/1.png
-- Symlinking: /ws/install/large_project/share/large_project/buildings/models/Construction Cone/thumbnails/2.png
-- Symlinking: /ws/install/large_project/share/large_project/buildings/models/Construction Cone/thumbnails/3.png
-- Symlinking: /ws/install/large_project/share/large_project/buildings/models/Construction Cone/thumbnails/4.png
-- Symlinking: /ws/install/large_project/share/large_project/buildings/models/Construction Cone/thumbnails/5.png
-- Symlinking: /ws/install/large_project/share/large_project/buildings/models/DeliveryRobot/meshes/DeliveryRobot_Diffuse.png
-- Symlinking: /ws/install/large_project/share/large_project/buildings/models/DeliveryRobot/meshes/WheelMain.mtl
-- Symlinking: /ws/install/large_project/share/large_project/buildings/models/DeliveryRobot/meshes/WheelMain.obj
-- Symlinking: /ws/install/large_project/share/large_project/buildings/models/DeliveryRobot/meshes/WheelSide.mtl
-- Symlinking: /ws/install/large_project/share/large_project/buildings/models/DeliveryRobot/meshes/WheelSide.obj
-- Symlinking: /ws/install/large_project/share/large_project/buildings/models/DeliveryRobot/meshes/body.mtl
-- Symlinking: /ws/install/large_project/share/large_project/buildings/models/DeliveryRobot/meshes/body.obj
-- Symlinking: /ws/install/large_project/share/large_project/buildings/models/DeliveryRobot/model.config
-- Symlinking: /ws/install/large_project/share/large_project/buildings/models/DeliveryRobot/model.sdf
-- Symlinking: /ws/install/large_project/share/large_project/buildings/models/Desk/LICENSE
-- Symlinking: /ws/install/large_project/share/large_project/buildings/models/Desk/meshes/Desk_Diffuse.png
-- Symlinking: /ws/install/large_project/share/large_project/buildings/models/Desk/meshes/desk.mtl
-- Symlinking: /ws/install/large_project/share/large_project/buildings/models/Desk/meshes/desk.obj
-- Symlinking: /ws/install/large_project/share/large_project/buildings/models/Desk/model.config
-- Symlinking: /ws/install/large_project/share/large_project/buildings/models/Desk/model.sdf
-- Symlinking: /ws/install/large_project/share/large_project/buildings/models/Desk/thumbnails/1.png
-- Symlinking: /ws/install/large_project/share/large_project/buildings/models/Desk/thumbnails/2.png
-- Symlinking: /ws/install/large_project/share/large_project/buildings/models/Desk/thumbnails/3.png
-- Symlinking: /ws/install/large_project/share/large_project/buildings/models/Desk/thumbnails/4.png
-- Symlinking: /ws/install/large_project/share/large_project/buildings/models/Desk/thumbnails/5.png
-- Symlinking: /ws/install/large_project/share/large_project/buildings/models/DigitalKiosk/LICENSE
-- Symlinking: /ws/install/large_project/share/large_project/buildings/models/DigitalKiosk/meshes/DigitalKiosk.mtl
-- Symlinking: /ws/install/large_project/share/large_project/buildings/models/DigitalKiosk/meshes/DigitalKiosk.obj
-- Symlinking: /ws/install/large_project/share/large_project/buildings/models/DigitalKiosk/meshes/DigitalKiosk_Col.mtl
-- Symlinking: /ws/install/large_project/share/large_project/buildings/models/DigitalKiosk/meshes/DigitalKiosk_Col.obj
-- Symlinking: /ws/install/large_project/share/large_project/buildings/models/DigitalKiosk/meshes/DigitalKiosk_Diffuse.png
-- Symlinking: /ws/install/large_project/share/large_project/buildings/models/DigitalKiosk/meshes/DigitalKiosk_Rough.png
-- Symlinking: /ws/install/large_project/share/large_project/buildings/models/DigitalKiosk/model.config
-- Symlinking: /ws/install/large_project/share/large_project/buildings/models/DigitalKiosk/model.sdf
-- Symlinking: /ws/install/large_project/share/large_project/buildings/models/DigitalKiosk/thumbnails/1.png
-- Symlinking: /ws/install/large_project/share/large_project/buildings/models/DigitalKiosk/thumbnails/2.png
-- Symlinking: /ws/install/large_project/share/large_project/buildings/models/DigitalKiosk/thumbnails/3.png
-- Symlinking: /ws/install/large_project/share/large_project/buildings/models/DigitalKiosk/thumbnails/4.png
-- Symlinking: /ws/install/large_project/share/large_project/buildings/models/DigitalKiosk/thumbnails/5.png
-- Symlinking: /ws/install/large_project/share/large_project/buildings/models/Drawer/LICENSE
-- Symlinking: /ws/install/large_project/share/large_project/buildings/models/Drawer/meshes/Drawer.mtl
-- Symlinking: /ws/install/large_project/share/large_project/buildings/models/Drawer/meshes/Drawer.obj
-- Symlinking: /ws/install/large_project/share/large_project/buildings/models/Drawer/meshes/Drawer.png
-- Symlinking: /ws/install/large_project/share/large_project/buildings/models/Drawer/meshes/Drawer_Col.obj
-- Symlinking: /ws/install/large_project/share/large_project/buildings/models/Drawer/model.config
-- Symlinking: /ws/install/large_project/share/large_project/buildings/models/Drawer/model.sdf
-- Symlinking: /ws/install/large_project/share/large_project/buildings/models/Drawer/thumbnails/1.png
-- Symlinking: /ws/install/large_project/share/large_project/buildings/models/Drawer/thumbnails/2.png
-- Symlinking: /ws/install/large_project/share/large_project/buildings/models/Drawer/thumbnails/3.png
-- Symlinking: /ws/install/large_project/share/large_project/buildings/models/Drawer/thumbnails/4.png
-- Symlinking: /ws/install/large_project/share/large_project/buildings/models/Drawer/thumbnails/5.png
-- Symlinking: /ws/install/large_project/share/large_project/buildings/models/ElderLadyPatient/LICENSE
-- Symlinking: /ws/install/large_project/share/large_project/buildings/models/ElderLadyPatient/meshes/CGMVanguard_Diffuse.png
-- Symlinking: /ws/install/large_project/share/large_project/buildings/models/ElderLadyPatient/meshes/Carts_Wheels_Diffuse.png
-- Symlinking: /ws/install/large_project/share/large_project/buildings/models/ElderLadyPatient/meshes/ElderFPatient_color.jpg
-- Symlinking: /ws/install/large_project/share/large_project/buildings/models/ElderLadyPatient/meshes/ElderFemale.mtl
-- Symlinking: /ws/install/large_project/share/large_project/buildings/models/ElderLadyPatient/meshes/ElderFemale.obj
-- Symlinking: /ws/install/large_project/share/large_project/buildings/models/ElderLadyPatient/model.config
-- Symlinking: /ws/install/large_project/share/large_project/buildings/models/ElderLadyPatient/model.sdf
-- Symlinking: /ws/install/large_project/share/large_project/buildings/models/ElderLadyPatient/thumbnails/1.png
-- Symlinking: /ws/install/large_project/share/large_project/buildings/models/ElderLadyPatient/thumbnails/2.png
-- Symlinking: /ws/install/large_project/share/large_project/buildings/models/ElderLadyPatient/thumbnails/3.png
-- Symlinking: /ws/install/large_project/share/large_project/buildings/models/ElderLadyPatient/thumbnails/4.png
-- Symlinking: /ws/install/large_project/share/large_project/buildings/models/ElderLadyPatient/thumbnails/5.png
-- Symlinking: /ws/install/large_project/share/large_project/buildings/models/ElectronicsRecycling/LICENSE
-- Symlinking: /ws/install/large_project/share/large_project/buildings/models/ElectronicsRecycling/meshes/ElectronicsRecycling.mtl
-- Symlinking: /ws/install/large_project/share/large_project/buildings/models/ElectronicsRecycling/meshes/ElectronicsRecycling.obj
-- Symlinking: /ws/install/large_project/share/large_project/buildings/models/ElectronicsRecycling/meshes/ElectronicsRecycling_Diffuse.png
-- Symlinking: /ws/install/large_project/share/large_project/buildings/models/ElectronicsRecycling/model.config
-- Symlinking: /ws/install/large_project/share/large_project/buildings/models/ElectronicsRecycling/model.sdf
-- Symlinking: /ws/install/large_project/share/large_project/buildings/models/ElectronicsRecycling/thumbnails/1.png
-- Symlinking: /ws/install/large_project/share/large_project/buildings/models/ElectronicsRecycling/thumbnails/2.png
-- Symlinking: /ws/install/large_project/share/large_project/buildings/models/ElectronicsRecycling/thumbnails/3.png
-- Symlinking: /ws/install/large_project/share/large_project/buildings/models/ElectronicsRecycling/thumbnails/4.png
-- Symlinking: /ws/install/large_project/share/large_project/buildings/models/ElectronicsRecycling/thumbnails/5.png
-- Symlinking: /ws/install/large_project/share/large_project/buildings/models/EscalatorStart/LICENSE
-- Symlinking: /ws/install/large_project/share/large_project/buildings/models/EscalatorStart/meshes/EscalatorStart.mtl
-- Symlinking: /ws/install/large_project/share/large_project/buildings/models/EscalatorStart/meshes/EscalatorStart.obj
-- Symlinking: /ws/install/large_project/share/large_project/buildings/models/EscalatorStart/meshes/EscalatorStart_Col.mtl
-- Symlinking: /ws/install/large_project/share/large_project/buildings/models/EscalatorStart/meshes/EscalatorStart_Col.obj
-- Symlinking: /ws/install/large_project/share/large_project/buildings/models/EscalatorStart/meshes/EscalatorStart_Diffuse.png
-- Symlinking: /ws/install/large_project/share/large_project/buildings/models/EscalatorStart/meshes/EscalatorStart_Metal.png
-- Symlinking: /ws/install/large_project/share/large_project/buildings/models/EscalatorStart/meshes/EscalatorStart_Normal.png
-- Symlinking: /ws/install/large_project/share/large_project/buildings/models/EscalatorStart/meshes/EscalatorStart_Rough.png
-- Symlinking: /ws/install/large_project/share/large_project/buildings/models/EscalatorStart/model.config
-- Symlinking: /ws/install/large_project/share/large_project/buildings/models/EscalatorStart/model.sdf
-- Symlinking: /ws/install/large_project/share/large_project/buildings/models/EscalatorStart/thumbnails/1.png
-- Symlinking: /ws/install/large_project/share/large_project/buildings/models/EscalatorStart/thumbnails/2.png
-- Symlinking: /ws/install/large_project/share/large_project/buildings/models/EscalatorStart/thumbnails/3.png
-- Symlinking: /ws/install/large_project/share/large_project/buildings/models/EscalatorStart/thumbnails/4.png
-- Symlinking: /ws/install/large_project/share/large_project/buildings/models/EscalatorStart/thumbnails/5.png
-- Symlinking: /ws/install/large_project/share/large_project/buildings/models/FemaleVisitor/LICENSE
-- Symlinking: /ws/install/large_project/share/large_project/buildings/models/FemaleVisitor/meshes/FemaleVisitor.mtl
-- Symlinking: /ws/install/large_project/share/large_project/buildings/models/FemaleVisitor/meshes/FemaleVisitor.obj
-- Symlinking: /ws/install/large_project/share/large_project/buildings/models/FemaleVisitor/meshes/FemaleVisitor.png
-- Symlinking: /ws/install/large_project/share/large_project/buildings/models/FemaleVisitor/meshes/FemaleVisitor_Col.mtl
-- Symlinking: /ws/install/large_project/share/large_project/buildings/models/FemaleVisitor/meshes/FemaleVisitor_Col.obj
-- Symlinking: /ws/install/large_project/share/large_project/buildings/models/FemaleVisitor/meshes/Handbag.png
-- Symlinking: /ws/install/large_project/share/large_project/buildings/models/FemaleVisitor/model.config
-- Symlinking: /ws/install/large_project/share/large_project/buildings/models/FemaleVisitor/model.sdf
-- Symlinking: /ws/install/large_project/share/large_project/buildings/models/FemaleVisitor/thumbnails/1.png
-- Symlinking: /ws/install/large_project/share/large_project/buildings/models/FemaleVisitor/thumbnails/2.png
-- Symlinking: /ws/install/large_project/share/large_project/buildings/models/FemaleVisitor/thumbnails/3.png
-- Symlinking: /ws/install/large_project/share/large_project/buildings/models/FemaleVisitor/thumbnails/4.png
-- Symlinking: /ws/install/large_project/share/large_project/buildings/models/FemaleVisitor/thumbnails/5.png
-- Symlinking: /ws/install/large_project/share/large_project/buildings/models/FoodCourtBenchLong/LICENSE
-- Symlinking: /ws/install/large_project/share/large_project/buildings/models/FoodCourtBenchLong/meshes/FoodCourtBenchLong.mtl
-- Symlinking: /ws/install/large_project/share/large_project/buildings/models/FoodCourtBenchLong/meshes/FoodCourtBenchLong.obj
-- Symlinking: /ws/install/large_project/share/large_project/buildings/models/FoodCourtBenchLong/meshes/FoodCourtBenchLong_Col.mtl
-- Symlinking: /ws/install/large_project/share/large_project/buildings/models/FoodCourtBenchLong/meshes/FoodCourtBenchLong_Col.obj
-- Symlinking: /ws/install/large_project/share/large_project/buildings/models/FoodCourtBenchLong/meshes/FoodCourtBenchLong_Diffuse.png
-- Symlinking: /ws/install/large_project/share/large_project/buildings/models/FoodCourtBenchLong/meshes/FoodCourtBenchLong_Rough.png
-- Symlinking: /ws/install/large_project/share/large_project/buildings/models/FoodCourtBenchLong/model.config
-- Symlinking: /ws/install/large_project/share/large_project/buildings/models/FoodCourtBenchLong/model.sdf
-- Symlinking: /ws/install/large_project/share/large_project/buildings/models/FoodCourtBenchLong/thumbnails/1.png
-- Symlinking: /ws/install/large_project/share/large_project/buildings/models/FoodCourtBenchLong/thumbnails/2.png
-- Symlinking: /ws/install/large_project/share/large_project/buildings/models/FoodCourtBenchLong/thumbnails/3.png
-- Symlinking: /ws/install/large_project/share/large_project/buildings/models/FoodCourtBenchLong/thumbnails/4.png
-- Symlinking: /ws/install/large_project/share/large_project/buildings/models/FoodCourtBenchLong/thumbnails/5.png
-- Symlinking: /ws/install/large_project/share/large_project/buildings/models/FoodCourtTable1/LICENSE
-- Symlinking: /ws/install/large_project/share/large_project/buildings/models/FoodCourtTable1/meshes/FoodCourtTable1.mtl
-- Symlinking: /ws/install/large_project/share/large_project/buildings/models/FoodCourtTable1/meshes/FoodCourtTable1.obj
-- Symlinking: /ws/install/large_project/share/large_project/buildings/models/FoodCourtTable1/meshes/FoodCourtTable1_Col.mtl
-- Symlinking: /ws/install/large_project/share/large_project/buildings/models/FoodCourtTable1/meshes/FoodCourtTable1_Col.obj
-- Symlinking: /ws/install/large_project/share/large_project/buildings/models/FoodCourtTable1/meshes/FoodCourtTable1_Diffuse.png
-- Symlinking: /ws/install/large_project/share/large_project/buildings/models/FoodCourtTable1/meshes/FoodCourtTable1_Metal.png
-- Symlinking: /ws/install/large_project/share/large_project/buildings/models/FoodCourtTable1/meshes/FoodCourtTable1_Normal.png
-- Symlinking: /ws/install/large_project/share/large_project/buildings/models/FoodCourtTable1/meshes/FoodCourtTable1_Rough.png
-- Symlinking: /ws/install/large_project/share/large_project/buildings/models/FoodCourtTable1/model.config
-- Symlinking: /ws/install/large_project/share/large_project/buildings/models/FoodCourtTable1/model.sdf
-- Symlinking: /ws/install/large_project/share/large_project/buildings/models/FoodCourtTable1/thumbnails/1.png
-- Symlinking: /ws/install/large_project/share/large_project/buildings/models/FoodCourtTable1/thumbnails/2.png
-- Symlinking: /ws/install/large_project/share/large_project/buildings/models/FoodCourtTable1/thumbnails/3.png
-- Symlinking: /ws/install/large_project/share/large_project/buildings/models/FoodCourtTable1/thumbnails/4.png
-- Symlinking: /ws/install/large_project/share/large_project/buildings/models/FoodCourtTable1/thumbnails/5.png
-- Symlinking: /ws/install/large_project/share/large_project/buildings/models/Fridge/LICENSE
-- Symlinking: /ws/install/large_project/share/large_project/buildings/models/Fridge/meshes/Fridge.mtl
-- Symlinking: /ws/install/large_project/share/large_project/buildings/models/Fridge/meshes/Fridge.obj
-- Symlinking: /ws/install/large_project/share/large_project/buildings/models/Fridge/meshes/Fridge_Col.mtl
-- Symlinking: /ws/install/large_project/share/large_project/buildings/models/Fridge/meshes/Fridge_Col.obj
-- Symlinking: /ws/install/large_project/share/large_project/buildings/models/Fridge/meshes/Fridge_Diffuse.png
-- Symlinking: /ws/install/large_project/share/large_project/buildings/models/Fridge/model.config
-- Symlinking: /ws/install/large_project/share/large_project/buildings/models/Fridge/model.sdf
-- Symlinking: /ws/install/large_project/share/large_project/buildings/models/Fridge/thumbnails/1.png
-- Symlinking: /ws/install/large_project/share/large_project/buildings/models/Fridge/thumbnails/2.png
-- Symlinking: /ws/install/large_project/share/large_project/buildings/models/Fridge/thumbnails/3.png
-- Symlinking: /ws/install/large_project/share/large_project/buildings/models/Fridge/thumbnails/4.png
-- Symlinking: /ws/install/large_project/share/large_project/buildings/models/Fridge/thumbnails/5.png
-- Symlinking: /ws/install/large_project/share/large_project/buildings/models/Gazebo/LICENSE
-- Symlinking: /ws/install/large_project/share/large_project/buildings/models/Gazebo/materials/textures/gazebo_diffuse.jpg
-- Symlinking: /ws/install/large_project/share/large_project/buildings/models/Gazebo/materials/textures/gazebo_spec.jpg
-- Symlinking: /ws/install/large_project/share/large_project/buildings/models/Gazebo/meshes/gazebo.dae
-- Symlinking: /ws/install/large_project/share/large_project/buildings/models/Gazebo/model.config
-- Symlinking: /ws/install/large_project/share/large_project/buildings/models/Gazebo/model.sdf
-- Symlinking: /ws/install/large_project/share/large_project/buildings/models/Gazebo/thumbnails/1.png
-- Symlinking: /ws/install/large_project/share/large_project/buildings/models/Gazebo/thumbnails/2.png
-- Symlinking: /ws/install/large_project/share/large_project/buildings/models/Gazebo/thumbnails/3.png
-- Symlinking: /ws/install/large_project/share/large_project/buildings/models/Gazebo/thumbnails/4.png
-- Symlinking: /ws/install/large_project/share/large_project/buildings/models/Gazebo/thumbnails/5.png
-- Symlinking: /ws/install/large_project/share/large_project/buildings/models/HeadphonesRack1/LICENSE
-- Symlinking: /ws/install/large_project/share/large_project/buildings/models/HeadphonesRack1/meshes/HeadphonesRack1.mtl
-- Symlinking: /ws/install/large_project/share/large_project/buildings/models/HeadphonesRack1/meshes/HeadphonesRack1.obj
-- Symlinking: /ws/install/large_project/share/large_project/buildings/models/HeadphonesRack1/meshes/HeadphonesRack1_Col.mtl
-- Symlinking: /ws/install/large_project/share/large_project/buildings/models/HeadphonesRack1/meshes/HeadphonesRack1_Col.obj
-- Symlinking: /ws/install/large_project/share/large_project/buildings/models/HeadphonesRack1/meshes/HeadphonesRack1_Diffuse.png
-- Symlinking: /ws/install/large_project/share/large_project/buildings/models/HeadphonesRack1/meshes/HeadphonesRack1_Metal.png
-- Symlinking: /ws/install/large_project/share/large_project/buildings/models/HeadphonesRack1/meshes/HeadphonesRack1_Normal.png
-- Symlinking: /ws/install/large_project/share/large_project/buildings/models/HeadphonesRack1/meshes/HeadphonesRack1_Rough.png
-- Symlinking: /ws/install/large_project/share/large_project/buildings/models/HeadphonesRack1/model.config
-- Symlinking: /ws/install/large_project/share/large_project/buildings/models/HeadphonesRack1/model.sdf
-- Symlinking: /ws/install/large_project/share/large_project/buildings/models/HeadphonesRack1/thumbnails/1.png
-- Symlinking: /ws/install/large_project/share/large_project/buildings/models/HeadphonesRack1/thumbnails/2.png
-- Symlinking: /ws/install/large_project/share/large_project/buildings/models/HeadphonesRack1/thumbnails/3.png
-- Symlinking: /ws/install/large_project/share/large_project/buildings/models/HeadphonesRack1/thumbnails/4.png
-- Symlinking: /ws/install/large_project/share/large_project/buildings/models/HeadphonesRack1/thumbnails/5.png
-- Symlinking: /ws/install/large_project/share/large_project/buildings/models/HospitalRobot/meshes/FatWheel.mtl
-- Symlinking: /ws/install/large_project/share/large_project/buildings/models/HospitalRobot/meshes/FatWheel.obj
-- Symlinking: /ws/install/large_project/share/large_project/buildings/models/HospitalRobot/meshes/HospitalRobot.mtl
-- Symlinking: /ws/install/large_project/share/large_project/buildings/models/HospitalRobot/meshes/HospitalRobot.obj
-- Symlinking: /ws/install/large_project/share/large_project/buildings/models/HospitalRobot/meshes/HospitalRobot_Diffuse.png
-- Symlinking: /ws/install/large_project/share/large_project/buildings/models/HospitalRobot/meshes/SmallWheel.mtl
-- Symlinking: /ws/install/large_project/share/large_project/buildings/models/HospitalRobot/meshes/SmallWheel.obj
-- Symlinking: /ws/install/large_project/share/large_project/buildings/models/HospitalRobot/model.config
-- Symlinking: /ws/install/large_project/share/large_project/buildings/models/HospitalRobot/model.sdf
-- Symlinking: /ws/install/large_project/share/large_project/buildings/models/HospitalRobot/thumbnails/1.png
-- Symlinking: /ws/install/large_project/share/large_project/buildings/models/HospitalRobot/thumbnails/2.png
-- Symlinking: /ws/install/large_project/share/large_project/buildings/models/HospitalRobot/thumbnails/3.png
-- Symlinking: /ws/install/large_project/share/large_project/buildings/models/HospitalRobot/thumbnails/4.png
-- Symlinking: /ws/install/large_project/share/large_project/buildings/models/HospitalRobot/thumbnails/5.png
-- Symlinking: /ws/install/large_project/share/large_project/buildings/models/InformationCounter/LICENSE
-- Symlinking: /ws/install/large_project/share/large_project/buildings/models/InformationCounter/meshes/InformationCounter.mtl
-- Symlinking: /ws/install/large_project/share/large_project/buildings/models/InformationCounter/meshes/InformationCounter.obj
-- Symlinking: /ws/install/large_project/share/large_project/buildings/models/InformationCounter/meshes/InformationCounter_Col.mtl
-- Symlinking: /ws/install/large_project/share/large_project/buildings/models/InformationCounter/meshes/InformationCounter_Col.obj
-- Symlinking: /ws/install/large_project/share/large_project/buildings/models/InformationCounter/meshes/InformationCounter_Diffuse.png
-- Symlinking: /ws/install/large_project/share/large_project/buildings/models/InformationCounter/meshes/InformationCounter_Metal.png
-- Symlinking: /ws/install/large_project/share/large_project/buildings/models/InformationCounter/meshes/InformationCounter_Normal.png
-- Symlinking: /ws/install/large_project/share/large_project/buildings/models/InformationCounter/meshes/InformationCounter_Rough.png
-- Symlinking: /ws/install/large_project/share/large_project/buildings/models/InformationCounter/model.config
-- Symlinking: /ws/install/large_project/share/large_project/buildings/models/InformationCounter/model.sdf
-- Symlinking: /ws/install/large_project/share/large_project/buildings/models/InformationCounter/thumbnails/1.png
-- Symlinking: /ws/install/large_project/share/large_project/buildings/models/InformationCounter/thumbnails/2.png
-- Symlinking: /ws/install/large_project/share/large_project/buildings/models/InformationCounter/thumbnails/3.png
-- Symlinking: /ws/install/large_project/share/large_project/buildings/models/InformationCounter/thumbnails/4.png
-- Symlinking: /ws/install/large_project/share/large_project/buildings/models/InformationCounter/thumbnails/5.png
-- Symlinking: /ws/install/large_project/share/large_project/buildings/models/KitchenCountertop/LICENSE
-- Symlinking: /ws/install/large_project/share/large_project/buildings/models/KitchenCountertop/meshes/KitchenCountertop.mtl
-- Symlinking: /ws/install/large_project/share/large_project/buildings/models/KitchenCountertop/meshes/KitchenCountertop.obj
-- Symlinking: /ws/install/large_project/share/large_project/buildings/models/KitchenCountertop/meshes/KitchenCountertop_Diffuse.png
-- Symlinking: /ws/install/large_project/share/large_project/buildings/models/KitchenCountertop/model.config
-- Symlinking: /ws/install/large_project/share/large_project/buildings/models/KitchenCountertop/model.sdf
-- Symlinking: /ws/install/large_project/share/large_project/buildings/models/KitchenCountertop/thumbnails/1.png
-- Symlinking: /ws/install/large_project/share/large_project/buildings/models/KitchenCountertop/thumbnails/2.png
-- Symlinking: /ws/install/large_project/share/large_project/buildings/models/KitchenCountertop/thumbnails/3.png
-- Symlinking: /ws/install/large_project/share/large_project/buildings/models/KitchenCountertop/thumbnails/4.png
-- Symlinking: /ws/install/large_project/share/large_project/buildings/models/KitchenCountertop/thumbnails/5.png
-- Symlinking: /ws/install/large_project/share/large_project/buildings/models/KitchenSink/LICENSE
-- Symlinking: /ws/install/large_project/share/large_project/buildings/models/KitchenSink/meshes/kitchenSink.mtl
-- Symlinking: /ws/install/large_project/share/large_project/buildings/models/KitchenSink/meshes/kitchenSink.obj
-- Symlinking: /ws/install/large_project/share/large_project/buildings/models/KitchenSink/model.config
-- Symlinking: /ws/install/large_project/share/large_project/buildings/models/KitchenSink/model.sdf
-- Symlinking: /ws/install/large_project/share/large_project/buildings/models/KitchenSink/thumbnails/1.png
-- Symlinking: /ws/install/large_project/share/large_project/buildings/models/KitchenSink/thumbnails/2.png
-- Symlinking: /ws/install/large_project/share/large_project/buildings/models/KitchenSink/thumbnails/3.png
-- Symlinking: /ws/install/large_project/share/large_project/buildings/models/KitchenSink/thumbnails/4.png
-- Symlinking: /ws/install/large_project/share/large_project/buildings/models/KitchenSink/thumbnails/5.png
-- Symlinking: /ws/install/large_project/share/large_project/buildings/models/LockerBig/LICENSE
-- Symlinking: /ws/install/large_project/share/large_project/buildings/models/LockerBig/meshes/center.png
-- Symlinking: /ws/install/large_project/share/large_project/buildings/models/LockerBig/meshes/locker.mtl
-- Symlinking: /ws/install/large_project/share/large_project/buildings/models/LockerBig/meshes/locker.obj
-- Symlinking: /ws/install/large_project/share/large_project/buildings/models/LockerBig/meshes/side.png
-- Symlinking: /ws/install/large_project/share/large_project/buildings/models/LockerBig/meshes/side1.png
-- Symlinking: /ws/install/large_project/share/large_project/buildings/models/LockerBig/model.config
-- Symlinking: /ws/install/large_project/share/large_project/buildings/models/LockerBig/model.sdf
-- Symlinking: /ws/install/large_project/share/large_project/buildings/models/LockerBig/thumbnails/1.png
-- Symlinking: /ws/install/large_project/share/large_project/buildings/models/LockerBig/thumbnails/2.png
-- Symlinking: /ws/install/large_project/share/large_project/buildings/models/LockerBig/thumbnails/3.png
-- Symlinking: /ws/install/large_project/share/large_project/buildings/models/LockerBig/thumbnails/4.png
-- Symlinking: /ws/install/large_project/share/large_project/buildings/models/LockerBig/thumbnails/5.png
-- Symlinking: /ws/install/large_project/share/large_project/buildings/models/MainTable/LICENSE
-- Symlinking: /ws/install/large_project/share/large_project/buildings/models/MainTable/meshes/MainTable.mtl
-- Symlinking: /ws/install/large_project/share/large_project/buildings/models/MainTable/meshes/MainTable.obj
-- Symlinking: /ws/install/large_project/share/large_project/buildings/models/MainTable/meshes/MainTable.png
-- Symlinking: /ws/install/large_project/share/large_project/buildings/models/MainTable/model.config
-- Symlinking: /ws/install/large_project/share/large_project/buildings/models/MainTable/model.sdf
-- Symlinking: /ws/install/large_project/share/large_project/buildings/models/MainTable/thumbnails/1.png
-- Symlinking: /ws/install/large_project/share/large_project/buildings/models/MainTable/thumbnails/2.png
-- Symlinking: /ws/install/large_project/share/large_project/buildings/models/MainTable/thumbnails/3.png
-- Symlinking: /ws/install/large_project/share/large_project/buildings/models/MainTable/thumbnails/4.png
-- Symlinking: /ws/install/large_project/share/large_project/buildings/models/MainTable/thumbnails/5.png
-- Symlinking: /ws/install/large_project/share/large_project/buildings/models/MetalCabinetYellow/LICENSE
-- Symlinking: /ws/install/large_project/share/large_project/buildings/models/MetalCabinetYellow/meshes/MetalCabinetYellow.mtl
-- Symlinking: /ws/install/large_project/share/large_project/buildings/models/MetalCabinetYellow/meshes/MetalCabinetYellow.obj
-- Symlinking: /ws/install/large_project/share/large_project/buildings/models/MetalCabinetYellow/meshes/MetalCabinetYellow.png
-- Symlinking: /ws/install/large_project/share/large_project/buildings/models/MetalCabinetYellow/model.config
-- Symlinking: /ws/install/large_project/share/large_project/buildings/models/MetalCabinetYellow/model.sdf
-- Symlinking: /ws/install/large_project/share/large_project/buildings/models/MetalCabinetYellow/thumbnails/1.png
-- Symlinking: /ws/install/large_project/share/large_project/buildings/models/MetalCabinetYellow/thumbnails/2.png
-- Symlinking: /ws/install/large_project/share/large_project/buildings/models/MetalCabinetYellow/thumbnails/3.png
-- Symlinking: /ws/install/large_project/share/large_project/buildings/models/MetalCabinetYellow/thumbnails/4.png
-- Symlinking: /ws/install/large_project/share/large_project/buildings/models/MetalCabinetYellow/thumbnails/5.png
-- Symlinking: /ws/install/large_project/share/large_project/buildings/models/MiRCart/LICENSE
-- Symlinking: /ws/install/large_project/share/large_project/buildings/models/MiRCart/meshes/MiRCart_Diffuse.png
-- Symlinking: /ws/install/large_project/share/large_project/buildings/models/MiRCart/meshes/cart.mtl
-- Symlinking: /ws/install/large_project/share/large_project/buildings/models/MiRCart/meshes/cart.obj
-- Symlinking: /ws/install/large_project/share/large_project/buildings/models/MiRCart/model.config
-- Symlinking: /ws/install/large_project/share/large_project/buildings/models/MiRCart/model.sdf
-- Symlinking: /ws/install/large_project/share/large_project/buildings/models/MiRCart/thumbnails/1.png
-- Symlinking: /ws/install/large_project/share/large_project/buildings/models/MiRCart/thumbnails/2.png
-- Symlinking: /ws/install/large_project/share/large_project/buildings/models/MiRCart/thumbnails/3.png
-- Symlinking: /ws/install/large_project/share/large_project/buildings/models/MiRCart/thumbnails/4.png
-- Symlinking: /ws/install/large_project/share/large_project/buildings/models/MiRCart/thumbnails/5.png
-- Symlinking: /ws/install/large_project/share/large_project/buildings/models/MonitorAndKeyboard/LICENSE
-- Symlinking: /ws/install/large_project/share/large_project/buildings/models/MonitorAndKeyboard/meshes/keyboard.mtl
-- Symlinking: /ws/install/large_project/share/large_project/buildings/models/MonitorAndKeyboard/meshes/keyboard.obj
-- Symlinking: /ws/install/large_project/share/large_project/buildings/models/MonitorAndKeyboard/meshes/monitor.mtl
-- Symlinking: /ws/install/large_project/share/large_project/buildings/models/MonitorAndKeyboard/meshes/monitor.obj
-- Symlinking: /ws/install/large_project/share/large_project/buildings/models/MonitorAndKeyboard/model.config
-- Symlinking: /ws/install/large_project/share/large_project/buildings/models/MonitorAndKeyboard/model.sdf
-- Symlinking: /ws/install/large_project/share/large_project/buildings/models/MonitorAndKeyboard/thumbnails/1.png
-- Symlinking: /ws/install/large_project/share/large_project/buildings/models/MonitorAndKeyboard/thumbnails/2.png
-- Symlinking: /ws/install/large_project/share/large_project/buildings/models/MonitorAndKeyboard/thumbnails/3.png
-- Symlinking: /ws/install/large_project/share/large_project/buildings/models/MonitorAndKeyboard/thumbnails/4.png
-- Symlinking: /ws/install/large_project/share/large_project/buildings/models/MonitorAndKeyboard/thumbnails/5.png
-- Symlinking: /ws/install/large_project/share/large_project/buildings/models/MopCart2/LICENSE
-- Symlinking: /ws/install/large_project/share/large_project/buildings/models/MopCart2/meshes/BigRed.png
-- Symlinking: /ws/install/large_project/share/large_project/buildings/models/MopCart2/meshes/Blue.png
-- Symlinking: /ws/install/large_project/share/large_project/buildings/models/MopCart2/meshes/Broom.png
-- Symlinking: /ws/install/large_project/share/large_project/buildings/models/MopCart2/meshes/Cart2.png
-- Symlinking: /ws/install/large_project/share/large_project/buildings/models/MopCart2/meshes/Cloth.png
-- Symlinking: /ws/install/large_project/share/large_project/buildings/models/MopCart2/meshes/Duster.png
-- Symlinking: /ws/install/large_project/share/large_project/buildings/models/MopCart2/meshes/Mop.png
-- Symlinking: /ws/install/large_project/share/large_project/buildings/models/MopCart2/meshes/MopCart2.mtl
-- Symlinking: /ws/install/large_project/share/large_project/buildings/models/MopCart2/meshes/MopCart2.obj
-- Symlinking: /ws/install/large_project/share/large_project/buildings/models/MopCart2/meshes/Tongs.png
-- Symlinking: /ws/install/large_project/share/large_project/buildings/models/MopCart2/model.config
-- Symlinking: /ws/install/large_project/share/large_project/buildings/models/MopCart2/model.sdf
-- Symlinking: /ws/install/large_project/share/large_project/buildings/models/MopCart2/thumbnails/1.png
-- Symlinking: /ws/install/large_project/share/large_project/buildings/models/MopCart2/thumbnails/2.png
-- Symlinking: /ws/install/large_project/share/large_project/buildings/models/MopCart2/thumbnails/3.png
-- Symlinking: /ws/install/large_project/share/large_project/buildings/models/MopCart2/thumbnails/4.png
-- Symlinking: /ws/install/large_project/share/large_project/buildings/models/MopCart2/thumbnails/5.png
-- Symlinking: /ws/install/large_project/share/large_project/buildings/models/MopCart3/LICENSE
-- Symlinking: /ws/install/large_project/share/large_project/buildings/models/MopCart3/meshes/Blue.png
-- Symlinking: /ws/install/large_project/share/large_project/buildings/models/MopCart3/meshes/Cart.png
-- Symlinking: /ws/install/large_project/share/large_project/buildings/models/MopCart3/meshes/Cloth.png
-- Symlinking: /ws/install/large_project/share/large_project/buildings/models/MopCart3/meshes/Duster.png
-- Symlinking: /ws/install/large_project/share/large_project/buildings/models/MopCart3/meshes/Glove.png
-- Symlinking: /ws/install/large_project/share/large_project/buildings/models/MopCart3/meshes/Mop.png
-- Symlinking: /ws/install/large_project/share/large_project/buildings/models/MopCart3/meshes/MopCart3.mtl
-- Symlinking: /ws/install/large_project/share/large_project/buildings/models/MopCart3/meshes/MopCart3.obj
-- Symlinking: /ws/install/large_project/share/large_project/buildings/models/MopCart3/meshes/Parcel.png
-- Symlinking: /ws/install/large_project/share/large_project/buildings/models/MopCart3/meshes/Plastic.png
-- Symlinking: /ws/install/large_project/share/large_project/buildings/models/MopCart3/meshes/Red.png
-- Symlinking: /ws/install/large_project/share/large_project/buildings/models/MopCart3/meshes/Sign.png
-- Symlinking: /ws/install/large_project/share/large_project/buildings/models/MopCart3/meshes/Spray.png
-- Symlinking: /ws/install/large_project/share/large_project/buildings/models/MopCart3/model.config
-- Symlinking: /ws/install/large_project/share/large_project/buildings/models/MopCart3/model.sdf
-- Symlinking: /ws/install/large_project/share/large_project/buildings/models/MopCart3/thumbnails/1.png
-- Symlinking: /ws/install/large_project/share/large_project/buildings/models/MopCart3/thumbnails/2.png
-- Symlinking: /ws/install/large_project/share/large_project/buildings/models/MopCart3/thumbnails/3.png
-- Symlinking: /ws/install/large_project/share/large_project/buildings/models/MopCart3/thumbnails/4.png
-- Symlinking: /ws/install/large_project/share/large_project/buildings/models/MopCart3/thumbnails/5.png
-- Symlinking: /ws/install/large_project/share/large_project/buildings/models/MopCart4/LICENSE
-- Symlinking: /ws/install/large_project/share/large_project/buildings/models/MopCart4/meshes/Cart.png
-- Symlinking: /ws/install/large_project/share/large_project/buildings/models/MopCart4/meshes/MopCart4.mtl
-- Symlinking: /ws/install/large_project/share/large_project/buildings/models/MopCart4/meshes/MopCart4.obj
-- Symlinking: /ws/install/large_project/share/large_project/buildings/models/MopCart4/meshes/blue.png
-- Symlinking: /ws/install/large_project/share/large_project/buildings/models/MopCart4/meshes/red.png
-- Symlinking: /ws/install/large_project/share/large_project/buildings/models/MopCart4/model.config
-- Symlinking: /ws/install/large_project/share/large_project/buildings/models/MopCart4/model.sdf
-- Symlinking: /ws/install/large_project/share/large_project/buildings/models/MopCart4/thumbnails/1.png
-- Symlinking: /ws/install/large_project/share/large_project/buildings/models/MopCart4/thumbnails/2.png
-- Symlinking: /ws/install/large_project/share/large_project/buildings/models/MopCart4/thumbnails/3.png
-- Symlinking: /ws/install/large_project/share/large_project/buildings/models/MopCart4/thumbnails/4.png
-- Symlinking: /ws/install/large_project/share/large_project/buildings/models/MopCart4/thumbnails/5.png
-- Symlinking: /ws/install/large_project/share/large_project/buildings/models/NurseTable/LICENSE
-- Symlinking: /ws/install/large_project/share/large_project/buildings/models/NurseTable/meshes/NurseTable.mtl
-- Symlinking: /ws/install/large_project/share/large_project/buildings/models/NurseTable/meshes/NurseTable.obj
-- Symlinking: /ws/install/large_project/share/large_project/buildings/models/NurseTable/meshes/NurseTable.png
-- Symlinking: /ws/install/large_project/share/large_project/buildings/models/NurseTable/meshes/NurseTable_Col.mtl
-- Symlinking: /ws/install/large_project/share/large_project/buildings/models/NurseTable/meshes/NurseTable_Col.obj
-- Symlinking: /ws/install/large_project/share/large_project/buildings/models/NurseTable/model.config
-- Symlinking: /ws/install/large_project/share/large_project/buildings/models/NurseTable/model.sdf
-- Symlinking: /ws/install/large_project/share/large_project/buildings/models/NurseTable/thumbnails/1.png
-- Symlinking: /ws/install/large_project/share/large_project/buildings/models/NurseTable/thumbnails/2.png
-- Symlinking: /ws/install/large_project/share/large_project/buildings/models/NurseTable/thumbnails/3.png
-- Symlinking: /ws/install/large_project/share/large_project/buildings/models/NurseTable/thumbnails/4.png
-- Symlinking: /ws/install/large_project/share/large_project/buildings/models/NurseTable/thumbnails/5.png
-- Symlinking: /ws/install/large_project/share/large_project/buildings/models/Oak tree/LICENSE
-- Symlinking: /ws/install/large_project/share/large_project/buildings/models/Oak tree/materials/scripts/caster_fp.glsl
-- Symlinking: /ws/install/large_project/share/large_project/buildings/models/Oak tree/materials/scripts/caster_vp.glsl
-- Symlinking: /ws/install/large_project/share/large_project/buildings/models/Oak tree/materials/scripts/oak_tree.material
-- Symlinking: /ws/install/large_project/share/large_project/buildings/models/Oak tree/materials/textures/bark_diffuse.png
-- Symlinking: /ws/install/large_project/share/large_project/buildings/models/Oak tree/materials/textures/branch_diffuse.png
-- Symlinking: /ws/install/large_project/share/large_project/buildings/models/Oak tree/meshes/oak_tree.dae
-- Symlinking: /ws/install/large_project/share/large_project/buildings/models/Oak tree/model.config
-- Symlinking: /ws/install/large_project/share/large_project/buildings/models/Oak tree/model.sdf
-- Symlinking: /ws/install/large_project/share/large_project/buildings/models/Oak tree/thumbnails/1.png
-- Symlinking: /ws/install/large_project/share/large_project/buildings/models/Oak tree/thumbnails/2.png
-- Symlinking: /ws/install/large_project/share/large_project/buildings/models/Oak tree/thumbnails/3.png
-- Symlinking: /ws/install/large_project/share/large_project/buildings/models/Oak tree/thumbnails/4.png
-- Symlinking: /ws/install/large_project/share/large_project/buildings/models/Oak tree/thumbnails/5.png
-- Symlinking: /ws/install/large_project/share/large_project/buildings/models/OfficeChairBlack/LICENSE
-- Symlinking: /ws/install/large_project/share/large_project/buildings/models/OfficeChairBlack/meshes/OfficeChairBlack.mtl
-- Symlinking: /ws/install/large_project/share/large_project/buildings/models/OfficeChairBlack/meshes/OfficeChairBlack.obj
-- Symlinking: /ws/install/large_project/share/large_project/buildings/models/OfficeChairBlack/meshes/OfficeChairBlack.png
-- Symlinking: /ws/install/large_project/share/large_project/buildings/models/OfficeChairBlack/meshes/OfficeChairBlack_Col.mtl
-- Symlinking: /ws/install/large_project/share/large_project/buildings/models/OfficeChairBlack/meshes/OfficeChairBlack_Col.obj
-- Symlinking: /ws/install/large_project/share/large_project/buildings/models/OfficeChairBlack/model.config
-- Symlinking: /ws/install/large_project/share/large_project/buildings/models/OfficeChairBlack/model.sdf
-- Symlinking: /ws/install/large_project/share/large_project/buildings/models/OfficeChairBlack/thumbnails/1.png
-- Symlinking: /ws/install/large_project/share/large_project/buildings/models/OfficeChairBlack/thumbnails/2.png
-- Symlinking: /ws/install/large_project/share/large_project/buildings/models/OfficeChairBlack/thumbnails/3.png
-- Symlinking: /ws/install/large_project/share/large_project/buildings/models/OfficeChairBlack/thumbnails/4.png
-- Symlinking: /ws/install/large_project/share/large_project/buildings/models/OfficeChairBlack/thumbnails/5.png
-- Symlinking: /ws/install/large_project/share/large_project/buildings/models/OfficeChairBlack/thumbnails/meta/1.png
-- Symlinking: /ws/install/large_project/share/large_project/buildings/models/OfficeChairBlack/thumbnails/meta/2.png
-- Symlinking: /ws/install/large_project/share/large_project/buildings/models/OfficeChairBlack/thumbnails/meta/3.png
-- Symlinking: /ws/install/large_project/share/large_project/buildings/models/OfficeChairBlack/thumbnails/meta/4.png
-- Symlinking: /ws/install/large_project/share/large_project/buildings/models/OfficeChairBlack/thumbnails/meta/5.png
-- Symlinking: /ws/install/large_project/share/large_project/buildings/models/OfficeChairBlue/LICENSE
-- Symlinking: /ws/install/large_project/share/large_project/buildings/models/OfficeChairBlue/meshes/OfficeChairBlue.mtl
-- Symlinking: /ws/install/large_project/share/large_project/buildings/models/OfficeChairBlue/meshes/OfficeChairBlue.obj
-- Symlinking: /ws/install/large_project/share/large_project/buildings/models/OfficeChairBlue/meshes/OfficeChairBlue.png
-- Symlinking: /ws/install/large_project/share/large_project/buildings/models/OfficeChairBlue/meshes/OfficeChairBlue_Col.mtl
-- Symlinking: /ws/install/large_project/share/large_project/buildings/models/OfficeChairBlue/meshes/OfficeChairBlue_Col.obj
-- Symlinking: /ws/install/large_project/share/large_project/buildings/models/OfficeChairBlue/model.config
-- Symlinking: /ws/install/large_project/share/large_project/buildings/models/OfficeChairBlue/model.sdf
-- Symlinking: /ws/install/large_project/share/large_project/buildings/models/OfficeChairBlue/thumbnails/1.png
-- Symlinking: /ws/install/large_project/share/large_project/buildings/models/OfficeChairBlue/thumbnails/2.png
-- Symlinking: /ws/install/large_project/share/large_project/buildings/models/OfficeChairBlue/thumbnails/3.png
-- Symlinking: /ws/install/large_project/share/large_project/buildings/models/OfficeChairBlue/thumbnails/4.png
-- Symlinking: /ws/install/large_project/share/large_project/buildings/models/OfficeChairBlue/thumbnails/5.png
-- Symlinking: /ws/install/large_project/share/large_project/buildings/models/OfficeChairBlue/thumbnails/meta/1.png
-- Symlinking: /ws/install/large_project/share/large_project/buildings/models/OfficeChairBlue/thumbnails/meta/2.png
-- Symlinking: /ws/install/large_project/share/large_project/buildings/models/OfficeChairBlue/thumbnails/meta/3.png
-- Symlinking: /ws/install/large_project/share/large_project/buildings/models/OfficeChairBlue/thumbnails/meta/4.png
-- Symlinking: /ws/install/large_project/share/large_project/buildings/models/OfficeChairBlue/thumbnails/meta/5.png
-- Symlinking: /ws/install/large_project/share/large_project/buildings/models/OfficeChairGrey/LICENSE
-- Symlinking: /ws/install/large_project/share/large_project/buildings/models/OfficeChairGrey/meshes/OfficeChairGrey.mtl
-- Symlinking: /ws/install/large_project/share/large_project/buildings/models/OfficeChairGrey/meshes/OfficeChairGrey.obj
-- Symlinking: /ws/install/large_project/share/large_project/buildings/models/OfficeChairGrey/meshes/OfficeChairGrey.png
-- Symlinking: /ws/install/large_project/share/large_project/buildings/models/OfficeChairGrey/meshes/OfficeChairGrey_Col.mtl
-- Symlinking: /ws/install/large_project/share/large_project/buildings/models/OfficeChairGrey/meshes/OfficeChairGrey_Col.obj
-- Symlinking: /ws/install/large_project/share/large_project/buildings/models/OfficeChairGrey/model.config
-- Symlinking: /ws/install/large_project/share/large_project/buildings/models/OfficeChairGrey/model.sdf
-- Symlinking: /ws/install/large_project/share/large_project/buildings/models/OfficeChairGrey/thumbnails/1.png
-- Symlinking: /ws/install/large_project/share/large_project/buildings/models/OfficeChairGrey/thumbnails/2.png
-- Symlinking: /ws/install/large_project/share/large_project/buildings/models/OfficeChairGrey/thumbnails/3.png
-- Symlinking: /ws/install/large_project/share/large_project/buildings/models/OfficeChairGrey/thumbnails/4.png
-- Symlinking: /ws/install/large_project/share/large_project/buildings/models/OfficeChairGrey/thumbnails/5.png
-- Symlinking: /ws/install/large_project/share/large_project/buildings/models/OfficeChairGrey/thumbnails/meta/1.png
-- Symlinking: /ws/install/large_project/share/large_project/buildings/models/OfficeChairGrey/thumbnails/meta/2.png
-- Symlinking: /ws/install/large_project/share/large_project/buildings/models/OfficeChairGrey/thumbnails/meta/3.png
-- Symlinking: /ws/install/large_project/share/large_project/buildings/models/OfficeChairGrey/thumbnails/meta/4.png
-- Symlinking: /ws/install/large_project/share/large_project/buildings/models/OfficeChairGrey/thumbnails/meta/5.png
-- Symlinking: /ws/install/large_project/share/large_project/buildings/models/Pine Tree/LICENSE
-- Symlinking: /ws/install/large_project/share/large_project/buildings/models/Pine Tree/materials/scripts/caster_fp.glsl
-- Symlinking: /ws/install/large_project/share/large_project/buildings/models/Pine Tree/materials/scripts/caster_vp.glsl
-- Symlinking: /ws/install/large_project/share/large_project/buildings/models/Pine Tree/materials/scripts/pine_tree.material
-- Symlinking: /ws/install/large_project/share/large_project/buildings/models/Pine Tree/materials/textures/bark_diffuse.png
-- Symlinking: /ws/install/large_project/share/large_project/buildings/models/Pine Tree/materials/textures/branch_2_diffuse.png
-- Symlinking: /ws/install/large_project/share/large_project/buildings/models/Pine Tree/meshes/pine_tree.dae
-- Symlinking: /ws/install/large_project/share/large_project/buildings/models/Pine Tree/model.config
-- Symlinking: /ws/install/large_project/share/large_project/buildings/models/Pine Tree/model.sdf
-- Symlinking: /ws/install/large_project/share/large_project/buildings/models/Pine Tree/thumbnails/1.png
-- Symlinking: /ws/install/large_project/share/large_project/buildings/models/Pine Tree/thumbnails/2.png
-- Symlinking: /ws/install/large_project/share/large_project/buildings/models/Pine Tree/thumbnails/3.png
-- Symlinking: /ws/install/large_project/share/large_project/buildings/models/Pine Tree/thumbnails/4.png
-- Symlinking: /ws/install/large_project/share/large_project/buildings/models/Pine Tree/thumbnails/5.png
-- Symlinking: /ws/install/large_project/share/large_project/buildings/models/PotatoChipChair/LICENSE
-- Symlinking: /ws/install/large_project/share/large_project/buildings/models/PotatoChipChair/meshes/PotatoChipChair.mtl
-- Symlinking: /ws/install/large_project/share/large_project/buildings/models/PotatoChipChair/meshes/PotatoChipChair.obj
-- Symlinking: /ws/install/large_project/share/large_project/buildings/models/PotatoChipChair/meshes/PotatoChipChairDiffuse.png
-- Symlinking: /ws/install/large_project/share/large_project/buildings/models/PotatoChipChair/meshes/PotatoChipChair_Col.mtl
-- Symlinking: /ws/install/large_project/share/large_project/buildings/models/PotatoChipChair/meshes/PotatoChipChair_Col.obj
-- Symlinking: /ws/install/large_project/share/large_project/buildings/models/PotatoChipChair/model.config
-- Symlinking: /ws/install/large_project/share/large_project/buildings/models/PotatoChipChair/model.sdf
-- Symlinking: /ws/install/large_project/share/large_project/buildings/models/PotatoChipChair/thumbnails/1.png
-- Symlinking: /ws/install/large_project/share/large_project/buildings/models/PotatoChipChair/thumbnails/2.png
-- Symlinking: /ws/install/large_project/share/large_project/buildings/models/PotatoChipChair/thumbnails/3.png
-- Symlinking: /ws/install/large_project/share/large_project/buildings/models/PotatoChipChair/thumbnails/4.png
-- Symlinking: /ws/install/large_project/share/large_project/buildings/models/PotatoChipChair/thumbnails/5.png
-- Symlinking: /ws/install/large_project/share/large_project/buildings/models/RecTable/LICENSE
-- Symlinking: /ws/install/large_project/share/large_project/buildings/models/RecTable/meshes/RecTable.mtl
-- Symlinking: /ws/install/large_project/share/large_project/buildings/models/RecTable/meshes/RecTable.obj
-- Symlinking: /ws/install/large_project/share/large_project/buildings/models/RecTable/meshes/RecTable_Col.mtl
-- Symlinking: /ws/install/large_project/share/large_project/buildings/models/RecTable/meshes/RecTable_Col.obj
-- Symlinking: /ws/install/large_project/share/large_project/buildings/models/RecTable/meshes/rectable.png
-- Symlinking: /ws/install/large_project/share/large_project/buildings/models/RecTable/model.config
-- Symlinking: /ws/install/large_project/share/large_project/buildings/models/RecTable/model.sdf
-- Symlinking: /ws/install/large_project/share/large_project/buildings/models/RecTable/thumbnails/1.png
-- Symlinking: /ws/install/large_project/share/large_project/buildings/models/RecTable/thumbnails/2.png
-- Symlinking: /ws/install/large_project/share/large_project/buildings/models/RecTable/thumbnails/3.png
-- Symlinking: /ws/install/large_project/share/large_project/buildings/models/RecTable/thumbnails/4.png
-- Symlinking: /ws/install/large_project/share/large_project/buildings/models/RecTable/thumbnails/5.png
-- Symlinking: /ws/install/large_project/share/large_project/buildings/models/RetailKiosk1/LICENSE
-- Symlinking: /ws/install/large_project/share/large_project/buildings/models/RetailKiosk1/meshes/RetailKiosk1.mtl
-- Symlinking: /ws/install/large_project/share/large_project/buildings/models/RetailKiosk1/meshes/RetailKiosk1.obj
-- Symlinking: /ws/install/large_project/share/large_project/buildings/models/RetailKiosk1/meshes/RetailKiosk1_Col.mtl
-- Symlinking: /ws/install/large_project/share/large_project/buildings/models/RetailKiosk1/meshes/RetailKiosk1_Col.obj
-- Symlinking: /ws/install/large_project/share/large_project/buildings/models/RetailKiosk1/meshes/RetailKiosk1_Diffuse.png
-- Symlinking: /ws/install/large_project/share/large_project/buildings/models/RetailKiosk1/meshes/RetailKiosk1_Normal.png
-- Symlinking: /ws/install/large_project/share/large_project/buildings/models/RetailKiosk1/meshes/RetailKiosk1_Rough.png
-- Symlinking: /ws/install/large_project/share/large_project/buildings/models/RetailKiosk1/model.config
-- Symlinking: /ws/install/large_project/share/large_project/buildings/models/RetailKiosk1/model.sdf
-- Symlinking: /ws/install/large_project/share/large_project/buildings/models/RetailKiosk1/thumbnails/1.png
-- Symlinking: /ws/install/large_project/share/large_project/buildings/models/RetailKiosk1/thumbnails/2.png
-- Symlinking: /ws/install/large_project/share/large_project/buildings/models/RetailKiosk1/thumbnails/3.png
-- Symlinking: /ws/install/large_project/share/large_project/buildings/models/RetailKiosk1/thumbnails/4.png
-- Symlinking: /ws/install/large_project/share/large_project/buildings/models/RetailKiosk1/thumbnails/5.png
-- Symlinking: /ws/install/large_project/share/large_project/buildings/models/RobotPlaceholder/model.config
-- Symlinking: /ws/install/large_project/share/large_project/buildings/models/RobotPlaceholder/model.sdf
-- Symlinking: /ws/install/large_project/share/large_project/buildings/models/ScrubsTrolley/LICENSE
-- Symlinking: /ws/install/large_project/share/large_project/buildings/models/ScrubsTrolley/meshes/ScrubsTrolley.mtl
-- Symlinking: /ws/install/large_project/share/large_project/buildings/models/ScrubsTrolley/meshes/ScrubsTrolley.obj
-- Symlinking: /ws/install/large_project/share/large_project/buildings/models/ScrubsTrolley/meshes/ScrubsTrolley.png
-- Symlinking: /ws/install/large_project/share/large_project/buildings/models/ScrubsTrolley/meshes/ScrubsTrolley_Col.mtl
-- Symlinking: /ws/install/large_project/share/large_project/buildings/models/ScrubsTrolley/meshes/ScrubsTrolley_Col.obj
-- Symlinking: /ws/install/large_project/share/large_project/buildings/models/ScrubsTrolley/model.config
-- Symlinking: /ws/install/large_project/share/large_project/buildings/models/ScrubsTrolley/model.sdf
-- Symlinking: /ws/install/large_project/share/large_project/buildings/models/ScrubsTrolley/thumbnails/1.png
-- Symlinking: /ws/install/large_project/share/large_project/buildings/models/ScrubsTrolley/thumbnails/2.png
-- Symlinking: /ws/install/large_project/share/large_project/buildings/models/ScrubsTrolley/thumbnails/3.png
-- Symlinking: /ws/install/large_project/share/large_project/buildings/models/ScrubsTrolley/thumbnails/4.png
-- Symlinking: /ws/install/large_project/share/large_project/buildings/models/ScrubsTrolley/thumbnails/5.png
-- Symlinking: /ws/install/large_project/share/large_project/buildings/models/SmallCubicle/LICENSE
-- Symlinking: /ws/install/large_project/share/large_project/buildings/models/SmallCubicle/meshes/SmallCubicle.mtl
-- Symlinking: /ws/install/large_project/share/large_project/buildings/models/SmallCubicle/meshes/SmallCubicle.obj
-- Symlinking: /ws/install/large_project/share/large_project/buildings/models/SmallCubicle/meshes/SmallCubicle_Col.mtl
-- Symlinking: /ws/install/large_project/share/large_project/buildings/models/SmallCubicle/meshes/SmallCubicle_Col.obj
-- Symlinking: /ws/install/large_project/share/large_project/buildings/models/SmallCubicle/meshes/SmallCubicle_Diffuse.png
-- Symlinking: /ws/install/large_project/share/large_project/buildings/models/SmallCubicle/model.config
-- Symlinking: /ws/install/large_project/share/large_project/buildings/models/SmallCubicle/model.sdf
-- Symlinking: /ws/install/large_project/share/large_project/buildings/models/SmallCubicle/thumbnails/1.png
-- Symlinking: /ws/install/large_project/share/large_project/buildings/models/SmallCubicle/thumbnails/2.png
-- Symlinking: /ws/install/large_project/share/large_project/buildings/models/SmallCubicle/thumbnails/3.png
-- Symlinking: /ws/install/large_project/share/large_project/buildings/models/SmallCubicle/thumbnails/4.png
-- Symlinking: /ws/install/large_project/share/large_project/buildings/models/SmallCubicle/thumbnails/5.png
-- Symlinking: /ws/install/large_project/share/large_project/buildings/models/Sofa/LICENSE
-- Symlinking: /ws/install/large_project/share/large_project/buildings/models/Sofa/meshes/Sofa.mtl
-- Symlinking: /ws/install/large_project/share/large_project/buildings/models/Sofa/meshes/Sofa.obj
-- Symlinking: /ws/install/large_project/share/large_project/buildings/models/Sofa/meshes/SofaDiffuse.png
-- Symlinking: /ws/install/large_project/share/large_project/buildings/models/Sofa/model.config
-- Symlinking: /ws/install/large_project/share/large_project/buildings/models/Sofa/model.sdf
-- Symlinking: /ws/install/large_project/share/large_project/buildings/models/Sofa/thumbnails/1.png
-- Symlinking: /ws/install/large_project/share/large_project/buildings/models/Sofa/thumbnails/2.png
-- Symlinking: /ws/install/large_project/share/large_project/buildings/models/Sofa/thumbnails/3.png
-- Symlinking: /ws/install/large_project/share/large_project/buildings/models/Sofa/thumbnails/4.png
-- Symlinking: /ws/install/large_project/share/large_project/buildings/models/Sofa/thumbnails/5.png
-- Symlinking: /ws/install/large_project/share/large_project/buildings/models/StorageRackCovered/LICENSE
-- Symlinking: /ws/install/large_project/share/large_project/buildings/models/StorageRackCovered/meshes/StorageRackCovered.mtl
-- Symlinking: /ws/install/large_project/share/large_project/buildings/models/StorageRackCovered/meshes/StorageRackCovered.obj
-- Symlinking: /ws/install/large_project/share/large_project/buildings/models/StorageRackCovered/meshes/StorageRackCovered.png
-- Symlinking: /ws/install/large_project/share/large_project/buildings/models/StorageRackCovered/model.config
-- Symlinking: /ws/install/large_project/share/large_project/buildings/models/StorageRackCovered/model.sdf
-- Symlinking: /ws/install/large_project/share/large_project/buildings/models/StorageRackCovered/thumbnails/1.png
-- Symlinking: /ws/install/large_project/share/large_project/buildings/models/StorageRackCovered/thumbnails/2.png
-- Symlinking: /ws/install/large_project/share/large_project/buildings/models/StorageRackCovered/thumbnails/3.png
-- Symlinking: /ws/install/large_project/share/large_project/buildings/models/StorageRackCovered/thumbnails/4.png
-- Symlinking: /ws/install/large_project/share/large_project/buildings/models/StorageRackCovered/thumbnails/5.png
-- Symlinking: /ws/install/large_project/share/large_project/buildings/models/TVStand/LICENSE
-- Symlinking: /ws/install/large_project/share/large_project/buildings/models/TVStand/meshes/TVStand.mtl
-- Symlinking: /ws/install/large_project/share/large_project/buildings/models/TVStand/meshes/TVStand.obj
-- Symlinking: /ws/install/large_project/share/large_project/buildings/models/TVStand/meshes/TVStand_Col.mtl
-- Symlinking: /ws/install/large_project/share/large_project/buildings/models/TVStand/meshes/TVStand_Col.obj
-- Symlinking: /ws/install/large_project/share/large_project/buildings/models/TVStand/meshes/TVStand_Diffuse.png
-- Symlinking: /ws/install/large_project/share/large_project/buildings/models/TVStand/model.config
-- Symlinking: /ws/install/large_project/share/large_project/buildings/models/TVStand/model.sdf
-- Symlinking: /ws/install/large_project/share/large_project/buildings/models/TVStand/thumbnails/1.png
-- Symlinking: /ws/install/large_project/share/large_project/buildings/models/TVStand/thumbnails/2.png
-- Symlinking: /ws/install/large_project/share/large_project/buildings/models/TVStand/thumbnails/3.png
-- Symlinking: /ws/install/large_project/share/large_project/buildings/models/TVStand/thumbnails/4.png
-- Symlinking: /ws/install/large_project/share/large_project/buildings/models/TVStand/thumbnails/5.png
-- Symlinking: /ws/install/large_project/share/large_project/buildings/models/Table/LICENSE
-- Symlinking: /ws/install/large_project/share/large_project/buildings/models/Table/Table_Diffuse.jpg
-- Symlinking: /ws/install/large_project/share/large_project/buildings/models/Table/model-1_2.sdf
-- Symlinking: /ws/install/large_project/share/large_project/buildings/models/Table/model-1_3.sdf
-- Symlinking: /ws/install/large_project/share/large_project/buildings/models/Table/model-1_4.sdf
-- Symlinking: /ws/install/large_project/share/large_project/buildings/models/Table/model.config
-- Symlinking: /ws/install/large_project/share/large_project/buildings/models/Table/model.sdf
-- Symlinking: /ws/install/large_project/share/large_project/buildings/models/Table/thumbnails/1.png
-- Symlinking: /ws/install/large_project/share/large_project/buildings/models/Table/thumbnails/2.png
-- Symlinking: /ws/install/large_project/share/large_project/buildings/models/Table/thumbnails/3.png
-- Symlinking: /ws/install/large_project/share/large_project/buildings/models/Table/thumbnails/4.png
-- Symlinking: /ws/install/large_project/share/large_project/buildings/models/Table/thumbnails/5.png
-- Symlinking: /ws/install/large_project/share/large_project/buildings/models/TeleportDispenser/model.config
-- Symlinking: /ws/install/large_project/share/large_project/buildings/models/TeleportDispenser/model.sdf
-- Symlinking: /ws/install/large_project/share/large_project/buildings/models/TeleportIngestor/model.config
-- Symlinking: /ws/install/large_project/share/large_project/buildings/models/TeleportIngestor/model.sdf
-- Symlinking: /ws/install/large_project/share/large_project/buildings/models/TinyRobot/meshes/caster_wheel.dae
-- Symlinking: /ws/install/large_project/share/large_project/buildings/models/TinyRobot/meshes/caster_wheel.mtl
-- Symlinking: /ws/install/large_project/share/large_project/buildings/models/TinyRobot/meshes/caster_wheel.obj
-- Symlinking: /ws/install/large_project/share/large_project/buildings/models/TinyRobot/meshes/front_wheel.dae
-- Symlinking: /ws/install/large_project/share/large_project/buildings/models/TinyRobot/meshes/front_wheel.mtl
-- Symlinking: /ws/install/large_project/share/large_project/buildings/models/TinyRobot/meshes/front_wheel.obj
-- Symlinking: /ws/install/large_project/share/large_project/buildings/models/TinyRobot/meshes/sensors/raspi_camera.dae
-- Symlinking: /ws/install/large_project/share/large_project/buildings/models/TinyRobot/meshes/sensors/sonar_hc-sr04.dae
-- Symlinking: /ws/install/large_project/share/large_project/buildings/models/TinyRobot/meshes/tinyRobot_body.dae
-- Symlinking: /ws/install/large_project/share/large_project/buildings/models/TinyRobot/meshes/tinyRobot_body.mtl
-- Symlinking: /ws/install/large_project/share/large_project/buildings/models/TinyRobot/meshes/tinyRobot_body.obj
-- Symlinking: /ws/install/large_project/share/large_project/buildings/models/TinyRobot/model.config
-- Symlinking: /ws/install/large_project/share/large_project/buildings/models/TinyRobot/model.sdf
-- Symlinking: /ws/install/large_project/share/large_project/buildings/models/TinyRobot/thumbnails/1.png
-- Symlinking: /ws/install/large_project/share/large_project/buildings/models/TinyRobot/thumbnails/2.png
-- Symlinking: /ws/install/large_project/share/large_project/buildings/models/TinyRobot/thumbnails/3.png
-- Symlinking: /ws/install/large_project/share/large_project/buildings/models/TinyRobot/thumbnails/4.png
-- Symlinking: /ws/install/large_project/share/large_project/buildings/models/TinyRobot/thumbnails/5.png
-- Symlinking: /ws/install/large_project/share/large_project/buildings/models/Toilet/LICENSE
-- Symlinking: /ws/install/large_project/share/large_project/buildings/models/Toilet/meshes/toilet.mtl
-- Symlinking: /ws/install/large_project/share/large_project/buildings/models/Toilet/meshes/toilet.obj
-- Symlinking: /ws/install/large_project/share/large_project/buildings/models/Toilet/model.config
-- Symlinking: /ws/install/large_project/share/large_project/buildings/models/Toilet/model.sdf
-- Symlinking: /ws/install/large_project/share/large_project/buildings/models/Toilet/thumbnails/1.png
-- Symlinking: /ws/install/large_project/share/large_project/buildings/models/Toilet/thumbnails/2.png
-- Symlinking: /ws/install/large_project/share/large_project/buildings/models/Toilet/thumbnails/3.png
-- Symlinking: /ws/install/large_project/share/large_project/buildings/models/Toilet/thumbnails/4.png
-- Symlinking: /ws/install/large_project/share/large_project/buildings/models/Toilet/thumbnails/5.png
-- Symlinking: /ws/install/large_project/share/large_project/buildings/models/VendingMachine/LICENSE
-- Symlinking: /ws/install/large_project/share/large_project/buildings/models/VendingMachine/meshes/VendingMachine.mtl
-- Symlinking: /ws/install/large_project/share/large_project/buildings/models/VendingMachine/meshes/VendingMachine.obj
-- Symlinking: /ws/install/large_project/share/large_project/buildings/models/VendingMachine/meshes/VendingMachine_Diffuse.png
-- Symlinking: /ws/install/large_project/share/large_project/buildings/models/VendingMachine/model.config
-- Symlinking: /ws/install/large_project/share/large_project/buildings/models/VendingMachine/model.sdf
-- Symlinking: /ws/install/large_project/share/large_project/buildings/models/VendingMachine/thumbnails/1.png
-- Symlinking: /ws/install/large_project/share/large_project/buildings/models/VendingMachine/thumbnails/2.png
-- Symlinking: /ws/install/large_project/share/large_project/buildings/models/VendingMachine/thumbnails/3.png
-- Symlinking: /ws/install/large_project/share/large_project/buildings/models/VendingMachine/thumbnails/4.png
-- Symlinking: /ws/install/large_project/share/large_project/buildings/models/VendingMachine/thumbnails/5.png
-- Symlinking: /ws/install/large_project/share/large_project/buildings/models/WhiteCabinet/LICENSE
-- Symlinking: /ws/install/large_project/share/large_project/buildings/models/WhiteCabinet/meshes/WhiteCabinet.mtl
-- Symlinking: /ws/install/large_project/share/large_project/buildings/models/WhiteCabinet/meshes/WhiteCabinet.obj
-- Symlinking: /ws/install/large_project/share/large_project/buildings/models/WhiteCabinet/meshes/WhiteCabinet.png
-- Symlinking: /ws/install/large_project/share/large_project/buildings/models/WhiteCabinet/model.config
-- Symlinking: /ws/install/large_project/share/large_project/buildings/models/WhiteCabinet/model.sdf
-- Symlinking: /ws/install/large_project/share/large_project/buildings/models/WhiteCabinet/thumbnails/1.png
-- Symlinking: /ws/install/large_project/share/large_project/buildings/models/WhiteCabinet/thumbnails/2.png
-- Symlinking: /ws/install/large_project/share/large_project/buildings/models/WhiteCabinet/thumbnails/3.png
-- Symlinking: /ws/install/large_project/share/large_project/buildings/models/WhiteCabinet/thumbnails/4.png
-- Symlinking: /ws/install/large_project/share/large_project/buildings/models/WhiteCabinet/thumbnails/5.png
-- Symlinking: /ws/install/large_project/share/large_project/buildings/models/WoodenChair/LICENSE
-- Symlinking: /ws/install/large_project/share/large_project/buildings/models/WoodenChair/meshes/WoodenChair.mtl
-- Symlinking: /ws/install/large_project/share/large_project/buildings/models/WoodenChair/meshes/WoodenChair.obj
-- Symlinking: /ws/install/large_project/share/large_project/buildings/models/WoodenChair/meshes/WoodenChair_Col.mtl
-- Symlinking: /ws/install/large_project/share/large_project/buildings/models/WoodenChair/meshes/WoodenChair_Col.obj
-- Symlinking: /ws/install/large_project/share/large_project/buildings/models/WoodenChair/meshes/WoodenChair_Diffuse.png
-- Symlinking: /ws/install/large_project/share/large_project/buildings/models/WoodenChair/meshes/WoodenChair_Rough.png
-- Symlinking: /ws/install/large_project/share/large_project/buildings/models/WoodenChair/model.config
-- Symlinking: /ws/install/large_project/share/large_project/buildings/models/WoodenChair/model.sdf
-- Symlinking: /ws/install/large_project/share/large_project/buildings/models/WoodenChair/thumbnails/1.png
-- Symlinking: /ws/install/large_project/share/large_project/buildings/models/WoodenChair/thumbnails/2.png
-- Symlinking: /ws/install/large_project/share/large_project/buildings/models/WoodenChair/thumbnails/3.png
-- Symlinking: /ws/install/large_project/share/large_project/buildings/models/WoodenChair/thumbnails/4.png
-- Symlinking: /ws/install/large_project/share/large_project/buildings/models/WoodenChair/thumbnails/5.png
-- Symlinking: /ws/install/large_project/share/ament_index/resource_index/package_run_dependencies/large_project
-- Symlinking: /ws/install/large_project/share/ament_index/resource_index/parent_prefix_path/large_project
-- Symlinking: /ws/install/large_project/share/large_project/environment/ament_prefix_path.sh
-- Symlinking: /ws/install/large_project/share/large_project/environment/ament_prefix_path.dsv
-- Symlinking: /ws/install/large_project/share/large_project/environment/path.sh
-- Symlinking: /ws/install/large_project/share/large_project/environment/path.dsv
-- Symlinking: /ws/install/large_project/share/large_project/local_setup.bash
-- Symlinking: /ws/install/large_project/share/large_project/local_setup.sh
-- Symlinking: /ws/install/large_project/share/large_project/local_setup.zsh
-- Symlinking: /ws/install/large_project/share/large_project/local_setup.dsv
-- Symlinking: /ws/install/large_project/share/large_project/package.dsv
-- Symlinking: /ws/install/large_project/share/ament_index/resource_index/packages/large_project
-- Symlinking: /ws/install/large_project/share/large_project/cmake/large_projectConfig.cmake
-- Symlinking: /ws/install/large_project/share/large_project/cmake/large_projectConfig-version.cmake
-- Symlinking: /ws/install/large_project/share/large_project/package.xml
