[1.422s] Invoking command in '/ws/src/rmf_demos/rmf_demos_bridges': PYTHONPATH=/ws/build/rmf_demos_bridges/prefix_override:/usr/lib/python3/dist-packages/colcon_core/task/python/colcon_distutils_commands:/ws/install/rmf_demos_bridges/lib/python3.12/site-packages:${PYTHONPATH} /usr/bin/python3 -W ignore:setup.py install is deprecated -W ignore:easy_install command is deprecated setup.py egg_info --egg-base ../../../build/rmf_demos_bridges build --build-base /ws/build/rmf_demos_bridges/build install --record /ws/build/rmf_demos_bridges/install.log --single-version-externally-managed install_data
[1.586s] running egg_info
[1.594s] writing ../../../build/rmf_demos_bridges/rmf_demos_bridges.egg-info/PKG-INFO
[1.594s] writing dependency_links to ../../../build/rmf_demos_bridges/rmf_demos_bridges.egg-info/dependency_links.txt
[1.594s] writing entry points to ../../../build/rmf_demos_bridges/rmf_demos_bridges.egg-info/entry_points.txt
[1.594s] writing requirements to ../../../build/rmf_demos_bridges/rmf_demos_bridges.egg-info/requires.txt
[1.594s] writing top-level names to ../../../build/rmf_demos_bridges/rmf_demos_bridges.egg-info/top_level.txt
[1.612s] reading manifest file '../../../build/rmf_demos_bridges/rmf_demos_bridges.egg-info/SOURCES.txt'
[1.613s] writing manifest file '../../../build/rmf_demos_bridges/rmf_demos_bridges.egg-info/SOURCES.txt'
[1.613s] running build
[1.613s] running build_py
[1.613s] running install
[1.617s] running install_lib
[1.627s] running install_data
[1.627s] running install_egg_info
[1.636s] removing '/ws/install/rmf_demos_bridges/lib/python3.12/site-packages/rmf_demos_bridges-2.8.1-py3.12.egg-info' (and everything under it)
[1.636s] Copying ../../../build/rmf_demos_bridges/rmf_demos_bridges.egg-info to /ws/install/rmf_demos_bridges/lib/python3.12/site-packages/rmf_demos_bridges-2.8.1-py3.12.egg-info
[1.637s] running install_scripts
[1.716s] Installing fleet_robotmanager_mqtt_bridge script to /ws/install/rmf_demos_bridges/lib/rmf_demos_bridges
[1.716s] Installing fleet_socketio_bridge script to /ws/install/rmf_demos_bridges/lib/rmf_demos_bridges
[1.716s] writing list of installed files to '/ws/build/rmf_demos_bridges/install.log'
[1.754s] Invoked command in '/ws/src/rmf_demos/rmf_demos_bridges' returned '0': PYTHONPATH=/ws/build/rmf_demos_bridges/prefix_override:/usr/lib/python3/dist-packages/colcon_core/task/python/colcon_distutils_commands:/ws/install/rmf_demos_bridges/lib/python3.12/site-packages:${PYTHONPATH} /usr/bin/python3 -W ignore:setup.py install is deprecated -W ignore:easy_install command is deprecated setup.py egg_info --egg-base ../../../build/rmf_demos_bridges build --build-base /ws/build/rmf_demos_bridges/build install --record /ws/build/rmf_demos_bridges/install.log --single-version-externally-managed install_data
