[0.071s] DEBUG:colcon:Command line arguments: ['/usr/bin/colcon', 'build']
[0.071s] DEBUG:colcon:Parsed command line arguments: Namespace(log_base=None, log_level=None, verb_name='build', build_base='build', install_base='install', merge_install=False, symlink_install=False, test_result_base=None, continue_on_error=False, executor='parallel', parallel_workers=16, event_handlers=None, ignore_user_meta=False, metas=['./colcon.meta'], base_paths=['.'], packages_ignore=None, packages_ignore_regex=None, paths=None, packages_up_to=None, packages_up_to_regex=None, packages_above=None, packages_above_and_dependencies=None, packages_above_depth=None, packages_select_by_dep=None, packages_skip_by_dep=None, packages_skip_up_to=None, packages_select_build_failed=False, packages_skip_build_finished=False, packages_select_test_failures=False, packages_skip_test_passed=False, packages_select=None, packages_skip=None, packages_select_regex=None, packages_skip_regex=None, packages_start=None, packages_end=None, cmake_args=None, cmake_target=None, cmake_target_skip_unavailable=False, cmake_clean_cache=False, cmake_clean_first=False, cmake_force_configure=False, ament_cmake_args=None, catkin_cmake_args=None, catkin_skip_building_tests=False, mixin_files=None, mixin=None, verb_parser=<colcon_mixin.mixin.mixin_argument.MixinArgumentDecorator object at 0x7e07a9a93bc0>, verb_extension=<colcon_core.verb.build.BuildVerb object at 0x7e07a9bb3c50>, main=<bound method BuildVerb.main of <colcon_core.verb.build.BuildVerb object at 0x7e07a9bb3c50>>, mixin_verb=('build',))
[0.097s] Level 1:colcon.colcon_core.package_discovery:discover_packages(colcon_meta) check parameters
[0.097s] INFO:colcon.colcon_metadata.package_discovery.colcon_meta:Using configuration from '/root/.colcon/metadata/default/Gazebo.meta'
[0.097s] INFO:colcon.colcon_metadata.package_discovery.colcon_meta:Using configuration from '/root/.colcon/metadata/default/fastdds.meta'
[0.097s] INFO:colcon.colcon_metadata.package_discovery.colcon_meta:Using configuration from '/root/.colcon/metadata/default/fastrtps.meta'
[0.097s] Level 1:colcon.colcon_core.package_discovery:discover_packages(recursive) check parameters
[0.097s] Level 1:colcon.colcon_core.package_discovery:discover_packages(ignore) check parameters
[0.097s] Level 1:colcon.colcon_core.package_discovery:discover_packages(path) check parameters
[0.097s] Level 1:colcon.colcon_core.package_discovery:discover_packages(colcon_meta) discover
[0.097s] Level 1:colcon.colcon_core.package_discovery:discover_packages(recursive) discover
[0.097s] INFO:colcon.colcon_core.package_discovery:Crawling recursively for packages in '/ws'
[0.097s] Level 1:colcon.colcon_core.package_identification:_identify(.) by extensions ['ignore', 'ignore_ament_install']
[0.098s] Level 1:colcon.colcon_core.package_identification:_identify(.) by extension 'ignore'
[0.098s] Level 1:colcon.colcon_core.package_identification:_identify(.) by extension 'ignore_ament_install'
[0.098s] Level 1:colcon.colcon_core.package_identification:_identify(.) by extensions ['colcon_pkg']
[0.098s] Level 1:colcon.colcon_core.package_identification:_identify(.) by extension 'colcon_pkg'
[0.098s] Level 1:colcon.colcon_core.package_identification:_identify(.) by extensions ['colcon_meta']
[0.098s] Level 1:colcon.colcon_core.package_identification:_identify(.) by extension 'colcon_meta'
[0.098s] Level 1:colcon.colcon_core.package_identification:_identify(.) by extensions ['ros']
[0.098s] Level 1:colcon.colcon_core.package_identification:_identify(.) by extension 'ros'
[0.115s] Level 1:colcon.colcon_core.package_identification:_identify(.) by extensions ['cmake', 'python']
[0.115s] Level 1:colcon.colcon_core.package_identification:_identify(.) by extension 'cmake'
[0.115s] Level 1:colcon.colcon_core.package_identification:_identify(.) by extension 'python'
[0.115s] Level 1:colcon.colcon_core.package_identification:_identify(.) by extensions ['python_setup_py']
[0.115s] Level 1:colcon.colcon_core.package_identification:_identify(.) by extension 'python_setup_py'
[0.115s] Level 1:colcon.colcon_core.package_identification:_identify(build) by extensions ['ignore', 'ignore_ament_install']
[0.115s] Level 1:colcon.colcon_core.package_identification:_identify(build) by extension 'ignore'
[0.115s] Level 1:colcon.colcon_core.package_identification:_identify(build) ignored
[0.115s] Level 1:colcon.colcon_core.package_identification:_identify(buildings) by extensions ['ignore', 'ignore_ament_install']
[0.115s] Level 1:colcon.colcon_core.package_identification:_identify(buildings) by extension 'ignore'
[0.115s] Level 1:colcon.colcon_core.package_identification:_identify(buildings) by extension 'ignore_ament_install'
[0.115s] Level 1:colcon.colcon_core.package_identification:_identify(buildings) by extensions ['colcon_pkg']
[0.115s] Level 1:colcon.colcon_core.package_identification:_identify(buildings) by extension 'colcon_pkg'
[0.115s] Level 1:colcon.colcon_core.package_identification:_identify(buildings) by extensions ['colcon_meta']
[0.115s] Level 1:colcon.colcon_core.package_identification:_identify(buildings) by extension 'colcon_meta'
[0.115s] Level 1:colcon.colcon_core.package_identification:_identify(buildings) by extensions ['ros']
[0.115s] Level 1:colcon.colcon_core.package_identification:_identify(buildings) by extension 'ros'
[0.115s] Level 1:colcon.colcon_core.package_identification:_identify(buildings) by extensions ['cmake', 'python']
[0.115s] Level 1:colcon.colcon_core.package_identification:_identify(buildings) by extension 'cmake'
[0.116s] Level 1:colcon.colcon_core.package_identification:_identify(buildings) by extension 'python'
[0.116s] Level 1:colcon.colcon_core.package_identification:_identify(buildings) by extensions ['python_setup_py']
[0.116s] Level 1:colcon.colcon_core.package_identification:_identify(buildings) by extension 'python_setup_py'
[0.116s] Level 1:colcon.colcon_core.package_identification:_identify(buildings/first_world) by extensions ['ignore', 'ignore_ament_install']
[0.116s] Level 1:colcon.colcon_core.package_identification:_identify(buildings/first_world) by extension 'ignore'
[0.116s] Level 1:colcon.colcon_core.package_identification:_identify(buildings/first_world) by extension 'ignore_ament_install'
[0.116s] Level 1:colcon.colcon_core.package_identification:_identify(buildings/first_world) by extensions ['colcon_pkg']
[0.116s] Level 1:colcon.colcon_core.package_identification:_identify(buildings/first_world) by extension 'colcon_pkg'
[0.116s] Level 1:colcon.colcon_core.package_identification:_identify(buildings/first_world) by extensions ['colcon_meta']
[0.116s] Level 1:colcon.colcon_core.package_identification:_identify(buildings/first_world) by extension 'colcon_meta'
[0.116s] Level 1:colcon.colcon_core.package_identification:_identify(buildings/first_world) by extensions ['ros']
[0.116s] Level 1:colcon.colcon_core.package_identification:_identify(buildings/first_world) by extension 'ros'
[0.116s] Level 1:colcon.colcon_core.package_identification:_identify(buildings/first_world) by extensions ['cmake', 'python']
[0.116s] Level 1:colcon.colcon_core.package_identification:_identify(buildings/first_world) by extension 'cmake'
[0.116s] Level 1:colcon.colcon_core.package_identification:_identify(buildings/first_world) by extension 'python'
[0.116s] Level 1:colcon.colcon_core.package_identification:_identify(buildings/first_world) by extensions ['python_setup_py']
[0.116s] Level 1:colcon.colcon_core.package_identification:_identify(buildings/first_world) by extension 'python_setup_py'
[0.116s] Level 1:colcon.colcon_core.package_identification:_identify(buildings/first_world/Sofa) by extensions ['ignore', 'ignore_ament_install']
[0.116s] Level 1:colcon.colcon_core.package_identification:_identify(buildings/first_world/Sofa) by extension 'ignore'
[0.116s] Level 1:colcon.colcon_core.package_identification:_identify(buildings/first_world/Sofa) by extension 'ignore_ament_install'
[0.116s] Level 1:colcon.colcon_core.package_identification:_identify(buildings/first_world/Sofa) by extensions ['colcon_pkg']
[0.116s] Level 1:colcon.colcon_core.package_identification:_identify(buildings/first_world/Sofa) by extension 'colcon_pkg'
[0.116s] Level 1:colcon.colcon_core.package_identification:_identify(buildings/first_world/Sofa) by extensions ['colcon_meta']
[0.116s] Level 1:colcon.colcon_core.package_identification:_identify(buildings/first_world/Sofa) by extension 'colcon_meta'
[0.116s] Level 1:colcon.colcon_core.package_identification:_identify(buildings/first_world/Sofa) by extensions ['ros']
[0.116s] Level 1:colcon.colcon_core.package_identification:_identify(buildings/first_world/Sofa) by extension 'ros'
[0.116s] Level 1:colcon.colcon_core.package_identification:_identify(buildings/first_world/Sofa) by extensions ['cmake', 'python']
[0.116s] Level 1:colcon.colcon_core.package_identification:_identify(buildings/first_world/Sofa) by extension 'cmake'
[0.116s] Level 1:colcon.colcon_core.package_identification:_identify(buildings/first_world/Sofa) by extension 'python'
[0.116s] Level 1:colcon.colcon_core.package_identification:_identify(buildings/first_world/Sofa) by extensions ['python_setup_py']
[0.116s] Level 1:colcon.colcon_core.package_identification:_identify(buildings/first_world/Sofa) by extension 'python_setup_py'
[0.116s] Level 1:colcon.colcon_core.package_identification:_identify(buildings/first_world/Sofa/meshes) by extensions ['ignore', 'ignore_ament_install']
[0.116s] Level 1:colcon.colcon_core.package_identification:_identify(buildings/first_world/Sofa/meshes) by extension 'ignore'
[0.116s] Level 1:colcon.colcon_core.package_identification:_identify(buildings/first_world/Sofa/meshes) by extension 'ignore_ament_install'
[0.116s] Level 1:colcon.colcon_core.package_identification:_identify(buildings/first_world/Sofa/meshes) by extensions ['colcon_pkg']
[0.116s] Level 1:colcon.colcon_core.package_identification:_identify(buildings/first_world/Sofa/meshes) by extension 'colcon_pkg'
[0.116s] Level 1:colcon.colcon_core.package_identification:_identify(buildings/first_world/Sofa/meshes) by extensions ['colcon_meta']
[0.116s] Level 1:colcon.colcon_core.package_identification:_identify(buildings/first_world/Sofa/meshes) by extension 'colcon_meta'
[0.116s] Level 1:colcon.colcon_core.package_identification:_identify(buildings/first_world/Sofa/meshes) by extensions ['ros']
[0.116s] Level 1:colcon.colcon_core.package_identification:_identify(buildings/first_world/Sofa/meshes) by extension 'ros'
[0.116s] Level 1:colcon.colcon_core.package_identification:_identify(buildings/first_world/Sofa/meshes) by extensions ['cmake', 'python']
[0.116s] Level 1:colcon.colcon_core.package_identification:_identify(buildings/first_world/Sofa/meshes) by extension 'cmake'
[0.116s] Level 1:colcon.colcon_core.package_identification:_identify(buildings/first_world/Sofa/meshes) by extension 'python'
[0.116s] Level 1:colcon.colcon_core.package_identification:_identify(buildings/first_world/Sofa/meshes) by extensions ['python_setup_py']
[0.116s] Level 1:colcon.colcon_core.package_identification:_identify(buildings/first_world/Sofa/meshes) by extension 'python_setup_py'
[0.116s] Level 1:colcon.colcon_core.package_identification:_identify(buildings/first_world/Sofa/thumbnails) by extensions ['ignore', 'ignore_ament_install']
[0.116s] Level 1:colcon.colcon_core.package_identification:_identify(buildings/first_world/Sofa/thumbnails) by extension 'ignore'
[0.116s] Level 1:colcon.colcon_core.package_identification:_identify(buildings/first_world/Sofa/thumbnails) by extension 'ignore_ament_install'
[0.116s] Level 1:colcon.colcon_core.package_identification:_identify(buildings/first_world/Sofa/thumbnails) by extensions ['colcon_pkg']
[0.116s] Level 1:colcon.colcon_core.package_identification:_identify(buildings/first_world/Sofa/thumbnails) by extension 'colcon_pkg'
[0.117s] Level 1:colcon.colcon_core.package_identification:_identify(buildings/first_world/Sofa/thumbnails) by extensions ['colcon_meta']
[0.117s] Level 1:colcon.colcon_core.package_identification:_identify(buildings/first_world/Sofa/thumbnails) by extension 'colcon_meta'
[0.117s] Level 1:colcon.colcon_core.package_identification:_identify(buildings/first_world/Sofa/thumbnails) by extensions ['ros']
[0.117s] Level 1:colcon.colcon_core.package_identification:_identify(buildings/first_world/Sofa/thumbnails) by extension 'ros'
[0.117s] Level 1:colcon.colcon_core.package_identification:_identify(buildings/first_world/Sofa/thumbnails) by extensions ['cmake', 'python']
[0.117s] Level 1:colcon.colcon_core.package_identification:_identify(buildings/first_world/Sofa/thumbnails) by extension 'cmake'
[0.117s] Level 1:colcon.colcon_core.package_identification:_identify(buildings/first_world/Sofa/thumbnails) by extension 'python'
[0.117s] Level 1:colcon.colcon_core.package_identification:_identify(buildings/first_world/Sofa/thumbnails) by extensions ['python_setup_py']
[0.117s] Level 1:colcon.colcon_core.package_identification:_identify(buildings/first_world/Sofa/thumbnails) by extension 'python_setup_py'
[0.117s] Level 1:colcon.colcon_core.package_identification:_identify(buildings/first_world/TinyRobot) by extensions ['ignore', 'ignore_ament_install']
[0.117s] Level 1:colcon.colcon_core.package_identification:_identify(buildings/first_world/TinyRobot) by extension 'ignore'
[0.117s] Level 1:colcon.colcon_core.package_identification:_identify(buildings/first_world/TinyRobot) by extension 'ignore_ament_install'
[0.117s] Level 1:colcon.colcon_core.package_identification:_identify(buildings/first_world/TinyRobot) by extensions ['colcon_pkg']
[0.117s] Level 1:colcon.colcon_core.package_identification:_identify(buildings/first_world/TinyRobot) by extension 'colcon_pkg'
[0.117s] Level 1:colcon.colcon_core.package_identification:_identify(buildings/first_world/TinyRobot) by extensions ['colcon_meta']
[0.117s] Level 1:colcon.colcon_core.package_identification:_identify(buildings/first_world/TinyRobot) by extension 'colcon_meta'
[0.117s] Level 1:colcon.colcon_core.package_identification:_identify(buildings/first_world/TinyRobot) by extensions ['ros']
[0.117s] Level 1:colcon.colcon_core.package_identification:_identify(buildings/first_world/TinyRobot) by extension 'ros'
[0.117s] Level 1:colcon.colcon_core.package_identification:_identify(buildings/first_world/TinyRobot) by extensions ['cmake', 'python']
[0.117s] Level 1:colcon.colcon_core.package_identification:_identify(buildings/first_world/TinyRobot) by extension 'cmake'
[0.117s] Level 1:colcon.colcon_core.package_identification:_identify(buildings/first_world/TinyRobot) by extension 'python'
[0.117s] Level 1:colcon.colcon_core.package_identification:_identify(buildings/first_world/TinyRobot) by extensions ['python_setup_py']
[0.117s] Level 1:colcon.colcon_core.package_identification:_identify(buildings/first_world/TinyRobot) by extension 'python_setup_py'
[0.117s] Level 1:colcon.colcon_core.package_identification:_identify(buildings/first_world/TinyRobot/meshes) by extensions ['ignore', 'ignore_ament_install']
[0.117s] Level 1:colcon.colcon_core.package_identification:_identify(buildings/first_world/TinyRobot/meshes) by extension 'ignore'
[0.117s] Level 1:colcon.colcon_core.package_identification:_identify(buildings/first_world/TinyRobot/meshes) by extension 'ignore_ament_install'
[0.117s] Level 1:colcon.colcon_core.package_identification:_identify(buildings/first_world/TinyRobot/meshes) by extensions ['colcon_pkg']
[0.117s] Level 1:colcon.colcon_core.package_identification:_identify(buildings/first_world/TinyRobot/meshes) by extension 'colcon_pkg'
[0.117s] Level 1:colcon.colcon_core.package_identification:_identify(buildings/first_world/TinyRobot/meshes) by extensions ['colcon_meta']
[0.117s] Level 1:colcon.colcon_core.package_identification:_identify(buildings/first_world/TinyRobot/meshes) by extension 'colcon_meta'
[0.117s] Level 1:colcon.colcon_core.package_identification:_identify(buildings/first_world/TinyRobot/meshes) by extensions ['ros']
[0.117s] Level 1:colcon.colcon_core.package_identification:_identify(buildings/first_world/TinyRobot/meshes) by extension 'ros'
[0.117s] Level 1:colcon.colcon_core.package_identification:_identify(buildings/first_world/TinyRobot/meshes) by extensions ['cmake', 'python']
[0.117s] Level 1:colcon.colcon_core.package_identification:_identify(buildings/first_world/TinyRobot/meshes) by extension 'cmake'
[0.117s] Level 1:colcon.colcon_core.package_identification:_identify(buildings/first_world/TinyRobot/meshes) by extension 'python'
[0.117s] Level 1:colcon.colcon_core.package_identification:_identify(buildings/first_world/TinyRobot/meshes) by extensions ['python_setup_py']
[0.117s] Level 1:colcon.colcon_core.package_identification:_identify(buildings/first_world/TinyRobot/meshes) by extension 'python_setup_py'
[0.117s] Level 1:colcon.colcon_core.package_identification:_identify(buildings/first_world/first_L1) by extensions ['ignore', 'ignore_ament_install']
[0.117s] Level 1:colcon.colcon_core.package_identification:_identify(buildings/first_world/first_L1) by extension 'ignore'
[0.117s] Level 1:colcon.colcon_core.package_identification:_identify(buildings/first_world/first_L1) by extension 'ignore_ament_install'
[0.117s] Level 1:colcon.colcon_core.package_identification:_identify(buildings/first_world/first_L1) by extensions ['colcon_pkg']
[0.117s] Level 1:colcon.colcon_core.package_identification:_identify(buildings/first_world/first_L1) by extension 'colcon_pkg'
[0.117s] Level 1:colcon.colcon_core.package_identification:_identify(buildings/first_world/first_L1) by extensions ['colcon_meta']
[0.117s] Level 1:colcon.colcon_core.package_identification:_identify(buildings/first_world/first_L1) by extension 'colcon_meta'
[0.117s] Level 1:colcon.colcon_core.package_identification:_identify(buildings/first_world/first_L1) by extensions ['ros']
[0.117s] Level 1:colcon.colcon_core.package_identification:_identify(buildings/first_world/first_L1) by extension 'ros'
[0.117s] Level 1:colcon.colcon_core.package_identification:_identify(buildings/first_world/first_L1) by extensions ['cmake', 'python']
[0.117s] Level 1:colcon.colcon_core.package_identification:_identify(buildings/first_world/first_L1) by extension 'cmake'
[0.117s] Level 1:colcon.colcon_core.package_identification:_identify(buildings/first_world/first_L1) by extension 'python'
[0.117s] Level 1:colcon.colcon_core.package_identification:_identify(buildings/first_world/first_L1) by extensions ['python_setup_py']
[0.118s] Level 1:colcon.colcon_core.package_identification:_identify(buildings/first_world/first_L1) by extension 'python_setup_py'
[0.118s] Level 1:colcon.colcon_core.package_identification:_identify(buildings/first_world/first_L1/meshes) by extensions ['ignore', 'ignore_ament_install']
[0.118s] Level 1:colcon.colcon_core.package_identification:_identify(buildings/first_world/first_L1/meshes) by extension 'ignore'
[0.118s] Level 1:colcon.colcon_core.package_identification:_identify(buildings/first_world/first_L1/meshes) by extension 'ignore_ament_install'
[0.118s] Level 1:colcon.colcon_core.package_identification:_identify(buildings/first_world/first_L1/meshes) by extensions ['colcon_pkg']
[0.118s] Level 1:colcon.colcon_core.package_identification:_identify(buildings/first_world/first_L1/meshes) by extension 'colcon_pkg'
[0.118s] Level 1:colcon.colcon_core.package_identification:_identify(buildings/first_world/first_L1/meshes) by extensions ['colcon_meta']
[0.118s] Level 1:colcon.colcon_core.package_identification:_identify(buildings/first_world/first_L1/meshes) by extension 'colcon_meta'
[0.118s] Level 1:colcon.colcon_core.package_identification:_identify(buildings/first_world/first_L1/meshes) by extensions ['ros']
[0.118s] Level 1:colcon.colcon_core.package_identification:_identify(buildings/first_world/first_L1/meshes) by extension 'ros'
[0.118s] Level 1:colcon.colcon_core.package_identification:_identify(buildings/first_world/first_L1/meshes) by extensions ['cmake', 'python']
[0.118s] Level 1:colcon.colcon_core.package_identification:_identify(buildings/first_world/first_L1/meshes) by extension 'cmake'
[0.118s] Level 1:colcon.colcon_core.package_identification:_identify(buildings/first_world/first_L1/meshes) by extension 'python'
[0.118s] Level 1:colcon.colcon_core.package_identification:_identify(buildings/first_world/first_L1/meshes) by extensions ['python_setup_py']
[0.118s] Level 1:colcon.colcon_core.package_identification:_identify(buildings/first_world/first_L1/meshes) by extension 'python_setup_py'
[0.118s] Level 1:colcon.colcon_core.package_identification:_identify(buildings/first_world/first_L2) by extensions ['ignore', 'ignore_ament_install']
[0.118s] Level 1:colcon.colcon_core.package_identification:_identify(buildings/first_world/first_L2) by extension 'ignore'
[0.118s] Level 1:colcon.colcon_core.package_identification:_identify(buildings/first_world/first_L2) by extension 'ignore_ament_install'
[0.118s] Level 1:colcon.colcon_core.package_identification:_identify(buildings/first_world/first_L2) by extensions ['colcon_pkg']
[0.118s] Level 1:colcon.colcon_core.package_identification:_identify(buildings/first_world/first_L2) by extension 'colcon_pkg'
[0.118s] Level 1:colcon.colcon_core.package_identification:_identify(buildings/first_world/first_L2) by extensions ['colcon_meta']
[0.118s] Level 1:colcon.colcon_core.package_identification:_identify(buildings/first_world/first_L2) by extension 'colcon_meta'
[0.118s] Level 1:colcon.colcon_core.package_identification:_identify(buildings/first_world/first_L2) by extensions ['ros']
[0.118s] Level 1:colcon.colcon_core.package_identification:_identify(buildings/first_world/first_L2) by extension 'ros'
[0.118s] Level 1:colcon.colcon_core.package_identification:_identify(buildings/first_world/first_L2) by extensions ['cmake', 'python']
[0.118s] Level 1:colcon.colcon_core.package_identification:_identify(buildings/first_world/first_L2) by extension 'cmake'
[0.118s] Level 1:colcon.colcon_core.package_identification:_identify(buildings/first_world/first_L2) by extension 'python'
[0.118s] Level 1:colcon.colcon_core.package_identification:_identify(buildings/first_world/first_L2) by extensions ['python_setup_py']
[0.118s] Level 1:colcon.colcon_core.package_identification:_identify(buildings/first_world/first_L2) by extension 'python_setup_py'
[0.118s] Level 1:colcon.colcon_core.package_identification:_identify(buildings/first_world/first_L2/meshes) by extensions ['ignore', 'ignore_ament_install']
[0.118s] Level 1:colcon.colcon_core.package_identification:_identify(buildings/first_world/first_L2/meshes) by extension 'ignore'
[0.118s] Level 1:colcon.colcon_core.package_identification:_identify(buildings/first_world/first_L2/meshes) by extension 'ignore_ament_install'
[0.118s] Level 1:colcon.colcon_core.package_identification:_identify(buildings/first_world/first_L2/meshes) by extensions ['colcon_pkg']
[0.118s] Level 1:colcon.colcon_core.package_identification:_identify(buildings/first_world/first_L2/meshes) by extension 'colcon_pkg'
[0.118s] Level 1:colcon.colcon_core.package_identification:_identify(buildings/first_world/first_L2/meshes) by extensions ['colcon_meta']
[0.118s] Level 1:colcon.colcon_core.package_identification:_identify(buildings/first_world/first_L2/meshes) by extension 'colcon_meta'
[0.118s] Level 1:colcon.colcon_core.package_identification:_identify(buildings/first_world/first_L2/meshes) by extensions ['ros']
[0.118s] Level 1:colcon.colcon_core.package_identification:_identify(buildings/first_world/first_L2/meshes) by extension 'ros'
[0.118s] Level 1:colcon.colcon_core.package_identification:_identify(buildings/first_world/first_L2/meshes) by extensions ['cmake', 'python']
[0.118s] Level 1:colcon.colcon_core.package_identification:_identify(buildings/first_world/first_L2/meshes) by extension 'cmake'
[0.118s] Level 1:colcon.colcon_core.package_identification:_identify(buildings/first_world/first_L2/meshes) by extension 'python'
[0.119s] Level 1:colcon.colcon_core.package_identification:_identify(buildings/first_world/first_L2/meshes) by extensions ['python_setup_py']
[0.119s] Level 1:colcon.colcon_core.package_identification:_identify(buildings/first_world/first_L2/meshes) by extension 'python_setup_py'
[0.119s] Level 1:colcon.colcon_core.package_identification:_identify(install) by extensions ['ignore', 'ignore_ament_install']
[0.119s] Level 1:colcon.colcon_core.package_identification:_identify(install) by extension 'ignore'
[0.119s] Level 1:colcon.colcon_core.package_identification:_identify(install) ignored
[0.119s] Level 1:colcon.colcon_core.package_identification:_identify(log) by extensions ['ignore', 'ignore_ament_install']
[0.119s] Level 1:colcon.colcon_core.package_identification:_identify(log) by extension 'ignore'
[0.119s] Level 1:colcon.colcon_core.package_identification:_identify(log) ignored
[0.119s] Level 1:colcon.colcon_core.package_identification:_identify(src) by extensions ['ignore', 'ignore_ament_install']
[0.119s] Level 1:colcon.colcon_core.package_identification:_identify(src) by extension 'ignore'
[0.119s] Level 1:colcon.colcon_core.package_identification:_identify(src) by extension 'ignore_ament_install'
[0.119s] Level 1:colcon.colcon_core.package_identification:_identify(src) by extensions ['colcon_pkg']
[0.119s] Level 1:colcon.colcon_core.package_identification:_identify(src) by extension 'colcon_pkg'
[0.119s] Level 1:colcon.colcon_core.package_identification:_identify(src) by extensions ['colcon_meta']
[0.119s] Level 1:colcon.colcon_core.package_identification:_identify(src) by extension 'colcon_meta'
[0.119s] Level 1:colcon.colcon_core.package_identification:_identify(src) by extensions ['ros']
[0.119s] Level 1:colcon.colcon_core.package_identification:_identify(src) by extension 'ros'
[0.119s] Level 1:colcon.colcon_core.package_identification:_identify(src) by extensions ['cmake', 'python']
[0.119s] Level 1:colcon.colcon_core.package_identification:_identify(src) by extension 'cmake'
[0.119s] Level 1:colcon.colcon_core.package_identification:_identify(src) by extension 'python'
[0.119s] Level 1:colcon.colcon_core.package_identification:_identify(src) by extensions ['python_setup_py']
[0.119s] Level 1:colcon.colcon_core.package_identification:_identify(src) by extension 'python_setup_py'
[0.119s] Level 1:colcon.colcon_core.package_identification:_identify(src/first_project) by extensions ['ignore', 'ignore_ament_install']
[0.119s] Level 1:colcon.colcon_core.package_identification:_identify(src/first_project) by extension 'ignore'
[0.119s] Level 1:colcon.colcon_core.package_identification:_identify(src/first_project) by extension 'ignore_ament_install'
[0.119s] Level 1:colcon.colcon_core.package_identification:_identify(src/first_project) by extensions ['colcon_pkg']
[0.119s] Level 1:colcon.colcon_core.package_identification:_identify(src/first_project) by extension 'colcon_pkg'
[0.119s] Level 1:colcon.colcon_core.package_identification:_identify(src/first_project) by extensions ['colcon_meta']
[0.119s] Level 1:colcon.colcon_core.package_identification:_identify(src/first_project) by extension 'colcon_meta'
[0.119s] Level 1:colcon.colcon_core.package_identification:_identify(src/first_project) by extensions ['ros']
[0.119s] Level 1:colcon.colcon_core.package_identification:_identify(src/first_project) by extension 'ros'
[0.121s] DEBUG:colcon.colcon_core.package_identification:Package 'src/first_project' with type 'ros.ament_cmake' and name 'first_project'
[0.121s] Level 1:colcon.colcon_core.package_identification:_identify(src/project_fleet_adapter) by extensions ['ignore', 'ignore_ament_install']
[0.121s] Level 1:colcon.colcon_core.package_identification:_identify(src/project_fleet_adapter) by extension 'ignore'
[0.121s] Level 1:colcon.colcon_core.package_identification:_identify(src/project_fleet_adapter) by extension 'ignore_ament_install'
[0.121s] Level 1:colcon.colcon_core.package_identification:_identify(src/project_fleet_adapter) by extensions ['colcon_pkg']
[0.121s] Level 1:colcon.colcon_core.package_identification:_identify(src/project_fleet_adapter) by extension 'colcon_pkg'
[0.121s] Level 1:colcon.colcon_core.package_identification:_identify(src/project_fleet_adapter) by extensions ['colcon_meta']
[0.121s] Level 1:colcon.colcon_core.package_identification:_identify(src/project_fleet_adapter) by extension 'colcon_meta'
[0.121s] Level 1:colcon.colcon_core.package_identification:_identify(src/project_fleet_adapter) by extensions ['ros']
[0.121s] Level 1:colcon.colcon_core.package_identification:_identify(src/project_fleet_adapter) by extension 'ros'
[0.121s] DEBUG:colcon.colcon_core.package_identification:Package 'src/project_fleet_adapter' with type 'ros.ament_python' and name 'project_fleet_adapter'
[0.121s] Level 1:colcon.colcon_core.package_identification:_identify(src/project_tasks) by extensions ['ignore', 'ignore_ament_install']
[0.121s] Level 1:colcon.colcon_core.package_identification:_identify(src/project_tasks) by extension 'ignore'
[0.122s] Level 1:colcon.colcon_core.package_identification:_identify(src/project_tasks) by extension 'ignore_ament_install'
[0.122s] Level 1:colcon.colcon_core.package_identification:_identify(src/project_tasks) by extensions ['colcon_pkg']
[0.122s] Level 1:colcon.colcon_core.package_identification:_identify(src/project_tasks) by extension 'colcon_pkg'
[0.122s] Level 1:colcon.colcon_core.package_identification:_identify(src/project_tasks) by extensions ['colcon_meta']
[0.122s] Level 1:colcon.colcon_core.package_identification:_identify(src/project_tasks) by extension 'colcon_meta'
[0.122s] Level 1:colcon.colcon_core.package_identification:_identify(src/project_tasks) by extensions ['ros']
[0.122s] Level 1:colcon.colcon_core.package_identification:_identify(src/project_tasks) by extension 'ros'
[0.122s] DEBUG:colcon.colcon_core.package_identification:Package 'src/project_tasks' with type 'ros.ament_python' and name 'project_tasks'
[0.122s] Level 1:colcon.colcon_core.package_discovery:discover_packages(recursive) using defaults
[0.122s] Level 1:colcon.colcon_core.package_discovery:discover_packages(ignore) discover
[0.122s] Level 1:colcon.colcon_core.package_discovery:discover_packages(ignore) using defaults
[0.122s] Level 1:colcon.colcon_core.package_discovery:discover_packages(path) discover
[0.122s] Level 1:colcon.colcon_core.package_discovery:discover_packages(path) using defaults
[0.134s] Level 5:colcon.colcon_core.verb:set package 'first_project' build argument 'cmake_args' from command line to 'None'
[0.134s] Level 5:colcon.colcon_core.verb:set package 'first_project' build argument 'cmake_target' from command line to 'None'
[0.134s] Level 5:colcon.colcon_core.verb:set package 'first_project' build argument 'cmake_target_skip_unavailable' from command line to 'False'
[0.134s] Level 5:colcon.colcon_core.verb:set package 'first_project' build argument 'cmake_clean_cache' from command line to 'False'
[0.134s] Level 5:colcon.colcon_core.verb:set package 'first_project' build argument 'cmake_clean_first' from command line to 'False'
[0.134s] Level 5:colcon.colcon_core.verb:set package 'first_project' build argument 'cmake_force_configure' from command line to 'False'
[0.134s] Level 5:colcon.colcon_core.verb:set package 'first_project' build argument 'ament_cmake_args' from command line to 'None'
[0.134s] Level 5:colcon.colcon_core.verb:set package 'first_project' build argument 'catkin_cmake_args' from command line to 'None'
[0.134s] Level 5:colcon.colcon_core.verb:set package 'first_project' build argument 'catkin_skip_building_tests' from command line to 'False'
[0.134s] DEBUG:colcon.colcon_core.verb:Building package 'first_project' with the following arguments: {'ament_cmake_args': None, 'build_base': '/ws/build/first_project', 'catkin_cmake_args': None, 'catkin_skip_building_tests': False, 'cmake_args': None, 'cmake_clean_cache': False, 'cmake_clean_first': False, 'cmake_force_configure': False, 'cmake_target': None, 'cmake_target_skip_unavailable': False, 'install_base': '/ws/install/first_project', 'merge_install': False, 'path': '/ws/src/first_project', 'symlink_install': False, 'test_result_base': None}
[0.135s] Level 5:colcon.colcon_core.verb:set package 'project_fleet_adapter' build argument 'cmake_args' from command line to 'None'
[0.135s] Level 5:colcon.colcon_core.verb:set package 'project_fleet_adapter' build argument 'cmake_target' from command line to 'None'
[0.135s] Level 5:colcon.colcon_core.verb:set package 'project_fleet_adapter' build argument 'cmake_target_skip_unavailable' from command line to 'False'
[0.135s] Level 5:colcon.colcon_core.verb:set package 'project_fleet_adapter' build argument 'cmake_clean_cache' from command line to 'False'
[0.135s] Level 5:colcon.colcon_core.verb:set package 'project_fleet_adapter' build argument 'cmake_clean_first' from command line to 'False'
[0.135s] Level 5:colcon.colcon_core.verb:set package 'project_fleet_adapter' build argument 'cmake_force_configure' from command line to 'False'
[0.135s] Level 5:colcon.colcon_core.verb:set package 'project_fleet_adapter' build argument 'ament_cmake_args' from command line to 'None'
[0.135s] Level 5:colcon.colcon_core.verb:set package 'project_fleet_adapter' build argument 'catkin_cmake_args' from command line to 'None'
[0.135s] Level 5:colcon.colcon_core.verb:set package 'project_fleet_adapter' build argument 'catkin_skip_building_tests' from command line to 'False'
[0.135s] DEBUG:colcon.colcon_core.verb:Building package 'project_fleet_adapter' with the following arguments: {'ament_cmake_args': None, 'build_base': '/ws/build/project_fleet_adapter', 'catkin_cmake_args': None, 'catkin_skip_building_tests': False, 'cmake_args': None, 'cmake_clean_cache': False, 'cmake_clean_first': False, 'cmake_force_configure': False, 'cmake_target': None, 'cmake_target_skip_unavailable': False, 'install_base': '/ws/install/project_fleet_adapter', 'merge_install': False, 'path': '/ws/src/project_fleet_adapter', 'symlink_install': False, 'test_result_base': None}
[0.135s] Level 5:colcon.colcon_core.verb:set package 'project_tasks' build argument 'cmake_args' from command line to 'None'
[0.135s] Level 5:colcon.colcon_core.verb:set package 'project_tasks' build argument 'cmake_target' from command line to 'None'
[0.135s] Level 5:colcon.colcon_core.verb:set package 'project_tasks' build argument 'cmake_target_skip_unavailable' from command line to 'False'
[0.135s] Level 5:colcon.colcon_core.verb:set package 'project_tasks' build argument 'cmake_clean_cache' from command line to 'False'
[0.135s] Level 5:colcon.colcon_core.verb:set package 'project_tasks' build argument 'cmake_clean_first' from command line to 'False'
[0.135s] Level 5:colcon.colcon_core.verb:set package 'project_tasks' build argument 'cmake_force_configure' from command line to 'False'
[0.135s] Level 5:colcon.colcon_core.verb:set package 'project_tasks' build argument 'ament_cmake_args' from command line to 'None'
[0.135s] Level 5:colcon.colcon_core.verb:set package 'project_tasks' build argument 'catkin_cmake_args' from command line to 'None'
[0.135s] Level 5:colcon.colcon_core.verb:set package 'project_tasks' build argument 'catkin_skip_building_tests' from command line to 'False'
[0.135s] DEBUG:colcon.colcon_core.verb:Building package 'project_tasks' with the following arguments: {'ament_cmake_args': None, 'build_base': '/ws/build/project_tasks', 'catkin_cmake_args': None, 'catkin_skip_building_tests': False, 'cmake_args': None, 'cmake_clean_cache': False, 'cmake_clean_first': False, 'cmake_force_configure': False, 'cmake_target': None, 'cmake_target_skip_unavailable': False, 'install_base': '/ws/install/project_tasks', 'merge_install': False, 'path': '/ws/src/project_tasks', 'symlink_install': False, 'test_result_base': None}
[0.135s] INFO:colcon.colcon_core.executor:Executing jobs using 'parallel' executor
[0.136s] DEBUG:colcon.colcon_parallel_executor.executor.parallel:run_until_complete
[0.136s] INFO:colcon.colcon_ros.task.ament_cmake.build:Building ROS package in '/ws/src/first_project' with build type 'ament_cmake'
[0.136s] INFO:colcon.colcon_cmake.task.cmake.build:Building CMake package in '/ws/src/first_project'
[0.137s] INFO:colcon.colcon_core.plugin_system:Skipping extension 'colcon_core.shell.bat': Not used on non-Windows systems
[0.137s] INFO:colcon.colcon_core.shell:Skip shell extension 'powershell' for command environment: Not usable outside of PowerShell
[0.137s] DEBUG:colcon.colcon_core.shell:Skip shell extension 'dsv' for command environment
[0.143s] INFO:colcon.colcon_ros.task.ament_python.build:Building ROS package in '/ws/src/project_fleet_adapter' with build type 'ament_python'
[0.143s] Level 1:colcon.colcon_core.shell:create_environment_hook('project_fleet_adapter', 'ament_prefix_path')
[0.143s] INFO:colcon.colcon_core.shell:Creating environment hook '/ws/install/project_fleet_adapter/share/project_fleet_adapter/hook/ament_prefix_path.ps1'
[0.144s] INFO:colcon.colcon_core.shell:Creating environment descriptor '/ws/install/project_fleet_adapter/share/project_fleet_adapter/hook/ament_prefix_path.dsv'
[0.144s] INFO:colcon.colcon_core.shell:Creating environment hook '/ws/install/project_fleet_adapter/share/project_fleet_adapter/hook/ament_prefix_path.sh'
[0.144s] INFO:colcon.colcon_core.shell:Skip shell extension 'powershell' for command environment: Not usable outside of PowerShell
[0.144s] DEBUG:colcon.colcon_core.shell:Skip shell extension 'dsv' for command environment
[0.149s] INFO:colcon.colcon_ros.task.ament_python.build:Building ROS package in '/ws/src/project_tasks' with build type 'ament_python'
[0.150s] Level 1:colcon.colcon_core.shell:create_environment_hook('project_tasks', 'ament_prefix_path')
[0.150s] INFO:colcon.colcon_core.shell:Creating environment hook '/ws/install/project_tasks/share/project_tasks/hook/ament_prefix_path.ps1'
[0.150s] INFO:colcon.colcon_core.shell:Creating environment descriptor '/ws/install/project_tasks/share/project_tasks/hook/ament_prefix_path.dsv'
[0.150s] INFO:colcon.colcon_core.shell:Creating environment hook '/ws/install/project_tasks/share/project_tasks/hook/ament_prefix_path.sh'
[0.150s] INFO:colcon.colcon_core.shell:Skip shell extension 'powershell' for command environment: Not usable outside of PowerShell
[0.150s] DEBUG:colcon.colcon_core.shell:Skip shell extension 'dsv' for command environment
[0.157s] DEBUG:colcon.colcon_core.event_handler.log_command:Invoking command in '/ws/build/first_project': CMAKE_PREFIX_PATH=/ws/install/first_project:/rmf_demos_ws/install/rmf_workcell_msgs:/rmf_demos_ws/install/rmf_demos_gz:/rmf_demos_ws/install/rmf_demos:/rmf_demos_ws/install/rmf_reservation_node:/rmf_demos_ws/install/rmf_fleet_adapter_python:/rmf_demos_ws/install/rmf_fleet_adapter:/rmf_demos_ws/install/rmf_task_ros2:/rmf_demos_ws/install/rmf_websocket:/rmf_demos_ws/install/rmf_visualization:/rmf_demos_ws/install/rmf_visualization_schedule:/rmf_demos_ws/install/rmf_visualization_rviz2_plugins:/rmf_demos_ws/install/rmf_visualization_obstacles:/rmf_demos_ws/install/rmf_visualization_navgraphs:/rmf_demos_ws/install/rmf_visualization_floorplans:/rmf_demos_ws/install/rmf_visualization_fleet_states:/rmf_demos_ws/install/rmf_visualization_msgs:/rmf_demos_ws/install/rmf_traffic_ros2:/rmf_demos_ws/install/rmf_task_sequence:/rmf_demos_ws/install/rmf_task:/rmf_demos_ws/install/rmf_battery:/rmf_demos_ws/install/rmf_traffic:/rmf_demos_ws/install/rmf_utils:/rmf_demos_ws/install/rmf_traffic_msgs:/rmf_demos_ws/install/rmf_traffic_editor_test_maps:/rmf_demos_ws/install/rmf_traffic_editor_assets:/rmf_demos_ws/install/rmf_traffic_editor:/rmf_demos_ws/install/rmf_task_msgs:/rmf_demos_ws/install/rmf_site_map_msgs:/rmf_demos_ws/install/rmf_scheduler_msgs:/rmf_demos_ws/install/rmf_robot_sim_gz_plugins:/rmf_demos_ws/install/rmf_robot_sim_common:/rmf_demos_ws/install/rmf_reservation_msgs:/rmf_demos_ws/install/rmf_obstacle_msgs:/rmf_demos_ws/install/rmf_building_sim_gz_plugins:/rmf_demos_ws/install/rmf_lift_msgs:/rmf_demos_ws/install/rmf_ingestor_msgs:/rmf_demos_ws/install/rmf_fleet_msgs:/rmf_demos_ws/install/rmf_door_msgs:/rmf_demos_ws/install/rmf_dispenser_msgs:/rmf_demos_ws/install/rmf_demos_maps:/rmf_demos_ws/install/rmf_demos_assets:/rmf_demos_ws/install/rmf_charger_msgs:/rmf_demos_ws/install/rmf_building_map_msgs:/rmf_demos_ws/install/rmf_api_msgs:/rmf_demos_ws/install/nlohmann_json_schema_validator_vendor:/ws/install/project_tasks:/ws/install/project_fleet_adapter:/rmf_demos_ws/install/rmf_demos_fleet_adapter:/rmf_demos_ws/install/rmf_visualization_building_systems:/rmf_demos_ws/install/rmf_traffic_examples:/rmf_demos_ws/install/rmf_demos_bridges:/rmf_demos_ws/install/rmf_demos_tasks:/rmf_demos_ws/install/rmf_building_map_tools:/rmf_demos_ws/install/rmf_charging_schedule:/opt/ros/jazzy:/rmf_demos_ws/install/menge_vendor:/rmf_demos_ws/install/ament_cmake_catch2:/opt/ros/jazzy/opt/gz_sim_vendor:/opt/ros/jazzy/opt/gz_sensors_vendor:/opt/ros/jazzy/opt/gz_physics_vendor:/opt/ros/jazzy/opt/sdformat_vendor:/opt/ros/jazzy/opt/gz_gui_vendor:/opt/ros/jazzy/opt/gz_transport_vendor:/opt/ros/jazzy/opt/gz_rendering_vendor:/opt/ros/jazzy/opt/gz_plugin_vendor:/opt/ros/jazzy/opt/gz_fuel_tools_vendor:/opt/ros/jazzy/opt/gz_msgs_vendor:/opt/ros/jazzy/opt/gz_common_vendor:/opt/ros/jazzy/opt/gz_math_vendor:/opt/ros/jazzy/opt/gz_utils_vendor:/opt/ros/jazzy/opt/gz_tools_vendor:/opt/ros/jazzy/opt/gz_ogre_next_vendor:/opt/ros/jazzy/opt/gz_dartsim_vendor:/opt/ros/jazzy/opt/gz_cmake_vendor /usr/bin/cmake --build /ws/build/first_project -- -j16 -l16
[0.293s] INFO:colcon.colcon_core.task.python.build:Building Python package in '/ws/src/project_fleet_adapter'
[0.293s] INFO:colcon.colcon_core.shell:Skip shell extension 'powershell' for command environment: Not usable outside of PowerShell
[0.293s] DEBUG:colcon.colcon_core.shell:Skip shell extension 'dsv' for command environment
[0.433s] INFO:colcon.colcon_core.task.python.build:Building Python package in '/ws/src/project_tasks'
[0.433s] INFO:colcon.colcon_core.shell:Skip shell extension 'powershell' for command environment: Not usable outside of PowerShell
[0.433s] DEBUG:colcon.colcon_core.shell:Skip shell extension 'dsv' for command environment
[0.775s] DEBUG:colcon.colcon_core.event_handler.log_command:Invoking command in '/ws/src/project_tasks': PYTHONPATH=/ws/build/project_tasks/prefix_override:/usr/lib/python3/dist-packages/colcon_core/task/python/colcon_distutils_commands:/ws/install/project_tasks/lib/python3.12/site-packages:${PYTHONPATH} /usr/bin/python3 -W ignore:setup.py install is deprecated -W ignore:easy_install command is deprecated setup.py egg_info --egg-base ../../build/project_tasks build --build-base /ws/build/project_tasks/build install --record /ws/build/project_tasks/install.log --single-version-externally-managed install_data
[0.776s] DEBUG:colcon.colcon_core.event_handler.log_command:Invoking command in '/ws/src/project_fleet_adapter': PYTHONPATH=/ws/build/project_fleet_adapter/prefix_override:/usr/lib/python3/dist-packages/colcon_core/task/python/colcon_distutils_commands:/ws/install/project_fleet_adapter/lib/python3.12/site-packages:${PYTHONPATH} /usr/bin/python3 -W ignore:setup.py install is deprecated -W ignore:easy_install command is deprecated setup.py egg_info --egg-base ../../build/project_fleet_adapter build --build-base /ws/build/project_fleet_adapter/build install --record /ws/build/project_fleet_adapter/install.log --single-version-externally-managed install_data
[1.078s] DEBUG:colcon.colcon_core.event_handler.log_command:Invoked command in '/ws/src/project_tasks' returned '0': PYTHONPATH=/ws/build/project_tasks/prefix_override:/usr/lib/python3/dist-packages/colcon_core/task/python/colcon_distutils_commands:/ws/install/project_tasks/lib/python3.12/site-packages:${PYTHONPATH} /usr/bin/python3 -W ignore:setup.py install is deprecated -W ignore:easy_install command is deprecated setup.py egg_info --egg-base ../../build/project_tasks build --build-base /ws/build/project_tasks/build install --record /ws/build/project_tasks/install.log --single-version-externally-managed install_data
[1.080s] Level 1:colcon.colcon_core.environment:checking '/ws/install/project_tasks' for CMake module files
[1.080s] Level 1:colcon.colcon_core.environment:checking '/ws/install/project_tasks' for CMake config files
[1.080s] Level 1:colcon.colcon_core.environment:checking '/ws/install/project_tasks/lib'
[1.080s] Level 1:colcon.colcon_core.environment:checking '/ws/install/project_tasks/bin'
[1.080s] Level 1:colcon.colcon_core.environment:checking '/ws/install/project_tasks/lib/pkgconfig/project_tasks.pc'
[1.081s] Level 1:colcon.colcon_core.environment:checking '/ws/install/project_tasks/lib/python3.12/site-packages'
[1.081s] Level 1:colcon.colcon_core.shell:create_environment_hook('project_tasks', 'pythonpath')
[1.081s] INFO:colcon.colcon_core.shell:Creating environment hook '/ws/install/project_tasks/share/project_tasks/hook/pythonpath.ps1'
[1.081s] INFO:colcon.colcon_core.shell:Creating environment descriptor '/ws/install/project_tasks/share/project_tasks/hook/pythonpath.dsv'
[1.081s] INFO:colcon.colcon_core.shell:Creating environment hook '/ws/install/project_tasks/share/project_tasks/hook/pythonpath.sh'
[1.082s] Level 1:colcon.colcon_core.environment:checking '/ws/install/project_tasks/bin'
[1.082s] Level 1:colcon.colcon_core.environment:create_environment_scripts_only(project_tasks)
[1.082s] INFO:colcon.colcon_core.shell:Creating package script '/ws/install/project_tasks/share/project_tasks/package.ps1'
[1.082s] INFO:colcon.colcon_core.shell:Creating package descriptor '/ws/install/project_tasks/share/project_tasks/package.dsv'
[1.082s] INFO:colcon.colcon_core.shell:Creating package script '/ws/install/project_tasks/share/project_tasks/package.sh'
[1.083s] INFO:colcon.colcon_core.shell:Creating package script '/ws/install/project_tasks/share/project_tasks/package.bash'
[1.083s] INFO:colcon.colcon_core.shell:Creating package script '/ws/install/project_tasks/share/project_tasks/package.zsh'
[1.083s] Level 1:colcon.colcon_core.environment:create_file_with_runtime_dependencies(/ws/install/project_tasks/share/colcon-core/packages/project_tasks)
[1.084s] Level 1:colcon.colcon_core.environment:checking '/ws/install/project_fleet_adapter' for CMake module files
[1.085s] DEBUG:colcon.colcon_core.event_handler.log_command:Invoked command in '/ws/src/project_fleet_adapter' returned '0': PYTHONPATH=/ws/build/project_fleet_adapter/prefix_override:/usr/lib/python3/dist-packages/colcon_core/task/python/colcon_distutils_commands:/ws/install/project_fleet_adapter/lib/python3.12/site-packages:${PYTHONPATH} /usr/bin/python3 -W ignore:setup.py install is deprecated -W ignore:easy_install command is deprecated setup.py egg_info --egg-base ../../build/project_fleet_adapter build --build-base /ws/build/project_fleet_adapter/build install --record /ws/build/project_fleet_adapter/install.log --single-version-externally-managed install_data
[1.085s] Level 1:colcon.colcon_core.environment:checking '/ws/install/project_fleet_adapter' for CMake config files
[1.085s] Level 1:colcon.colcon_core.environment:checking '/ws/install/project_fleet_adapter/lib'
[1.085s] Level 1:colcon.colcon_core.environment:checking '/ws/install/project_fleet_adapter/bin'
[1.085s] Level 1:colcon.colcon_core.environment:checking '/ws/install/project_fleet_adapter/lib/pkgconfig/project_fleet_adapter.pc'
[1.085s] Level 1:colcon.colcon_core.environment:checking '/ws/install/project_fleet_adapter/lib/python3.12/site-packages'
[1.085s] Level 1:colcon.colcon_core.shell:create_environment_hook('project_fleet_adapter', 'pythonpath')
[1.086s] INFO:colcon.colcon_core.shell:Creating environment hook '/ws/install/project_fleet_adapter/share/project_fleet_adapter/hook/pythonpath.ps1'
[1.086s] INFO:colcon.colcon_core.shell:Creating environment descriptor '/ws/install/project_fleet_adapter/share/project_fleet_adapter/hook/pythonpath.dsv'
[1.086s] INFO:colcon.colcon_core.shell:Creating environment hook '/ws/install/project_fleet_adapter/share/project_fleet_adapter/hook/pythonpath.sh'
[1.086s] Level 1:colcon.colcon_core.environment:checking '/ws/install/project_fleet_adapter/bin'
[1.086s] Level 1:colcon.colcon_core.environment:create_environment_scripts_only(project_fleet_adapter)
[1.087s] INFO:colcon.colcon_core.shell:Creating package script '/ws/install/project_fleet_adapter/share/project_fleet_adapter/package.ps1'
[1.087s] INFO:colcon.colcon_core.shell:Creating package descriptor '/ws/install/project_fleet_adapter/share/project_fleet_adapter/package.dsv'
[1.087s] INFO:colcon.colcon_core.shell:Creating package script '/ws/install/project_fleet_adapter/share/project_fleet_adapter/package.sh'
[1.087s] INFO:colcon.colcon_core.shell:Creating package script '/ws/install/project_fleet_adapter/share/project_fleet_adapter/package.bash'
[1.087s] INFO:colcon.colcon_core.shell:Creating package script '/ws/install/project_fleet_adapter/share/project_fleet_adapter/package.zsh'
[1.088s] Level 1:colcon.colcon_core.environment:create_file_with_runtime_dependencies(/ws/install/project_fleet_adapter/share/colcon-core/packages/project_fleet_adapter)
[1.719s] DEBUG:colcon.colcon_core.event_handler.log_command:Invoked command in '/ws/build/first_project' returned '0': CMAKE_PREFIX_PATH=/ws/install/first_project:/rmf_demos_ws/install/rmf_workcell_msgs:/rmf_demos_ws/install/rmf_demos_gz:/rmf_demos_ws/install/rmf_demos:/rmf_demos_ws/install/rmf_reservation_node:/rmf_demos_ws/install/rmf_fleet_adapter_python:/rmf_demos_ws/install/rmf_fleet_adapter:/rmf_demos_ws/install/rmf_task_ros2:/rmf_demos_ws/install/rmf_websocket:/rmf_demos_ws/install/rmf_visualization:/rmf_demos_ws/install/rmf_visualization_schedule:/rmf_demos_ws/install/rmf_visualization_rviz2_plugins:/rmf_demos_ws/install/rmf_visualization_obstacles:/rmf_demos_ws/install/rmf_visualization_navgraphs:/rmf_demos_ws/install/rmf_visualization_floorplans:/rmf_demos_ws/install/rmf_visualization_fleet_states:/rmf_demos_ws/install/rmf_visualization_msgs:/rmf_demos_ws/install/rmf_traffic_ros2:/rmf_demos_ws/install/rmf_task_sequence:/rmf_demos_ws/install/rmf_task:/rmf_demos_ws/install/rmf_battery:/rmf_demos_ws/install/rmf_traffic:/rmf_demos_ws/install/rmf_utils:/rmf_demos_ws/install/rmf_traffic_msgs:/rmf_demos_ws/install/rmf_traffic_editor_test_maps:/rmf_demos_ws/install/rmf_traffic_editor_assets:/rmf_demos_ws/install/rmf_traffic_editor:/rmf_demos_ws/install/rmf_task_msgs:/rmf_demos_ws/install/rmf_site_map_msgs:/rmf_demos_ws/install/rmf_scheduler_msgs:/rmf_demos_ws/install/rmf_robot_sim_gz_plugins:/rmf_demos_ws/install/rmf_robot_sim_common:/rmf_demos_ws/install/rmf_reservation_msgs:/rmf_demos_ws/install/rmf_obstacle_msgs:/rmf_demos_ws/install/rmf_building_sim_gz_plugins:/rmf_demos_ws/install/rmf_lift_msgs:/rmf_demos_ws/install/rmf_ingestor_msgs:/rmf_demos_ws/install/rmf_fleet_msgs:/rmf_demos_ws/install/rmf_door_msgs:/rmf_demos_ws/install/rmf_dispenser_msgs:/rmf_demos_ws/install/rmf_demos_maps:/rmf_demos_ws/install/rmf_demos_assets:/rmf_demos_ws/install/rmf_charger_msgs:/rmf_demos_ws/install/rmf_building_map_msgs:/rmf_demos_ws/install/rmf_api_msgs:/rmf_demos_ws/install/nlohmann_json_schema_validator_vendor:/ws/install/project_tasks:/ws/install/project_fleet_adapter:/rmf_demos_ws/install/rmf_demos_fleet_adapter:/rmf_demos_ws/install/rmf_visualization_building_systems:/rmf_demos_ws/install/rmf_traffic_examples:/rmf_demos_ws/install/rmf_demos_bridges:/rmf_demos_ws/install/rmf_demos_tasks:/rmf_demos_ws/install/rmf_building_map_tools:/rmf_demos_ws/install/rmf_charging_schedule:/opt/ros/jazzy:/rmf_demos_ws/install/menge_vendor:/rmf_demos_ws/install/ament_cmake_catch2:/opt/ros/jazzy/opt/gz_sim_vendor:/opt/ros/jazzy/opt/gz_sensors_vendor:/opt/ros/jazzy/opt/gz_physics_vendor:/opt/ros/jazzy/opt/sdformat_vendor:/opt/ros/jazzy/opt/gz_gui_vendor:/opt/ros/jazzy/opt/gz_transport_vendor:/opt/ros/jazzy/opt/gz_rendering_vendor:/opt/ros/jazzy/opt/gz_plugin_vendor:/opt/ros/jazzy/opt/gz_fuel_tools_vendor:/opt/ros/jazzy/opt/gz_msgs_vendor:/opt/ros/jazzy/opt/gz_common_vendor:/opt/ros/jazzy/opt/gz_math_vendor:/opt/ros/jazzy/opt/gz_utils_vendor:/opt/ros/jazzy/opt/gz_tools_vendor:/opt/ros/jazzy/opt/gz_ogre_next_vendor:/opt/ros/jazzy/opt/gz_dartsim_vendor:/opt/ros/jazzy/opt/gz_cmake_vendor /usr/bin/cmake --build /ws/build/first_project -- -j16 -l16
[1.732s] DEBUG:colcon.colcon_core.event_handler.log_command:Invoking command in '/ws/build/first_project': CMAKE_PREFIX_PATH=/ws/install/first_project:/rmf_demos_ws/install/rmf_workcell_msgs:/rmf_demos_ws/install/rmf_demos_gz:/rmf_demos_ws/install/rmf_demos:/rmf_demos_ws/install/rmf_reservation_node:/rmf_demos_ws/install/rmf_fleet_adapter_python:/rmf_demos_ws/install/rmf_fleet_adapter:/rmf_demos_ws/install/rmf_task_ros2:/rmf_demos_ws/install/rmf_websocket:/rmf_demos_ws/install/rmf_visualization:/rmf_demos_ws/install/rmf_visualization_schedule:/rmf_demos_ws/install/rmf_visualization_rviz2_plugins:/rmf_demos_ws/install/rmf_visualization_obstacles:/rmf_demos_ws/install/rmf_visualization_navgraphs:/rmf_demos_ws/install/rmf_visualization_floorplans:/rmf_demos_ws/install/rmf_visualization_fleet_states:/rmf_demos_ws/install/rmf_visualization_msgs:/rmf_demos_ws/install/rmf_traffic_ros2:/rmf_demos_ws/install/rmf_task_sequence:/rmf_demos_ws/install/rmf_task:/rmf_demos_ws/install/rmf_battery:/rmf_demos_ws/install/rmf_traffic:/rmf_demos_ws/install/rmf_utils:/rmf_demos_ws/install/rmf_traffic_msgs:/rmf_demos_ws/install/rmf_traffic_editor_test_maps:/rmf_demos_ws/install/rmf_traffic_editor_assets:/rmf_demos_ws/install/rmf_traffic_editor:/rmf_demos_ws/install/rmf_task_msgs:/rmf_demos_ws/install/rmf_site_map_msgs:/rmf_demos_ws/install/rmf_scheduler_msgs:/rmf_demos_ws/install/rmf_robot_sim_gz_plugins:/rmf_demos_ws/install/rmf_robot_sim_common:/rmf_demos_ws/install/rmf_reservation_msgs:/rmf_demos_ws/install/rmf_obstacle_msgs:/rmf_demos_ws/install/rmf_building_sim_gz_plugins:/rmf_demos_ws/install/rmf_lift_msgs:/rmf_demos_ws/install/rmf_ingestor_msgs:/rmf_demos_ws/install/rmf_fleet_msgs:/rmf_demos_ws/install/rmf_door_msgs:/rmf_demos_ws/install/rmf_dispenser_msgs:/rmf_demos_ws/install/rmf_demos_maps:/rmf_demos_ws/install/rmf_demos_assets:/rmf_demos_ws/install/rmf_charger_msgs:/rmf_demos_ws/install/rmf_building_map_msgs:/rmf_demos_ws/install/rmf_api_msgs:/rmf_demos_ws/install/nlohmann_json_schema_validator_vendor:/ws/install/project_tasks:/ws/install/project_fleet_adapter:/rmf_demos_ws/install/rmf_demos_fleet_adapter:/rmf_demos_ws/install/rmf_visualization_building_systems:/rmf_demos_ws/install/rmf_traffic_examples:/rmf_demos_ws/install/rmf_demos_bridges:/rmf_demos_ws/install/rmf_demos_tasks:/rmf_demos_ws/install/rmf_building_map_tools:/rmf_demos_ws/install/rmf_charging_schedule:/opt/ros/jazzy:/rmf_demos_ws/install/menge_vendor:/rmf_demos_ws/install/ament_cmake_catch2:/opt/ros/jazzy/opt/gz_sim_vendor:/opt/ros/jazzy/opt/gz_sensors_vendor:/opt/ros/jazzy/opt/gz_physics_vendor:/opt/ros/jazzy/opt/sdformat_vendor:/opt/ros/jazzy/opt/gz_gui_vendor:/opt/ros/jazzy/opt/gz_transport_vendor:/opt/ros/jazzy/opt/gz_rendering_vendor:/opt/ros/jazzy/opt/gz_plugin_vendor:/opt/ros/jazzy/opt/gz_fuel_tools_vendor:/opt/ros/jazzy/opt/gz_msgs_vendor:/opt/ros/jazzy/opt/gz_common_vendor:/opt/ros/jazzy/opt/gz_math_vendor:/opt/ros/jazzy/opt/gz_utils_vendor:/opt/ros/jazzy/opt/gz_tools_vendor:/opt/ros/jazzy/opt/gz_ogre_next_vendor:/opt/ros/jazzy/opt/gz_dartsim_vendor:/opt/ros/jazzy/opt/gz_cmake_vendor /usr/bin/cmake --install /ws/build/first_project
[2.251s] Level 1:colcon.colcon_core.environment:create_environment_scripts_only(first_project)
[2.251s] Level 1:colcon.colcon_core.environment:checking '/ws/install/first_project' for CMake module files
[2.251s] DEBUG:colcon.colcon_core.event_handler.log_command:Invoked command in '/ws/build/first_project' returned '0': CMAKE_PREFIX_PATH=/ws/install/first_project:/rmf_demos_ws/install/rmf_workcell_msgs:/rmf_demos_ws/install/rmf_demos_gz:/rmf_demos_ws/install/rmf_demos:/rmf_demos_ws/install/rmf_reservation_node:/rmf_demos_ws/install/rmf_fleet_adapter_python:/rmf_demos_ws/install/rmf_fleet_adapter:/rmf_demos_ws/install/rmf_task_ros2:/rmf_demos_ws/install/rmf_websocket:/rmf_demos_ws/install/rmf_visualization:/rmf_demos_ws/install/rmf_visualization_schedule:/rmf_demos_ws/install/rmf_visualization_rviz2_plugins:/rmf_demos_ws/install/rmf_visualization_obstacles:/rmf_demos_ws/install/rmf_visualization_navgraphs:/rmf_demos_ws/install/rmf_visualization_floorplans:/rmf_demos_ws/install/rmf_visualization_fleet_states:/rmf_demos_ws/install/rmf_visualization_msgs:/rmf_demos_ws/install/rmf_traffic_ros2:/rmf_demos_ws/install/rmf_task_sequence:/rmf_demos_ws/install/rmf_task:/rmf_demos_ws/install/rmf_battery:/rmf_demos_ws/install/rmf_traffic:/rmf_demos_ws/install/rmf_utils:/rmf_demos_ws/install/rmf_traffic_msgs:/rmf_demos_ws/install/rmf_traffic_editor_test_maps:/rmf_demos_ws/install/rmf_traffic_editor_assets:/rmf_demos_ws/install/rmf_traffic_editor:/rmf_demos_ws/install/rmf_task_msgs:/rmf_demos_ws/install/rmf_site_map_msgs:/rmf_demos_ws/install/rmf_scheduler_msgs:/rmf_demos_ws/install/rmf_robot_sim_gz_plugins:/rmf_demos_ws/install/rmf_robot_sim_common:/rmf_demos_ws/install/rmf_reservation_msgs:/rmf_demos_ws/install/rmf_obstacle_msgs:/rmf_demos_ws/install/rmf_building_sim_gz_plugins:/rmf_demos_ws/install/rmf_lift_msgs:/rmf_demos_ws/install/rmf_ingestor_msgs:/rmf_demos_ws/install/rmf_fleet_msgs:/rmf_demos_ws/install/rmf_door_msgs:/rmf_demos_ws/install/rmf_dispenser_msgs:/rmf_demos_ws/install/rmf_demos_maps:/rmf_demos_ws/install/rmf_demos_assets:/rmf_demos_ws/install/rmf_charger_msgs:/rmf_demos_ws/install/rmf_building_map_msgs:/rmf_demos_ws/install/rmf_api_msgs:/rmf_demos_ws/install/nlohmann_json_schema_validator_vendor:/ws/install/project_tasks:/ws/install/project_fleet_adapter:/rmf_demos_ws/install/rmf_demos_fleet_adapter:/rmf_demos_ws/install/rmf_visualization_building_systems:/rmf_demos_ws/install/rmf_traffic_examples:/rmf_demos_ws/install/rmf_demos_bridges:/rmf_demos_ws/install/rmf_demos_tasks:/rmf_demos_ws/install/rmf_building_map_tools:/rmf_demos_ws/install/rmf_charging_schedule:/opt/ros/jazzy:/rmf_demos_ws/install/menge_vendor:/rmf_demos_ws/install/ament_cmake_catch2:/opt/ros/jazzy/opt/gz_sim_vendor:/opt/ros/jazzy/opt/gz_sensors_vendor:/opt/ros/jazzy/opt/gz_physics_vendor:/opt/ros/jazzy/opt/sdformat_vendor:/opt/ros/jazzy/opt/gz_gui_vendor:/opt/ros/jazzy/opt/gz_transport_vendor:/opt/ros/jazzy/opt/gz_rendering_vendor:/opt/ros/jazzy/opt/gz_plugin_vendor:/opt/ros/jazzy/opt/gz_fuel_tools_vendor:/opt/ros/jazzy/opt/gz_msgs_vendor:/opt/ros/jazzy/opt/gz_common_vendor:/opt/ros/jazzy/opt/gz_math_vendor:/opt/ros/jazzy/opt/gz_utils_vendor:/opt/ros/jazzy/opt/gz_tools_vendor:/opt/ros/jazzy/opt/gz_ogre_next_vendor:/opt/ros/jazzy/opt/gz_dartsim_vendor:/opt/ros/jazzy/opt/gz_cmake_vendor /usr/bin/cmake --install /ws/build/first_project
[2.252s] Level 1:colcon.colcon_core.environment:checking '/ws/install/first_project' for CMake config files
[2.252s] Level 1:colcon.colcon_core.shell:create_environment_hook('first_project', 'cmake_prefix_path')
[2.252s] INFO:colcon.colcon_core.shell:Creating environment hook '/ws/install/first_project/share/first_project/hook/cmake_prefix_path.ps1'
[2.253s] INFO:colcon.colcon_core.shell:Creating environment descriptor '/ws/install/first_project/share/first_project/hook/cmake_prefix_path.dsv'
[2.253s] INFO:colcon.colcon_core.shell:Creating environment hook '/ws/install/first_project/share/first_project/hook/cmake_prefix_path.sh'
[2.253s] Level 1:colcon.colcon_core.environment:checking '/ws/install/first_project/bin'
[2.253s] Level 1:colcon.colcon_core.environment:checking '/ws/install/first_project/lib/pkgconfig/first_project.pc'
[2.254s] Level 1:colcon.colcon_core.environment:checking '/ws/install/first_project/lib/python3.12/site-packages'
[2.254s] Level 1:colcon.colcon_core.environment:checking '/ws/install/first_project/bin'
[2.254s] INFO:colcon.colcon_core.shell:Creating package script '/ws/install/first_project/share/first_project/package.ps1'
[2.254s] INFO:colcon.colcon_core.shell:Creating package descriptor '/ws/install/first_project/share/first_project/package.dsv'
[2.254s] INFO:colcon.colcon_core.shell:Creating package script '/ws/install/first_project/share/first_project/package.sh'
[2.254s] INFO:colcon.colcon_core.shell:Creating package script '/ws/install/first_project/share/first_project/package.bash'
[2.255s] INFO:colcon.colcon_core.shell:Creating package script '/ws/install/first_project/share/first_project/package.zsh'
[2.255s] Level 1:colcon.colcon_core.environment:create_file_with_runtime_dependencies(/ws/install/first_project/share/colcon-core/packages/first_project)
[2.255s] Level 1:colcon.colcon_core.environment:create_environment_scripts_only(first_project)
[2.255s] Level 1:colcon.colcon_core.environment:checking '/ws/install/first_project' for CMake module files
[2.255s] Level 1:colcon.colcon_core.environment:checking '/ws/install/first_project' for CMake config files
[2.256s] Level 1:colcon.colcon_core.shell:create_environment_hook('first_project', 'cmake_prefix_path')
[2.256s] INFO:colcon.colcon_core.shell:Creating environment hook '/ws/install/first_project/share/first_project/hook/cmake_prefix_path.ps1'
[2.256s] INFO:colcon.colcon_core.shell:Creating environment descriptor '/ws/install/first_project/share/first_project/hook/cmake_prefix_path.dsv'
[2.257s] INFO:colcon.colcon_core.shell:Creating environment hook '/ws/install/first_project/share/first_project/hook/cmake_prefix_path.sh'
[2.257s] Level 1:colcon.colcon_core.environment:checking '/ws/install/first_project/bin'
[2.257s] Level 1:colcon.colcon_core.environment:checking '/ws/install/first_project/lib/pkgconfig/first_project.pc'
[2.257s] Level 1:colcon.colcon_core.environment:checking '/ws/install/first_project/lib/python3.12/site-packages'
[2.257s] Level 1:colcon.colcon_core.environment:checking '/ws/install/first_project/bin'
[2.257s] INFO:colcon.colcon_core.shell:Creating package script '/ws/install/first_project/share/first_project/package.ps1'
[2.258s] INFO:colcon.colcon_core.shell:Creating package descriptor '/ws/install/first_project/share/first_project/package.dsv'
[2.258s] INFO:colcon.colcon_core.shell:Creating package script '/ws/install/first_project/share/first_project/package.sh'
[2.258s] INFO:colcon.colcon_core.shell:Creating package script '/ws/install/first_project/share/first_project/package.bash'
[2.259s] INFO:colcon.colcon_core.shell:Creating package script '/ws/install/first_project/share/first_project/package.zsh'
[2.259s] Level 1:colcon.colcon_core.environment:create_file_with_runtime_dependencies(/ws/install/first_project/share/colcon-core/packages/first_project)
[2.259s] DEBUG:colcon.colcon_parallel_executor.executor.parallel:closing loop
[2.259s] DEBUG:colcon.colcon_parallel_executor.executor.parallel:loop closed
[2.259s] DEBUG:colcon.colcon_parallel_executor.executor.parallel:run_until_complete finished with '0'
[2.259s] DEBUG:colcon.colcon_core.event_reactor:joining thread
[2.264s] INFO:colcon.colcon_core.plugin_system:Skipping extension 'colcon_notification.desktop_notification.notify_send': Could not find 'notify-send'
[2.264s] INFO:colcon.colcon_core.plugin_system:Skipping extension 'colcon_notification.desktop_notification.terminal_notifier': Not used on non-Darwin systems
[2.264s] INFO:colcon.colcon_core.plugin_system:Skipping extension 'colcon_notification.desktop_notification.win32': Not used on non-Windows systems
[2.264s] INFO:colcon.colcon_notification.desktop_notification:Sending desktop notification using 'notify2'
[2.266s] DEBUG:colcon.colcon_notification.desktop_notification.notify2:Failed to initialize notify2: org.freedesktop.DBus.Error.Spawn.ExecFailed: /usr/bin/dbus-launch terminated abnormally without any error message
[2.266s] DEBUG:colcon.colcon_core.event_reactor:joined thread
[2.267s] INFO:colcon.colcon_core.shell:Creating prefix script '/ws/install/local_setup.ps1'
[2.268s] INFO:colcon.colcon_core.shell:Creating prefix util module '/ws/install/_local_setup_util_ps1.py'
[2.268s] INFO:colcon.colcon_core.shell:Creating prefix chain script '/ws/install/setup.ps1'
[2.271s] INFO:colcon.colcon_core.shell:Creating prefix script '/ws/install/local_setup.sh'
[2.271s] INFO:colcon.colcon_core.shell:Creating prefix util module '/ws/install/_local_setup_util_sh.py'
[2.271s] INFO:colcon.colcon_core.shell:Creating prefix chain script '/ws/install/setup.sh'
[2.274s] INFO:colcon.colcon_core.shell:Creating prefix script '/ws/install/local_setup.bash'
[2.274s] INFO:colcon.colcon_core.shell:Creating prefix chain script '/ws/install/setup.bash'
[2.276s] INFO:colcon.colcon_core.shell:Creating prefix script '/ws/install/local_setup.zsh'
[2.277s] INFO:colcon.colcon_core.shell:Creating prefix chain script '/ws/install/setup.zsh'
