[1.351s] Invoking command in '/ws/src/project_tasks': PYTHONPATH=/ws/build/project_tasks/prefix_override:/usr/lib/python3/dist-packages/colcon_core/task/python/colcon_distutils_commands:/ws/install/project_tasks/lib/python3.12/site-packages:${PYTHONPATH} /usr/bin/python3 -W ignore:setup.py install is deprecated -W ignore:easy_install command is deprecated setup.py egg_info --egg-base ../../build/project_tasks build --build-base /ws/build/project_tasks/build install --record /ws/build/project_tasks/install.log --single-version-externally-managed install_data
[1.519s] running egg_info
[1.534s] writing ../../build/project_tasks/project_tasks.egg-info/PKG-INFO
[1.535s] writing dependency_links to ../../build/project_tasks/project_tasks.egg-info/dependency_links.txt
[1.535s] writing entry points to ../../build/project_tasks/project_tasks.egg-info/entry_points.txt
[1.535s] writing requirements to ../../build/project_tasks/project_tasks.egg-info/requires.txt
[1.535s] writing top-level names to ../../build/project_tasks/project_tasks.egg-info/top_level.txt
[1.564s] reading manifest file '../../build/project_tasks/project_tasks.egg-info/SOURCES.txt'
[1.565s] writing manifest file '../../build/project_tasks/project_tasks.egg-info/SOURCES.txt'
[1.565s] running build
[1.565s] running build_py
[1.566s] running install
[1.571s] running install_lib
[1.583s] running install_data
[1.588s] running install_egg_info
[1.601s] removing '/ws/install/project_tasks/lib/python3.12/site-packages/project_tasks-0.0.0-py3.12.egg-info' (and everything under it)
[1.602s] Copying ../../build/project_tasks/project_tasks.egg-info to /ws/install/project_tasks/lib/python3.12/site-packages/project_tasks-0.0.0-py3.12.egg-info
[1.603s] running install_scripts
[1.688s] Installing dispatch_go_to script to /ws/install/project_tasks/lib/project_tasks
[1.689s] Installing dispatch_loop script to /ws/install/project_tasks/lib/project_tasks
[1.689s] Installing dispatch_patrol script to /ws/install/project_tasks/lib/project_tasks
[1.689s] writing list of installed files to '/ws/build/project_tasks/install.log'
[1.735s] Invoked command in '/ws/src/project_tasks' returned '0': PYTHONPATH=/ws/build/project_tasks/prefix_override:/usr/lib/python3/dist-packages/colcon_core/task/python/colcon_distutils_commands:/ws/install/project_tasks/lib/python3.12/site-packages:${PYTHONPATH} /usr/bin/python3 -W ignore:setup.py install is deprecated -W ignore:easy_install command is deprecated setup.py egg_info --egg-base ../../build/project_tasks build --build-base /ws/build/project_tasks/build install --record /ws/build/project_tasks/install.log --single-version-externally-managed install_data
