[1.374s] Invoking command in '/ws/build/project_tasks': PYTHONPATH=/ws/build/project_tasks/prefix_override:/usr/lib/python3/dist-packages/colcon_core/task/python/colcon_distutils_commands:/ws/install/project_tasks/lib/python3.12/site-packages:${PYTHONPATH} /usr/bin/python3 -W ignore:setup.py install is deprecated -W ignore:easy_install command is deprecated setup.py develop --editable --build-directory /ws/build/project_tasks/build --no-deps symlink_data --force
[1.566s] running develop
[1.671s] running egg_info
[1.680s] writing project_tasks.egg-info/PKG-INFO
[1.680s] writing dependency_links to project_tasks.egg-info/dependency_links.txt
[1.680s] writing entry points to project_tasks.egg-info/entry_points.txt
[1.681s] writing requirements to project_tasks.egg-info/requires.txt
[1.681s] writing top-level names to project_tasks.egg-info/top_level.txt
[1.699s] reading manifest file 'project_tasks.egg-info/SOURCES.txt'
[1.700s] writing manifest file 'project_tasks.egg-info/SOURCES.txt'
[1.711s] running build_ext
[1.711s] Creating /ws/install/project_tasks/lib/python3.12/site-packages/project-tasks.egg-link (link to .)
[1.711s] Installing dispatch_go_to script to /ws/install/project_tasks/lib/project_tasks
[1.711s] Installing dispatch_loop script to /ws/install/project_tasks/lib/project_tasks
[1.711s] Installing dispatch_patrol script to /ws/install/project_tasks/lib/project_tasks
[1.712s] 
[1.712s] Installed /ws/build/project_tasks
[1.712s] running symlink_data
[1.712s] symbolically linking /ws/build/project_tasks/resource/project_tasks -> /ws/install/project_tasks/share/ament_index/resource_index/packages
[1.712s] symbolically linking /ws/build/project_tasks/package.xml -> /ws/install/project_tasks/share/project_tasks
[1.736s] Invoked command in '/ws/build/project_tasks' returned '0': PYTHONPATH=/ws/build/project_tasks/prefix_override:/usr/lib/python3/dist-packages/colcon_core/task/python/colcon_distutils_commands:/ws/install/project_tasks/lib/python3.12/site-packages:${PYTHONPATH} /usr/bin/python3 -W ignore:setup.py install is deprecated -W ignore:easy_install command is deprecated setup.py develop --editable --build-directory /ws/build/project_tasks/build --no-deps symlink_data --force
