[0.061s] DEBUG:colcon:Command line arguments: ['/usr/bin/colcon', 'build']
[0.061s] DEBUG:colcon:Parsed command line arguments: Namespace(log_base=None, log_level=None, verb_name='build', build_base='build', install_base='install', merge_install=False, symlink_install=False, test_result_base=None, continue_on_error=False, executor='parallel', parallel_workers=20, event_handlers=None, ignore_user_meta=False, metas=['./colcon.meta'], base_paths=['.'], packages_ignore=None, packages_ignore_regex=None, paths=None, packages_up_to=None, packages_up_to_regex=None, packages_above=None, packages_above_and_dependencies=None, packages_above_depth=None, packages_select_by_dep=None, packages_skip_by_dep=None, packages_skip_up_to=None, packages_select_build_failed=False, packages_skip_build_finished=False, packages_select_test_failures=False, packages_skip_test_passed=False, packages_select=None, packages_skip=None, packages_select_regex=None, packages_skip_regex=None, packages_start=None, packages_end=None, cmake_args=None, cmake_target=None, cmake_target_skip_unavailable=False, cmake_clean_cache=False, cmake_clean_first=False, cmake_force_configure=False, ament_cmake_args=None, catkin_cmake_args=None, catkin_skip_building_tests=False, mixin_files=None, mixin=None, verb_parser=<colcon_mixin.mixin.mixin_argument.MixinArgumentDecorator object at 0x7c87a1027ec0>, verb_extension=<colcon_core.verb.build.BuildVerb object at 0x7c87a1027c20>, main=<bound method BuildVerb.main of <colcon_core.verb.build.BuildVerb object at 0x7c87a1027c20>>, mixin_verb=('build',))
[0.083s] Level 1:colcon.colcon_core.package_discovery:discover_packages(colcon_meta) check parameters
[0.083s] Level 1:colcon.colcon_core.package_discovery:discover_packages(recursive) check parameters
[0.083s] Level 1:colcon.colcon_core.package_discovery:discover_packages(ignore) check parameters
[0.083s] Level 1:colcon.colcon_core.package_discovery:discover_packages(path) check parameters
[0.083s] Level 1:colcon.colcon_core.package_discovery:discover_packages(colcon_meta) discover
[0.083s] Level 1:colcon.colcon_core.package_discovery:discover_packages(recursive) discover
[0.083s] INFO:colcon.colcon_core.package_discovery:Crawling recursively for packages in '/home/elena/rmf_ws/src/project/project_maps/maps'
[0.083s] Level 1:colcon.colcon_core.package_identification:_identify(.) by extensions ['ignore', 'ignore_ament_install']
[0.083s] Level 1:colcon.colcon_core.package_identification:_identify(.) by extension 'ignore'
[0.084s] Level 1:colcon.colcon_core.package_identification:_identify(.) by extension 'ignore_ament_install'
[0.084s] Level 1:colcon.colcon_core.package_identification:_identify(.) by extensions ['colcon_pkg']
[0.084s] Level 1:colcon.colcon_core.package_identification:_identify(.) by extension 'colcon_pkg'
[0.084s] Level 1:colcon.colcon_core.package_identification:_identify(.) by extensions ['colcon_meta']
[0.084s] Level 1:colcon.colcon_core.package_identification:_identify(.) by extension 'colcon_meta'
[0.084s] Level 1:colcon.colcon_core.package_identification:_identify(.) by extensions ['ros']
[0.084s] Level 1:colcon.colcon_core.package_identification:_identify(.) by extension 'ros'
[0.099s] Level 1:colcon.colcon_core.package_identification:_identify(.) by extensions ['cmake', 'python']
[0.100s] Level 1:colcon.colcon_core.package_identification:_identify(.) by extension 'cmake'
[0.100s] Level 1:colcon.colcon_core.package_identification:_identify(.) by extension 'python'
[0.100s] Level 1:colcon.colcon_core.package_identification:_identify(.) by extensions ['python_setup_py']
[0.100s] Level 1:colcon.colcon_core.package_identification:_identify(.) by extension 'python_setup_py'
[0.100s] Level 1:colcon.colcon_core.package_identification:_identify(build) by extensions ['ignore', 'ignore_ament_install']
[0.100s] Level 1:colcon.colcon_core.package_identification:_identify(build) by extension 'ignore'
[0.100s] Level 1:colcon.colcon_core.package_identification:_identify(build) ignored
[0.100s] Level 1:colcon.colcon_core.package_identification:_identify(estce_world) by extensions ['ignore', 'ignore_ament_install']
[0.100s] Level 1:colcon.colcon_core.package_identification:_identify(estce_world) by extension 'ignore'
[0.100s] Level 1:colcon.colcon_core.package_identification:_identify(estce_world) by extension 'ignore_ament_install'
[0.100s] Level 1:colcon.colcon_core.package_identification:_identify(estce_world) by extensions ['colcon_pkg']
[0.100s] Level 1:colcon.colcon_core.package_identification:_identify(estce_world) by extension 'colcon_pkg'
[0.100s] Level 1:colcon.colcon_core.package_identification:_identify(estce_world) by extensions ['colcon_meta']
[0.100s] Level 1:colcon.colcon_core.package_identification:_identify(estce_world) by extension 'colcon_meta'
[0.100s] Level 1:colcon.colcon_core.package_identification:_identify(estce_world) by extensions ['ros']
[0.100s] Level 1:colcon.colcon_core.package_identification:_identify(estce_world) by extension 'ros'
[0.100s] Level 1:colcon.colcon_core.package_identification:_identify(estce_world) by extensions ['cmake', 'python']
[0.100s] Level 1:colcon.colcon_core.package_identification:_identify(estce_world) by extension 'cmake'
[0.100s] Level 1:colcon.colcon_core.package_identification:_identify(estce_world) by extension 'python'
[0.100s] Level 1:colcon.colcon_core.package_identification:_identify(estce_world) by extensions ['python_setup_py']
[0.100s] Level 1:colcon.colcon_core.package_identification:_identify(estce_world) by extension 'python_setup_py'
[0.100s] Level 1:colcon.colcon_core.package_identification:_identify(estce_world/estce_L1) by extensions ['ignore', 'ignore_ament_install']
[0.100s] Level 1:colcon.colcon_core.package_identification:_identify(estce_world/estce_L1) by extension 'ignore'
[0.100s] Level 1:colcon.colcon_core.package_identification:_identify(estce_world/estce_L1) by extension 'ignore_ament_install'
[0.100s] Level 1:colcon.colcon_core.package_identification:_identify(estce_world/estce_L1) by extensions ['colcon_pkg']
[0.100s] Level 1:colcon.colcon_core.package_identification:_identify(estce_world/estce_L1) by extension 'colcon_pkg'
[0.100s] Level 1:colcon.colcon_core.package_identification:_identify(estce_world/estce_L1) by extensions ['colcon_meta']
[0.100s] Level 1:colcon.colcon_core.package_identification:_identify(estce_world/estce_L1) by extension 'colcon_meta'
[0.100s] Level 1:colcon.colcon_core.package_identification:_identify(estce_world/estce_L1) by extensions ['ros']
[0.100s] Level 1:colcon.colcon_core.package_identification:_identify(estce_world/estce_L1) by extension 'ros'
[0.100s] Level 1:colcon.colcon_core.package_identification:_identify(estce_world/estce_L1) by extensions ['cmake', 'python']
[0.100s] Level 1:colcon.colcon_core.package_identification:_identify(estce_world/estce_L1) by extension 'cmake'
[0.100s] Level 1:colcon.colcon_core.package_identification:_identify(estce_world/estce_L1) by extension 'python'
[0.100s] Level 1:colcon.colcon_core.package_identification:_identify(estce_world/estce_L1) by extensions ['python_setup_py']
[0.100s] Level 1:colcon.colcon_core.package_identification:_identify(estce_world/estce_L1) by extension 'python_setup_py'
[0.100s] Level 1:colcon.colcon_core.package_identification:_identify(estce_world/estce_L1/meshes) by extensions ['ignore', 'ignore_ament_install']
[0.100s] Level 1:colcon.colcon_core.package_identification:_identify(estce_world/estce_L1/meshes) by extension 'ignore'
[0.100s] Level 1:colcon.colcon_core.package_identification:_identify(estce_world/estce_L1/meshes) by extension 'ignore_ament_install'
[0.101s] Level 1:colcon.colcon_core.package_identification:_identify(estce_world/estce_L1/meshes) by extensions ['colcon_pkg']
[0.101s] Level 1:colcon.colcon_core.package_identification:_identify(estce_world/estce_L1/meshes) by extension 'colcon_pkg'
[0.101s] Level 1:colcon.colcon_core.package_identification:_identify(estce_world/estce_L1/meshes) by extensions ['colcon_meta']
[0.101s] Level 1:colcon.colcon_core.package_identification:_identify(estce_world/estce_L1/meshes) by extension 'colcon_meta'
[0.101s] Level 1:colcon.colcon_core.package_identification:_identify(estce_world/estce_L1/meshes) by extensions ['ros']
[0.101s] Level 1:colcon.colcon_core.package_identification:_identify(estce_world/estce_L1/meshes) by extension 'ros'
[0.101s] Level 1:colcon.colcon_core.package_identification:_identify(estce_world/estce_L1/meshes) by extensions ['cmake', 'python']
[0.101s] Level 1:colcon.colcon_core.package_identification:_identify(estce_world/estce_L1/meshes) by extension 'cmake'
[0.101s] Level 1:colcon.colcon_core.package_identification:_identify(estce_world/estce_L1/meshes) by extension 'python'
[0.101s] Level 1:colcon.colcon_core.package_identification:_identify(estce_world/estce_L1/meshes) by extensions ['python_setup_py']
[0.101s] Level 1:colcon.colcon_core.package_identification:_identify(estce_world/estce_L1/meshes) by extension 'python_setup_py'
[0.101s] Level 1:colcon.colcon_core.package_identification:_identify(estce_world/estce_L2) by extensions ['ignore', 'ignore_ament_install']
[0.101s] Level 1:colcon.colcon_core.package_identification:_identify(estce_world/estce_L2) by extension 'ignore'
[0.101s] Level 1:colcon.colcon_core.package_identification:_identify(estce_world/estce_L2) by extension 'ignore_ament_install'
[0.101s] Level 1:colcon.colcon_core.package_identification:_identify(estce_world/estce_L2) by extensions ['colcon_pkg']
[0.101s] Level 1:colcon.colcon_core.package_identification:_identify(estce_world/estce_L2) by extension 'colcon_pkg'
[0.101s] Level 1:colcon.colcon_core.package_identification:_identify(estce_world/estce_L2) by extensions ['colcon_meta']
[0.101s] Level 1:colcon.colcon_core.package_identification:_identify(estce_world/estce_L2) by extension 'colcon_meta'
[0.101s] Level 1:colcon.colcon_core.package_identification:_identify(estce_world/estce_L2) by extensions ['ros']
[0.101s] Level 1:colcon.colcon_core.package_identification:_identify(estce_world/estce_L2) by extension 'ros'
[0.101s] Level 1:colcon.colcon_core.package_identification:_identify(estce_world/estce_L2) by extensions ['cmake', 'python']
[0.101s] Level 1:colcon.colcon_core.package_identification:_identify(estce_world/estce_L2) by extension 'cmake'
[0.101s] Level 1:colcon.colcon_core.package_identification:_identify(estce_world/estce_L2) by extension 'python'
[0.101s] Level 1:colcon.colcon_core.package_identification:_identify(estce_world/estce_L2) by extensions ['python_setup_py']
[0.101s] Level 1:colcon.colcon_core.package_identification:_identify(estce_world/estce_L2) by extension 'python_setup_py'
[0.101s] Level 1:colcon.colcon_core.package_identification:_identify(estce_world/estce_L2/meshes) by extensions ['ignore', 'ignore_ament_install']
[0.101s] Level 1:colcon.colcon_core.package_identification:_identify(estce_world/estce_L2/meshes) by extension 'ignore'
[0.101s] Level 1:colcon.colcon_core.package_identification:_identify(estce_world/estce_L2/meshes) by extension 'ignore_ament_install'
[0.101s] Level 1:colcon.colcon_core.package_identification:_identify(estce_world/estce_L2/meshes) by extensions ['colcon_pkg']
[0.101s] Level 1:colcon.colcon_core.package_identification:_identify(estce_world/estce_L2/meshes) by extension 'colcon_pkg'
[0.101s] Level 1:colcon.colcon_core.package_identification:_identify(estce_world/estce_L2/meshes) by extensions ['colcon_meta']
[0.101s] Level 1:colcon.colcon_core.package_identification:_identify(estce_world/estce_L2/meshes) by extension 'colcon_meta'
[0.101s] Level 1:colcon.colcon_core.package_identification:_identify(estce_world/estce_L2/meshes) by extensions ['ros']
[0.101s] Level 1:colcon.colcon_core.package_identification:_identify(estce_world/estce_L2/meshes) by extension 'ros'
[0.101s] Level 1:colcon.colcon_core.package_identification:_identify(estce_world/estce_L2/meshes) by extensions ['cmake', 'python']
[0.101s] Level 1:colcon.colcon_core.package_identification:_identify(estce_world/estce_L2/meshes) by extension 'cmake'
[0.101s] Level 1:colcon.colcon_core.package_identification:_identify(estce_world/estce_L2/meshes) by extension 'python'
[0.101s] Level 1:colcon.colcon_core.package_identification:_identify(estce_world/estce_L2/meshes) by extensions ['python_setup_py']
[0.101s] Level 1:colcon.colcon_core.package_identification:_identify(estce_world/estce_L2/meshes) by extension 'python_setup_py'
[0.101s] Level 1:colcon.colcon_core.package_identification:_identify(install) by extensions ['ignore', 'ignore_ament_install']
[0.101s] Level 1:colcon.colcon_core.package_identification:_identify(install) by extension 'ignore'
[0.101s] Level 1:colcon.colcon_core.package_identification:_identify(install) ignored
[0.101s] Level 1:colcon.colcon_core.package_identification:_identify(log) by extensions ['ignore', 'ignore_ament_install']
[0.102s] Level 1:colcon.colcon_core.package_identification:_identify(log) by extension 'ignore'
[0.102s] Level 1:colcon.colcon_core.package_identification:_identify(log) ignored
[0.102s] Level 1:colcon.colcon_core.package_identification:_identify(test1) by extensions ['ignore', 'ignore_ament_install']
[0.102s] Level 1:colcon.colcon_core.package_identification:_identify(test1) by extension 'ignore'
[0.102s] Level 1:colcon.colcon_core.package_identification:_identify(test1) by extension 'ignore_ament_install'
[0.102s] Level 1:colcon.colcon_core.package_identification:_identify(test1) by extensions ['colcon_pkg']
[0.102s] Level 1:colcon.colcon_core.package_identification:_identify(test1) by extension 'colcon_pkg'
[0.102s] Level 1:colcon.colcon_core.package_identification:_identify(test1) by extensions ['colcon_meta']
[0.102s] Level 1:colcon.colcon_core.package_identification:_identify(test1) by extension 'colcon_meta'
[0.102s] Level 1:colcon.colcon_core.package_identification:_identify(test1) by extensions ['ros']
[0.102s] Level 1:colcon.colcon_core.package_identification:_identify(test1) by extension 'ros'
[0.102s] Level 1:colcon.colcon_core.package_identification:_identify(test1) by extensions ['cmake', 'python']
[0.102s] Level 1:colcon.colcon_core.package_identification:_identify(test1) by extension 'cmake'
[0.102s] Level 1:colcon.colcon_core.package_identification:_identify(test1) by extension 'python'
[0.102s] Level 1:colcon.colcon_core.package_identification:_identify(test1) by extensions ['python_setup_py']
[0.102s] Level 1:colcon.colcon_core.package_identification:_identify(test1) by extension 'python_setup_py'
[0.102s] Level 1:colcon.colcon_core.package_identification:_identify(test1/nav_graphs) by extensions ['ignore', 'ignore_ament_install']
[0.102s] Level 1:colcon.colcon_core.package_identification:_identify(test1/nav_graphs) by extension 'ignore'
[0.102s] Level 1:colcon.colcon_core.package_identification:_identify(test1/nav_graphs) by extension 'ignore_ament_install'
[0.102s] Level 1:colcon.colcon_core.package_identification:_identify(test1/nav_graphs) by extensions ['colcon_pkg']
[0.102s] Level 1:colcon.colcon_core.package_identification:_identify(test1/nav_graphs) by extension 'colcon_pkg'
[0.102s] Level 1:colcon.colcon_core.package_identification:_identify(test1/nav_graphs) by extensions ['colcon_meta']
[0.102s] Level 1:colcon.colcon_core.package_identification:_identify(test1/nav_graphs) by extension 'colcon_meta'
[0.102s] Level 1:colcon.colcon_core.package_identification:_identify(test1/nav_graphs) by extensions ['ros']
[0.102s] Level 1:colcon.colcon_core.package_identification:_identify(test1/nav_graphs) by extension 'ros'
[0.102s] Level 1:colcon.colcon_core.package_identification:_identify(test1/nav_graphs) by extensions ['cmake', 'python']
[0.102s] Level 1:colcon.colcon_core.package_identification:_identify(test1/nav_graphs) by extension 'cmake'
[0.102s] Level 1:colcon.colcon_core.package_identification:_identify(test1/nav_graphs) by extension 'python'
[0.102s] Level 1:colcon.colcon_core.package_identification:_identify(test1/nav_graphs) by extensions ['python_setup_py']
[0.102s] Level 1:colcon.colcon_core.package_identification:_identify(test1/nav_graphs) by extension 'python_setup_py'
[0.102s] Level 1:colcon.colcon_core.package_identification:_identify(test1_ign) by extensions ['ignore', 'ignore_ament_install']
[0.102s] Level 1:colcon.colcon_core.package_identification:_identify(test1_ign) by extension 'ignore'
[0.102s] Level 1:colcon.colcon_core.package_identification:_identify(test1_ign) by extension 'ignore_ament_install'
[0.102s] Level 1:colcon.colcon_core.package_identification:_identify(test1_ign) by extensions ['colcon_pkg']
[0.102s] Level 1:colcon.colcon_core.package_identification:_identify(test1_ign) by extension 'colcon_pkg'
[0.102s] Level 1:colcon.colcon_core.package_identification:_identify(test1_ign) by extensions ['colcon_meta']
[0.102s] Level 1:colcon.colcon_core.package_identification:_identify(test1_ign) by extension 'colcon_meta'
[0.102s] Level 1:colcon.colcon_core.package_identification:_identify(test1_ign) by extensions ['ros']
[0.102s] Level 1:colcon.colcon_core.package_identification:_identify(test1_ign) by extension 'ros'
[0.102s] Level 1:colcon.colcon_core.package_identification:_identify(test1_ign) by extensions ['cmake', 'python']
[0.102s] Level 1:colcon.colcon_core.package_identification:_identify(test1_ign) by extension 'cmake'
[0.102s] Level 1:colcon.colcon_core.package_identification:_identify(test1_ign) by extension 'python'
[0.102s] Level 1:colcon.colcon_core.package_identification:_identify(test1_ign) by extensions ['python_setup_py']
[0.102s] Level 1:colcon.colcon_core.package_identification:_identify(test1_ign) by extension 'python_setup_py'
[0.102s] Level 1:colcon.colcon_core.package_identification:_identify(test1_ign/models) by extensions ['ignore', 'ignore_ament_install']
[0.102s] Level 1:colcon.colcon_core.package_identification:_identify(test1_ign/models) by extension 'ignore'
[0.103s] Level 1:colcon.colcon_core.package_identification:_identify(test1_ign/models) by extension 'ignore_ament_install'
[0.103s] Level 1:colcon.colcon_core.package_identification:_identify(test1_ign/models) by extensions ['colcon_pkg']
[0.103s] Level 1:colcon.colcon_core.package_identification:_identify(test1_ign/models) by extension 'colcon_pkg'
[0.103s] Level 1:colcon.colcon_core.package_identification:_identify(test1_ign/models) by extensions ['colcon_meta']
[0.103s] Level 1:colcon.colcon_core.package_identification:_identify(test1_ign/models) by extension 'colcon_meta'
[0.103s] Level 1:colcon.colcon_core.package_identification:_identify(test1_ign/models) by extensions ['ros']
[0.103s] Level 1:colcon.colcon_core.package_identification:_identify(test1_ign/models) by extension 'ros'
[0.103s] Level 1:colcon.colcon_core.package_identification:_identify(test1_ign/models) by extensions ['cmake', 'python']
[0.103s] Level 1:colcon.colcon_core.package_identification:_identify(test1_ign/models) by extension 'cmake'
[0.103s] Level 1:colcon.colcon_core.package_identification:_identify(test1_ign/models) by extension 'python'
[0.103s] Level 1:colcon.colcon_core.package_identification:_identify(test1_ign/models) by extensions ['python_setup_py']
[0.103s] Level 1:colcon.colcon_core.package_identification:_identify(test1_ign/models) by extension 'python_setup_py'
[0.103s] Level 1:colcon.colcon_core.package_identification:_identify(test1_ign/models/first_building_L1) by extensions ['ignore', 'ignore_ament_install']
[0.103s] Level 1:colcon.colcon_core.package_identification:_identify(test1_ign/models/first_building_L1) by extension 'ignore'
[0.103s] Level 1:colcon.colcon_core.package_identification:_identify(test1_ign/models/first_building_L1) by extension 'ignore_ament_install'
[0.103s] Level 1:colcon.colcon_core.package_identification:_identify(test1_ign/models/first_building_L1) by extensions ['colcon_pkg']
[0.103s] Level 1:colcon.colcon_core.package_identification:_identify(test1_ign/models/first_building_L1) by extension 'colcon_pkg'
[0.103s] Level 1:colcon.colcon_core.package_identification:_identify(test1_ign/models/first_building_L1) by extensions ['colcon_meta']
[0.103s] Level 1:colcon.colcon_core.package_identification:_identify(test1_ign/models/first_building_L1) by extension 'colcon_meta'
[0.103s] Level 1:colcon.colcon_core.package_identification:_identify(test1_ign/models/first_building_L1) by extensions ['ros']
[0.103s] Level 1:colcon.colcon_core.package_identification:_identify(test1_ign/models/first_building_L1) by extension 'ros'
[0.103s] Level 1:colcon.colcon_core.package_identification:_identify(test1_ign/models/first_building_L1) by extensions ['cmake', 'python']
[0.103s] Level 1:colcon.colcon_core.package_identification:_identify(test1_ign/models/first_building_L1) by extension 'cmake'
[0.103s] Level 1:colcon.colcon_core.package_identification:_identify(test1_ign/models/first_building_L1) by extension 'python'
[0.103s] Level 1:colcon.colcon_core.package_identification:_identify(test1_ign/models/first_building_L1) by extensions ['python_setup_py']
[0.103s] Level 1:colcon.colcon_core.package_identification:_identify(test1_ign/models/first_building_L1) by extension 'python_setup_py'
[0.103s] Level 1:colcon.colcon_core.package_identification:_identify(test1_ign/models/first_building_L1/meshes) by extensions ['ignore', 'ignore_ament_install']
[0.103s] Level 1:colcon.colcon_core.package_identification:_identify(test1_ign/models/first_building_L1/meshes) by extension 'ignore'
[0.103s] Level 1:colcon.colcon_core.package_identification:_identify(test1_ign/models/first_building_L1/meshes) by extension 'ignore_ament_install'
[0.103s] Level 1:colcon.colcon_core.package_identification:_identify(test1_ign/models/first_building_L1/meshes) by extensions ['colcon_pkg']
[0.103s] Level 1:colcon.colcon_core.package_identification:_identify(test1_ign/models/first_building_L1/meshes) by extension 'colcon_pkg'
[0.103s] Level 1:colcon.colcon_core.package_identification:_identify(test1_ign/models/first_building_L1/meshes) by extensions ['colcon_meta']
[0.103s] Level 1:colcon.colcon_core.package_identification:_identify(test1_ign/models/first_building_L1/meshes) by extension 'colcon_meta'
[0.103s] Level 1:colcon.colcon_core.package_identification:_identify(test1_ign/models/first_building_L1/meshes) by extensions ['ros']
[0.103s] Level 1:colcon.colcon_core.package_identification:_identify(test1_ign/models/first_building_L1/meshes) by extension 'ros'
[0.103s] Level 1:colcon.colcon_core.package_identification:_identify(test1_ign/models/first_building_L1/meshes) by extensions ['cmake', 'python']
[0.103s] Level 1:colcon.colcon_core.package_identification:_identify(test1_ign/models/first_building_L1/meshes) by extension 'cmake'
[0.103s] Level 1:colcon.colcon_core.package_identification:_identify(test1_ign/models/first_building_L1/meshes) by extension 'python'
[0.103s] Level 1:colcon.colcon_core.package_identification:_identify(test1_ign/models/first_building_L1/meshes) by extensions ['python_setup_py']
[0.103s] Level 1:colcon.colcon_core.package_identification:_identify(test1_ign/models/first_building_L1/meshes) by extension 'python_setup_py'
[0.103s] Level 1:colcon.colcon_core.package_identification:_identify(test1_ign/models/first_building_L2) by extensions ['ignore', 'ignore_ament_install']
[0.103s] Level 1:colcon.colcon_core.package_identification:_identify(test1_ign/models/first_building_L2) by extension 'ignore'
[0.103s] Level 1:colcon.colcon_core.package_identification:_identify(test1_ign/models/first_building_L2) by extension 'ignore_ament_install'
[0.103s] Level 1:colcon.colcon_core.package_identification:_identify(test1_ign/models/first_building_L2) by extensions ['colcon_pkg']
[0.103s] Level 1:colcon.colcon_core.package_identification:_identify(test1_ign/models/first_building_L2) by extension 'colcon_pkg'
[0.103s] Level 1:colcon.colcon_core.package_identification:_identify(test1_ign/models/first_building_L2) by extensions ['colcon_meta']
[0.103s] Level 1:colcon.colcon_core.package_identification:_identify(test1_ign/models/first_building_L2) by extension 'colcon_meta'
[0.103s] Level 1:colcon.colcon_core.package_identification:_identify(test1_ign/models/first_building_L2) by extensions ['ros']
[0.104s] Level 1:colcon.colcon_core.package_identification:_identify(test1_ign/models/first_building_L2) by extension 'ros'
[0.104s] Level 1:colcon.colcon_core.package_identification:_identify(test1_ign/models/first_building_L2) by extensions ['cmake', 'python']
[0.104s] Level 1:colcon.colcon_core.package_identification:_identify(test1_ign/models/first_building_L2) by extension 'cmake'
[0.104s] Level 1:colcon.colcon_core.package_identification:_identify(test1_ign/models/first_building_L2) by extension 'python'
[0.104s] Level 1:colcon.colcon_core.package_identification:_identify(test1_ign/models/first_building_L2) by extensions ['python_setup_py']
[0.104s] Level 1:colcon.colcon_core.package_identification:_identify(test1_ign/models/first_building_L2) by extension 'python_setup_py'
[0.104s] Level 1:colcon.colcon_core.package_identification:_identify(test1_ign/models/first_building_L2/meshes) by extensions ['ignore', 'ignore_ament_install']
[0.104s] Level 1:colcon.colcon_core.package_identification:_identify(test1_ign/models/first_building_L2/meshes) by extension 'ignore'
[0.104s] Level 1:colcon.colcon_core.package_identification:_identify(test1_ign/models/first_building_L2/meshes) by extension 'ignore_ament_install'
[0.104s] Level 1:colcon.colcon_core.package_identification:_identify(test1_ign/models/first_building_L2/meshes) by extensions ['colcon_pkg']
[0.104s] Level 1:colcon.colcon_core.package_identification:_identify(test1_ign/models/first_building_L2/meshes) by extension 'colcon_pkg'
[0.104s] Level 1:colcon.colcon_core.package_identification:_identify(test1_ign/models/first_building_L2/meshes) by extensions ['colcon_meta']
[0.104s] Level 1:colcon.colcon_core.package_identification:_identify(test1_ign/models/first_building_L2/meshes) by extension 'colcon_meta'
[0.104s] Level 1:colcon.colcon_core.package_identification:_identify(test1_ign/models/first_building_L2/meshes) by extensions ['ros']
[0.104s] Level 1:colcon.colcon_core.package_identification:_identify(test1_ign/models/first_building_L2/meshes) by extension 'ros'
[0.104s] Level 1:colcon.colcon_core.package_identification:_identify(test1_ign/models/first_building_L2/meshes) by extensions ['cmake', 'python']
[0.104s] Level 1:colcon.colcon_core.package_identification:_identify(test1_ign/models/first_building_L2/meshes) by extension 'cmake'
[0.104s] Level 1:colcon.colcon_core.package_identification:_identify(test1_ign/models/first_building_L2/meshes) by extension 'python'
[0.104s] Level 1:colcon.colcon_core.package_identification:_identify(test1_ign/models/first_building_L2/meshes) by extensions ['python_setup_py']
[0.104s] Level 1:colcon.colcon_core.package_identification:_identify(test1_ign/models/first_building_L2/meshes) by extension 'python_setup_py'
[0.104s] Level 1:colcon.colcon_core.package_discovery:discover_packages(recursive) using defaults
[0.104s] Level 1:colcon.colcon_core.package_discovery:discover_packages(ignore) discover
[0.104s] Level 1:colcon.colcon_core.package_discovery:discover_packages(ignore) using defaults
[0.104s] Level 1:colcon.colcon_core.package_discovery:discover_packages(path) discover
[0.104s] Level 1:colcon.colcon_core.package_discovery:discover_packages(path) using defaults
[0.115s] INFO:colcon.colcon_core.executor:Executing jobs using 'parallel' executor
[0.116s] DEBUG:colcon.colcon_parallel_executor.executor.parallel:run_until_complete
[0.116s] DEBUG:colcon.colcon_parallel_executor.executor.parallel:closing loop
[0.116s] DEBUG:colcon.colcon_parallel_executor.executor.parallel:loop closed
[0.116s] DEBUG:colcon.colcon_parallel_executor.executor.parallel:run_until_complete finished with '0'
[0.116s] DEBUG:colcon.colcon_core.event_reactor:joining thread
[0.119s] INFO:colcon.colcon_core.plugin_system:Skipping extension 'colcon_notification.desktop_notification.notify_send': Could not find 'notify-send'
[0.119s] INFO:colcon.colcon_core.plugin_system:Skipping extension 'colcon_notification.desktop_notification.terminal_notifier': Not used on non-Darwin systems
[0.120s] INFO:colcon.colcon_core.plugin_system:Skipping extension 'colcon_notification.desktop_notification.win32': Not used on non-Windows systems
[0.120s] INFO:colcon.colcon_notification.desktop_notification:Sending desktop notification using 'notify2'
[0.121s] DEBUG:colcon.colcon_notification.desktop_notification.notify2:Failed to initialize notify2: org.freedesktop.DBus.Error.Spawn.ExecFailed: /usr/bin/dbus-launch terminated abnormally without any error message
[0.122s] DEBUG:colcon.colcon_core.event_reactor:joined thread
[0.123s] INFO:colcon.colcon_core.plugin_system:Skipping extension 'colcon_core.shell.bat': Not used on non-Windows systems
[0.123s] INFO:colcon.colcon_core.shell:Creating prefix script '/home/elena/rmf_ws/src/project/project_maps/maps/install/local_setup.ps1'
[0.124s] INFO:colcon.colcon_core.shell:Creating prefix util module '/home/elena/rmf_ws/src/project/project_maps/maps/install/_local_setup_util_ps1.py'
[0.124s] INFO:colcon.colcon_core.shell:Creating prefix chain script '/home/elena/rmf_ws/src/project/project_maps/maps/install/setup.ps1'
[0.126s] INFO:colcon.colcon_core.shell:Creating prefix script '/home/elena/rmf_ws/src/project/project_maps/maps/install/local_setup.sh'
[0.127s] INFO:colcon.colcon_core.shell:Creating prefix util module '/home/elena/rmf_ws/src/project/project_maps/maps/install/_local_setup_util_sh.py'
[0.127s] INFO:colcon.colcon_core.shell:Creating prefix chain script '/home/elena/rmf_ws/src/project/project_maps/maps/install/setup.sh'
[0.129s] INFO:colcon.colcon_core.shell:Creating prefix script '/home/elena/rmf_ws/src/project/project_maps/maps/install/local_setup.bash'
[0.129s] INFO:colcon.colcon_core.shell:Creating prefix chain script '/home/elena/rmf_ws/src/project/project_maps/maps/install/setup.bash'
[0.131s] INFO:colcon.colcon_core.shell:Creating prefix script '/home/elena/rmf_ws/src/project/project_maps/maps/install/local_setup.zsh'
[0.131s] INFO:colcon.colcon_core.shell:Creating prefix chain script '/home/elena/rmf_ws/src/project/project_maps/maps/install/setup.zsh'
