[1.373s] Invoking command in '/ws/build/rmf_demos_fleet_adapter': PYTHONPATH=/ws/build/rmf_demos_fleet_adapter/prefix_override:/usr/lib/python3/dist-packages/colcon_core/task/python/colcon_distutils_commands:/ws/install/rmf_demos_fleet_adapter/lib/python3.12/site-packages:${PYTHONPATH} /usr/bin/python3 -W ignore:setup.py install is deprecated -W ignore:easy_install command is deprecated setup.py develop --uninstall --editable --build-directory /ws/build/rmf_demos_fleet_adapter/build
[1.605s] running develop
[1.707s] Removing /ws/install/rmf_demos_fleet_adapter/lib/python3.12/site-packages/rmf-demos-fleet-adapter.egg-link (link to .)
[1.748s] Invoked command in '/ws/build/rmf_demos_fleet_adapter' returned '0': PYTHONPATH=/ws/build/rmf_demos_fleet_adapter/prefix_override:/usr/lib/python3/dist-packages/colcon_core/task/python/colcon_distutils_commands:/ws/install/rmf_demos_fleet_adapter/lib/python3.12/site-packages:${PYTHONPATH} /usr/bin/python3 -W ignore:setup.py install is deprecated -W ignore:easy_install command is deprecated setup.py develop --uninstall --editable --build-directory /ws/build/rmf_demos_fleet_adapter/build
[1.749s] Invoking command in '/ws/src/rmf_demos/rmf_demos_fleet_adapter': PYTHONPATH=/ws/build/rmf_demos_fleet_adapter/prefix_override:/usr/lib/python3/dist-packages/colcon_core/task/python/colcon_distutils_commands:/ws/install/rmf_demos_fleet_adapter/lib/python3.12/site-packages:${PYTHONPATH} /usr/bin/python3 -W ignore:setup.py install is deprecated -W ignore:easy_install command is deprecated setup.py egg_info --egg-base ../../../build/rmf_demos_fleet_adapter build --build-base /ws/build/rmf_demos_fleet_adapter/build install --record /ws/build/rmf_demos_fleet_adapter/install.log --single-version-externally-managed install_data --force
[1.908s] running egg_info
[1.917s] writing ../../../build/rmf_demos_fleet_adapter/rmf_demos_fleet_adapter.egg-info/PKG-INFO
[1.917s] writing dependency_links to ../../../build/rmf_demos_fleet_adapter/rmf_demos_fleet_adapter.egg-info/dependency_links.txt
[1.917s] writing entry points to ../../../build/rmf_demos_fleet_adapter/rmf_demos_fleet_adapter.egg-info/entry_points.txt
[1.917s] writing requirements to ../../../build/rmf_demos_fleet_adapter/rmf_demos_fleet_adapter.egg-info/requires.txt
[1.917s] writing top-level names to ../../../build/rmf_demos_fleet_adapter/rmf_demos_fleet_adapter.egg-info/top_level.txt
[1.941s] reading manifest file '../../../build/rmf_demos_fleet_adapter/rmf_demos_fleet_adapter.egg-info/SOURCES.txt'
[1.942s] writing manifest file '../../../build/rmf_demos_fleet_adapter/rmf_demos_fleet_adapter.egg-info/SOURCES.txt'
[1.942s] running build
[1.942s] running build_py
[1.942s] creating /ws/build/rmf_demos_fleet_adapter/build
[1.942s] creating /ws/build/rmf_demos_fleet_adapter/build/lib
[1.942s] creating /ws/build/rmf_demos_fleet_adapter/build/lib/rmf_demos_fleet_adapter
[1.942s] copying rmf_demos_fleet_adapter/__init__.py -> /ws/build/rmf_demos_fleet_adapter/build/lib/rmf_demos_fleet_adapter
[1.942s] copying rmf_demos_fleet_adapter/RobotClientAPI.py -> /ws/build/rmf_demos_fleet_adapter/build/lib/rmf_demos_fleet_adapter
[1.943s] copying rmf_demos_fleet_adapter/fleet_adapter.py -> /ws/build/rmf_demos_fleet_adapter/build/lib/rmf_demos_fleet_adapter
[1.943s] copying rmf_demos_fleet_adapter/manage_lane.py -> /ws/build/rmf_demos_fleet_adapter/build/lib/rmf_demos_fleet_adapter
[1.943s] copying rmf_demos_fleet_adapter/fleet_manager.py -> /ws/build/rmf_demos_fleet_adapter/build/lib/rmf_demos_fleet_adapter
[1.943s] creating /ws/build/rmf_demos_fleet_adapter/build/lib/test
[1.943s] copying test/__init__.py -> /ws/build/rmf_demos_fleet_adapter/build/lib/test
[1.943s] copying test/test_flake8.py -> /ws/build/rmf_demos_fleet_adapter/build/lib/test
[1.943s] copying test/test_copyright.py -> /ws/build/rmf_demos_fleet_adapter/build/lib/test
[1.943s] copying test/test_pep257.py -> /ws/build/rmf_demos_fleet_adapter/build/lib/test
[1.944s] running install
[1.948s] running install_lib
[1.960s] creating /ws/install/rmf_demos_fleet_adapter/lib/python3.12/site-packages/rmf_demos_fleet_adapter
[1.960s] copying /ws/build/rmf_demos_fleet_adapter/build/lib/rmf_demos_fleet_adapter/__init__.py -> /ws/install/rmf_demos_fleet_adapter/lib/python3.12/site-packages/rmf_demos_fleet_adapter
[1.960s] copying /ws/build/rmf_demos_fleet_adapter/build/lib/rmf_demos_fleet_adapter/RobotClientAPI.py -> /ws/install/rmf_demos_fleet_adapter/lib/python3.12/site-packages/rmf_demos_fleet_adapter
[1.960s] copying /ws/build/rmf_demos_fleet_adapter/build/lib/rmf_demos_fleet_adapter/fleet_adapter.py -> /ws/install/rmf_demos_fleet_adapter/lib/python3.12/site-packages/rmf_demos_fleet_adapter
[1.961s] copying /ws/build/rmf_demos_fleet_adapter/build/lib/rmf_demos_fleet_adapter/manage_lane.py -> /ws/install/rmf_demos_fleet_adapter/lib/python3.12/site-packages/rmf_demos_fleet_adapter
[1.961s] copying /ws/build/rmf_demos_fleet_adapter/build/lib/rmf_demos_fleet_adapter/fleet_manager.py -> /ws/install/rmf_demos_fleet_adapter/lib/python3.12/site-packages/rmf_demos_fleet_adapter
[1.961s] creating /ws/install/rmf_demos_fleet_adapter/lib/python3.12/site-packages/test
[1.961s] copying /ws/build/rmf_demos_fleet_adapter/build/lib/test/__init__.py -> /ws/install/rmf_demos_fleet_adapter/lib/python3.12/site-packages/test
[1.961s] copying /ws/build/rmf_demos_fleet_adapter/build/lib/test/test_flake8.py -> /ws/install/rmf_demos_fleet_adapter/lib/python3.12/site-packages/test
[1.961s] copying /ws/build/rmf_demos_fleet_adapter/build/lib/test/test_copyright.py -> /ws/install/rmf_demos_fleet_adapter/lib/python3.12/site-packages/test
[1.961s] copying /ws/build/rmf_demos_fleet_adapter/build/lib/test/test_pep257.py -> /ws/install/rmf_demos_fleet_adapter/lib/python3.12/site-packages/test
[1.962s] byte-compiling /ws/install/rmf_demos_fleet_adapter/lib/python3.12/site-packages/rmf_demos_fleet_adapter/__init__.py to __init__.cpython-312.pyc
[1.962s] byte-compiling /ws/install/rmf_demos_fleet_adapter/lib/python3.12/site-packages/rmf_demos_fleet_adapter/RobotClientAPI.py to RobotClientAPI.cpython-312.pyc
[1.963s] byte-compiling /ws/install/rmf_demos_fleet_adapter/lib/python3.12/site-packages/rmf_demos_fleet_adapter/fleet_adapter.py to fleet_adapter.cpython-312.pyc
[1.966s] byte-compiling /ws/install/rmf_demos_fleet_adapter/lib/python3.12/site-packages/rmf_demos_fleet_adapter/manage_lane.py to manage_lane.cpython-312.pyc
[1.966s] byte-compiling /ws/install/rmf_demos_fleet_adapter/lib/python3.12/site-packages/rmf_demos_fleet_adapter/fleet_manager.py to fleet_manager.cpython-312.pyc
[1.969s] byte-compiling /ws/install/rmf_demos_fleet_adapter/lib/python3.12/site-packages/test/__init__.py to __init__.cpython-312.pyc
[1.969s] byte-compiling /ws/install/rmf_demos_fleet_adapter/lib/python3.12/site-packages/test/test_flake8.py to test_flake8.cpython-312.pyc
[1.969s] byte-compiling /ws/install/rmf_demos_fleet_adapter/lib/python3.12/site-packages/test/test_copyright.py to test_copyright.cpython-312.pyc
[1.970s] byte-compiling /ws/install/rmf_demos_fleet_adapter/lib/python3.12/site-packages/test/test_pep257.py to test_pep257.cpython-312.pyc
[1.970s] running install_data
[1.970s] copying resource/rmf_demos_fleet_adapter -> /ws/install/rmf_demos_fleet_adapter/share/ament_index/resource_index/packages
[1.970s] copying package.xml -> /ws/install/rmf_demos_fleet_adapter/share/rmf_demos_fleet_adapter
[1.970s] copying config.yaml -> /ws/install/rmf_demos_fleet_adapter/share/rmf_demos_fleet_adapter
[1.970s] copying launch/fleet_adapter.launch.xml -> /ws/install/rmf_demos_fleet_adapter/share/rmf_demos_fleet_adapter/launch
[1.970s] running install_egg_info
[1.983s] Copying ../../../build/rmf_demos_fleet_adapter/rmf_demos_fleet_adapter.egg-info to /ws/install/rmf_demos_fleet_adapter/lib/python3.12/site-packages/rmf_demos_fleet_adapter-2.8.1-py3.12.egg-info
[1.983s] running install_scripts
[2.104s] Installing fleet_adapter script to /ws/install/rmf_demos_fleet_adapter/lib/rmf_demos_fleet_adapter
[2.104s] Installing fleet_manager script to /ws/install/rmf_demos_fleet_adapter/lib/rmf_demos_fleet_adapter
[2.104s] Installing manage_lane script to /ws/install/rmf_demos_fleet_adapter/lib/rmf_demos_fleet_adapter
[2.105s] writing list of installed files to '/ws/build/rmf_demos_fleet_adapter/install.log'
[2.150s] Invoked command in '/ws/src/rmf_demos/rmf_demos_fleet_adapter' returned '0': PYTHONPATH=/ws/build/rmf_demos_fleet_adapter/prefix_override:/usr/lib/python3/dist-packages/colcon_core/task/python/colcon_distutils_commands:/ws/install/rmf_demos_fleet_adapter/lib/python3.12/site-packages:${PYTHONPATH} /usr/bin/python3 -W ignore:setup.py install is deprecated -W ignore:easy_install command is deprecated setup.py egg_info --egg-base ../../../build/rmf_demos_fleet_adapter build --build-base /ws/build/rmf_demos_fleet_adapter/build install --record /ws/build/rmf_demos_fleet_adapter/install.log --single-version-externally-managed install_data --force
