[1.155s] Invoking command in '/ws/src/rmf_demos/rmf_demos_fleet_adapter': PYTHONPATH=/ws/build/rmf_demos_fleet_adapter/prefix_override:/usr/lib/python3/dist-packages/colcon_core/task/python/colcon_distutils_commands:/ws/install/rmf_demos_fleet_adapter/lib/python3.12/site-packages:${PYTHONPATH} /usr/bin/python3 -W ignore:setup.py install is deprecated -W ignore:easy_install command is deprecated setup.py egg_info --egg-base ../../../build/rmf_demos_fleet_adapter build --build-base /ws/build/rmf_demos_fleet_adapter/build install --record /ws/build/rmf_demos_fleet_adapter/install.log --single-version-externally-managed install_data
[1.354s] running egg_info
[1.354s] creating ../../../build/rmf_demos_fleet_adapter/rmf_demos_fleet_adapter.egg-info
[1.370s] writing ../../../build/rmf_demos_fleet_adapter/rmf_demos_fleet_adapter.egg-info/PKG-INFO
[1.370s] writing dependency_links to ../../../build/rmf_demos_fleet_adapter/rmf_demos_fleet_adapter.egg-info/dependency_links.txt
[1.370s] writing entry points to ../../../build/rmf_demos_fleet_adapter/rmf_demos_fleet_adapter.egg-info/entry_points.txt
[1.370s] writing requirements to ../../../build/rmf_demos_fleet_adapter/rmf_demos_fleet_adapter.egg-info/requires.txt
[1.370s] writing top-level names to ../../../build/rmf_demos_fleet_adapter/rmf_demos_fleet_adapter.egg-info/top_level.txt
[1.371s] writing manifest file '../../../build/rmf_demos_fleet_adapter/rmf_demos_fleet_adapter.egg-info/SOURCES.txt'
[1.405s] reading manifest file '../../../build/rmf_demos_fleet_adapter/rmf_demos_fleet_adapter.egg-info/SOURCES.txt'
[1.405s] writing manifest file '../../../build/rmf_demos_fleet_adapter/rmf_demos_fleet_adapter.egg-info/SOURCES.txt'
[1.405s] running build
[1.406s] running build_py
[1.406s] creating /ws/build/rmf_demos_fleet_adapter/build
[1.406s] creating /ws/build/rmf_demos_fleet_adapter/build/lib
[1.406s] creating /ws/build/rmf_demos_fleet_adapter/build/lib/rmf_demos_fleet_adapter
[1.406s] copying rmf_demos_fleet_adapter/__init__.py -> /ws/build/rmf_demos_fleet_adapter/build/lib/rmf_demos_fleet_adapter
[1.406s] copying rmf_demos_fleet_adapter/RobotClientAPI.py -> /ws/build/rmf_demos_fleet_adapter/build/lib/rmf_demos_fleet_adapter
[1.407s] copying rmf_demos_fleet_adapter/fleet_adapter.py -> /ws/build/rmf_demos_fleet_adapter/build/lib/rmf_demos_fleet_adapter
[1.407s] copying rmf_demos_fleet_adapter/manage_lane.py -> /ws/build/rmf_demos_fleet_adapter/build/lib/rmf_demos_fleet_adapter
[1.407s] copying rmf_demos_fleet_adapter/fleet_manager.py -> /ws/build/rmf_demos_fleet_adapter/build/lib/rmf_demos_fleet_adapter
[1.407s] creating /ws/build/rmf_demos_fleet_adapter/build/lib/test
[1.407s] copying test/__init__.py -> /ws/build/rmf_demos_fleet_adapter/build/lib/test
[1.407s] copying test/test_flake8.py -> /ws/build/rmf_demos_fleet_adapter/build/lib/test
[1.407s] copying test/test_copyright.py -> /ws/build/rmf_demos_fleet_adapter/build/lib/test
[1.407s] copying test/test_pep257.py -> /ws/build/rmf_demos_fleet_adapter/build/lib/test
[1.407s] running install
[1.414s] running install_lib
[1.431s] creating /ws/install/rmf_demos_fleet_adapter/lib/python3.12/site-packages/rmf_demos_fleet_adapter
[1.431s] copying /ws/build/rmf_demos_fleet_adapter/build/lib/rmf_demos_fleet_adapter/__init__.py -> /ws/install/rmf_demos_fleet_adapter/lib/python3.12/site-packages/rmf_demos_fleet_adapter
[1.431s] copying /ws/build/rmf_demos_fleet_adapter/build/lib/rmf_demos_fleet_adapter/RobotClientAPI.py -> /ws/install/rmf_demos_fleet_adapter/lib/python3.12/site-packages/rmf_demos_fleet_adapter
[1.431s] copying /ws/build/rmf_demos_fleet_adapter/build/lib/rmf_demos_fleet_adapter/fleet_adapter.py -> /ws/install/rmf_demos_fleet_adapter/lib/python3.12/site-packages/rmf_demos_fleet_adapter
[1.431s] copying /ws/build/rmf_demos_fleet_adapter/build/lib/rmf_demos_fleet_adapter/manage_lane.py -> /ws/install/rmf_demos_fleet_adapter/lib/python3.12/site-packages/rmf_demos_fleet_adapter
[1.431s] copying /ws/build/rmf_demos_fleet_adapter/build/lib/rmf_demos_fleet_adapter/fleet_manager.py -> /ws/install/rmf_demos_fleet_adapter/lib/python3.12/site-packages/rmf_demos_fleet_adapter
[1.432s] creating /ws/install/rmf_demos_fleet_adapter/lib/python3.12/site-packages/test
[1.432s] copying /ws/build/rmf_demos_fleet_adapter/build/lib/test/__init__.py -> /ws/install/rmf_demos_fleet_adapter/lib/python3.12/site-packages/test
[1.432s] copying /ws/build/rmf_demos_fleet_adapter/build/lib/test/test_flake8.py -> /ws/install/rmf_demos_fleet_adapter/lib/python3.12/site-packages/test
[1.432s] copying /ws/build/rmf_demos_fleet_adapter/build/lib/test/test_copyright.py -> /ws/install/rmf_demos_fleet_adapter/lib/python3.12/site-packages/test
[1.432s] copying /ws/build/rmf_demos_fleet_adapter/build/lib/test/test_pep257.py -> /ws/install/rmf_demos_fleet_adapter/lib/python3.12/site-packages/test
[1.433s] byte-compiling /ws/install/rmf_demos_fleet_adapter/lib/python3.12/site-packages/rmf_demos_fleet_adapter/__init__.py to __init__.cpython-312.pyc
[1.433s] byte-compiling /ws/install/rmf_demos_fleet_adapter/lib/python3.12/site-packages/rmf_demos_fleet_adapter/RobotClientAPI.py to RobotClientAPI.cpython-312.pyc
[1.435s] byte-compiling /ws/install/rmf_demos_fleet_adapter/lib/python3.12/site-packages/rmf_demos_fleet_adapter/fleet_adapter.py to fleet_adapter.cpython-312.pyc
[1.439s] byte-compiling /ws/install/rmf_demos_fleet_adapter/lib/python3.12/site-packages/rmf_demos_fleet_adapter/manage_lane.py to manage_lane.cpython-312.pyc
[1.439s] byte-compiling /ws/install/rmf_demos_fleet_adapter/lib/python3.12/site-packages/rmf_demos_fleet_adapter/fleet_manager.py to fleet_manager.cpython-312.pyc
[1.444s] byte-compiling /ws/install/rmf_demos_fleet_adapter/lib/python3.12/site-packages/test/__init__.py to __init__.cpython-312.pyc
[1.444s] byte-compiling /ws/install/rmf_demos_fleet_adapter/lib/python3.12/site-packages/test/test_flake8.py to test_flake8.cpython-312.pyc
[1.444s] byte-compiling /ws/install/rmf_demos_fleet_adapter/lib/python3.12/site-packages/test/test_copyright.py to test_copyright.cpython-312.pyc
[1.444s] byte-compiling /ws/install/rmf_demos_fleet_adapter/lib/python3.12/site-packages/test/test_pep257.py to test_pep257.cpython-312.pyc
[1.445s] running install_data
[1.445s] creating /ws/install/rmf_demos_fleet_adapter/share/ament_index
[1.445s] creating /ws/install/rmf_demos_fleet_adapter/share/ament_index/resource_index
[1.445s] creating /ws/install/rmf_demos_fleet_adapter/share/ament_index/resource_index/packages
[1.445s] copying resource/rmf_demos_fleet_adapter -> /ws/install/rmf_demos_fleet_adapter/share/ament_index/resource_index/packages
[1.445s] copying package.xml -> /ws/install/rmf_demos_fleet_adapter/share/rmf_demos_fleet_adapter
[1.445s] copying config.yaml -> /ws/install/rmf_demos_fleet_adapter/share/rmf_demos_fleet_adapter
[1.445s] creating /ws/install/rmf_demos_fleet_adapter/share/rmf_demos_fleet_adapter/launch
[1.445s] copying launch/fleet_adapter.launch.xml -> /ws/install/rmf_demos_fleet_adapter/share/rmf_demos_fleet_adapter/launch
[1.445s] running install_egg_info
[1.464s] Copying ../../../build/rmf_demos_fleet_adapter/rmf_demos_fleet_adapter.egg-info to /ws/install/rmf_demos_fleet_adapter/lib/python3.12/site-packages/rmf_demos_fleet_adapter-2.8.1-py3.12.egg-info
[1.464s] running install_scripts
[1.590s] Installing fleet_adapter script to /ws/install/rmf_demos_fleet_adapter/lib/rmf_demos_fleet_adapter
[1.590s] Installing fleet_manager script to /ws/install/rmf_demos_fleet_adapter/lib/rmf_demos_fleet_adapter
[1.590s] Installing manage_lane script to /ws/install/rmf_demos_fleet_adapter/lib/rmf_demos_fleet_adapter
[1.590s] writing list of installed files to '/ws/build/rmf_demos_fleet_adapter/install.log'
[1.656s] Invoked command in '/ws/src/rmf_demos/rmf_demos_fleet_adapter' returned '0': PYTHONPATH=/ws/build/rmf_demos_fleet_adapter/prefix_override:/usr/lib/python3/dist-packages/colcon_core/task/python/colcon_distutils_commands:/ws/install/rmf_demos_fleet_adapter/lib/python3.12/site-packages:${PYTHONPATH} /usr/bin/python3 -W ignore:setup.py install is deprecated -W ignore:easy_install command is deprecated setup.py egg_info --egg-base ../../../build/rmf_demos_fleet_adapter build --build-base /ws/build/rmf_demos_fleet_adapter/build install --record /ws/build/rmf_demos_fleet_adapter/install.log --single-version-externally-managed install_data
