-- The C compiler identification is GNU 11.4.0
-- The CXX compiler identification is GNU 11.4.0
-- Detecting C compiler ABI info
-- Detecting C compiler ABI info - done
-- Check for working C compiler: /usr/lib/ccache/cc - skipped
-- Detecting C compile features
-- Detecting C compile features - done
-- Detecting CXX compiler ABI info
-- Detecting CXX compiler ABI info - done
-- Check for working CXX compiler: /usr/lib/ccache/c++ - skipped
-- Detecting CXX compile features
-- Detecting CXX compile features - done
-- Found ament_cmake: 1.3.12 (/opt/ros/humble/share/ament_cmake/cmake)
-- Found Python3: /usr/bin/python3 (found version "3.10.12") found components: Interpreter 
-- Found ament_lint_auto: 0.12.14 (/opt/ros/humble/share/ament_lint_auto/cmake)
-- Added test 'cppcheck' to perform static code analysis on C / C++ code
-- Configured cppcheck include dirs: 
-- Configured cppcheck exclude dirs and/or files: 
-- Added test 'lint_cmake' to check CMake code style
-- Added test 'uncrustify' to check C / C++ code style
-- Configured uncrustify additional arguments: 
-- Added test 'xmllint' to check XML markup files
-- Configuring done
-- Generating done
-- Build files have been written to: /home/david/Documentos/GitHub/IR2134/rmf_ws/src/first_project/build/first_project
-- Install configuration: ""
-- Installing: /home/david/Documentos/GitHub/IR2134/rmf_ws/src/first_project/install/first_project/share/first_project
-- Installing: /home/david/Documentos/GitHub/IR2134/rmf_ws/src/first_project/install/first_project/share/ament_index/resource_index/package_run_dependencies/first_project
-- Installing: /home/david/Documentos/GitHub/IR2134/rmf_ws/src/first_project/install/first_project/share/ament_index/resource_index/parent_prefix_path/first_project
-- Installing: /home/david/Documentos/GitHub/IR2134/rmf_ws/src/first_project/install/first_project/share/first_project/environment/ament_prefix_path.sh
-- Installing: /home/david/Documentos/GitHub/IR2134/rmf_ws/src/first_project/install/first_project/share/first_project/environment/ament_prefix_path.dsv
-- Installing: /home/david/Documentos/GitHub/IR2134/rmf_ws/src/first_project/install/first_project/share/first_project/environment/path.sh
-- Installing: /home/david/Documentos/GitHub/IR2134/rmf_ws/src/first_project/install/first_project/share/first_project/environment/path.dsv
-- Installing: /home/david/Documentos/GitHub/IR2134/rmf_ws/src/first_project/install/first_project/share/first_project/local_setup.bash
-- Installing: /home/david/Documentos/GitHub/IR2134/rmf_ws/src/first_project/install/first_project/share/first_project/local_setup.sh
-- Installing: /home/david/Documentos/GitHub/IR2134/rmf_ws/src/first_project/install/first_project/share/first_project/local_setup.zsh
-- Installing: /home/david/Documentos/GitHub/IR2134/rmf_ws/src/first_project/install/first_project/share/first_project/local_setup.dsv
-- Installing: /home/david/Documentos/GitHub/IR2134/rmf_ws/src/first_project/install/first_project/share/first_project/package.dsv
-- Installing: /home/david/Documentos/GitHub/IR2134/rmf_ws/src/first_project/install/first_project/share/ament_index/resource_index/packages/first_project
-- Installing: /home/david/Documentos/GitHub/IR2134/rmf_ws/src/first_project/install/first_project/share/first_project/cmake/first_projectConfig.cmake
-- Installing: /home/david/Documentos/GitHub/IR2134/rmf_ws/src/first_project/install/first_project/share/first_project/cmake/first_projectConfig-version.cmake
-- Installing: /home/david/Documentos/GitHub/IR2134/rmf_ws/src/first_project/install/first_project/share/first_project/package.xml
