[0.497s] Invoking command in '/ws/build/project_fleet_adapter': PYTHONPATH=/ws/build/project_fleet_adapter/prefix_override:/usr/lib/python3/dist-packages/colcon_core/task/python/colcon_distutils_commands:/ws/install/project_fleet_adapter/lib/python3.12/site-packages:${PYTHONPATH} /usr/bin/python3 -W ignore:setup.py install is deprecated -W ignore:easy_install command is deprecated setup.py develop --uninstall --editable --build-directory /ws/build/project_fleet_adapter/build
[0.673s] running develop
[0.764s] Removing /ws/install/project_fleet_adapter/lib/python3.12/site-packages/project-fleet-adapter.egg-link (link to .)
[0.785s] Invoked command in '/ws/build/project_fleet_adapter' returned '0': PYTHONPATH=/ws/build/project_fleet_adapter/prefix_override:/usr/lib/python3/dist-packages/colcon_core/task/python/colcon_distutils_commands:/ws/install/project_fleet_adapter/lib/python3.12/site-packages:${PYTHONPATH} /usr/bin/python3 -W ignore:setup.py install is deprecated -W ignore:easy_install command is deprecated setup.py develop --uninstall --editable --build-directory /ws/build/project_fleet_adapter/build
[0.787s] Invoking command in '/ws/src/project_fleet_adapter': PYTHONPATH=/ws/build/project_fleet_adapter/prefix_override:/usr/lib/python3/dist-packages/colcon_core/task/python/colcon_distutils_commands:/ws/install/project_fleet_adapter/lib/python3.12/site-packages:${PYTHONPATH} /usr/bin/python3 -W ignore:setup.py install is deprecated -W ignore:easy_install command is deprecated setup.py egg_info --egg-base ../../build/project_fleet_adapter build --build-base /ws/build/project_fleet_adapter/build install --record /ws/build/project_fleet_adapter/install.log --single-version-externally-managed install_data --force
[0.929s] running egg_info
[0.936s] writing ../../build/project_fleet_adapter/project_fleet_adapter.egg-info/PKG-INFO
[0.936s] writing dependency_links to ../../build/project_fleet_adapter/project_fleet_adapter.egg-info/dependency_links.txt
[0.937s] writing entry points to ../../build/project_fleet_adapter/project_fleet_adapter.egg-info/entry_points.txt
[0.937s] writing requirements to ../../build/project_fleet_adapter/project_fleet_adapter.egg-info/requires.txt
[0.937s] writing top-level names to ../../build/project_fleet_adapter/project_fleet_adapter.egg-info/top_level.txt
[0.953s] reading manifest file '../../build/project_fleet_adapter/project_fleet_adapter.egg-info/SOURCES.txt'
[0.953s] writing manifest file '../../build/project_fleet_adapter/project_fleet_adapter.egg-info/SOURCES.txt'
[0.953s] running build
[0.953s] running build_py
[0.954s] running install
[0.957s] running install_lib
[0.966s] creating /ws/install/project_fleet_adapter/lib/python3.12/site-packages/project_fleet_adapter
[0.966s] copying /ws/build/project_fleet_adapter/build/lib/project_fleet_adapter/__init__.py -> /ws/install/project_fleet_adapter/lib/python3.12/site-packages/project_fleet_adapter
[0.966s] copying /ws/build/project_fleet_adapter/build/lib/project_fleet_adapter/RobotClientAPI.py -> /ws/install/project_fleet_adapter/lib/python3.12/site-packages/project_fleet_adapter
[0.966s] copying /ws/build/project_fleet_adapter/build/lib/project_fleet_adapter/fleet_adapter.py -> /ws/install/project_fleet_adapter/lib/python3.12/site-packages/project_fleet_adapter
[0.966s] copying /ws/build/project_fleet_adapter/build/lib/project_fleet_adapter/manage_lane.py -> /ws/install/project_fleet_adapter/lib/python3.12/site-packages/project_fleet_adapter
[0.966s] copying /ws/build/project_fleet_adapter/build/lib/project_fleet_adapter/fleet_manager.py -> /ws/install/project_fleet_adapter/lib/python3.12/site-packages/project_fleet_adapter
[0.966s] creating /ws/install/project_fleet_adapter/lib/python3.12/site-packages/test
[0.966s] copying /ws/build/project_fleet_adapter/build/lib/test/__init__.py -> /ws/install/project_fleet_adapter/lib/python3.12/site-packages/test
[0.966s] copying /ws/build/project_fleet_adapter/build/lib/test/test_flake8.py -> /ws/install/project_fleet_adapter/lib/python3.12/site-packages/test
[0.966s] copying /ws/build/project_fleet_adapter/build/lib/test/test_copyright.py -> /ws/install/project_fleet_adapter/lib/python3.12/site-packages/test
[0.966s] copying /ws/build/project_fleet_adapter/build/lib/test/test_pep257.py -> /ws/install/project_fleet_adapter/lib/python3.12/site-packages/test
[0.966s] byte-compiling /ws/install/project_fleet_adapter/lib/python3.12/site-packages/project_fleet_adapter/__init__.py to __init__.cpython-312.pyc
[0.966s] byte-compiling /ws/install/project_fleet_adapter/lib/python3.12/site-packages/project_fleet_adapter/RobotClientAPI.py to RobotClientAPI.cpython-312.pyc
[0.968s] byte-compiling /ws/install/project_fleet_adapter/lib/python3.12/site-packages/project_fleet_adapter/fleet_adapter.py to fleet_adapter.cpython-312.pyc
[0.970s] byte-compiling /ws/install/project_fleet_adapter/lib/python3.12/site-packages/project_fleet_adapter/manage_lane.py to manage_lane.cpython-312.pyc
[0.970s] byte-compiling /ws/install/project_fleet_adapter/lib/python3.12/site-packages/project_fleet_adapter/fleet_manager.py to fleet_manager.cpython-312.pyc
[0.973s] byte-compiling /ws/install/project_fleet_adapter/lib/python3.12/site-packages/test/__init__.py to __init__.cpython-312.pyc
[0.973s] byte-compiling /ws/install/project_fleet_adapter/lib/python3.12/site-packages/test/test_flake8.py to test_flake8.cpython-312.pyc
[0.973s] byte-compiling /ws/install/project_fleet_adapter/lib/python3.12/site-packages/test/test_copyright.py to test_copyright.cpython-312.pyc
[0.973s] byte-compiling /ws/install/project_fleet_adapter/lib/python3.12/site-packages/test/test_pep257.py to test_pep257.cpython-312.pyc
[0.973s] running install_data
[0.973s] copying resource/project_fleet_adapter -> /ws/install/project_fleet_adapter/share/ament_index/resource_index/packages
[0.973s] copying package.xml -> /ws/install/project_fleet_adapter/share/project_fleet_adapter
[0.974s] copying config.yaml -> /ws/install/project_fleet_adapter/share/project_fleet_adapter
[0.974s] copying launch/fleet_adapter.launch.xml -> /ws/install/project_fleet_adapter/share/project_fleet_adapter/launch
[0.974s] running install_egg_info
[0.983s] Copying ../../build/project_fleet_adapter/project_fleet_adapter.egg-info to /ws/install/project_fleet_adapter/lib/python3.12/site-packages/project_fleet_adapter-2.8.1-py3.12.egg-info
[0.983s] running install_scripts
[1.054s] Installing fleet_adapter script to /ws/install/project_fleet_adapter/lib/project_fleet_adapter
[1.054s] Installing fleet_manager script to /ws/install/project_fleet_adapter/lib/project_fleet_adapter
[1.054s] Installing manage_lane script to /ws/install/project_fleet_adapter/lib/project_fleet_adapter
[1.054s] writing list of installed files to '/ws/build/project_fleet_adapter/install.log'
[1.074s] Invoked command in '/ws/src/project_fleet_adapter' returned '0': PYTHONPATH=/ws/build/project_fleet_adapter/prefix_override:/usr/lib/python3/dist-packages/colcon_core/task/python/colcon_distutils_commands:/ws/install/project_fleet_adapter/lib/python3.12/site-packages:${PYTHONPATH} /usr/bin/python3 -W ignore:setup.py install is deprecated -W ignore:easy_install command is deprecated setup.py egg_info --egg-base ../../build/project_fleet_adapter build --build-base /ws/build/project_fleet_adapter/build install --record /ws/build/project_fleet_adapter/install.log --single-version-externally-managed install_data --force
