[1.384s] Invoking command in '/ws/src/rmf_demos/rmf_demos_bridges': PYTHONPATH=/ws/build/rmf_demos_bridges/prefix_override:/usr/lib/python3/dist-packages/colcon_core/task/python/colcon_distutils_commands:/ws/install/rmf_demos_bridges/lib/python3.12/site-packages:${PYTHONPATH} /usr/bin/python3 -W ignore:setup.py install is deprecated -W ignore:easy_install command is deprecated setup.py egg_info --egg-base ../../../build/rmf_demos_bridges build --build-base /ws/build/rmf_demos_bridges/build install --record /ws/build/rmf_demos_bridges/install.log --single-version-externally-managed install_data
[1.635s] running egg_info
[1.651s] writing ../../../build/rmf_demos_bridges/rmf_demos_bridges.egg-info/PKG-INFO
[1.651s] writing dependency_links to ../../../build/rmf_demos_bridges/rmf_demos_bridges.egg-info/dependency_links.txt
[1.651s] writing entry points to ../../../build/rmf_demos_bridges/rmf_demos_bridges.egg-info/entry_points.txt
[1.651s] writing requirements to ../../../build/rmf_demos_bridges/rmf_demos_bridges.egg-info/requires.txt
[1.652s] writing top-level names to ../../../build/rmf_demos_bridges/rmf_demos_bridges.egg-info/top_level.txt
[1.684s] reading manifest file '../../../build/rmf_demos_bridges/rmf_demos_bridges.egg-info/SOURCES.txt'
[1.685s] writing manifest file '../../../build/rmf_demos_bridges/rmf_demos_bridges.egg-info/SOURCES.txt'
[1.685s] running build
[1.685s] running build_py
[1.686s] running install
[1.693s] running install_lib
[1.710s] running install_data
[1.710s] running install_egg_info
[1.729s] removing '/ws/install/rmf_demos_bridges/lib/python3.12/site-packages/rmf_demos_bridges-2.8.1-py3.12.egg-info' (and everything under it)
[1.729s] Copying ../../../build/rmf_demos_bridges/rmf_demos_bridges.egg-info to /ws/install/rmf_demos_bridges/lib/python3.12/site-packages/rmf_demos_bridges-2.8.1-py3.12.egg-info
[1.730s] running install_scripts
[1.840s] Installing fleet_robotmanager_mqtt_bridge script to /ws/install/rmf_demos_bridges/lib/rmf_demos_bridges
[1.840s] Installing fleet_socketio_bridge script to /ws/install/rmf_demos_bridges/lib/rmf_demos_bridges
[1.841s] writing list of installed files to '/ws/build/rmf_demos_bridges/install.log'
[1.897s] Invoked command in '/ws/src/rmf_demos/rmf_demos_bridges' returned '0': PYTHONPATH=/ws/build/rmf_demos_bridges/prefix_override:/usr/lib/python3/dist-packages/colcon_core/task/python/colcon_distutils_commands:/ws/install/rmf_demos_bridges/lib/python3.12/site-packages:${PYTHONPATH} /usr/bin/python3 -W ignore:setup.py install is deprecated -W ignore:easy_install command is deprecated setup.py egg_info --egg-base ../../../build/rmf_demos_bridges build --build-base /ws/build/rmf_demos_bridges/build install --record /ws/build/rmf_demos_bridges/install.log --single-version-externally-managed install_data
