[0.015s] Invoking command in '/ws/build/first_project': CMAKE_PREFIX_PATH=/ws/install/first_project:/rmf_demos_ws/install/rmf_workcell_msgs:/rmf_demos_ws/install/rmf_demos_gz:/rmf_demos_ws/install/rmf_demos:/rmf_demos_ws/install/rmf_reservation_node:/rmf_demos_ws/install/rmf_fleet_adapter_python:/rmf_demos_ws/install/rmf_fleet_adapter:/rmf_demos_ws/install/rmf_task_ros2:/rmf_demos_ws/install/rmf_websocket:/rmf_demos_ws/install/rmf_visualization:/rmf_demos_ws/install/rmf_visualization_schedule:/rmf_demos_ws/install/rmf_visualization_rviz2_plugins:/rmf_demos_ws/install/rmf_visualization_obstacles:/rmf_demos_ws/install/rmf_visualization_navgraphs:/rmf_demos_ws/install/rmf_visualization_floorplans:/rmf_demos_ws/install/rmf_visualization_fleet_states:/rmf_demos_ws/install/rmf_visualization_msgs:/rmf_demos_ws/install/rmf_traffic_ros2:/rmf_demos_ws/install/rmf_task_sequence:/rmf_demos_ws/install/rmf_task:/rmf_demos_ws/install/rmf_battery:/rmf_demos_ws/install/rmf_traffic:/rmf_demos_ws/install/rmf_utils:/rmf_demos_ws/install/rmf_traffic_msgs:/rmf_demos_ws/install/rmf_traffic_editor_test_maps:/rmf_demos_ws/install/rmf_traffic_editor_assets:/rmf_demos_ws/install/rmf_traffic_editor:/rmf_demos_ws/install/rmf_task_msgs:/rmf_demos_ws/install/rmf_site_map_msgs:/rmf_demos_ws/install/rmf_scheduler_msgs:/rmf_demos_ws/install/rmf_robot_sim_gz_plugins:/rmf_demos_ws/install/rmf_robot_sim_common:/rmf_demos_ws/install/rmf_reservation_msgs:/rmf_demos_ws/install/rmf_obstacle_msgs:/rmf_demos_ws/install/rmf_building_sim_gz_plugins:/rmf_demos_ws/install/rmf_lift_msgs:/rmf_demos_ws/install/rmf_ingestor_msgs:/rmf_demos_ws/install/rmf_fleet_msgs:/rmf_demos_ws/install/rmf_door_msgs:/rmf_demos_ws/install/rmf_dispenser_msgs:/rmf_demos_ws/install/rmf_demos_maps:/rmf_demos_ws/install/rmf_demos_assets:/rmf_demos_ws/install/rmf_charger_msgs:/rmf_demos_ws/install/rmf_building_map_msgs:/rmf_demos_ws/install/rmf_api_msgs:/rmf_demos_ws/install/nlohmann_json_schema_validator_vendor:/ws/install/project_fleet_adapter:/rmf_demos_ws/install/rmf_demos_fleet_adapter:/rmf_demos_ws/install/rmf_visualization_building_systems:/rmf_demos_ws/install/rmf_traffic_examples:/rmf_demos_ws/install/rmf_demos_bridges:/rmf_demos_ws/install/rmf_demos_tasks:/rmf_demos_ws/install/rmf_building_map_tools:/rmf_demos_ws/install/rmf_charging_schedule:/opt/ros/jazzy:/rmf_demos_ws/install/menge_vendor:/rmf_demos_ws/install/ament_cmake_catch2:/opt/ros/jazzy/opt/gz_sim_vendor:/opt/ros/jazzy/opt/gz_sensors_vendor:/opt/ros/jazzy/opt/gz_physics_vendor:/opt/ros/jazzy/opt/sdformat_vendor:/opt/ros/jazzy/opt/gz_gui_vendor:/opt/ros/jazzy/opt/gz_transport_vendor:/opt/ros/jazzy/opt/gz_rendering_vendor:/opt/ros/jazzy/opt/gz_plugin_vendor:/opt/ros/jazzy/opt/gz_fuel_tools_vendor:/opt/ros/jazzy/opt/gz_msgs_vendor:/opt/ros/jazzy/opt/gz_common_vendor:/opt/ros/jazzy/opt/gz_math_vendor:/opt/ros/jazzy/opt/gz_utils_vendor:/opt/ros/jazzy/opt/gz_tools_vendor:/opt/ros/jazzy/opt/gz_ogre_next_vendor:/opt/ros/jazzy/opt/gz_dartsim_vendor:/opt/ros/jazzy/opt/gz_cmake_vendor /usr/bin/cmake /ws/src/first_project -DCMAKE_INSTALL_PREFIX=/ws/install/first_project
[0.030s] -- Found ament_cmake: 2.5.4 (/opt/ros/jazzy/share/ament_cmake/cmake)
[0.178s] -- Override CMake install command with custom implementation using symlinks instead of copying resources
[0.246s] -- Configuring done (0.2s)
[0.249s] -- Generating done (0.0s)
[0.250s] -- Build files have been written to: /ws/build/first_project
[0.252s] Invoked command in '/ws/build/first_project' returned '0': CMAKE_PREFIX_PATH=/ws/install/first_project:/rmf_demos_ws/install/rmf_workcell_msgs:/rmf_demos_ws/install/rmf_demos_gz:/rmf_demos_ws/install/rmf_demos:/rmf_demos_ws/install/rmf_reservation_node:/rmf_demos_ws/install/rmf_fleet_adapter_python:/rmf_demos_ws/install/rmf_fleet_adapter:/rmf_demos_ws/install/rmf_task_ros2:/rmf_demos_ws/install/rmf_websocket:/rmf_demos_ws/install/rmf_visualization:/rmf_demos_ws/install/rmf_visualization_schedule:/rmf_demos_ws/install/rmf_visualization_rviz2_plugins:/rmf_demos_ws/install/rmf_visualization_obstacles:/rmf_demos_ws/install/rmf_visualization_navgraphs:/rmf_demos_ws/install/rmf_visualization_floorplans:/rmf_demos_ws/install/rmf_visualization_fleet_states:/rmf_demos_ws/install/rmf_visualization_msgs:/rmf_demos_ws/install/rmf_traffic_ros2:/rmf_demos_ws/install/rmf_task_sequence:/rmf_demos_ws/install/rmf_task:/rmf_demos_ws/install/rmf_battery:/rmf_demos_ws/install/rmf_traffic:/rmf_demos_ws/install/rmf_utils:/rmf_demos_ws/install/rmf_traffic_msgs:/rmf_demos_ws/install/rmf_traffic_editor_test_maps:/rmf_demos_ws/install/rmf_traffic_editor_assets:/rmf_demos_ws/install/rmf_traffic_editor:/rmf_demos_ws/install/rmf_task_msgs:/rmf_demos_ws/install/rmf_site_map_msgs:/rmf_demos_ws/install/rmf_scheduler_msgs:/rmf_demos_ws/install/rmf_robot_sim_gz_plugins:/rmf_demos_ws/install/rmf_robot_sim_common:/rmf_demos_ws/install/rmf_reservation_msgs:/rmf_demos_ws/install/rmf_obstacle_msgs:/rmf_demos_ws/install/rmf_building_sim_gz_plugins:/rmf_demos_ws/install/rmf_lift_msgs:/rmf_demos_ws/install/rmf_ingestor_msgs:/rmf_demos_ws/install/rmf_fleet_msgs:/rmf_demos_ws/install/rmf_door_msgs:/rmf_demos_ws/install/rmf_dispenser_msgs:/rmf_demos_ws/install/rmf_demos_maps:/rmf_demos_ws/install/rmf_demos_assets:/rmf_demos_ws/install/rmf_charger_msgs:/rmf_demos_ws/install/rmf_building_map_msgs:/rmf_demos_ws/install/rmf_api_msgs:/rmf_demos_ws/install/nlohmann_json_schema_validator_vendor:/ws/install/project_fleet_adapter:/rmf_demos_ws/install/rmf_demos_fleet_adapter:/rmf_demos_ws/install/rmf_visualization_building_systems:/rmf_demos_ws/install/rmf_traffic_examples:/rmf_demos_ws/install/rmf_demos_bridges:/rmf_demos_ws/install/rmf_demos_tasks:/rmf_demos_ws/install/rmf_building_map_tools:/rmf_demos_ws/install/rmf_charging_schedule:/opt/ros/jazzy:/rmf_demos_ws/install/menge_vendor:/rmf_demos_ws/install/ament_cmake_catch2:/opt/ros/jazzy/opt/gz_sim_vendor:/opt/ros/jazzy/opt/gz_sensors_vendor:/opt/ros/jazzy/opt/gz_physics_vendor:/opt/ros/jazzy/opt/sdformat_vendor:/opt/ros/jazzy/opt/gz_gui_vendor:/opt/ros/jazzy/opt/gz_transport_vendor:/opt/ros/jazzy/opt/gz_rendering_vendor:/opt/ros/jazzy/opt/gz_plugin_vendor:/opt/ros/jazzy/opt/gz_fuel_tools_vendor:/opt/ros/jazzy/opt/gz_msgs_vendor:/opt/ros/jazzy/opt/gz_common_vendor:/opt/ros/jazzy/opt/gz_math_vendor:/opt/ros/jazzy/opt/gz_utils_vendor:/opt/ros/jazzy/opt/gz_tools_vendor:/opt/ros/jazzy/opt/gz_ogre_next_vendor:/opt/ros/jazzy/opt/gz_dartsim_vendor:/opt/ros/jazzy/opt/gz_cmake_vendor /usr/bin/cmake /ws/src/first_project -DCMAKE_INSTALL_PREFIX=/ws/install/first_project
[0.253s] Invoking command in '/ws/build/first_project': CMAKE_PREFIX_PATH=/ws/install/first_project:/rmf_demos_ws/install/rmf_workcell_msgs:/rmf_demos_ws/install/rmf_demos_gz:/rmf_demos_ws/install/rmf_demos:/rmf_demos_ws/install/rmf_reservation_node:/rmf_demos_ws/install/rmf_fleet_adapter_python:/rmf_demos_ws/install/rmf_fleet_adapter:/rmf_demos_ws/install/rmf_task_ros2:/rmf_demos_ws/install/rmf_websocket:/rmf_demos_ws/install/rmf_visualization:/rmf_demos_ws/install/rmf_visualization_schedule:/rmf_demos_ws/install/rmf_visualization_rviz2_plugins:/rmf_demos_ws/install/rmf_visualization_obstacles:/rmf_demos_ws/install/rmf_visualization_navgraphs:/rmf_demos_ws/install/rmf_visualization_floorplans:/rmf_demos_ws/install/rmf_visualization_fleet_states:/rmf_demos_ws/install/rmf_visualization_msgs:/rmf_demos_ws/install/rmf_traffic_ros2:/rmf_demos_ws/install/rmf_task_sequence:/rmf_demos_ws/install/rmf_task:/rmf_demos_ws/install/rmf_battery:/rmf_demos_ws/install/rmf_traffic:/rmf_demos_ws/install/rmf_utils:/rmf_demos_ws/install/rmf_traffic_msgs:/rmf_demos_ws/install/rmf_traffic_editor_test_maps:/rmf_demos_ws/install/rmf_traffic_editor_assets:/rmf_demos_ws/install/rmf_traffic_editor:/rmf_demos_ws/install/rmf_task_msgs:/rmf_demos_ws/install/rmf_site_map_msgs:/rmf_demos_ws/install/rmf_scheduler_msgs:/rmf_demos_ws/install/rmf_robot_sim_gz_plugins:/rmf_demos_ws/install/rmf_robot_sim_common:/rmf_demos_ws/install/rmf_reservation_msgs:/rmf_demos_ws/install/rmf_obstacle_msgs:/rmf_demos_ws/install/rmf_building_sim_gz_plugins:/rmf_demos_ws/install/rmf_lift_msgs:/rmf_demos_ws/install/rmf_ingestor_msgs:/rmf_demos_ws/install/rmf_fleet_msgs:/rmf_demos_ws/install/rmf_door_msgs:/rmf_demos_ws/install/rmf_dispenser_msgs:/rmf_demos_ws/install/rmf_demos_maps:/rmf_demos_ws/install/rmf_demos_assets:/rmf_demos_ws/install/rmf_charger_msgs:/rmf_demos_ws/install/rmf_building_map_msgs:/rmf_demos_ws/install/rmf_api_msgs:/rmf_demos_ws/install/nlohmann_json_schema_validator_vendor:/ws/install/project_fleet_adapter:/rmf_demos_ws/install/rmf_demos_fleet_adapter:/rmf_demos_ws/install/rmf_visualization_building_systems:/rmf_demos_ws/install/rmf_traffic_examples:/rmf_demos_ws/install/rmf_demos_bridges:/rmf_demos_ws/install/rmf_demos_tasks:/rmf_demos_ws/install/rmf_building_map_tools:/rmf_demos_ws/install/rmf_charging_schedule:/opt/ros/jazzy:/rmf_demos_ws/install/menge_vendor:/rmf_demos_ws/install/ament_cmake_catch2:/opt/ros/jazzy/opt/gz_sim_vendor:/opt/ros/jazzy/opt/gz_sensors_vendor:/opt/ros/jazzy/opt/gz_physics_vendor:/opt/ros/jazzy/opt/sdformat_vendor:/opt/ros/jazzy/opt/gz_gui_vendor:/opt/ros/jazzy/opt/gz_transport_vendor:/opt/ros/jazzy/opt/gz_rendering_vendor:/opt/ros/jazzy/opt/gz_plugin_vendor:/opt/ros/jazzy/opt/gz_fuel_tools_vendor:/opt/ros/jazzy/opt/gz_msgs_vendor:/opt/ros/jazzy/opt/gz_common_vendor:/opt/ros/jazzy/opt/gz_math_vendor:/opt/ros/jazzy/opt/gz_utils_vendor:/opt/ros/jazzy/opt/gz_tools_vendor:/opt/ros/jazzy/opt/gz_ogre_next_vendor:/opt/ros/jazzy/opt/gz_dartsim_vendor:/opt/ros/jazzy/opt/gz_cmake_vendor /usr/bin/cmake --build /ws/build/first_project -- -j16 -l16
[0.509s] Load success!
[0.509s] 
[0.509s] Cache found! Model count: 3238 
[0.509s] Updating cache...
[0.509s] Topping up Fuel (updating cache) from: https://fuel.gazebosim.org/1.0/models
[0.510s] Fetching page: 1
[2.216s] Cached model found! Halting Fuel traversal...
[2.216s] Writing to cache: /root/.pit_crew/model_cache.json
[2.247s] New models cached: 0
[2.247s] 
[2.286s] [  0%] Built target update_model_cache
[2.314s] [100%] [34m[1mGenerating maps/first_ign/first.world[0m
[2.601s] generating /ws/build/first_project/maps/first_ign/first.world from /ws/src/first_project/maps/first/first.building.yaml
[2.603s] building name: first
[2.603s] coordinate system: reference_image
[2.603s] parsing level L1
[2.603s] parsing level L2
[2.603s] calculating levels relative to L1
[2.603s] level L1 scale: 0.06666666666666667
[2.603s] calculating level L2 offset and scale...
[2.603s]   3 common fiducials:
[2.603s] Transform.set_from_fiducials()
[2.603s]   3 fiducial pairs:
[2.603s]     (150.0, -100.0) -> (150.0, -100.0)   ESQ_DERE
[2.603s]     (150.0, -0.3) -> (150.0, -0.3)   arr
[2.603s]     (0.455, -99.9) -> (0.455, -99.9)   ESQ_IZQ
[2.603s]     calc dist ESQ_DERE <=> arr
[2.603s]     calc dist ESQ_DERE <=> ESQ_IZQ
[2.604s]     calc dist arr <=> ESQ_IZQ
[2.604s] Bearings:
[2.604s] [(1.5707963267948966, 1.5707963267948966), (3.1409239586478366, 3.1409239586478366), (-2.554037694860164, -2.554037694860164)]
[2.604s]   0.0
[2.604s]   0.0
[2.604s]   0.0
[2.604s]   Circular mean: -0.0
[2.604s] Distances:
[2.604s] [(99.7, 99.7), (149.54503343474832, 149.54503343474832), (179.6771188131644, 179.6771188131644)]
[2.604s] mean relative scale: 1.0
[2.604s] translation: (-0.0, -0.0)
[2.604s] parsing lift lift1
[2.604s] generating model of level L1 in /ws/build/first_project/maps/first_ign/models/first_L1
[2.604s]   wrote /ws/build/first_project/maps/first_ign/models/first_L1/model.config
[2.604s] generating floor polygon 1 on floor first_L1
[2.604s] hole vertices: []
[2.604s] lift vertices: {'lift1': [(5.083333333333333, -1.0166666666666666), (5.083333333333333, -5.116666666666666), (9.183333333333334, -5.116666666666666), (9.183333333333334, -1.0166666666666666)]}
[2.606s] [[0, 1, 4], [0, 4, 5], [0, 5, 3], [3, 5, 6], [3, 6, 7], [3, 7, 2], [2, 7, 4], [2, 4, 1]]
[2.606s]   wrote /ws/build/first_project/maps/first_ign/models/first_L1/meshes/floor_1.obj
[2.607s]   wrote /ws/build/first_project/maps/first_ign/models/first_L1/meshes/blue_linoleum.png
[2.607s]   wrote /ws/build/first_project/maps/first_ign/models/first_L1/meshes/floor_1.mtl
[2.607s] Walls Generation, wall params list: [{'alpha': <building_map.param_value.ParamValue object at 0x7dd1f55b4320>, 'texture_height': <building_map.param_value.ParamValue object at 0x7dd1f55b7d70>, 'texture_name': <building_map.param_value.ParamValue object at 0x7dd1f55b7e60>, 'texture_scale': <building_map.param_value.ParamValue object at 0x7dd1f55b7e90>, 'texture_width': <building_map.param_value.ParamValue object at 0x7dd1f55b7ec0>}, {'alpha': <building_map.param_value.ParamValue object at 0x7dd1f55b7f20>, 'texture_height': <building_map.param_value.ParamValue object at 0x7dd1f55b7f50>, 'texture_name': <building_map.param_value.ParamValue object at 0x7dd1f55b7e30>, 'texture_scale': <building_map.param_value.ParamValue object at 0x7dd1f55b7fb0>, 'texture_width': <building_map.param_value.ParamValue object at 0x7dd1f55b7f80>}]
[2.607s] generating wall: 1 on floor: first_L1
[2.607s]   wrote /ws/build/first_project/maps/first_ign/models/first_L1/meshes/default.png
[2.608s] generate_wall_visual_mesh(first_L1, /ws/build/first_project/maps/first_ign/models/first_L1)
[2.608s]   generating /ws/build/first_project/maps/first_ign/models/first_L1/meshes/wall_1.obj
[2.608s]   generating /ws/build/first_project/maps/first_ign/models/first_L1/meshes/wall_1.mtl
[2.608s] generating wall: 2 on floor: first_L1
[2.608s]   wrote /ws/build/first_project/maps/first_ign/models/first_L1/meshes/default.png
[2.608s] generate_wall_visual_mesh(first_L1, /ws/build/first_project/maps/first_ign/models/first_L1)
[2.608s]   generating /ws/build/first_project/maps/first_ign/models/first_L1/meshes/wall_2.obj
[2.608s]   generating /ws/build/first_project/maps/first_ign/models/first_L1/meshes/wall_2.mtl
[2.609s]   wrote /ws/build/first_project/maps/first_ign/models/first_L1/model.sdf
[2.609s] generating model of level L2 in /ws/build/first_project/maps/first_ign/models/first_L2
[2.609s]   wrote /ws/build/first_project/maps/first_ign/models/first_L2/model.config
[2.609s] generating floor polygon 1 on floor first_L2
[2.609s] hole vertices: []
[2.609s] lift vertices: {'lift1': [(5.083333333333333, -1.0166666666666666), (5.083333333333333, -5.116666666666666), (9.183333333333334, -5.116666666666666), (9.183333333333334, -1.0166666666666666)]}
[2.611s] [[0, 1, 4], [0, 4, 5], [0, 5, 3], [3, 5, 6], [3, 6, 7], [3, 7, 2], [2, 7, 4], [2, 4, 1]]
[2.611s]   wrote /ws/build/first_project/maps/first_ign/models/first_L2/meshes/floor_1.obj
[2.612s]   wrote /ws/build/first_project/maps/first_ign/models/first_L2/meshes/blue_linoleum.png
[2.612s]   wrote /ws/build/first_project/maps/first_ign/models/first_L2/meshes/floor_1.mtl
[2.612s] Walls Generation, wall params list: [{'alpha': <building_map.param_value.ParamValue object at 0x7dd1f537cd70>, 'texture_height': <building_map.param_value.ParamValue object at 0x7dd1f537cda0>, 'texture_name': <building_map.param_value.ParamValue object at 0x7dd1f537cdd0>, 'texture_scale': <building_map.param_value.ParamValue object at 0x7dd1f537ce30>, 'texture_width': <building_map.param_value.ParamValue object at 0x7dd1f537ce60>}]
[2.612s] generating wall: 1 on floor: first_L2
[2.612s]   wrote /ws/build/first_project/maps/first_ign/models/first_L2/meshes/default.png
[2.612s] generate_wall_visual_mesh(first_L2, /ws/build/first_project/maps/first_ign/models/first_L2)
[2.612s]   generating /ws/build/first_project/maps/first_ign/models/first_L2/meshes/wall_1.obj
[2.612s]   generating /ws/build/first_project/maps/first_ign/models/first_L2/meshes/wall_1.mtl
[2.613s]   wrote /ws/build/first_project/maps/first_ign/models/first_L2/model.sdf
[2.625s] spawning robot name tinyRobot1 of type TinyRobot
[2.625s] generate door name=null type=hinged
[2.625s] Door(null)
[2.627s] 31594 bytes written to /ws/build/first_project/maps/first_ign/first.world
[2.677s] [100%] Built target generate_first_world
[2.692s] Invoked command in '/ws/build/first_project' returned '0': CMAKE_PREFIX_PATH=/ws/install/first_project:/rmf_demos_ws/install/rmf_workcell_msgs:/rmf_demos_ws/install/rmf_demos_gz:/rmf_demos_ws/install/rmf_demos:/rmf_demos_ws/install/rmf_reservation_node:/rmf_demos_ws/install/rmf_fleet_adapter_python:/rmf_demos_ws/install/rmf_fleet_adapter:/rmf_demos_ws/install/rmf_task_ros2:/rmf_demos_ws/install/rmf_websocket:/rmf_demos_ws/install/rmf_visualization:/rmf_demos_ws/install/rmf_visualization_schedule:/rmf_demos_ws/install/rmf_visualization_rviz2_plugins:/rmf_demos_ws/install/rmf_visualization_obstacles:/rmf_demos_ws/install/rmf_visualization_navgraphs:/rmf_demos_ws/install/rmf_visualization_floorplans:/rmf_demos_ws/install/rmf_visualization_fleet_states:/rmf_demos_ws/install/rmf_visualization_msgs:/rmf_demos_ws/install/rmf_traffic_ros2:/rmf_demos_ws/install/rmf_task_sequence:/rmf_demos_ws/install/rmf_task:/rmf_demos_ws/install/rmf_battery:/rmf_demos_ws/install/rmf_traffic:/rmf_demos_ws/install/rmf_utils:/rmf_demos_ws/install/rmf_traffic_msgs:/rmf_demos_ws/install/rmf_traffic_editor_test_maps:/rmf_demos_ws/install/rmf_traffic_editor_assets:/rmf_demos_ws/install/rmf_traffic_editor:/rmf_demos_ws/install/rmf_task_msgs:/rmf_demos_ws/install/rmf_site_map_msgs:/rmf_demos_ws/install/rmf_scheduler_msgs:/rmf_demos_ws/install/rmf_robot_sim_gz_plugins:/rmf_demos_ws/install/rmf_robot_sim_common:/rmf_demos_ws/install/rmf_reservation_msgs:/rmf_demos_ws/install/rmf_obstacle_msgs:/rmf_demos_ws/install/rmf_building_sim_gz_plugins:/rmf_demos_ws/install/rmf_lift_msgs:/rmf_demos_ws/install/rmf_ingestor_msgs:/rmf_demos_ws/install/rmf_fleet_msgs:/rmf_demos_ws/install/rmf_door_msgs:/rmf_demos_ws/install/rmf_dispenser_msgs:/rmf_demos_ws/install/rmf_demos_maps:/rmf_demos_ws/install/rmf_demos_assets:/rmf_demos_ws/install/rmf_charger_msgs:/rmf_demos_ws/install/rmf_building_map_msgs:/rmf_demos_ws/install/rmf_api_msgs:/rmf_demos_ws/install/nlohmann_json_schema_validator_vendor:/ws/install/project_fleet_adapter:/rmf_demos_ws/install/rmf_demos_fleet_adapter:/rmf_demos_ws/install/rmf_visualization_building_systems:/rmf_demos_ws/install/rmf_traffic_examples:/rmf_demos_ws/install/rmf_demos_bridges:/rmf_demos_ws/install/rmf_demos_tasks:/rmf_demos_ws/install/rmf_building_map_tools:/rmf_demos_ws/install/rmf_charging_schedule:/opt/ros/jazzy:/rmf_demos_ws/install/menge_vendor:/rmf_demos_ws/install/ament_cmake_catch2:/opt/ros/jazzy/opt/gz_sim_vendor:/opt/ros/jazzy/opt/gz_sensors_vendor:/opt/ros/jazzy/opt/gz_physics_vendor:/opt/ros/jazzy/opt/sdformat_vendor:/opt/ros/jazzy/opt/gz_gui_vendor:/opt/ros/jazzy/opt/gz_transport_vendor:/opt/ros/jazzy/opt/gz_rendering_vendor:/opt/ros/jazzy/opt/gz_plugin_vendor:/opt/ros/jazzy/opt/gz_fuel_tools_vendor:/opt/ros/jazzy/opt/gz_msgs_vendor:/opt/ros/jazzy/opt/gz_common_vendor:/opt/ros/jazzy/opt/gz_math_vendor:/opt/ros/jazzy/opt/gz_utils_vendor:/opt/ros/jazzy/opt/gz_tools_vendor:/opt/ros/jazzy/opt/gz_ogre_next_vendor:/opt/ros/jazzy/opt/gz_dartsim_vendor:/opt/ros/jazzy/opt/gz_cmake_vendor /usr/bin/cmake --build /ws/build/first_project -- -j16 -l16
[2.706s] Invoking command in '/ws/build/first_project': CMAKE_PREFIX_PATH=/ws/install/first_project:/rmf_demos_ws/install/rmf_workcell_msgs:/rmf_demos_ws/install/rmf_demos_gz:/rmf_demos_ws/install/rmf_demos:/rmf_demos_ws/install/rmf_reservation_node:/rmf_demos_ws/install/rmf_fleet_adapter_python:/rmf_demos_ws/install/rmf_fleet_adapter:/rmf_demos_ws/install/rmf_task_ros2:/rmf_demos_ws/install/rmf_websocket:/rmf_demos_ws/install/rmf_visualization:/rmf_demos_ws/install/rmf_visualization_schedule:/rmf_demos_ws/install/rmf_visualization_rviz2_plugins:/rmf_demos_ws/install/rmf_visualization_obstacles:/rmf_demos_ws/install/rmf_visualization_navgraphs:/rmf_demos_ws/install/rmf_visualization_floorplans:/rmf_demos_ws/install/rmf_visualization_fleet_states:/rmf_demos_ws/install/rmf_visualization_msgs:/rmf_demos_ws/install/rmf_traffic_ros2:/rmf_demos_ws/install/rmf_task_sequence:/rmf_demos_ws/install/rmf_task:/rmf_demos_ws/install/rmf_battery:/rmf_demos_ws/install/rmf_traffic:/rmf_demos_ws/install/rmf_utils:/rmf_demos_ws/install/rmf_traffic_msgs:/rmf_demos_ws/install/rmf_traffic_editor_test_maps:/rmf_demos_ws/install/rmf_traffic_editor_assets:/rmf_demos_ws/install/rmf_traffic_editor:/rmf_demos_ws/install/rmf_task_msgs:/rmf_demos_ws/install/rmf_site_map_msgs:/rmf_demos_ws/install/rmf_scheduler_msgs:/rmf_demos_ws/install/rmf_robot_sim_gz_plugins:/rmf_demos_ws/install/rmf_robot_sim_common:/rmf_demos_ws/install/rmf_reservation_msgs:/rmf_demos_ws/install/rmf_obstacle_msgs:/rmf_demos_ws/install/rmf_building_sim_gz_plugins:/rmf_demos_ws/install/rmf_lift_msgs:/rmf_demos_ws/install/rmf_ingestor_msgs:/rmf_demos_ws/install/rmf_fleet_msgs:/rmf_demos_ws/install/rmf_door_msgs:/rmf_demos_ws/install/rmf_dispenser_msgs:/rmf_demos_ws/install/rmf_demos_maps:/rmf_demos_ws/install/rmf_demos_assets:/rmf_demos_ws/install/rmf_charger_msgs:/rmf_demos_ws/install/rmf_building_map_msgs:/rmf_demos_ws/install/rmf_api_msgs:/rmf_demos_ws/install/nlohmann_json_schema_validator_vendor:/ws/install/project_fleet_adapter:/rmf_demos_ws/install/rmf_demos_fleet_adapter:/rmf_demos_ws/install/rmf_visualization_building_systems:/rmf_demos_ws/install/rmf_traffic_examples:/rmf_demos_ws/install/rmf_demos_bridges:/rmf_demos_ws/install/rmf_demos_tasks:/rmf_demos_ws/install/rmf_building_map_tools:/rmf_demos_ws/install/rmf_charging_schedule:/opt/ros/jazzy:/rmf_demos_ws/install/menge_vendor:/rmf_demos_ws/install/ament_cmake_catch2:/opt/ros/jazzy/opt/gz_sim_vendor:/opt/ros/jazzy/opt/gz_sensors_vendor:/opt/ros/jazzy/opt/gz_physics_vendor:/opt/ros/jazzy/opt/sdformat_vendor:/opt/ros/jazzy/opt/gz_gui_vendor:/opt/ros/jazzy/opt/gz_transport_vendor:/opt/ros/jazzy/opt/gz_rendering_vendor:/opt/ros/jazzy/opt/gz_plugin_vendor:/opt/ros/jazzy/opt/gz_fuel_tools_vendor:/opt/ros/jazzy/opt/gz_msgs_vendor:/opt/ros/jazzy/opt/gz_common_vendor:/opt/ros/jazzy/opt/gz_math_vendor:/opt/ros/jazzy/opt/gz_utils_vendor:/opt/ros/jazzy/opt/gz_tools_vendor:/opt/ros/jazzy/opt/gz_ogre_next_vendor:/opt/ros/jazzy/opt/gz_dartsim_vendor:/opt/ros/jazzy/opt/gz_cmake_vendor /usr/bin/cmake --install /ws/build/first_project
[2.716s] -- Install configuration: ""
[2.716s] -- Execute custom install script
[2.716s] -- Up-to-date symlink: /ws/install/first_project/share/first_project/launch/first.launch.xml
[2.716s] -- Up-to-date symlink: /ws/install/first_project/share/first_project/launch/simulation.launch.xml
[2.717s] -- Up-to-date symlink: /ws/install/first_project/share/first_project/maps/first/L1.png
[2.717s] -- Up-to-date symlink: /ws/install/first_project/share/first_project/maps/first/L2.png
[2.717s] -- Up-to-date symlink: /ws/install/first_project/share/first_project/maps/first/first.building.yaml
[2.717s] -- Up-to-date symlink: /ws/install/first_project/share/first_project/maps/first/nav_graphs/0.yaml
[2.717s] -- Symlinking: /ws/install/first_project/share/first_project/maps/first_ign/first.world
[2.730s] -- Up-to-date symlink: /ws/install/first_project/share/first_project/maps/first_ign/models/Sofa/meshes/Sofa.mtl
[2.730s] -- Up-to-date symlink: /ws/install/first_project/share/first_project/maps/first_ign/models/Sofa/meshes/Sofa.obj
[2.730s] -- Up-to-date symlink: /ws/install/first_project/share/first_project/maps/first_ign/models/Sofa/meshes/SofaDiffuse.png
[2.730s] -- Up-to-date symlink: /ws/install/first_project/share/first_project/maps/first_ign/models/Sofa/model.config
[2.730s] -- Up-to-date symlink: /ws/install/first_project/share/first_project/maps/first_ign/models/Sofa/model.sdf
[2.730s] -- Up-to-date symlink: /ws/install/first_project/share/first_project/maps/first_ign/models/Sofa/thumbnails/1.png
[2.730s] -- Up-to-date symlink: /ws/install/first_project/share/first_project/maps/first_ign/models/Sofa/thumbnails/2.png
[2.730s] -- Up-to-date symlink: /ws/install/first_project/share/first_project/maps/first_ign/models/Sofa/thumbnails/3.png
[2.730s] -- Up-to-date symlink: /ws/install/first_project/share/first_project/maps/first_ign/models/Sofa/thumbnails/4.png
[2.730s] -- Up-to-date symlink: /ws/install/first_project/share/first_project/maps/first_ign/models/Sofa/thumbnails/5.png
[2.730s] -- Up-to-date symlink: /ws/install/first_project/share/first_project/maps/first_ign/models/TinyRobot/meshes/caster_wheel.mtl
[2.730s] -- Up-to-date symlink: /ws/install/first_project/share/first_project/maps/first_ign/models/TinyRobot/meshes/caster_wheel.obj
[2.730s] -- Up-to-date symlink: /ws/install/first_project/share/first_project/maps/first_ign/models/TinyRobot/meshes/front_wheel.mtl
[2.730s] -- Up-to-date symlink: /ws/install/first_project/share/first_project/maps/first_ign/models/TinyRobot/meshes/front_wheel.obj
[2.731s] -- Up-to-date symlink: /ws/install/first_project/share/first_project/maps/first_ign/models/TinyRobot/meshes/tinyRobot_body.mtl
[2.731s] -- Up-to-date symlink: /ws/install/first_project/share/first_project/maps/first_ign/models/TinyRobot/meshes/tinyRobot_body.obj
[2.731s] -- Up-to-date symlink: /ws/install/first_project/share/first_project/maps/first_ign/models/TinyRobot/model.config
[2.731s] -- Up-to-date symlink: /ws/install/first_project/share/first_project/maps/first_ign/models/TinyRobot/model.sdf
[2.731s] -- Symlinking: /ws/install/first_project/share/first_project/maps/first_ign/models/first_L1/meshes/blue_linoleum.png
[2.744s] -- Symlinking: /ws/install/first_project/share/first_project/maps/first_ign/models/first_L1/meshes/default.png
[2.755s] -- Symlinking: /ws/install/first_project/share/first_project/maps/first_ign/models/first_L1/meshes/floor_1.mtl
[2.767s] -- Symlinking: /ws/install/first_project/share/first_project/maps/first_ign/models/first_L1/meshes/floor_1.obj
[2.780s] -- Symlinking: /ws/install/first_project/share/first_project/maps/first_ign/models/first_L1/meshes/model.material
[2.793s] -- Symlinking: /ws/install/first_project/share/first_project/maps/first_ign/models/first_L1/meshes/wall_1.mtl
[2.806s] -- Symlinking: /ws/install/first_project/share/first_project/maps/first_ign/models/first_L1/meshes/wall_1.obj
[2.817s] -- Symlinking: /ws/install/first_project/share/first_project/maps/first_ign/models/first_L1/meshes/wall_2.mtl
[2.830s] -- Symlinking: /ws/install/first_project/share/first_project/maps/first_ign/models/first_L1/meshes/wall_2.obj
[2.843s] -- Symlinking: /ws/install/first_project/share/first_project/maps/first_ign/models/first_L1/model.config
[2.855s] -- Symlinking: /ws/install/first_project/share/first_project/maps/first_ign/models/first_L1/model.sdf
[2.868s] -- Symlinking: /ws/install/first_project/share/first_project/maps/first_ign/models/first_L2/meshes/blue_linoleum.png
[2.879s] -- Symlinking: /ws/install/first_project/share/first_project/maps/first_ign/models/first_L2/meshes/default.png
[2.891s] -- Symlinking: /ws/install/first_project/share/first_project/maps/first_ign/models/first_L2/meshes/floor_1.mtl
[2.902s] -- Symlinking: /ws/install/first_project/share/first_project/maps/first_ign/models/first_L2/meshes/floor_1.obj
[2.914s] -- Symlinking: /ws/install/first_project/share/first_project/maps/first_ign/models/first_L2/meshes/model.material
[2.925s] -- Symlinking: /ws/install/first_project/share/first_project/maps/first_ign/models/first_L2/meshes/wall_1.mtl
[2.937s] -- Symlinking: /ws/install/first_project/share/first_project/maps/first_ign/models/first_L2/meshes/wall_1.obj
[2.948s] -- Symlinking: /ws/install/first_project/share/first_project/maps/first_ign/models/first_L2/model.config
[2.959s] -- Symlinking: /ws/install/first_project/share/first_project/maps/first_ign/models/first_L2/model.sdf
[2.969s] -- Up-to-date symlink: /ws/install/first_project/share/first_project/config/tinyRobot_config.yaml
[2.970s] -- Symlinking: /ws/install/first_project/share/first_project/maps/first_ign/first.world
[2.980s] -- Symlinking: /ws/install/first_project/share/first_project/maps/first_ign/models/first_L1/meshes/blue_linoleum.png
[2.991s] -- Symlinking: /ws/install/first_project/share/first_project/maps/first_ign/models/first_L1/meshes/default.png
[3.003s] -- Symlinking: /ws/install/first_project/share/first_project/maps/first_ign/models/first_L1/meshes/floor_1.mtl
[3.014s] -- Symlinking: /ws/install/first_project/share/first_project/maps/first_ign/models/first_L1/meshes/floor_1.obj
[3.025s] -- Symlinking: /ws/install/first_project/share/first_project/maps/first_ign/models/first_L1/meshes/model.material
[3.036s] -- Symlinking: /ws/install/first_project/share/first_project/maps/first_ign/models/first_L1/meshes/wall_1.mtl
[3.047s] -- Symlinking: /ws/install/first_project/share/first_project/maps/first_ign/models/first_L1/meshes/wall_1.obj
[3.058s] -- Symlinking: /ws/install/first_project/share/first_project/maps/first_ign/models/first_L1/meshes/wall_2.mtl
[3.069s] -- Symlinking: /ws/install/first_project/share/first_project/maps/first_ign/models/first_L1/meshes/wall_2.obj
[3.079s] -- Symlinking: /ws/install/first_project/share/first_project/maps/first_ign/models/first_L1/model.config
[3.090s] -- Symlinking: /ws/install/first_project/share/first_project/maps/first_ign/models/first_L1/model.sdf
[3.101s] -- Symlinking: /ws/install/first_project/share/first_project/maps/first_ign/models/first_L2/meshes/blue_linoleum.png
[3.112s] -- Symlinking: /ws/install/first_project/share/first_project/maps/first_ign/models/first_L2/meshes/default.png
[3.123s] -- Symlinking: /ws/install/first_project/share/first_project/maps/first_ign/models/first_L2/meshes/floor_1.mtl
[3.133s] -- Symlinking: /ws/install/first_project/share/first_project/maps/first_ign/models/first_L2/meshes/floor_1.obj
[3.145s] -- Symlinking: /ws/install/first_project/share/first_project/maps/first_ign/models/first_L2/meshes/model.material
[3.155s] -- Symlinking: /ws/install/first_project/share/first_project/maps/first_ign/models/first_L2/meshes/wall_1.mtl
[3.166s] -- Symlinking: /ws/install/first_project/share/first_project/maps/first_ign/models/first_L2/meshes/wall_1.obj
[3.177s] -- Symlinking: /ws/install/first_project/share/first_project/maps/first_ign/models/first_L2/model.config
[3.188s] -- Symlinking: /ws/install/first_project/share/first_project/maps/first_ign/models/first_L2/model.sdf
[3.198s] -- Up-to-date symlink: /ws/install/first_project/share/ament_index/resource_index/package_run_dependencies/first_project
[3.198s] -- Up-to-date symlink: /ws/install/first_project/share/ament_index/resource_index/parent_prefix_path/first_project
[3.198s] -- Up-to-date symlink: /ws/install/first_project/share/first_project/environment/ament_prefix_path.sh
[3.198s] -- Up-to-date symlink: /ws/install/first_project/share/first_project/environment/ament_prefix_path.dsv
[3.199s] -- Up-to-date symlink: /ws/install/first_project/share/first_project/environment/path.sh
[3.199s] -- Up-to-date symlink: /ws/install/first_project/share/first_project/environment/path.dsv
[3.199s] -- Up-to-date symlink: /ws/install/first_project/share/first_project/local_setup.bash
[3.199s] -- Up-to-date symlink: /ws/install/first_project/share/first_project/local_setup.sh
[3.199s] -- Up-to-date symlink: /ws/install/first_project/share/first_project/local_setup.zsh
[3.199s] -- Up-to-date symlink: /ws/install/first_project/share/first_project/local_setup.dsv
[3.199s] -- Symlinking: /ws/install/first_project/share/first_project/package.dsv
[3.210s] -- Up-to-date symlink: /ws/install/first_project/share/ament_index/resource_index/packages/first_project
[3.210s] -- Up-to-date symlink: /ws/install/first_project/share/first_project/cmake/first_projectConfig.cmake
[3.210s] -- Up-to-date symlink: /ws/install/first_project/share/first_project/cmake/first_projectConfig-version.cmake
[3.211s] -- Up-to-date symlink: /ws/install/first_project/share/first_project/package.xml
[3.212s] Invoked command in '/ws/build/first_project' returned '0': CMAKE_PREFIX_PATH=/ws/install/first_project:/rmf_demos_ws/install/rmf_workcell_msgs:/rmf_demos_ws/install/rmf_demos_gz:/rmf_demos_ws/install/rmf_demos:/rmf_demos_ws/install/rmf_reservation_node:/rmf_demos_ws/install/rmf_fleet_adapter_python:/rmf_demos_ws/install/rmf_fleet_adapter:/rmf_demos_ws/install/rmf_task_ros2:/rmf_demos_ws/install/rmf_websocket:/rmf_demos_ws/install/rmf_visualization:/rmf_demos_ws/install/rmf_visualization_schedule:/rmf_demos_ws/install/rmf_visualization_rviz2_plugins:/rmf_demos_ws/install/rmf_visualization_obstacles:/rmf_demos_ws/install/rmf_visualization_navgraphs:/rmf_demos_ws/install/rmf_visualization_floorplans:/rmf_demos_ws/install/rmf_visualization_fleet_states:/rmf_demos_ws/install/rmf_visualization_msgs:/rmf_demos_ws/install/rmf_traffic_ros2:/rmf_demos_ws/install/rmf_task_sequence:/rmf_demos_ws/install/rmf_task:/rmf_demos_ws/install/rmf_battery:/rmf_demos_ws/install/rmf_traffic:/rmf_demos_ws/install/rmf_utils:/rmf_demos_ws/install/rmf_traffic_msgs:/rmf_demos_ws/install/rmf_traffic_editor_test_maps:/rmf_demos_ws/install/rmf_traffic_editor_assets:/rmf_demos_ws/install/rmf_traffic_editor:/rmf_demos_ws/install/rmf_task_msgs:/rmf_demos_ws/install/rmf_site_map_msgs:/rmf_demos_ws/install/rmf_scheduler_msgs:/rmf_demos_ws/install/rmf_robot_sim_gz_plugins:/rmf_demos_ws/install/rmf_robot_sim_common:/rmf_demos_ws/install/rmf_reservation_msgs:/rmf_demos_ws/install/rmf_obstacle_msgs:/rmf_demos_ws/install/rmf_building_sim_gz_plugins:/rmf_demos_ws/install/rmf_lift_msgs:/rmf_demos_ws/install/rmf_ingestor_msgs:/rmf_demos_ws/install/rmf_fleet_msgs:/rmf_demos_ws/install/rmf_door_msgs:/rmf_demos_ws/install/rmf_dispenser_msgs:/rmf_demos_ws/install/rmf_demos_maps:/rmf_demos_ws/install/rmf_demos_assets:/rmf_demos_ws/install/rmf_charger_msgs:/rmf_demos_ws/install/rmf_building_map_msgs:/rmf_demos_ws/install/rmf_api_msgs:/rmf_demos_ws/install/nlohmann_json_schema_validator_vendor:/ws/install/project_fleet_adapter:/rmf_demos_ws/install/rmf_demos_fleet_adapter:/rmf_demos_ws/install/rmf_visualization_building_systems:/rmf_demos_ws/install/rmf_traffic_examples:/rmf_demos_ws/install/rmf_demos_bridges:/rmf_demos_ws/install/rmf_demos_tasks:/rmf_demos_ws/install/rmf_building_map_tools:/rmf_demos_ws/install/rmf_charging_schedule:/opt/ros/jazzy:/rmf_demos_ws/install/menge_vendor:/rmf_demos_ws/install/ament_cmake_catch2:/opt/ros/jazzy/opt/gz_sim_vendor:/opt/ros/jazzy/opt/gz_sensors_vendor:/opt/ros/jazzy/opt/gz_physics_vendor:/opt/ros/jazzy/opt/sdformat_vendor:/opt/ros/jazzy/opt/gz_gui_vendor:/opt/ros/jazzy/opt/gz_transport_vendor:/opt/ros/jazzy/opt/gz_rendering_vendor:/opt/ros/jazzy/opt/gz_plugin_vendor:/opt/ros/jazzy/opt/gz_fuel_tools_vendor:/opt/ros/jazzy/opt/gz_msgs_vendor:/opt/ros/jazzy/opt/gz_common_vendor:/opt/ros/jazzy/opt/gz_math_vendor:/opt/ros/jazzy/opt/gz_utils_vendor:/opt/ros/jazzy/opt/gz_tools_vendor:/opt/ros/jazzy/opt/gz_ogre_next_vendor:/opt/ros/jazzy/opt/gz_dartsim_vendor:/opt/ros/jazzy/opt/gz_cmake_vendor /usr/bin/cmake --install /ws/build/first_project
