[0.873s] Invoking command in '/ws/src/rmf_demos/rmf_demos_tasks': PYTHONPATH=/ws/src/build/rmf_demos_tasks/prefix_override:/usr/lib/python3/dist-packages/colcon_core/task/python/colcon_distutils_commands:/ws/src/install/rmf_demos_tasks/lib/python3.12/site-packages:${PYTHONPATH} /usr/bin/python3 -W ignore:setup.py install is deprecated -W ignore:easy_install command is deprecated setup.py egg_info --egg-base ../../build/rmf_demos_tasks build --build-base /ws/src/build/rmf_demos_tasks/build install --record /ws/src/build/rmf_demos_tasks/install.log --single-version-externally-managed install_data
[1.032s] running egg_info
[1.032s] creating ../../build/rmf_demos_tasks/rmf_demos_tasks.egg-info
[1.043s] writing ../../build/rmf_demos_tasks/rmf_demos_tasks.egg-info/PKG-INFO
[1.043s] writing dependency_links to ../../build/rmf_demos_tasks/rmf_demos_tasks.egg-info/dependency_links.txt
[1.043s] writing entry points to ../../build/rmf_demos_tasks/rmf_demos_tasks.egg-info/entry_points.txt
[1.044s] writing requirements to ../../build/rmf_demos_tasks/rmf_demos_tasks.egg-info/requires.txt
[1.044s] writing top-level names to ../../build/rmf_demos_tasks/rmf_demos_tasks.egg-info/top_level.txt
[1.044s] writing manifest file '../../build/rmf_demos_tasks/rmf_demos_tasks.egg-info/SOURCES.txt'
[1.067s] reading manifest file '../../build/rmf_demos_tasks/rmf_demos_tasks.egg-info/SOURCES.txt'
[1.068s] writing manifest file '../../build/rmf_demos_tasks/rmf_demos_tasks.egg-info/SOURCES.txt'
[1.068s] running build
[1.068s] running build_py
[1.068s] creating /ws/src/build/rmf_demos_tasks/build
[1.068s] creating /ws/src/build/rmf_demos_tasks/build/lib
[1.068s] creating /ws/src/build/rmf_demos_tasks/build/lib/rmf_demos_tasks
[1.068s] copying rmf_demos_tasks/dynamic_event_client.py -> /ws/src/build/rmf_demos_tasks/build/lib/rmf_demos_tasks
[1.068s] copying rmf_demos_tasks/dispatch_action.py -> /ws/src/build/rmf_demos_tasks/build/lib/rmf_demos_tasks
[1.069s] copying rmf_demos_tasks/dispatch_patrol.py -> /ws/src/build/rmf_demos_tasks/build/lib/rmf_demos_tasks
[1.069s] copying rmf_demos_tasks/emergency_signal.py -> /ws/src/build/rmf_demos_tasks/build/lib/rmf_demos_tasks
[1.069s] copying rmf_demos_tasks/request_loop.py -> /ws/src/build/rmf_demos_tasks/build/lib/rmf_demos_tasks
[1.069s] copying rmf_demos_tasks/dispatch_json.py -> /ws/src/build/rmf_demos_tasks/build/lib/rmf_demos_tasks
[1.069s] copying rmf_demos_tasks/api_request.py -> /ws/src/build/rmf_demos_tasks/build/lib/rmf_demos_tasks
[1.069s] copying rmf_demos_tasks/__init__.py -> /ws/src/build/rmf_demos_tasks/build/lib/rmf_demos_tasks
[1.069s] copying rmf_demos_tasks/cancel_task.py -> /ws/src/build/rmf_demos_tasks/build/lib/rmf_demos_tasks
[1.069s] copying rmf_demos_tasks/dispatch_go_to_place.py -> /ws/src/build/rmf_demos_tasks/build/lib/rmf_demos_tasks
[1.069s] copying rmf_demos_tasks/get_robot_location.py -> /ws/src/build/rmf_demos_tasks/build/lib/rmf_demos_tasks
[1.069s] copying rmf_demos_tasks/wait_for_task_complete.py -> /ws/src/build/rmf_demos_tasks/build/lib/rmf_demos_tasks
[1.069s] copying rmf_demos_tasks/dispatch_loop.py -> /ws/src/build/rmf_demos_tasks/build/lib/rmf_demos_tasks
[1.070s] copying rmf_demos_tasks/request_lift.py -> /ws/src/build/rmf_demos_tasks/build/lib/rmf_demos_tasks
[1.070s] copying rmf_demos_tasks/dispatch_clean.py -> /ws/src/build/rmf_demos_tasks/build/lib/rmf_demos_tasks
[1.070s] copying rmf_demos_tasks/dispatch_teleop.py -> /ws/src/build/rmf_demos_tasks/build/lib/rmf_demos_tasks
[1.070s] copying rmf_demos_tasks/dispatch_delivery.py -> /ws/src/build/rmf_demos_tasks/build/lib/rmf_demos_tasks
[1.070s] copying rmf_demos_tasks/dispatch_dynamic_event.py -> /ws/src/build/rmf_demos_tasks/build/lib/rmf_demos_tasks
[1.070s] copying rmf_demos_tasks/mock_docker.py -> /ws/src/build/rmf_demos_tasks/build/lib/rmf_demos_tasks
[1.070s] copying rmf_demos_tasks/dispatch_cart_delivery.py -> /ws/src/build/rmf_demos_tasks/build/lib/rmf_demos_tasks
[1.070s] copying rmf_demos_tasks/teleop_robot.py -> /ws/src/build/rmf_demos_tasks/build/lib/rmf_demos_tasks
[1.070s] copying rmf_demos_tasks/cancel_robot_task.py -> /ws/src/build/rmf_demos_tasks/build/lib/rmf_demos_tasks
[1.071s] running install
[1.075s] running install_lib
[1.087s] creating /ws/src/install/rmf_demos_tasks/lib/python3.12/site-packages/rmf_demos_tasks
[1.087s] copying /ws/src/build/rmf_demos_tasks/build/lib/rmf_demos_tasks/dynamic_event_client.py -> /ws/src/install/rmf_demos_tasks/lib/python3.12/site-packages/rmf_demos_tasks
[1.087s] copying /ws/src/build/rmf_demos_tasks/build/lib/rmf_demos_tasks/dispatch_action.py -> /ws/src/install/rmf_demos_tasks/lib/python3.12/site-packages/rmf_demos_tasks
[1.087s] copying /ws/src/build/rmf_demos_tasks/build/lib/rmf_demos_tasks/dispatch_patrol.py -> /ws/src/install/rmf_demos_tasks/lib/python3.12/site-packages/rmf_demos_tasks
[1.087s] copying /ws/src/build/rmf_demos_tasks/build/lib/rmf_demos_tasks/emergency_signal.py -> /ws/src/install/rmf_demos_tasks/lib/python3.12/site-packages/rmf_demos_tasks
[1.087s] copying /ws/src/build/rmf_demos_tasks/build/lib/rmf_demos_tasks/request_loop.py -> /ws/src/install/rmf_demos_tasks/lib/python3.12/site-packages/rmf_demos_tasks
[1.087s] copying /ws/src/build/rmf_demos_tasks/build/lib/rmf_demos_tasks/dispatch_json.py -> /ws/src/install/rmf_demos_tasks/lib/python3.12/site-packages/rmf_demos_tasks
[1.087s] copying /ws/src/build/rmf_demos_tasks/build/lib/rmf_demos_tasks/api_request.py -> /ws/src/install/rmf_demos_tasks/lib/python3.12/site-packages/rmf_demos_tasks
[1.088s] copying /ws/src/build/rmf_demos_tasks/build/lib/rmf_demos_tasks/__init__.py -> /ws/src/install/rmf_demos_tasks/lib/python3.12/site-packages/rmf_demos_tasks
[1.088s] copying /ws/src/build/rmf_demos_tasks/build/lib/rmf_demos_tasks/cancel_task.py -> /ws/src/install/rmf_demos_tasks/lib/python3.12/site-packages/rmf_demos_tasks
[1.088s] copying /ws/src/build/rmf_demos_tasks/build/lib/rmf_demos_tasks/dispatch_go_to_place.py -> /ws/src/install/rmf_demos_tasks/lib/python3.12/site-packages/rmf_demos_tasks
[1.088s] copying /ws/src/build/rmf_demos_tasks/build/lib/rmf_demos_tasks/get_robot_location.py -> /ws/src/install/rmf_demos_tasks/lib/python3.12/site-packages/rmf_demos_tasks
[1.088s] copying /ws/src/build/rmf_demos_tasks/build/lib/rmf_demos_tasks/wait_for_task_complete.py -> /ws/src/install/rmf_demos_tasks/lib/python3.12/site-packages/rmf_demos_tasks
[1.088s] copying /ws/src/build/rmf_demos_tasks/build/lib/rmf_demos_tasks/dispatch_loop.py -> /ws/src/install/rmf_demos_tasks/lib/python3.12/site-packages/rmf_demos_tasks
[1.088s] copying /ws/src/build/rmf_demos_tasks/build/lib/rmf_demos_tasks/request_lift.py -> /ws/src/install/rmf_demos_tasks/lib/python3.12/site-packages/rmf_demos_tasks
[1.088s] copying /ws/src/build/rmf_demos_tasks/build/lib/rmf_demos_tasks/dispatch_clean.py -> /ws/src/install/rmf_demos_tasks/lib/python3.12/site-packages/rmf_demos_tasks
[1.088s] copying /ws/src/build/rmf_demos_tasks/build/lib/rmf_demos_tasks/dispatch_teleop.py -> /ws/src/install/rmf_demos_tasks/lib/python3.12/site-packages/rmf_demos_tasks
[1.088s] copying /ws/src/build/rmf_demos_tasks/build/lib/rmf_demos_tasks/dispatch_delivery.py -> /ws/src/install/rmf_demos_tasks/lib/python3.12/site-packages/rmf_demos_tasks
[1.088s] copying /ws/src/build/rmf_demos_tasks/build/lib/rmf_demos_tasks/dispatch_dynamic_event.py -> /ws/src/install/rmf_demos_tasks/lib/python3.12/site-packages/rmf_demos_tasks
[1.089s] copying /ws/src/build/rmf_demos_tasks/build/lib/rmf_demos_tasks/mock_docker.py -> /ws/src/install/rmf_demos_tasks/lib/python3.12/site-packages/rmf_demos_tasks
[1.089s] copying /ws/src/build/rmf_demos_tasks/build/lib/rmf_demos_tasks/dispatch_cart_delivery.py -> /ws/src/install/rmf_demos_tasks/lib/python3.12/site-packages/rmf_demos_tasks
[1.089s] copying /ws/src/build/rmf_demos_tasks/build/lib/rmf_demos_tasks/teleop_robot.py -> /ws/src/install/rmf_demos_tasks/lib/python3.12/site-packages/rmf_demos_tasks
[1.089s] copying /ws/src/build/rmf_demos_tasks/build/lib/rmf_demos_tasks/cancel_robot_task.py -> /ws/src/install/rmf_demos_tasks/lib/python3.12/site-packages/rmf_demos_tasks
[1.090s] byte-compiling /ws/src/install/rmf_demos_tasks/lib/python3.12/site-packages/rmf_demos_tasks/dynamic_event_client.py to dynamic_event_client.cpython-312.pyc
[1.091s] byte-compiling /ws/src/install/rmf_demos_tasks/lib/python3.12/site-packages/rmf_demos_tasks/dispatch_action.py to dispatch_action.cpython-312.pyc
[1.092s] byte-compiling /ws/src/install/rmf_demos_tasks/lib/python3.12/site-packages/rmf_demos_tasks/dispatch_patrol.py to dispatch_patrol.cpython-312.pyc
[1.093s] byte-compiling /ws/src/install/rmf_demos_tasks/lib/python3.12/site-packages/rmf_demos_tasks/emergency_signal.py to emergency_signal.cpython-312.pyc
[1.093s] byte-compiling /ws/src/install/rmf_demos_tasks/lib/python3.12/site-packages/rmf_demos_tasks/request_loop.py to request_loop.cpython-312.pyc
[1.094s] byte-compiling /ws/src/install/rmf_demos_tasks/lib/python3.12/site-packages/rmf_demos_tasks/dispatch_json.py to dispatch_json.cpython-312.pyc
[1.094s] byte-compiling /ws/src/install/rmf_demos_tasks/lib/python3.12/site-packages/rmf_demos_tasks/api_request.py to api_request.cpython-312.pyc
[1.095s] byte-compiling /ws/src/install/rmf_demos_tasks/lib/python3.12/site-packages/rmf_demos_tasks/__init__.py to __init__.cpython-312.pyc
[1.095s] byte-compiling /ws/src/install/rmf_demos_tasks/lib/python3.12/site-packages/rmf_demos_tasks/cancel_task.py to cancel_task.cpython-312.pyc
[1.095s] byte-compiling /ws/src/install/rmf_demos_tasks/lib/python3.12/site-packages/rmf_demos_tasks/dispatch_go_to_place.py to dispatch_go_to_place.cpython-312.pyc
[1.096s] byte-compiling /ws/src/install/rmf_demos_tasks/lib/python3.12/site-packages/rmf_demos_tasks/get_robot_location.py to get_robot_location.cpython-312.pyc
[1.097s] byte-compiling /ws/src/install/rmf_demos_tasks/lib/python3.12/site-packages/rmf_demos_tasks/wait_for_task_complete.py to wait_for_task_complete.cpython-312.pyc
[1.097s] byte-compiling /ws/src/install/rmf_demos_tasks/lib/python3.12/site-packages/rmf_demos_tasks/dispatch_loop.py to dispatch_loop.cpython-312.pyc
[1.098s] byte-compiling /ws/src/install/rmf_demos_tasks/lib/python3.12/site-packages/rmf_demos_tasks/request_lift.py to request_lift.cpython-312.pyc
[1.098s] byte-compiling /ws/src/install/rmf_demos_tasks/lib/python3.12/site-packages/rmf_demos_tasks/dispatch_clean.py to dispatch_clean.cpython-312.pyc
[1.099s] byte-compiling /ws/src/install/rmf_demos_tasks/lib/python3.12/site-packages/rmf_demos_tasks/dispatch_teleop.py to dispatch_teleop.cpython-312.pyc
[1.100s] byte-compiling /ws/src/install/rmf_demos_tasks/lib/python3.12/site-packages/rmf_demos_tasks/dispatch_delivery.py to dispatch_delivery.cpython-312.pyc
[1.101s] byte-compiling /ws/src/install/rmf_demos_tasks/lib/python3.12/site-packages/rmf_demos_tasks/dispatch_dynamic_event.py to dispatch_dynamic_event.cpython-312.pyc
[1.102s] byte-compiling /ws/src/install/rmf_demos_tasks/lib/python3.12/site-packages/rmf_demos_tasks/mock_docker.py to mock_docker.cpython-312.pyc
[1.103s] byte-compiling /ws/src/install/rmf_demos_tasks/lib/python3.12/site-packages/rmf_demos_tasks/dispatch_cart_delivery.py to dispatch_cart_delivery.cpython-312.pyc
[1.103s] byte-compiling /ws/src/install/rmf_demos_tasks/lib/python3.12/site-packages/rmf_demos_tasks/teleop_robot.py to teleop_robot.cpython-312.pyc
[1.104s] byte-compiling /ws/src/install/rmf_demos_tasks/lib/python3.12/site-packages/rmf_demos_tasks/cancel_robot_task.py to cancel_robot_task.cpython-312.pyc
[1.104s] running install_data
[1.104s] creating /ws/src/install/rmf_demos_tasks/share/ament_index
[1.105s] creating /ws/src/install/rmf_demos_tasks/share/ament_index/resource_index
[1.105s] creating /ws/src/install/rmf_demos_tasks/share/ament_index/resource_index/packages
[1.105s] copying resource/rmf_demos_tasks -> /ws/src/install/rmf_demos_tasks/share/ament_index/resource_index/packages
[1.105s] copying package.xml -> /ws/src/install/rmf_demos_tasks/share/rmf_demos_tasks
[1.105s] running install_egg_info
[1.116s] Copying ../../build/rmf_demos_tasks/rmf_demos_tasks.egg-info to /ws/src/install/rmf_demos_tasks/lib/python3.12/site-packages/rmf_demos_tasks-2.8.1-py3.12.egg-info
[1.117s] running install_scripts
[1.202s] Installing api_request script to /ws/src/install/rmf_demos_tasks/lib/rmf_demos_tasks
[1.202s] Installing cancel_robot_task script to /ws/src/install/rmf_demos_tasks/lib/rmf_demos_tasks
[1.202s] Installing cancel_task script to /ws/src/install/rmf_demos_tasks/lib/rmf_demos_tasks
[1.202s] Installing dispatch_action script to /ws/src/install/rmf_demos_tasks/lib/rmf_demos_tasks
[1.202s] Installing dispatch_cart_delivery script to /ws/src/install/rmf_demos_tasks/lib/rmf_demos_tasks
[1.202s] Installing dispatch_clean script to /ws/src/install/rmf_demos_tasks/lib/rmf_demos_tasks
[1.202s] Installing dispatch_delivery script to /ws/src/install/rmf_demos_tasks/lib/rmf_demos_tasks
[1.202s] Installing dispatch_dynamic_event script to /ws/src/install/rmf_demos_tasks/lib/rmf_demos_tasks
[1.202s] Installing dispatch_go_to_place script to /ws/src/install/rmf_demos_tasks/lib/rmf_demos_tasks
[1.203s] Installing dispatch_json script to /ws/src/install/rmf_demos_tasks/lib/rmf_demos_tasks
[1.203s] Installing dispatch_loop script to /ws/src/install/rmf_demos_tasks/lib/rmf_demos_tasks
[1.203s] Installing dispatch_patrol script to /ws/src/install/rmf_demos_tasks/lib/rmf_demos_tasks
[1.203s] Installing dispatch_teleop script to /ws/src/install/rmf_demos_tasks/lib/rmf_demos_tasks
[1.203s] Installing dynamic_event_client script to /ws/src/install/rmf_demos_tasks/lib/rmf_demos_tasks
[1.203s] Installing emergency_signal script to /ws/src/install/rmf_demos_tasks/lib/rmf_demos_tasks
[1.203s] Installing get_robot_location script to /ws/src/install/rmf_demos_tasks/lib/rmf_demos_tasks
[1.203s] Installing mock_docker script to /ws/src/install/rmf_demos_tasks/lib/rmf_demos_tasks
[1.203s] Installing request_lift script to /ws/src/install/rmf_demos_tasks/lib/rmf_demos_tasks
[1.203s] Installing request_loop script to /ws/src/install/rmf_demos_tasks/lib/rmf_demos_tasks
[1.204s] Installing teleop_robot script to /ws/src/install/rmf_demos_tasks/lib/rmf_demos_tasks
[1.204s] Installing wait_for_task_complete script to /ws/src/install/rmf_demos_tasks/lib/rmf_demos_tasks
[1.204s] writing list of installed files to '/ws/src/build/rmf_demos_tasks/install.log'
[1.282s] Invoked command in '/ws/src/rmf_demos/rmf_demos_tasks' returned '0': PYTHONPATH=/ws/src/build/rmf_demos_tasks/prefix_override:/usr/lib/python3/dist-packages/colcon_core/task/python/colcon_distutils_commands:/ws/src/install/rmf_demos_tasks/lib/python3.12/site-packages:${PYTHONPATH} /usr/bin/python3 -W ignore:setup.py install is deprecated -W ignore:easy_install command is deprecated setup.py egg_info --egg-base ../../build/rmf_demos_tasks build --build-base /ws/src/build/rmf_demos_tasks/build install --record /ws/src/build/rmf_demos_tasks/install.log --single-version-externally-managed install_data
