/ws/install/project_tasks/lib/python3.12/site-packages/project_tasks/dynamic_event_client.py
/ws/install/project_tasks/lib/python3.12/site-packages/project_tasks/dispatch_action.py
/ws/install/project_tasks/lib/python3.12/site-packages/project_tasks/dispatch_patrol.py
/ws/install/project_tasks/lib/python3.12/site-packages/project_tasks/emergency_signal.py
/ws/install/project_tasks/lib/python3.12/site-packages/project_tasks/request_loop.py
/ws/install/project_tasks/lib/python3.12/site-packages/project_tasks/dispatch_json.py
/ws/install/project_tasks/lib/python3.12/site-packages/project_tasks/api_request.py
/ws/install/project_tasks/lib/python3.12/site-packages/project_tasks/__init__.py
/ws/install/project_tasks/lib/python3.12/site-packages/project_tasks/cancel_task.py
/ws/install/project_tasks/lib/python3.12/site-packages/project_tasks/dispatch_go_to_place.py
/ws/install/project_tasks/lib/python3.12/site-packages/project_tasks/get_robot_location.py
/ws/install/project_tasks/lib/python3.12/site-packages/project_tasks/wait_for_task_complete.py
/ws/install/project_tasks/lib/python3.12/site-packages/project_tasks/dispatch_loop.py
/ws/install/project_tasks/lib/python3.12/site-packages/project_tasks/request_lift.py
/ws/install/project_tasks/lib/python3.12/site-packages/project_tasks/dispatch_clean.py
/ws/install/project_tasks/lib/python3.12/site-packages/project_tasks/dispatch_teleop.py
/ws/install/project_tasks/lib/python3.12/site-packages/project_tasks/dispatch_delivery.py
/ws/install/project_tasks/lib/python3.12/site-packages/project_tasks/dispatch_dynamic_event.py
/ws/install/project_tasks/lib/python3.12/site-packages/project_tasks/mock_docker.py
/ws/install/project_tasks/lib/python3.12/site-packages/project_tasks/dispatch_cart_delivery.py
/ws/install/project_tasks/lib/python3.12/site-packages/project_tasks/teleop_robot.py
/ws/install/project_tasks/lib/python3.12/site-packages/project_tasks/cancel_robot_task.py
/ws/install/project_tasks/lib/python3.12/site-packages/project_tasks/__pycache__/dynamic_event_client.cpython-312.pyc
/ws/install/project_tasks/lib/python3.12/site-packages/project_tasks/__pycache__/dispatch_action.cpython-312.pyc
/ws/install/project_tasks/lib/python3.12/site-packages/project_tasks/__pycache__/dispatch_patrol.cpython-312.pyc
/ws/install/project_tasks/lib/python3.12/site-packages/project_tasks/__pycache__/emergency_signal.cpython-312.pyc
/ws/install/project_tasks/lib/python3.12/site-packages/project_tasks/__pycache__/request_loop.cpython-312.pyc
/ws/install/project_tasks/lib/python3.12/site-packages/project_tasks/__pycache__/dispatch_json.cpython-312.pyc
/ws/install/project_tasks/lib/python3.12/site-packages/project_tasks/__pycache__/api_request.cpython-312.pyc
/ws/install/project_tasks/lib/python3.12/site-packages/project_tasks/__pycache__/__init__.cpython-312.pyc
/ws/install/project_tasks/lib/python3.12/site-packages/project_tasks/__pycache__/cancel_task.cpython-312.pyc
/ws/install/project_tasks/lib/python3.12/site-packages/project_tasks/__pycache__/dispatch_go_to_place.cpython-312.pyc
/ws/install/project_tasks/lib/python3.12/site-packages/project_tasks/__pycache__/get_robot_location.cpython-312.pyc
/ws/install/project_tasks/lib/python3.12/site-packages/project_tasks/__pycache__/wait_for_task_complete.cpython-312.pyc
/ws/install/project_tasks/lib/python3.12/site-packages/project_tasks/__pycache__/dispatch_loop.cpython-312.pyc
/ws/install/project_tasks/lib/python3.12/site-packages/project_tasks/__pycache__/request_lift.cpython-312.pyc
/ws/install/project_tasks/lib/python3.12/site-packages/project_tasks/__pycache__/dispatch_clean.cpython-312.pyc
/ws/install/project_tasks/lib/python3.12/site-packages/project_tasks/__pycache__/dispatch_teleop.cpython-312.pyc
/ws/install/project_tasks/lib/python3.12/site-packages/project_tasks/__pycache__/dispatch_delivery.cpython-312.pyc
/ws/install/project_tasks/lib/python3.12/site-packages/project_tasks/__pycache__/dispatch_dynamic_event.cpython-312.pyc
/ws/install/project_tasks/lib/python3.12/site-packages/project_tasks/__pycache__/mock_docker.cpython-312.pyc
/ws/install/project_tasks/lib/python3.12/site-packages/project_tasks/__pycache__/dispatch_cart_delivery.cpython-312.pyc
/ws/install/project_tasks/lib/python3.12/site-packages/project_tasks/__pycache__/teleop_robot.cpython-312.pyc
/ws/install/project_tasks/lib/python3.12/site-packages/project_tasks/__pycache__/cancel_robot_task.cpython-312.pyc
/ws/install/project_tasks/share/ament_index/resource_index/packages/project_tasks
/ws/install/project_tasks/share/project_tasks/package.xml
/ws/install/project_tasks/lib/python3.12/site-packages/project_tasks-0.0.0-py3.12.egg-info/PKG-INFO
/ws/install/project_tasks/lib/python3.12/site-packages/project_tasks-0.0.0-py3.12.egg-info/dependency_links.txt
/ws/install/project_tasks/lib/python3.12/site-packages/project_tasks-0.0.0-py3.12.egg-info/top_level.txt
/ws/install/project_tasks/lib/python3.12/site-packages/project_tasks-0.0.0-py3.12.egg-info/entry_points.txt
/ws/install/project_tasks/lib/python3.12/site-packages/project_tasks-0.0.0-py3.12.egg-info/zip-safe
/ws/install/project_tasks/lib/python3.12/site-packages/project_tasks-0.0.0-py3.12.egg-info/requires.txt
/ws/install/project_tasks/lib/python3.12/site-packages/project_tasks-0.0.0-py3.12.egg-info/SOURCES.txt
/ws/install/project_tasks/lib/project_tasks/dispatch_go_to
/ws/install/project_tasks/lib/project_tasks/dispatch_loop
/ws/install/project_tasks/lib/project_tasks/dispatch_patrol
