[1.103s] Invoking command in '/ws/src/rmf_demos/rmf_demos_tasks': PYTHONPATH=/ws/build/rmf_demos_tasks/prefix_override:/usr/lib/python3/dist-packages/colcon_core/task/python/colcon_distutils_commands:/ws/install/rmf_demos_tasks/lib/python3.12/site-packages:${PYTHONPATH} /usr/bin/python3 -W ignore:setup.py install is deprecated -W ignore:easy_install command is deprecated setup.py egg_info --egg-base ../../../build/rmf_demos_tasks build --build-base /ws/build/rmf_demos_tasks/build install --record /ws/build/rmf_demos_tasks/install.log --single-version-externally-managed install_data
[1.258s] running egg_info
[1.267s] writing ../../../build/rmf_demos_tasks/rmf_demos_tasks.egg-info/PKG-INFO
[1.267s] writing dependency_links to ../../../build/rmf_demos_tasks/rmf_demos_tasks.egg-info/dependency_links.txt
[1.267s] writing entry points to ../../../build/rmf_demos_tasks/rmf_demos_tasks.egg-info/entry_points.txt
[1.267s] writing requirements to ../../../build/rmf_demos_tasks/rmf_demos_tasks.egg-info/requires.txt
[1.267s] writing top-level names to ../../../build/rmf_demos_tasks/rmf_demos_tasks.egg-info/top_level.txt
[1.285s] reading manifest file '../../../build/rmf_demos_tasks/rmf_demos_tasks.egg-info/SOURCES.txt'
[1.286s] writing manifest file '../../../build/rmf_demos_tasks/rmf_demos_tasks.egg-info/SOURCES.txt'
[1.286s] running build
[1.286s] running build_py
[1.287s] running install
[1.290s] running install_lib
[1.301s] running install_data
[1.301s] running install_egg_info
[1.311s] removing '/ws/install/rmf_demos_tasks/lib/python3.12/site-packages/rmf_demos_tasks-2.8.1-py3.12.egg-info' (and everything under it)
[1.311s] Copying ../../../build/rmf_demos_tasks/rmf_demos_tasks.egg-info to /ws/install/rmf_demos_tasks/lib/python3.12/site-packages/rmf_demos_tasks-2.8.1-py3.12.egg-info
[1.312s] running install_scripts
[1.386s] Installing api_request script to /ws/install/rmf_demos_tasks/lib/rmf_demos_tasks
[1.386s] Installing cancel_robot_task script to /ws/install/rmf_demos_tasks/lib/rmf_demos_tasks
[1.386s] Installing cancel_task script to /ws/install/rmf_demos_tasks/lib/rmf_demos_tasks
[1.386s] Installing dispatch_action script to /ws/install/rmf_demos_tasks/lib/rmf_demos_tasks
[1.387s] Installing dispatch_cart_delivery script to /ws/install/rmf_demos_tasks/lib/rmf_demos_tasks
[1.387s] Installing dispatch_clean script to /ws/install/rmf_demos_tasks/lib/rmf_demos_tasks
[1.387s] Installing dispatch_delivery script to /ws/install/rmf_demos_tasks/lib/rmf_demos_tasks
[1.387s] Installing dispatch_dynamic_event script to /ws/install/rmf_demos_tasks/lib/rmf_demos_tasks
[1.387s] Installing dispatch_go_to_place script to /ws/install/rmf_demos_tasks/lib/rmf_demos_tasks
[1.387s] Installing dispatch_json script to /ws/install/rmf_demos_tasks/lib/rmf_demos_tasks
[1.387s] Installing dispatch_loop script to /ws/install/rmf_demos_tasks/lib/rmf_demos_tasks
[1.387s] Installing dispatch_patrol script to /ws/install/rmf_demos_tasks/lib/rmf_demos_tasks
[1.387s] Installing dispatch_teleop script to /ws/install/rmf_demos_tasks/lib/rmf_demos_tasks
[1.387s] Installing dynamic_event_client script to /ws/install/rmf_demos_tasks/lib/rmf_demos_tasks
[1.387s] Installing emergency_signal script to /ws/install/rmf_demos_tasks/lib/rmf_demos_tasks
[1.387s] Installing get_robot_location script to /ws/install/rmf_demos_tasks/lib/rmf_demos_tasks
[1.387s] Installing mock_docker script to /ws/install/rmf_demos_tasks/lib/rmf_demos_tasks
[1.388s] Installing request_lift script to /ws/install/rmf_demos_tasks/lib/rmf_demos_tasks
[1.388s] Installing request_loop script to /ws/install/rmf_demos_tasks/lib/rmf_demos_tasks
[1.388s] Installing teleop_robot script to /ws/install/rmf_demos_tasks/lib/rmf_demos_tasks
[1.388s] Installing wait_for_task_complete script to /ws/install/rmf_demos_tasks/lib/rmf_demos_tasks
[1.388s] writing list of installed files to '/ws/build/rmf_demos_tasks/install.log'
[1.421s] Invoked command in '/ws/src/rmf_demos/rmf_demos_tasks' returned '0': PYTHONPATH=/ws/build/rmf_demos_tasks/prefix_override:/usr/lib/python3/dist-packages/colcon_core/task/python/colcon_distutils_commands:/ws/install/rmf_demos_tasks/lib/python3.12/site-packages:${PYTHONPATH} /usr/bin/python3 -W ignore:setup.py install is deprecated -W ignore:easy_install command is deprecated setup.py egg_info --egg-base ../../../build/rmf_demos_tasks build --build-base /ws/build/rmf_demos_tasks/build install --record /ws/build/rmf_demos_tasks/install.log --single-version-externally-managed install_data
