-- The C compiler identification is GNU 13.3.0
-- The CXX compiler identification is GNU 13.3.0
-- Detecting C compiler ABI info
-- Detecting C compiler ABI info - done
-- Check for working C compiler: /usr/bin/cc - skipped
-- Detecting C compile features
-- Detecting C compile features - done
-- Detecting CXX compiler ABI info
-- Detecting CXX compiler ABI info - done
-- Check for working CXX compiler: /usr/bin/c++ - skipped
-- Detecting CXX compile features
-- Detecting CXX compile features - done
-- Found ament_cmake: 2.5.4 (/opt/ros/jazzy/share/ament_cmake/cmake)
-- Found Python3: /usr/bin/python3 (found version "3.12.3") found components: Interpreter 
-- Override CMake install command with custom implementation using symlinks instead of copying resources
-- Configuring done (0.7s)
-- Generating done (0.0s)
-- Build files have been written to: /ws/build/rmf_demos_gz
-- Install configuration: ""
-- Execute custom install script
-- Symlinking: /ws/install/rmf_demos_gz/share/rmf_demos_gz/airport_terminal.launch.xml
-- Symlinking: /ws/install/rmf_demos_gz/share/rmf_demos_gz/battle_royale.launch.xml
-- Symlinking: /ws/install/rmf_demos_gz/share/rmf_demos_gz/campus.launch.xml
-- Symlinking: /ws/install/rmf_demos_gz/share/rmf_demos_gz/clinic.launch.xml
-- Symlinking: /ws/install/rmf_demos_gz/share/rmf_demos_gz/hotel.launch.xml
-- Symlinking: /ws/install/rmf_demos_gz/share/rmf_demos_gz/include/airport_terminal/airport_terminal_caddy.launch.xml
-- Symlinking: /ws/install/rmf_demos_gz/share/rmf_demos_gz/office.launch.xml
-- Symlinking: /ws/install/rmf_demos_gz/share/rmf_demos_gz/office_mock_traffic_light.launch.xml
-- Symlinking: /ws/install/rmf_demos_gz/share/rmf_demos_gz/simulation.launch.xml
-- Symlinking: /ws/install/rmf_demos_gz/share/rmf_demos_gz/triple_H.launch.xml
-- Symlinking: /ws/install/rmf_demos_gz/share/ament_index/resource_index/package_run_dependencies/rmf_demos_gz
-- Symlinking: /ws/install/rmf_demos_gz/share/ament_index/resource_index/parent_prefix_path/rmf_demos_gz
-- Symlinking: /ws/install/rmf_demos_gz/share/rmf_demos_gz/environment/ament_prefix_path.sh
-- Symlinking: /ws/install/rmf_demos_gz/share/rmf_demos_gz/environment/ament_prefix_path.dsv
-- Symlinking: /ws/install/rmf_demos_gz/share/rmf_demos_gz/environment/path.sh
-- Symlinking: /ws/install/rmf_demos_gz/share/rmf_demos_gz/environment/path.dsv
-- Symlinking: /ws/install/rmf_demos_gz/share/rmf_demos_gz/local_setup.bash
-- Symlinking: /ws/install/rmf_demos_gz/share/rmf_demos_gz/local_setup.sh
-- Symlinking: /ws/install/rmf_demos_gz/share/rmf_demos_gz/local_setup.zsh
-- Symlinking: /ws/install/rmf_demos_gz/share/rmf_demos_gz/local_setup.dsv
-- Symlinking: /ws/install/rmf_demos_gz/share/rmf_demos_gz/package.dsv
-- Symlinking: /ws/install/rmf_demos_gz/share/ament_index/resource_index/packages/rmf_demos_gz
-- Symlinking: /ws/install/rmf_demos_gz/share/rmf_demos_gz/cmake/rmf_demos_gzConfig.cmake
-- Symlinking: /ws/install/rmf_demos_gz/share/rmf_demos_gz/cmake/rmf_demos_gzConfig-version.cmake
-- Symlinking: /ws/install/rmf_demos_gz/share/rmf_demos_gz/package.xml
