[0.021s] Invoking command in '/ws/build/first_project': CMAKE_PREFIX_PATH=/ws/install/first_project:/rmf_demos_ws/install/rmf_workcell_msgs:/rmf_demos_ws/install/rmf_demos_gz:/rmf_demos_ws/install/rmf_demos:/rmf_demos_ws/install/rmf_reservation_node:/rmf_demos_ws/install/rmf_fleet_adapter_python:/rmf_demos_ws/install/rmf_fleet_adapter:/rmf_demos_ws/install/rmf_task_ros2:/rmf_demos_ws/install/rmf_websocket:/rmf_demos_ws/install/rmf_visualization:/rmf_demos_ws/install/rmf_visualization_schedule:/rmf_demos_ws/install/rmf_visualization_rviz2_plugins:/rmf_demos_ws/install/rmf_visualization_obstacles:/rmf_demos_ws/install/rmf_visualization_navgraphs:/rmf_demos_ws/install/rmf_visualization_floorplans:/rmf_demos_ws/install/rmf_visualization_fleet_states:/rmf_demos_ws/install/rmf_visualization_msgs:/rmf_demos_ws/install/rmf_traffic_ros2:/rmf_demos_ws/install/rmf_task_sequence:/rmf_demos_ws/install/rmf_task:/rmf_demos_ws/install/rmf_battery:/rmf_demos_ws/install/rmf_traffic:/rmf_demos_ws/install/rmf_utils:/rmf_demos_ws/install/rmf_traffic_msgs:/rmf_demos_ws/install/rmf_traffic_editor_test_maps:/rmf_demos_ws/install/rmf_traffic_editor_assets:/rmf_demos_ws/install/rmf_traffic_editor:/rmf_demos_ws/install/rmf_task_msgs:/rmf_demos_ws/install/rmf_site_map_msgs:/rmf_demos_ws/install/rmf_scheduler_msgs:/rmf_demos_ws/install/rmf_robot_sim_gz_plugins:/rmf_demos_ws/install/rmf_robot_sim_common:/rmf_demos_ws/install/rmf_reservation_msgs:/rmf_demos_ws/install/rmf_obstacle_msgs:/rmf_demos_ws/install/rmf_building_sim_gz_plugins:/rmf_demos_ws/install/rmf_lift_msgs:/rmf_demos_ws/install/rmf_ingestor_msgs:/rmf_demos_ws/install/rmf_fleet_msgs:/rmf_demos_ws/install/rmf_door_msgs:/rmf_demos_ws/install/rmf_dispenser_msgs:/rmf_demos_ws/install/rmf_demos_maps:/rmf_demos_ws/install/rmf_demos_assets:/rmf_demos_ws/install/rmf_charger_msgs:/rmf_demos_ws/install/rmf_building_map_msgs:/rmf_demos_ws/install/rmf_api_msgs:/rmf_demos_ws/install/nlohmann_json_schema_validator_vendor:/ws/install/project_tasks:/ws/install/project_fleet_adapter:/rmf_demos_ws/install/rmf_demos_fleet_adapter:/rmf_demos_ws/install/rmf_visualization_building_systems:/rmf_demos_ws/install/rmf_traffic_examples:/rmf_demos_ws/install/rmf_demos_bridges:/rmf_demos_ws/install/rmf_demos_tasks:/rmf_demos_ws/install/rmf_building_map_tools:/rmf_demos_ws/install/rmf_charging_schedule:/opt/ros/jazzy:/rmf_demos_ws/install/menge_vendor:/rmf_demos_ws/install/ament_cmake_catch2:/opt/ros/jazzy/opt/gz_sim_vendor:/opt/ros/jazzy/opt/gz_sensors_vendor:/opt/ros/jazzy/opt/gz_physics_vendor:/opt/ros/jazzy/opt/sdformat_vendor:/opt/ros/jazzy/opt/gz_gui_vendor:/opt/ros/jazzy/opt/gz_transport_vendor:/opt/ros/jazzy/opt/gz_rendering_vendor:/opt/ros/jazzy/opt/gz_plugin_vendor:/opt/ros/jazzy/opt/gz_fuel_tools_vendor:/opt/ros/jazzy/opt/gz_msgs_vendor:/opt/ros/jazzy/opt/gz_common_vendor:/opt/ros/jazzy/opt/gz_math_vendor:/opt/ros/jazzy/opt/gz_utils_vendor:/opt/ros/jazzy/opt/gz_tools_vendor:/opt/ros/jazzy/opt/gz_ogre_next_vendor:/opt/ros/jazzy/opt/gz_dartsim_vendor:/opt/ros/jazzy/opt/gz_cmake_vendor /usr/bin/cmake --build /ws/build/first_project -- -j16 -l16
[0.283s] Load success!
[0.283s] 
[0.283s] Cache found! Model count: 3238 
[0.283s] Updating cache...
[0.283s] Topping up Fuel (updating cache) from: https://fuel.gazebosim.org/1.0/models
[0.284s] Fetching page: 1
[1.705s] Cached model found! Halting Fuel traversal...
[1.705s] Writing to cache: /root/.pit_crew/model_cache.json
[1.736s] New models cached: 0
[1.736s] 
[1.775s] [  0%] Built target update_model_cache
[1.801s] [100%] Built target generate_first_world
[1.815s] Invoked command in '/ws/build/first_project' returned '0': CMAKE_PREFIX_PATH=/ws/install/first_project:/rmf_demos_ws/install/rmf_workcell_msgs:/rmf_demos_ws/install/rmf_demos_gz:/rmf_demos_ws/install/rmf_demos:/rmf_demos_ws/install/rmf_reservation_node:/rmf_demos_ws/install/rmf_fleet_adapter_python:/rmf_demos_ws/install/rmf_fleet_adapter:/rmf_demos_ws/install/rmf_task_ros2:/rmf_demos_ws/install/rmf_websocket:/rmf_demos_ws/install/rmf_visualization:/rmf_demos_ws/install/rmf_visualization_schedule:/rmf_demos_ws/install/rmf_visualization_rviz2_plugins:/rmf_demos_ws/install/rmf_visualization_obstacles:/rmf_demos_ws/install/rmf_visualization_navgraphs:/rmf_demos_ws/install/rmf_visualization_floorplans:/rmf_demos_ws/install/rmf_visualization_fleet_states:/rmf_demos_ws/install/rmf_visualization_msgs:/rmf_demos_ws/install/rmf_traffic_ros2:/rmf_demos_ws/install/rmf_task_sequence:/rmf_demos_ws/install/rmf_task:/rmf_demos_ws/install/rmf_battery:/rmf_demos_ws/install/rmf_traffic:/rmf_demos_ws/install/rmf_utils:/rmf_demos_ws/install/rmf_traffic_msgs:/rmf_demos_ws/install/rmf_traffic_editor_test_maps:/rmf_demos_ws/install/rmf_traffic_editor_assets:/rmf_demos_ws/install/rmf_traffic_editor:/rmf_demos_ws/install/rmf_task_msgs:/rmf_demos_ws/install/rmf_site_map_msgs:/rmf_demos_ws/install/rmf_scheduler_msgs:/rmf_demos_ws/install/rmf_robot_sim_gz_plugins:/rmf_demos_ws/install/rmf_robot_sim_common:/rmf_demos_ws/install/rmf_reservation_msgs:/rmf_demos_ws/install/rmf_obstacle_msgs:/rmf_demos_ws/install/rmf_building_sim_gz_plugins:/rmf_demos_ws/install/rmf_lift_msgs:/rmf_demos_ws/install/rmf_ingestor_msgs:/rmf_demos_ws/install/rmf_fleet_msgs:/rmf_demos_ws/install/rmf_door_msgs:/rmf_demos_ws/install/rmf_dispenser_msgs:/rmf_demos_ws/install/rmf_demos_maps:/rmf_demos_ws/install/rmf_demos_assets:/rmf_demos_ws/install/rmf_charger_msgs:/rmf_demos_ws/install/rmf_building_map_msgs:/rmf_demos_ws/install/rmf_api_msgs:/rmf_demos_ws/install/nlohmann_json_schema_validator_vendor:/ws/install/project_tasks:/ws/install/project_fleet_adapter:/rmf_demos_ws/install/rmf_demos_fleet_adapter:/rmf_demos_ws/install/rmf_visualization_building_systems:/rmf_demos_ws/install/rmf_traffic_examples:/rmf_demos_ws/install/rmf_demos_bridges:/rmf_demos_ws/install/rmf_demos_tasks:/rmf_demos_ws/install/rmf_building_map_tools:/rmf_demos_ws/install/rmf_charging_schedule:/opt/ros/jazzy:/rmf_demos_ws/install/menge_vendor:/rmf_demos_ws/install/ament_cmake_catch2:/opt/ros/jazzy/opt/gz_sim_vendor:/opt/ros/jazzy/opt/gz_sensors_vendor:/opt/ros/jazzy/opt/gz_physics_vendor:/opt/ros/jazzy/opt/sdformat_vendor:/opt/ros/jazzy/opt/gz_gui_vendor:/opt/ros/jazzy/opt/gz_transport_vendor:/opt/ros/jazzy/opt/gz_rendering_vendor:/opt/ros/jazzy/opt/gz_plugin_vendor:/opt/ros/jazzy/opt/gz_fuel_tools_vendor:/opt/ros/jazzy/opt/gz_msgs_vendor:/opt/ros/jazzy/opt/gz_common_vendor:/opt/ros/jazzy/opt/gz_math_vendor:/opt/ros/jazzy/opt/gz_utils_vendor:/opt/ros/jazzy/opt/gz_tools_vendor:/opt/ros/jazzy/opt/gz_ogre_next_vendor:/opt/ros/jazzy/opt/gz_dartsim_vendor:/opt/ros/jazzy/opt/gz_cmake_vendor /usr/bin/cmake --build /ws/build/first_project -- -j16 -l16
[1.828s] Invoking command in '/ws/build/first_project': CMAKE_PREFIX_PATH=/ws/install/first_project:/rmf_demos_ws/install/rmf_workcell_msgs:/rmf_demos_ws/install/rmf_demos_gz:/rmf_demos_ws/install/rmf_demos:/rmf_demos_ws/install/rmf_reservation_node:/rmf_demos_ws/install/rmf_fleet_adapter_python:/rmf_demos_ws/install/rmf_fleet_adapter:/rmf_demos_ws/install/rmf_task_ros2:/rmf_demos_ws/install/rmf_websocket:/rmf_demos_ws/install/rmf_visualization:/rmf_demos_ws/install/rmf_visualization_schedule:/rmf_demos_ws/install/rmf_visualization_rviz2_plugins:/rmf_demos_ws/install/rmf_visualization_obstacles:/rmf_demos_ws/install/rmf_visualization_navgraphs:/rmf_demos_ws/install/rmf_visualization_floorplans:/rmf_demos_ws/install/rmf_visualization_fleet_states:/rmf_demos_ws/install/rmf_visualization_msgs:/rmf_demos_ws/install/rmf_traffic_ros2:/rmf_demos_ws/install/rmf_task_sequence:/rmf_demos_ws/install/rmf_task:/rmf_demos_ws/install/rmf_battery:/rmf_demos_ws/install/rmf_traffic:/rmf_demos_ws/install/rmf_utils:/rmf_demos_ws/install/rmf_traffic_msgs:/rmf_demos_ws/install/rmf_traffic_editor_test_maps:/rmf_demos_ws/install/rmf_traffic_editor_assets:/rmf_demos_ws/install/rmf_traffic_editor:/rmf_demos_ws/install/rmf_task_msgs:/rmf_demos_ws/install/rmf_site_map_msgs:/rmf_demos_ws/install/rmf_scheduler_msgs:/rmf_demos_ws/install/rmf_robot_sim_gz_plugins:/rmf_demos_ws/install/rmf_robot_sim_common:/rmf_demos_ws/install/rmf_reservation_msgs:/rmf_demos_ws/install/rmf_obstacle_msgs:/rmf_demos_ws/install/rmf_building_sim_gz_plugins:/rmf_demos_ws/install/rmf_lift_msgs:/rmf_demos_ws/install/rmf_ingestor_msgs:/rmf_demos_ws/install/rmf_fleet_msgs:/rmf_demos_ws/install/rmf_door_msgs:/rmf_demos_ws/install/rmf_dispenser_msgs:/rmf_demos_ws/install/rmf_demos_maps:/rmf_demos_ws/install/rmf_demos_assets:/rmf_demos_ws/install/rmf_charger_msgs:/rmf_demos_ws/install/rmf_building_map_msgs:/rmf_demos_ws/install/rmf_api_msgs:/rmf_demos_ws/install/nlohmann_json_schema_validator_vendor:/ws/install/project_tasks:/ws/install/project_fleet_adapter:/rmf_demos_ws/install/rmf_demos_fleet_adapter:/rmf_demos_ws/install/rmf_visualization_building_systems:/rmf_demos_ws/install/rmf_traffic_examples:/rmf_demos_ws/install/rmf_demos_bridges:/rmf_demos_ws/install/rmf_demos_tasks:/rmf_demos_ws/install/rmf_building_map_tools:/rmf_demos_ws/install/rmf_charging_schedule:/opt/ros/jazzy:/rmf_demos_ws/install/menge_vendor:/rmf_demos_ws/install/ament_cmake_catch2:/opt/ros/jazzy/opt/gz_sim_vendor:/opt/ros/jazzy/opt/gz_sensors_vendor:/opt/ros/jazzy/opt/gz_physics_vendor:/opt/ros/jazzy/opt/sdformat_vendor:/opt/ros/jazzy/opt/gz_gui_vendor:/opt/ros/jazzy/opt/gz_transport_vendor:/opt/ros/jazzy/opt/gz_rendering_vendor:/opt/ros/jazzy/opt/gz_plugin_vendor:/opt/ros/jazzy/opt/gz_fuel_tools_vendor:/opt/ros/jazzy/opt/gz_msgs_vendor:/opt/ros/jazzy/opt/gz_common_vendor:/opt/ros/jazzy/opt/gz_math_vendor:/opt/ros/jazzy/opt/gz_utils_vendor:/opt/ros/jazzy/opt/gz_tools_vendor:/opt/ros/jazzy/opt/gz_ogre_next_vendor:/opt/ros/jazzy/opt/gz_dartsim_vendor:/opt/ros/jazzy/opt/gz_cmake_vendor /usr/bin/cmake --install /ws/build/first_project
[1.838s] -- Install configuration: ""
[1.838s] -- Execute custom install script
[1.838s] -- Up-to-date symlink: /ws/install/first_project/share/first_project/launch/first.launch.xml
[1.838s] -- Up-to-date symlink: /ws/install/first_project/share/first_project/launch/simulation.launch.xml
[1.839s] -- Up-to-date symlink: /ws/install/first_project/share/first_project/maps/first/0.yaml
[1.839s] -- Up-to-date symlink: /ws/install/first_project/share/first_project/maps/first/L1.png
[1.839s] -- Up-to-date symlink: /ws/install/first_project/share/first_project/maps/first/L2.png
[1.840s] -- Up-to-date symlink: /ws/install/first_project/share/first_project/maps/first/first.building.yaml
[1.840s] -- Up-to-date symlink: /ws/install/first_project/share/first_project/maps/first/nav_graphs/0.yaml
[1.840s] -- Symlinking: /ws/install/first_project/share/first_project/maps/first_ign/first.world
[1.852s] -- Up-to-date symlink: /ws/install/first_project/share/first_project/maps/first_ign/models/Sofa/meshes/Sofa.mtl
[1.852s] -- Up-to-date symlink: /ws/install/first_project/share/first_project/maps/first_ign/models/Sofa/meshes/Sofa.obj
[1.853s] -- Up-to-date symlink: /ws/install/first_project/share/first_project/maps/first_ign/models/Sofa/meshes/SofaDiffuse.png
[1.853s] -- Up-to-date symlink: /ws/install/first_project/share/first_project/maps/first_ign/models/Sofa/model.config
[1.853s] -- Up-to-date symlink: /ws/install/first_project/share/first_project/maps/first_ign/models/Sofa/model.sdf
[1.853s] -- Up-to-date symlink: /ws/install/first_project/share/first_project/maps/first_ign/models/Sofa/thumbnails/1.png
[1.853s] -- Up-to-date symlink: /ws/install/first_project/share/first_project/maps/first_ign/models/Sofa/thumbnails/2.png
[1.853s] -- Up-to-date symlink: /ws/install/first_project/share/first_project/maps/first_ign/models/Sofa/thumbnails/3.png
[1.853s] -- Up-to-date symlink: /ws/install/first_project/share/first_project/maps/first_ign/models/Sofa/thumbnails/4.png
[1.853s] -- Up-to-date symlink: /ws/install/first_project/share/first_project/maps/first_ign/models/Sofa/thumbnails/5.png
[1.853s] -- Up-to-date symlink: /ws/install/first_project/share/first_project/maps/first_ign/models/TinyRobot/meshes/caster_wheel.mtl
[1.853s] -- Up-to-date symlink: /ws/install/first_project/share/first_project/maps/first_ign/models/TinyRobot/meshes/caster_wheel.obj
[1.853s] -- Up-to-date symlink: /ws/install/first_project/share/first_project/maps/first_ign/models/TinyRobot/meshes/front_wheel.mtl
[1.854s] -- Up-to-date symlink: /ws/install/first_project/share/first_project/maps/first_ign/models/TinyRobot/meshes/front_wheel.obj
[1.854s] -- Up-to-date symlink: /ws/install/first_project/share/first_project/maps/first_ign/models/TinyRobot/meshes/tinyRobot_body.mtl
[1.854s] -- Up-to-date symlink: /ws/install/first_project/share/first_project/maps/first_ign/models/TinyRobot/meshes/tinyRobot_body.obj
[1.854s] -- Up-to-date symlink: /ws/install/first_project/share/first_project/maps/first_ign/models/TinyRobot/model.config
[1.854s] -- Up-to-date symlink: /ws/install/first_project/share/first_project/maps/first_ign/models/TinyRobot/model.sdf
[1.854s] -- Symlinking: /ws/install/first_project/share/first_project/maps/first_ign/models/first_L1/meshes/blue_linoleum.png
[1.865s] -- Symlinking: /ws/install/first_project/share/first_project/maps/first_ign/models/first_L1/meshes/default.png
[1.876s] -- Symlinking: /ws/install/first_project/share/first_project/maps/first_ign/models/first_L1/meshes/floor_1.mtl
[1.887s] -- Symlinking: /ws/install/first_project/share/first_project/maps/first_ign/models/first_L1/meshes/floor_1.obj
[1.899s] -- Symlinking: /ws/install/first_project/share/first_project/maps/first_ign/models/first_L1/meshes/model.material
[1.910s] -- Symlinking: /ws/install/first_project/share/first_project/maps/first_ign/models/first_L1/meshes/wall_1.mtl
[1.922s] -- Symlinking: /ws/install/first_project/share/first_project/maps/first_ign/models/first_L1/meshes/wall_1.obj
[1.932s] -- Symlinking: /ws/install/first_project/share/first_project/maps/first_ign/models/first_L1/meshes/wall_2.mtl
[1.944s] -- Symlinking: /ws/install/first_project/share/first_project/maps/first_ign/models/first_L1/meshes/wall_2.obj
[1.955s] -- Symlinking: /ws/install/first_project/share/first_project/maps/first_ign/models/first_L1/model.config
[1.966s] -- Symlinking: /ws/install/first_project/share/first_project/maps/first_ign/models/first_L1/model.sdf
[1.977s] -- Symlinking: /ws/install/first_project/share/first_project/maps/first_ign/models/first_L2/meshes/blue_linoleum.png
[1.988s] -- Symlinking: /ws/install/first_project/share/first_project/maps/first_ign/models/first_L2/meshes/default.png
[1.998s] -- Symlinking: /ws/install/first_project/share/first_project/maps/first_ign/models/first_L2/meshes/floor_1.mtl
[2.009s] -- Symlinking: /ws/install/first_project/share/first_project/maps/first_ign/models/first_L2/meshes/floor_1.obj
[2.022s] -- Symlinking: /ws/install/first_project/share/first_project/maps/first_ign/models/first_L2/meshes/model.material
[2.034s] -- Symlinking: /ws/install/first_project/share/first_project/maps/first_ign/models/first_L2/meshes/wall_1.mtl
[2.044s] -- Symlinking: /ws/install/first_project/share/first_project/maps/first_ign/models/first_L2/meshes/wall_1.obj
[2.057s] -- Symlinking: /ws/install/first_project/share/first_project/maps/first_ign/models/first_L2/model.config
[2.069s] -- Symlinking: /ws/install/first_project/share/first_project/maps/first_ign/models/first_L2/model.sdf
[2.081s] -- Up-to-date symlink: /ws/install/first_project/share/first_project/config/tinyRobot_config.yaml
[2.081s] -- Symlinking: /ws/install/first_project/share/first_project/maps/first_ign/first.world
[2.093s] -- Symlinking: /ws/install/first_project/share/first_project/maps/first_ign/models/first_L1/meshes/blue_linoleum.png
[2.104s] -- Symlinking: /ws/install/first_project/share/first_project/maps/first_ign/models/first_L1/meshes/default.png
[2.116s] -- Symlinking: /ws/install/first_project/share/first_project/maps/first_ign/models/first_L1/meshes/floor_1.mtl
[2.126s] -- Symlinking: /ws/install/first_project/share/first_project/maps/first_ign/models/first_L1/meshes/floor_1.obj
[2.138s] -- Symlinking: /ws/install/first_project/share/first_project/maps/first_ign/models/first_L1/meshes/model.material
[2.148s] -- Symlinking: /ws/install/first_project/share/first_project/maps/first_ign/models/first_L1/meshes/wall_1.mtl
[2.159s] -- Symlinking: /ws/install/first_project/share/first_project/maps/first_ign/models/first_L1/meshes/wall_1.obj
[2.170s] -- Symlinking: /ws/install/first_project/share/first_project/maps/first_ign/models/first_L1/meshes/wall_2.mtl
[2.182s] -- Symlinking: /ws/install/first_project/share/first_project/maps/first_ign/models/first_L1/meshes/wall_2.obj
[2.192s] -- Symlinking: /ws/install/first_project/share/first_project/maps/first_ign/models/first_L1/model.config
[2.202s] -- Symlinking: /ws/install/first_project/share/first_project/maps/first_ign/models/first_L1/model.sdf
[2.213s] -- Symlinking: /ws/install/first_project/share/first_project/maps/first_ign/models/first_L2/meshes/blue_linoleum.png
[2.224s] -- Symlinking: /ws/install/first_project/share/first_project/maps/first_ign/models/first_L2/meshes/default.png
[2.235s] -- Symlinking: /ws/install/first_project/share/first_project/maps/first_ign/models/first_L2/meshes/floor_1.mtl
[2.247s] -- Symlinking: /ws/install/first_project/share/first_project/maps/first_ign/models/first_L2/meshes/floor_1.obj
[2.259s] -- Symlinking: /ws/install/first_project/share/first_project/maps/first_ign/models/first_L2/meshes/model.material
[2.270s] -- Symlinking: /ws/install/first_project/share/first_project/maps/first_ign/models/first_L2/meshes/wall_1.mtl
[2.281s] -- Symlinking: /ws/install/first_project/share/first_project/maps/first_ign/models/first_L2/meshes/wall_1.obj
[2.292s] -- Symlinking: /ws/install/first_project/share/first_project/maps/first_ign/models/first_L2/model.config
[2.303s] -- Symlinking: /ws/install/first_project/share/first_project/maps/first_ign/models/first_L2/model.sdf
[2.314s] -- Up-to-date symlink: /ws/install/first_project/share/ament_index/resource_index/package_run_dependencies/first_project
[2.314s] -- Up-to-date symlink: /ws/install/first_project/share/ament_index/resource_index/parent_prefix_path/first_project
[2.314s] -- Up-to-date symlink: /ws/install/first_project/share/first_project/environment/ament_prefix_path.sh
[2.315s] -- Up-to-date symlink: /ws/install/first_project/share/first_project/environment/ament_prefix_path.dsv
[2.315s] -- Up-to-date symlink: /ws/install/first_project/share/first_project/environment/path.sh
[2.315s] -- Up-to-date symlink: /ws/install/first_project/share/first_project/environment/path.dsv
[2.315s] -- Up-to-date symlink: /ws/install/first_project/share/first_project/local_setup.bash
[2.315s] -- Up-to-date symlink: /ws/install/first_project/share/first_project/local_setup.sh
[2.315s] -- Up-to-date symlink: /ws/install/first_project/share/first_project/local_setup.zsh
[2.315s] -- Up-to-date symlink: /ws/install/first_project/share/first_project/local_setup.dsv
[2.315s] -- Symlinking: /ws/install/first_project/share/first_project/package.dsv
[2.328s] -- Up-to-date symlink: /ws/install/first_project/share/ament_index/resource_index/packages/first_project
[2.328s] -- Up-to-date symlink: /ws/install/first_project/share/first_project/cmake/first_projectConfig.cmake
[2.328s] -- Up-to-date symlink: /ws/install/first_project/share/first_project/cmake/first_projectConfig-version.cmake
[2.328s] -- Up-to-date symlink: /ws/install/first_project/share/first_project/package.xml
[2.330s] Invoked command in '/ws/build/first_project' returned '0': CMAKE_PREFIX_PATH=/ws/install/first_project:/rmf_demos_ws/install/rmf_workcell_msgs:/rmf_demos_ws/install/rmf_demos_gz:/rmf_demos_ws/install/rmf_demos:/rmf_demos_ws/install/rmf_reservation_node:/rmf_demos_ws/install/rmf_fleet_adapter_python:/rmf_demos_ws/install/rmf_fleet_adapter:/rmf_demos_ws/install/rmf_task_ros2:/rmf_demos_ws/install/rmf_websocket:/rmf_demos_ws/install/rmf_visualization:/rmf_demos_ws/install/rmf_visualization_schedule:/rmf_demos_ws/install/rmf_visualization_rviz2_plugins:/rmf_demos_ws/install/rmf_visualization_obstacles:/rmf_demos_ws/install/rmf_visualization_navgraphs:/rmf_demos_ws/install/rmf_visualization_floorplans:/rmf_demos_ws/install/rmf_visualization_fleet_states:/rmf_demos_ws/install/rmf_visualization_msgs:/rmf_demos_ws/install/rmf_traffic_ros2:/rmf_demos_ws/install/rmf_task_sequence:/rmf_demos_ws/install/rmf_task:/rmf_demos_ws/install/rmf_battery:/rmf_demos_ws/install/rmf_traffic:/rmf_demos_ws/install/rmf_utils:/rmf_demos_ws/install/rmf_traffic_msgs:/rmf_demos_ws/install/rmf_traffic_editor_test_maps:/rmf_demos_ws/install/rmf_traffic_editor_assets:/rmf_demos_ws/install/rmf_traffic_editor:/rmf_demos_ws/install/rmf_task_msgs:/rmf_demos_ws/install/rmf_site_map_msgs:/rmf_demos_ws/install/rmf_scheduler_msgs:/rmf_demos_ws/install/rmf_robot_sim_gz_plugins:/rmf_demos_ws/install/rmf_robot_sim_common:/rmf_demos_ws/install/rmf_reservation_msgs:/rmf_demos_ws/install/rmf_obstacle_msgs:/rmf_demos_ws/install/rmf_building_sim_gz_plugins:/rmf_demos_ws/install/rmf_lift_msgs:/rmf_demos_ws/install/rmf_ingestor_msgs:/rmf_demos_ws/install/rmf_fleet_msgs:/rmf_demos_ws/install/rmf_door_msgs:/rmf_demos_ws/install/rmf_dispenser_msgs:/rmf_demos_ws/install/rmf_demos_maps:/rmf_demos_ws/install/rmf_demos_assets:/rmf_demos_ws/install/rmf_charger_msgs:/rmf_demos_ws/install/rmf_building_map_msgs:/rmf_demos_ws/install/rmf_api_msgs:/rmf_demos_ws/install/nlohmann_json_schema_validator_vendor:/ws/install/project_tasks:/ws/install/project_fleet_adapter:/rmf_demos_ws/install/rmf_demos_fleet_adapter:/rmf_demos_ws/install/rmf_visualization_building_systems:/rmf_demos_ws/install/rmf_traffic_examples:/rmf_demos_ws/install/rmf_demos_bridges:/rmf_demos_ws/install/rmf_demos_tasks:/rmf_demos_ws/install/rmf_building_map_tools:/rmf_demos_ws/install/rmf_charging_schedule:/opt/ros/jazzy:/rmf_demos_ws/install/menge_vendor:/rmf_demos_ws/install/ament_cmake_catch2:/opt/ros/jazzy/opt/gz_sim_vendor:/opt/ros/jazzy/opt/gz_sensors_vendor:/opt/ros/jazzy/opt/gz_physics_vendor:/opt/ros/jazzy/opt/sdformat_vendor:/opt/ros/jazzy/opt/gz_gui_vendor:/opt/ros/jazzy/opt/gz_transport_vendor:/opt/ros/jazzy/opt/gz_rendering_vendor:/opt/ros/jazzy/opt/gz_plugin_vendor:/opt/ros/jazzy/opt/gz_fuel_tools_vendor:/opt/ros/jazzy/opt/gz_msgs_vendor:/opt/ros/jazzy/opt/gz_common_vendor:/opt/ros/jazzy/opt/gz_math_vendor:/opt/ros/jazzy/opt/gz_utils_vendor:/opt/ros/jazzy/opt/gz_tools_vendor:/opt/ros/jazzy/opt/gz_ogre_next_vendor:/opt/ros/jazzy/opt/gz_dartsim_vendor:/opt/ros/jazzy/opt/gz_cmake_vendor /usr/bin/cmake --install /ws/build/first_project
